07/27 06:41:12 AM | 
07/27 06:41:12 AM | Parameters:
07/27 06:41:12 AM | ALPHA_LR=0.0003
07/27 06:41:12 AM | ALPHA_WEIGHT_DECAY=0.001
07/27 06:41:12 AM | BATCH_SIZE=64
07/27 06:41:12 AM | DATA_PATH=./data/
07/27 06:41:12 AM | DATASET=cifar10
07/27 06:41:12 AM | EPOCHS=50
07/27 06:41:12 AM | GPUS=[0]
07/27 06:41:12 AM | INIT_CHANNELS=16
07/27 06:41:12 AM | LAYERS=8
07/27 06:41:12 AM | NAME=cifar10
07/27 06:41:12 AM | PATH=searchs/cifar10
07/27 06:41:12 AM | PLOT_PATH=searchs/cifar10/plots
07/27 06:41:12 AM | PRINT_FREQ=50
07/27 06:41:12 AM | SEED=2
07/27 06:41:12 AM | W_GRAD_CLIP=5.0
07/27 06:41:12 AM | W_LR=0.025
07/27 06:41:12 AM | W_LR_MIN=0.001
07/27 06:41:12 AM | W_MOMENTUM=0.9
07/27 06:41:12 AM | W_WEIGHT_DECAY=0.0003
07/27 06:41:12 AM | WORKERS=4
07/27 06:41:12 AM | 
07/27 06:41:12 AM | Logger is set - training start
####### ALPHA #######
# Alpha - normal
tensor([[0.1249, 0.1252, 0.1249, 0.1249, 0.1249, 0.1252, 0.1249, 0.1250],
        [0.1249, 0.1251, 0.1250, 0.1250, 0.1252, 0.1249, 0.1250, 0.1250]],
       device='cuda:0', grad_fn=<SoftmaxBackward>)
tensor([[0.1249, 0.1253, 0.1250, 0.1250, 0.1249, 0.1250, 0.1250, 0.1249],
        [0.1251, 0.1247, 0.1249, 0.1253, 0.1248, 0.1249, 0.1251, 0.1253],
        [0.1250, 0.1250, 0.1249, 0.1251, 0.1252, 0.1250, 0.1251, 0.1249]],
       device='cuda:0', grad_fn=<SoftmaxBackward>)
tensor([[0.1250, 0.1249, 0.1250, 0.1250, 0.1250, 0.1251, 0.1249, 0.1251],
        [0.1250, 0.1249, 0.1251, 0.1249, 0.1249, 0.1253, 0.1252, 0.1248],
        [0.1250, 0.1250, 0.1251, 0.1248, 0.1251, 0.1250, 0.1251, 0.1250],
        [0.1250, 0.1251, 0.1250, 0.1251, 0.1251, 0.1251, 0.1249, 0.1248]],
       device='cuda:0', grad_fn=<SoftmaxBackward>)
tensor([[0.1250, 0.1250, 0.1249, 0.1249, 0.1251, 0.1250, 0.1249, 0.1252],
        [0.1250, 0.1252, 0.1252, 0.1248, 0.1250, 0.1249, 0.1248, 0.1251],
        [0.1251, 0.1251, 0.1250, 0.1251, 0.1248, 0.1250, 0.1249, 0.1249],
        [0.1249, 0.1250, 0.1250, 0.1253, 0.1251, 0.1251, 0.1247, 0.1249],
        [0.1251, 0.1251, 0.1252, 0.1249, 0.1249, 0.1251, 0.1250, 0.1249]],
       device='cuda:0', grad_fn=<SoftmaxBackward>)

# Alpha - reduce
tensor([[0.1248, 0.1249, 0.1249, 0.1251, 0.1250, 0.1250, 0.1251, 0.1251],
        [0.1250, 0.1248, 0.1249, 0.1252, 0.1249, 0.1250, 0.1249, 0.1251]],
       device='cuda:0', grad_fn=<SoftmaxBackward>)
tensor([[0.1251, 0.1249, 0.1252, 0.1249, 0.1250, 0.1250, 0.1249, 0.1250],
        [0.1250, 0.1249, 0.1250, 0.1251, 0.1251, 0.1249, 0.1250, 0.1251],
        [0.1250, 0.1250, 0.1250, 0.1249, 0.1250, 0.1250, 0.1250, 0.1252]],
       device='cuda:0', grad_fn=<SoftmaxBackward>)
tensor([[0.1251, 0.1247, 0.1249, 0.1252, 0.1252, 0.1249, 0.1251, 0.1249],
        [0.1250, 0.1250, 0.1250, 0.1251, 0.1253, 0.1249, 0.1249, 0.1248],
        [0.1250, 0.1252, 0.1250, 0.1250, 0.1251, 0.1248, 0.1251, 0.1249],
        [0.1250, 0.1251, 0.1251, 0.1249, 0.1248, 0.1251, 0.1250, 0.1250]],
       device='cuda:0', grad_fn=<SoftmaxBackward>)
tensor([[0.1250, 0.1249, 0.1251, 0.1251, 0.1251, 0.1249, 0.1250, 0.1250],
        [0.1252, 0.1249, 0.1251, 0.1251, 0.1250, 0.1249, 0.1249, 0.1249],
        [0.1249, 0.1250, 0.1251, 0.1250, 0.1249, 0.1250, 0.1250, 0.1252],
        [0.1250, 0.1249, 0.1250, 0.1251, 0.1250, 0.1251, 0.1250, 0.1249],
        [0.1249, 0.1251, 0.1250, 0.1251, 0.1248, 0.1251, 0.1249, 0.1251]],
       device='cuda:0', grad_fn=<SoftmaxBackward>)
#####################
07/27 06:41:29 AM | Train: [ 1/50] Step 000/390 Loss 2.370 Prec@(1,5) (12.5%, 51.6%)
07/27 06:44:58 AM | Train: [ 1/50] Step 050/390 Loss 1.979 Prec@(1,5) (27.7%, 80.0%)
07/27 06:48:23 AM | Train: [ 1/50] Step 100/390 Loss 1.880 Prec@(1,5) (30.9%, 83.9%)
07/27 06:51:38 AM | Train: [ 1/50] Step 150/390 Loss 1.807 Prec@(1,5) (33.3%, 85.7%)
07/27 06:55:08 AM | Train: [ 1/50] Step 200/390 Loss 1.753 Prec@(1,5) (35.2%, 86.8%)
07/27 06:58:24 AM | Train: [ 1/50] Step 250/390 Loss 1.701 Prec@(1,5) (37.2%, 87.8%)
07/27 07:01:33 AM | Train: [ 1/50] Step 300/390 Loss 1.657 Prec@(1,5) (39.0%, 88.5%)
07/27 07:04:55 AM | Train: [ 1/50] Step 350/390 Loss 1.611 Prec@(1,5) (40.7%, 89.1%)
07/27 07:07:36 AM | Train: [ 1/50] Step 390/390 Loss 1.583 Prec@(1,5) (41.9%, 89.5%)
07/27 07:07:36 AM | Train: [ 1/50] Final Prec@1 41.9080%
07/27 07:07:36 AM | Valid: [ 1/50] Step 000/390 Loss 1.272 Prec@(1,5) (56.2%, 93.8%)
07/27 07:07:45 AM | Valid: [ 1/50] Step 050/390 Loss 1.303 Prec@(1,5) (52.5%, 93.9%)
07/27 07:07:54 AM | Valid: [ 1/50] Step 100/390 Loss 1.316 Prec@(1,5) (51.7%, 93.9%)
07/27 07:08:03 AM | Valid: [ 1/50] Step 150/390 Loss 1.311 Prec@(1,5) (52.1%, 93.8%)
07/27 07:08:12 AM | Valid: [ 1/50] Step 200/390 Loss 1.311 Prec@(1,5) (52.2%, 93.9%)
07/27 07:08:21 AM | Valid: [ 1/50] Step 250/390 Loss 1.312 Prec@(1,5) (52.1%, 93.9%)
07/27 07:08:31 AM | Valid: [ 1/50] Step 300/390 Loss 1.311 Prec@(1,5) (52.1%, 93.9%)
07/27 07:08:41 AM | Valid: [ 1/50] Step 350/390 Loss 1.307 Prec@(1,5) (52.4%, 93.9%)
07/27 07:08:49 AM | Valid: [ 1/50] Step 390/390 Loss 1.306 Prec@(1,5) (52.4%, 94.0%)
07/27 07:08:49 AM | Valid: [ 1/50] Final Prec@1 52.3840%
07/27 07:08:49 AM | genotype = Genotype(normal=[[('dil_conv_3x3', 0), ('dil_conv_5x5', 1)], [('dil_conv_5x5', 2), ('sep_conv_5x5', 1)], [('dil_conv_5x5', 1), ('dil_conv_3x3', 3)], [('dil_conv_5x5', 3), ('dil_conv_5x5', 2)]], normal_concat=range(2, 6), reduce=[[('sep_conv_5x5', 0), ('dil_conv_5x5', 1)], [('sep_conv_5x5', 2), ('dil_conv_5x5', 1)], [('sep_conv_5x5', 0), ('dil_conv_5x5', 2)], [('sep_conv_5x5', 2), ('dil_conv_5x5', 4)]], reduce_concat=range(2, 6))
####### ALPHA #######
# Alpha - normal
tensor([[0.1274, 0.1208, 0.1234, 0.1256, 0.1246, 0.1277, 0.1259, 0.1247],
        [0.1249, 0.1196, 0.1222, 0.1254, 0.1260, 0.1258, 0.1270, 0.1290]],
       device='cuda:0', grad_fn=<SoftmaxBackward>)
tensor([[0.1269, 0.1208, 0.1228, 0.1255, 0.1267, 0.1256, 0.1264, 0.1253],
        [0.1251, 0.1186, 0.1214, 0.1265, 0.1269, 0.1265, 0.1266, 0.1285],
        [0.1231, 0.1194, 0.1235, 0.1252, 0.1258, 0.1258, 0.1279, 0.1294]],
       device='cuda:0', grad_fn=<SoftmaxBackward>)
tensor([[0.1274, 0.1199, 0.1224, 0.1262, 0.1259, 0.1259, 0.1260, 0.1264],
        [0.1242, 0.1186, 0.1209, 0.1254, 0.1268, 0.1277, 0.1283, 0.1281],
        [0.1223, 0.1191, 0.1222, 0.1262, 0.1272, 0.1264, 0.1279, 0.1287],
        [0.1211, 0.1190, 0.1217, 0.1258, 0.1276, 0.1279, 0.1273, 0.1296]],
       device='cuda:0', grad_fn=<SoftmaxBackward>)
tensor([[0.1261, 0.1203, 0.1220, 0.1269, 0.1266, 0.1238, 0.1275, 0.1267],
        [0.1235, 0.1188, 0.1208, 0.1266, 0.1265, 0.1282, 0.1271, 0.1285],
        [0.1216, 0.1183, 0.1204, 0.1264, 0.1270, 0.1278, 0.1290, 0.1294],
        [0.1205, 0.1179, 0.1199, 0.1277, 0.1287, 0.1270, 0.1290, 0.1293],
        [0.1207, 0.1184, 0.1201, 0.1276, 0.1272, 0.1273, 0.1283, 0.1303]],
       device='cuda:0', grad_fn=<SoftmaxBackward>)

# Alpha - reduce
tensor([[0.1264, 0.1240, 0.1258, 0.1237, 0.1280, 0.1229, 0.1260, 0.1231],
        [0.1237, 0.1225, 0.1244, 0.1229, 0.1263, 0.1261, 0.1272, 0.1269]],
       device='cuda:0', grad_fn=<SoftmaxBackward>)
tensor([[0.1261, 0.1235, 0.1255, 0.1246, 0.1258, 0.1251, 0.1255, 0.1238],
        [0.1237, 0.1222, 0.1245, 0.1258, 0.1248, 0.1251, 0.1268, 0.1270],
        [0.1225, 0.1212, 0.1239, 0.1253, 0.1272, 0.1267, 0.1271, 0.1262]],
       device='cuda:0', grad_fn=<SoftmaxBackward>)
tensor([[0.1259, 0.1235, 0.1242, 0.1259, 0.1278, 0.1243, 0.1250, 0.1235],
        [0.1237, 0.1222, 0.1248, 0.1262, 0.1263, 0.1254, 0.1264, 0.1249],
        [0.1228, 0.1219, 0.1245, 0.1253, 0.1259, 0.1266, 0.1275, 0.1254],
        [0.1227, 0.1214, 0.1234, 0.1276, 0.1263, 0.1260, 0.1273, 0.1254]],
       device='cuda:0', grad_fn=<SoftmaxBackward>)
tensor([[0.1254, 0.1237, 0.1250, 0.1256, 0.1272, 0.1237, 0.1260, 0.1234],
        [0.1240, 0.1229, 0.1252, 0.1258, 0.1246, 0.1257, 0.1255, 0.1263],
        [0.1224, 0.1213, 0.1242, 0.1263, 0.1283, 0.1259, 0.1252, 0.1263],
        [0.1234, 0.1218, 0.1245, 0.1260, 0.1259, 0.1263, 0.1249, 0.1272],
        [0.1226, 0.1213, 0.1231, 0.1273, 0.1261, 0.1263, 0.1282, 0.1251]],
       device='cuda:0', grad_fn=<SoftmaxBackward>)
#####################
07/27 07:08:56 AM | Train: [ 2/50] Step 000/390 Loss 1.133 Prec@(1,5) (60.9%, 98.4%)
07/27 07:12:18 AM | Train: [ 2/50] Step 050/390 Loss 1.256 Prec@(1,5) (54.9%, 95.1%)
07/27 07:15:44 AM | Train: [ 2/50] Step 100/390 Loss 1.261 Prec@(1,5) (54.5%, 94.7%)
07/27 07:18:34 AM | Train: [ 2/50] Step 150/390 Loss 1.230 Prec@(1,5) (55.9%, 95.1%)
07/27 07:22:07 AM | Train: [ 2/50] Step 200/390 Loss 1.205 Prec@(1,5) (56.6%, 95.2%)
07/27 07:25:39 AM | Train: [ 2/50] Step 250/390 Loss 1.187 Prec@(1,5) (57.4%, 95.3%)
07/27 07:29:00 AM | Train: [ 2/50] Step 300/390 Loss 1.172 Prec@(1,5) (57.9%, 95.4%)
07/27 07:32:30 AM | Train: [ 2/50] Step 350/390 Loss 1.159 Prec@(1,5) (58.4%, 95.5%)
07/27 07:35:01 AM | Train: [ 2/50] Step 390/390 Loss 1.152 Prec@(1,5) (58.7%, 95.6%)
07/27 07:35:01 AM | Train: [ 2/50] Final Prec@1 58.7080%
07/27 07:35:01 AM | Valid: [ 2/50] Step 000/390 Loss 1.154 Prec@(1,5) (56.2%, 98.4%)
07/27 07:35:11 AM | Valid: [ 2/50] Step 050/390 Loss 1.075 Prec@(1,5) (61.6%, 96.4%)
07/27 07:35:20 AM | Valid: [ 2/50] Step 100/390 Loss 1.068 Prec@(1,5) (61.8%, 96.1%)
07/27 07:35:31 AM | Valid: [ 2/50] Step 150/390 Loss 1.073 Prec@(1,5) (62.0%, 96.0%)
07/27 07:35:41 AM | Valid: [ 2/50] Step 200/390 Loss 1.079 Prec@(1,5) (61.3%, 95.9%)
07/27 07:35:51 AM | Valid: [ 2/50] Step 250/390 Loss 1.081 Prec@(1,5) (61.3%, 95.9%)
07/27 07:36:00 AM | Valid: [ 2/50] Step 300/390 Loss 1.079 Prec@(1,5) (61.4%, 95.9%)
07/27 07:36:11 AM | Valid: [ 2/50] Step 350/390 Loss 1.072 Prec@(1,5) (61.6%, 96.0%)
07/27 07:36:21 AM | Valid: [ 2/50] Step 390/390 Loss 1.075 Prec@(1,5) (61.6%, 96.0%)
07/27 07:36:21 AM | Valid: [ 2/50] Final Prec@1 61.5880%
07/27 07:36:21 AM | genotype = Genotype(normal=[[('max_pool_3x3', 0), ('sep_conv_5x5', 1)], [('dil_conv_5x5', 1), ('max_pool_3x3', 0)], [('dil_conv_5x5', 2), ('dil_conv_3x3', 1)], [('sep_conv_5x5', 3), ('dil_conv_5x5', 2)]], normal_concat=range(2, 6), reduce=[[('sep_conv_5x5', 0), ('dil_conv_5x5', 1)], [('sep_conv_5x5', 2), ('sep_conv_5x5', 0)], [('sep_conv_5x5', 0), ('sep_conv_3x3', 3)], [('dil_conv_5x5', 4), ('sep_conv_5x5', 2)]], reduce_concat=range(2, 6))
####### ALPHA #######
# Alpha - normal
tensor([[0.1307, 0.1182, 0.1229, 0.1262, 0.1248, 0.1290, 0.1235, 0.1247],
        [0.1247, 0.1143, 0.1194, 0.1267, 0.1287, 0.1271, 0.1284, 0.1306]],
       device='cuda:0', grad_fn=<SoftmaxBackward>)
tensor([[0.1296, 0.1181, 0.1214, 0.1267, 0.1280, 0.1262, 0.1259, 0.1240],
        [0.1255, 0.1138, 0.1188, 0.1280, 0.1270, 0.1267, 0.1300, 0.1302],
        [0.1236, 0.1160, 0.1233, 0.1258, 0.1258, 0.1262, 0.1282, 0.1311]],
       device='cuda:0', grad_fn=<SoftmaxBackward>)
tensor([[0.1295, 0.1161, 0.1199, 0.1267, 0.1257, 0.1272, 0.1277, 0.1271],
        [0.1235, 0.1133, 0.1177, 0.1256, 0.1286, 0.1313, 0.1305, 0.1295],
        [0.1212, 0.1148, 0.1203, 0.1267, 0.1283, 0.1261, 0.1315, 0.1311],
        [0.1192, 0.1147, 0.1189, 0.1270, 0.1307, 0.1294, 0.1300, 0.1302]],
       device='cuda:0', grad_fn=<SoftmaxBackward>)
tensor([[0.1282, 0.1176, 0.1200, 0.1282, 0.1274, 0.1242, 0.1277, 0.1267],
        [0.1237, 0.1143, 0.1182, 0.1280, 0.1275, 0.1310, 0.1269, 0.1304],
        [0.1210, 0.1142, 0.1189, 0.1273, 0.1278, 0.1262, 0.1315, 0.1331],
        [0.1192, 0.1143, 0.1178, 0.1273, 0.1319, 0.1277, 0.1302, 0.1316],
        [0.1193, 0.1145, 0.1175, 0.1307, 0.1284, 0.1279, 0.1283, 0.1334]],
       device='cuda:0', grad_fn=<SoftmaxBackward>)

# Alpha - reduce
tensor([[0.1265, 0.1228, 0.1279, 0.1230, 0.1314, 0.1209, 0.1270, 0.1204],
        [0.1254, 0.1233, 0.1242, 0.1192, 0.1267, 0.1244, 0.1268, 0.1301]],
       device='cuda:0', grad_fn=<SoftmaxBackward>)
tensor([[0.1255, 0.1210, 0.1259, 0.1257, 0.1286, 0.1237, 0.1259, 0.1237],
        [0.1238, 0.1214, 0.1249, 0.1250, 0.1259, 0.1253, 0.1260, 0.1278],
        [0.1205, 0.1162, 0.1215, 0.1266, 0.1300, 0.1298, 0.1287, 0.1266]],
       device='cuda:0', grad_fn=<SoftmaxBackward>)
tensor([[0.1249, 0.1212, 0.1236, 0.1262, 0.1321, 0.1219, 0.1267, 0.1232],
        [0.1253, 0.1230, 0.1263, 0.1261, 0.1265, 0.1259, 0.1234, 0.1235],
        [0.1214, 0.1179, 0.1236, 0.1282, 0.1274, 0.1282, 0.1270, 0.1263],
        [0.1218, 0.1180, 0.1216, 0.1291, 0.1276, 0.1278, 0.1287, 0.1255]],
       device='cuda:0', grad_fn=<SoftmaxBackward>)
tensor([[0.1256, 0.1224, 0.1265, 0.1259, 0.1284, 0.1228, 0.1251, 0.1232],
        [0.1244, 0.1227, 0.1248, 0.1251, 0.1245, 0.1243, 0.1261, 0.1282],
        [0.1207, 0.1173, 0.1232, 0.1273, 0.1293, 0.1266, 0.1282, 0.1274],
        [0.1221, 0.1177, 0.1225, 0.1272, 0.1283, 0.1277, 0.1272, 0.1272],
        [0.1212, 0.1173, 0.1214, 0.1290, 0.1283, 0.1265, 0.1315, 0.1248]],
       device='cuda:0', grad_fn=<SoftmaxBackward>)
#####################
07/27 07:36:26 AM | Train: [ 3/50] Step 000/390 Loss 1.058 Prec@(1,5) (56.2%, 100.0%)
07/27 07:39:44 AM | Train: [ 3/50] Step 050/390 Loss 0.983 Prec@(1,5) (65.2%, 97.2%)
07/27 07:43:15 AM | Train: [ 3/50] Step 100/390 Loss 1.005 Prec@(1,5) (64.1%, 96.8%)
07/27 07:46:30 AM | Train: [ 3/50] Step 150/390 Loss 0.984 Prec@(1,5) (64.8%, 97.1%)
07/27 07:49:55 AM | Train: [ 3/50] Step 200/390 Loss 0.985 Prec@(1,5) (65.1%, 97.0%)
07/27 07:53:07 AM | Train: [ 3/50] Step 250/390 Loss 0.973 Prec@(1,5) (65.6%, 97.0%)
07/27 07:56:09 AM | Train: [ 3/50] Step 300/390 Loss 0.966 Prec@(1,5) (65.8%, 97.1%)
07/27 07:59:43 AM | Train: [ 3/50] Step 350/390 Loss 0.957 Prec@(1,5) (66.1%, 97.1%)
07/27 08:02:29 AM | Train: [ 3/50] Step 390/390 Loss 0.953 Prec@(1,5) (66.3%, 97.2%)
07/27 08:02:29 AM | Train: [ 3/50] Final Prec@1 66.3040%
07/27 08:02:30 AM | Valid: [ 3/50] Step 000/390 Loss 1.130 Prec@(1,5) (56.2%, 100.0%)
07/27 08:02:39 AM | Valid: [ 3/50] Step 050/390 Loss 0.904 Prec@(1,5) (67.0%, 97.5%)
07/27 08:02:49 AM | Valid: [ 3/50] Step 100/390 Loss 0.919 Prec@(1,5) (67.1%, 97.2%)
07/27 08:03:00 AM | Valid: [ 3/50] Step 150/390 Loss 0.922 Prec@(1,5) (67.0%, 97.2%)
07/27 08:03:09 AM | Valid: [ 3/50] Step 200/390 Loss 0.917 Prec@(1,5) (67.2%, 97.3%)
07/27 08:03:19 AM | Valid: [ 3/50] Step 250/390 Loss 0.920 Prec@(1,5) (67.0%, 97.4%)
07/27 08:03:29 AM | Valid: [ 3/50] Step 300/390 Loss 0.921 Prec@(1,5) (67.0%, 97.3%)
07/27 08:03:40 AM | Valid: [ 3/50] Step 350/390 Loss 0.923 Prec@(1,5) (67.0%, 97.3%)
07/27 08:03:48 AM | Valid: [ 3/50] Step 390/390 Loss 0.922 Prec@(1,5) (67.1%, 97.3%)
07/27 08:03:48 AM | Valid: [ 3/50] Final Prec@1 67.0560%
07/27 08:03:48 AM | genotype = Genotype(normal=[[('max_pool_3x3', 0), ('dil_conv_5x5', 1)], [('dil_conv_5x5', 1), ('max_pool_3x3', 0)], [('dil_conv_3x3', 1), ('sep_conv_5x5', 3)], [('dil_conv_3x3', 1), ('sep_conv_5x5', 3)]], normal_concat=range(2, 6), reduce=[[('sep_conv_5x5', 0), ('max_pool_3x3', 1)], [('sep_conv_5x5', 2), ('sep_conv_5x5', 0)], [('sep_conv_5x5', 0), ('sep_conv_3x3', 3)], [('dil_conv_5x5', 4), ('sep_conv_5x5', 0)]], reduce_concat=range(2, 6))
####### ALPHA #######
# Alpha - normal
tensor([[0.1349, 0.1165, 0.1240, 0.1262, 0.1251, 0.1293, 0.1219, 0.1221],
        [0.1226, 0.1092, 0.1163, 0.1291, 0.1295, 0.1293, 0.1298, 0.1341]],
       device='cuda:0', grad_fn=<SoftmaxBackward>)
tensor([[0.1326, 0.1153, 0.1206, 0.1280, 0.1295, 0.1268, 0.1250, 0.1221],
        [0.1243, 0.1085, 0.1160, 0.1299, 0.1286, 0.1270, 0.1324, 0.1334],
        [0.1232, 0.1118, 0.1224, 0.1274, 0.1268, 0.1268, 0.1279, 0.1337]],
       device='cuda:0', grad_fn=<SoftmaxBackward>)
tensor([[0.1326, 0.1135, 0.1188, 0.1282, 0.1252, 0.1267, 0.1295, 0.1255],
        [0.1216, 0.1082, 0.1144, 0.1253, 0.1302, 0.1353, 0.1318, 0.1332],
        [0.1200, 0.1106, 0.1189, 0.1287, 0.1288, 0.1268, 0.1323, 0.1338],
        [0.1174, 0.1103, 0.1166, 0.1292, 0.1331, 0.1305, 0.1311, 0.1318]],
       device='cuda:0', grad_fn=<SoftmaxBackward>)
tensor([[0.1312, 0.1162, 0.1205, 0.1279, 0.1286, 0.1226, 0.1260, 0.1270],
        [0.1216, 0.1092, 0.1148, 0.1299, 0.1296, 0.1350, 0.1269, 0.1331],
        [0.1196, 0.1100, 0.1168, 0.1301, 0.1294, 0.1271, 0.1318, 0.1353],
        [0.1175, 0.1103, 0.1162, 0.1279, 0.1335, 0.1286, 0.1300, 0.1361],
        [0.1172, 0.1101, 0.1146, 0.1334, 0.1298, 0.1274, 0.1300, 0.1375]],
       device='cuda:0', grad_fn=<SoftmaxBackward>)

# Alpha - reduce
tensor([[0.1296, 0.1227, 0.1281, 0.1220, 0.1332, 0.1202, 0.1258, 0.1183],
        [0.1267, 0.1228, 0.1245, 0.1171, 0.1266, 0.1230, 0.1262, 0.1331]],
       device='cuda:0', grad_fn=<SoftmaxBackward>)
tensor([[0.1272, 0.1194, 0.1257, 0.1252, 0.1293, 0.1237, 0.1270, 0.1225],
        [0.1257, 0.1215, 0.1240, 0.1238, 0.1264, 0.1244, 0.1249, 0.1294],
        [0.1204, 0.1126, 0.1202, 0.1282, 0.1309, 0.1298, 0.1300, 0.1279]],
       device='cuda:0', grad_fn=<SoftmaxBackward>)
tensor([[0.1270, 0.1201, 0.1218, 0.1275, 0.1334, 0.1207, 0.1290, 0.1205],
        [0.1265, 0.1222, 0.1271, 0.1272, 0.1260, 0.1268, 0.1204, 0.1238],
        [0.1215, 0.1142, 0.1220, 0.1289, 0.1286, 0.1297, 0.1285, 0.1267],
        [0.1222, 0.1153, 0.1213, 0.1309, 0.1280, 0.1277, 0.1283, 0.1262]],
       device='cuda:0', grad_fn=<SoftmaxBackward>)
tensor([[0.1275, 0.1213, 0.1264, 0.1265, 0.1293, 0.1218, 0.1248, 0.1224],
        [0.1261, 0.1226, 0.1237, 0.1263, 0.1228, 0.1243, 0.1259, 0.1285],
        [0.1204, 0.1135, 0.1220, 0.1291, 0.1293, 0.1280, 0.1287, 0.1289],
        [0.1222, 0.1146, 0.1220, 0.1275, 0.1291, 0.1291, 0.1268, 0.1286],
        [0.1207, 0.1143, 0.1208, 0.1316, 0.1287, 0.1268, 0.1330, 0.1241]],
       device='cuda:0', grad_fn=<SoftmaxBackward>)
#####################
07/27 08:03:54 AM | Train: [ 4/50] Step 000/390 Loss 0.846 Prec@(1,5) (73.4%, 98.4%)
07/27 08:07:20 AM | Train: [ 4/50] Step 050/390 Loss 0.881 Prec@(1,5) (69.6%, 97.6%)
07/27 08:10:42 AM | Train: [ 4/50] Step 100/390 Loss 0.847 Prec@(1,5) (70.7%, 97.6%)
07/27 08:13:38 AM | Train: [ 4/50] Step 150/390 Loss 0.843 Prec@(1,5) (71.1%, 97.6%)
07/27 08:17:06 AM | Train: [ 4/50] Step 200/390 Loss 0.848 Prec@(1,5) (70.8%, 97.7%)
07/27 08:20:34 AM | Train: [ 4/50] Step 250/390 Loss 0.845 Prec@(1,5) (70.8%, 97.6%)
07/27 08:24:00 AM | Train: [ 4/50] Step 300/390 Loss 0.843 Prec@(1,5) (70.8%, 97.7%)
07/27 08:27:31 AM | Train: [ 4/50] Step 350/390 Loss 0.837 Prec@(1,5) (71.0%, 97.7%)
07/27 08:30:03 AM | Train: [ 4/50] Step 390/390 Loss 0.828 Prec@(1,5) (71.2%, 97.7%)
07/27 08:30:03 AM | Train: [ 4/50] Final Prec@1 71.2320%
07/27 08:30:04 AM | Valid: [ 4/50] Step 000/390 Loss 0.886 Prec@(1,5) (70.3%, 95.3%)
07/27 08:30:13 AM | Valid: [ 4/50] Step 050/390 Loss 0.866 Prec@(1,5) (70.3%, 97.3%)
07/27 08:30:22 AM | Valid: [ 4/50] Step 100/390 Loss 0.863 Prec@(1,5) (69.8%, 97.4%)
07/27 08:30:32 AM | Valid: [ 4/50] Step 150/390 Loss 0.863 Prec@(1,5) (70.0%, 97.3%)
07/27 08:30:41 AM | Valid: [ 4/50] Step 200/390 Loss 0.859 Prec@(1,5) (70.1%, 97.4%)
07/27 08:30:51 AM | Valid: [ 4/50] Step 250/390 Loss 0.853 Prec@(1,5) (70.3%, 97.4%)
07/27 08:31:01 AM | Valid: [ 4/50] Step 300/390 Loss 0.848 Prec@(1,5) (70.6%, 97.5%)
07/27 08:31:12 AM | Valid: [ 4/50] Step 350/390 Loss 0.847 Prec@(1,5) (70.7%, 97.5%)
07/27 08:31:20 AM | Valid: [ 4/50] Step 390/390 Loss 0.849 Prec@(1,5) (70.7%, 97.4%)
07/27 08:31:20 AM | Valid: [ 4/50] Final Prec@1 70.7080%
07/27 08:31:20 AM | genotype = Genotype(normal=[[('max_pool_3x3', 0), ('sep_conv_3x3', 1)], [('max_pool_3x3', 0), ('dil_conv_5x5', 1)], [('dil_conv_3x3', 1), ('sep_conv_5x5', 3)], [('dil_conv_3x3', 1), ('sep_conv_3x3', 4)]], normal_concat=range(2, 6), reduce=[[('sep_conv_5x5', 0), ('max_pool_3x3', 1)], [('dil_conv_3x3', 2), ('sep_conv_5x5', 0)], [('sep_conv_5x5', 0), ('sep_conv_3x3', 3)], [('dil_conv_5x5', 4), ('sep_conv_5x5', 0)]], reduce_concat=range(2, 6))
####### ALPHA #######
# Alpha - normal
tensor([[0.1376, 0.1140, 0.1240, 0.1264, 0.1281, 0.1295, 0.1190, 0.1213],
        [0.1221, 0.1062, 0.1152, 0.1324, 0.1302, 0.1289, 0.1293, 0.1357]],
       device='cuda:0', grad_fn=<SoftmaxBackward>)
tensor([[0.1347, 0.1122, 0.1190, 0.1299, 0.1308, 0.1275, 0.1244, 0.1213],
        [0.1245, 0.1058, 0.1153, 0.1299, 0.1306, 0.1258, 0.1338, 0.1342],
        [0.1233, 0.1084, 0.1225, 0.1276, 0.1269, 0.1274, 0.1274, 0.1365]],
       device='cuda:0', grad_fn=<SoftmaxBackward>)
tensor([[0.1352, 0.1107, 0.1174, 0.1295, 0.1252, 0.1264, 0.1300, 0.1256],
        [0.1222, 0.1057, 0.1137, 0.1261, 0.1300, 0.1370, 0.1304, 0.1350],
        [0.1195, 0.1071, 0.1172, 0.1284, 0.1305, 0.1267, 0.1354, 0.1353],
        [0.1160, 0.1067, 0.1147, 0.1307, 0.1363, 0.1321, 0.1304, 0.1331]],
       device='cuda:0', grad_fn=<SoftmaxBackward>)
tensor([[0.1326, 0.1139, 0.1193, 0.1285, 0.1293, 0.1226, 0.1258, 0.1280],
        [0.1218, 0.1069, 0.1140, 0.1314, 0.1301, 0.1355, 0.1254, 0.1348],
        [0.1185, 0.1061, 0.1148, 0.1324, 0.1304, 0.1267, 0.1333, 0.1377],
        [0.1159, 0.1068, 0.1145, 0.1268, 0.1335, 0.1294, 0.1323, 0.1407],
        [0.1155, 0.1065, 0.1121, 0.1348, 0.1310, 0.1276, 0.1303, 0.1422]],
       device='cuda:0', grad_fn=<SoftmaxBackward>)

# Alpha - reduce
tensor([[0.1298, 0.1210, 0.1291, 0.1226, 0.1341, 0.1200, 0.1257, 0.1176],
        [0.1276, 0.1226, 0.1243, 0.1159, 0.1267, 0.1222, 0.1267, 0.1340]],
       device='cuda:0', grad_fn=<SoftmaxBackward>)
tensor([[0.1277, 0.1177, 0.1261, 0.1252, 0.1297, 0.1241, 0.1270, 0.1225],
        [0.1266, 0.1209, 0.1227, 0.1245, 0.1274, 0.1237, 0.1234, 0.1308],
        [0.1210, 0.1099, 0.1189, 0.1295, 0.1311, 0.1313, 0.1302, 0.1281]],
       device='cuda:0', grad_fn=<SoftmaxBackward>)
tensor([[0.1283, 0.1190, 0.1204, 0.1287, 0.1323, 0.1217, 0.1306, 0.1191],
        [0.1287, 0.1226, 0.1264, 0.1265, 0.1257, 0.1263, 0.1187, 0.1250],
        [0.1238, 0.1120, 0.1212, 0.1296, 0.1292, 0.1308, 0.1278, 0.1256],
        [0.1230, 0.1137, 0.1205, 0.1318, 0.1279, 0.1295, 0.1289, 0.1247]],
       device='cuda:0', grad_fn=<SoftmaxBackward>)
tensor([[0.1277, 0.1201, 0.1281, 0.1253, 0.1315, 0.1208, 0.1235, 0.1231],
        [0.1281, 0.1230, 0.1237, 0.1249, 0.1233, 0.1228, 0.1262, 0.1281],
        [0.1202, 0.1103, 0.1203, 0.1305, 0.1314, 0.1295, 0.1286, 0.1292],
        [0.1214, 0.1120, 0.1206, 0.1282, 0.1300, 0.1296, 0.1277, 0.1306],
        [0.1188, 0.1115, 0.1180, 0.1345, 0.1304, 0.1272, 0.1346, 0.1248]],
       device='cuda:0', grad_fn=<SoftmaxBackward>)
#####################
07/27 08:31:25 AM | Train: [ 5/50] Step 000/390 Loss 0.737 Prec@(1,5) (76.6%, 98.4%)
07/27 08:34:48 AM | Train: [ 5/50] Step 050/390 Loss 0.717 Prec@(1,5) (75.1%, 98.4%)
07/27 08:38:20 AM | Train: [ 5/50] Step 100/390 Loss 0.735 Prec@(1,5) (74.2%, 98.3%)
07/27 08:41:43 AM | Train: [ 5/50] Step 150/390 Loss 0.732 Prec@(1,5) (74.1%, 98.4%)
07/27 08:45:11 AM | Train: [ 5/50] Step 200/390 Loss 0.733 Prec@(1,5) (74.2%, 98.4%)
07/27 08:48:28 AM | Train: [ 5/50] Step 250/390 Loss 0.728 Prec@(1,5) (74.5%, 98.4%)
07/27 08:51:35 AM | Train: [ 5/50] Step 300/390 Loss 0.723 Prec@(1,5) (74.8%, 98.4%)
07/27 08:55:06 AM | Train: [ 5/50] Step 350/390 Loss 0.727 Prec@(1,5) (74.5%, 98.4%)
07/27 08:57:43 AM | Train: [ 5/50] Step 390/390 Loss 0.725 Prec@(1,5) (74.6%, 98.4%)
07/27 08:57:43 AM | Train: [ 5/50] Final Prec@1 74.6120%
07/27 08:57:44 AM | Valid: [ 5/50] Step 000/390 Loss 0.682 Prec@(1,5) (76.6%, 95.3%)
07/27 08:57:53 AM | Valid: [ 5/50] Step 050/390 Loss 0.704 Prec@(1,5) (75.5%, 98.2%)
07/27 08:58:03 AM | Valid: [ 5/50] Step 100/390 Loss 0.712 Prec@(1,5) (75.1%, 98.2%)
07/27 08:58:13 AM | Valid: [ 5/50] Step 150/390 Loss 0.722 Prec@(1,5) (74.8%, 98.3%)
07/27 08:58:24 AM | Valid: [ 5/50] Step 200/390 Loss 0.729 Prec@(1,5) (74.5%, 98.3%)
07/27 08:58:37 AM | Valid: [ 5/50] Step 250/390 Loss 0.728 Prec@(1,5) (74.6%, 98.3%)
07/27 08:58:49 AM | Valid: [ 5/50] Step 300/390 Loss 0.733 Prec@(1,5) (74.4%, 98.2%)
07/27 08:59:02 AM | Valid: [ 5/50] Step 350/390 Loss 0.733 Prec@(1,5) (74.4%, 98.1%)
07/27 08:59:11 AM | Valid: [ 5/50] Step 390/390 Loss 0.734 Prec@(1,5) (74.3%, 98.1%)
07/27 08:59:11 AM | Valid: [ 5/50] Final Prec@1 74.3400%
07/27 08:59:11 AM | genotype = Genotype(normal=[[('max_pool_3x3', 0), ('sep_conv_3x3', 1)], [('max_pool_3x3', 0), ('dil_conv_5x5', 1)], [('sep_conv_5x5', 3), ('dil_conv_3x3', 1)], [('sep_conv_3x3', 4), ('dil_conv_3x3', 1)]], normal_concat=range(2, 6), reduce=[[('sep_conv_5x5', 0), ('dil_conv_5x5', 1)], [('dil_conv_3x3', 2), ('sep_conv_5x5', 0)], [('sep_conv_5x5', 0), ('max_pool_3x3', 1)], [('dil_conv_5x5', 4), ('sep_conv_5x5', 0)]], reduce_concat=range(2, 6))
####### ALPHA #######
# Alpha - normal
tensor([[0.1383, 0.1107, 0.1230, 0.1279, 0.1298, 0.1306, 0.1187, 0.1209],
        [0.1211, 0.1036, 0.1140, 0.1356, 0.1312, 0.1278, 0.1291, 0.1376]],
       device='cuda:0', grad_fn=<SoftmaxBackward>)
tensor([[0.1358, 0.1087, 0.1171, 0.1327, 0.1314, 0.1281, 0.1247, 0.1215],
        [0.1239, 0.1027, 0.1140, 0.1313, 0.1325, 0.1253, 0.1343, 0.1360],
        [0.1218, 0.1045, 0.1216, 0.1278, 0.1273, 0.1288, 0.1276, 0.1405]],
       device='cuda:0', grad_fn=<SoftmaxBackward>)
tensor([[0.1354, 0.1069, 0.1153, 0.1303, 0.1254, 0.1272, 0.1313, 0.1281],
        [0.1215, 0.1029, 0.1122, 0.1272, 0.1319, 0.1388, 0.1292, 0.1362],
        [0.1179, 0.1033, 0.1146, 0.1294, 0.1318, 0.1278, 0.1375, 0.1376],
        [0.1130, 0.1022, 0.1116, 0.1309, 0.1398, 0.1344, 0.1314, 0.1368]],
       device='cuda:0', grad_fn=<SoftmaxBackward>)
tensor([[0.1332, 0.1107, 0.1171, 0.1297, 0.1299, 0.1227, 0.1269, 0.1298],
        [0.1221, 0.1049, 0.1129, 0.1346, 0.1297, 0.1361, 0.1240, 0.1356],
        [0.1170, 0.1026, 0.1126, 0.1353, 0.1309, 0.1275, 0.1336, 0.1405],
        [0.1142, 0.1030, 0.1125, 0.1259, 0.1345, 0.1298, 0.1337, 0.1464],
        [0.1131, 0.1026, 0.1090, 0.1375, 0.1324, 0.1277, 0.1308, 0.1470]],
       device='cuda:0', grad_fn=<SoftmaxBackward>)

# Alpha - reduce
tensor([[0.1310, 0.1209, 0.1282, 0.1222, 0.1361, 0.1204, 0.1240, 0.1171],
        [0.1274, 0.1216, 0.1240, 0.1142, 0.1267, 0.1233, 0.1282, 0.1347]],
       device='cuda:0', grad_fn=<SoftmaxBackward>)
tensor([[0.1298, 0.1176, 0.1254, 0.1259, 0.1304, 0.1230, 0.1251, 0.1226],
        [0.1271, 0.1201, 0.1224, 0.1232, 0.1291, 0.1246, 0.1227, 0.1308],
        [0.1217, 0.1077, 0.1188, 0.1299, 0.1302, 0.1326, 0.1308, 0.1284]],
       device='cuda:0', grad_fn=<SoftmaxBackward>)
tensor([[0.1299, 0.1187, 0.1198, 0.1287, 0.1317, 0.1213, 0.1310, 0.1189],
        [0.1309, 0.1227, 0.1258, 0.1260, 0.1257, 0.1267, 0.1170, 0.1251],
        [0.1258, 0.1103, 0.1213, 0.1298, 0.1304, 0.1311, 0.1271, 0.1242],
        [0.1241, 0.1120, 0.1208, 0.1319, 0.1285, 0.1295, 0.1284, 0.1248]],
       device='cuda:0', grad_fn=<SoftmaxBackward>)
tensor([[0.1286, 0.1197, 0.1275, 0.1247, 0.1330, 0.1200, 0.1234, 0.1231],
        [0.1286, 0.1218, 0.1233, 0.1241, 0.1237, 0.1238, 0.1262, 0.1285],
        [0.1200, 0.1076, 0.1193, 0.1324, 0.1320, 0.1318, 0.1281, 0.1287],
        [0.1208, 0.1094, 0.1205, 0.1285, 0.1298, 0.1315, 0.1282, 0.1313],
        [0.1181, 0.1090, 0.1169, 0.1350, 0.1305, 0.1282, 0.1370, 0.1253]],
       device='cuda:0', grad_fn=<SoftmaxBackward>)
#####################
07/27 08:59:18 AM | Train: [ 6/50] Step 000/390 Loss 0.546 Prec@(1,5) (78.1%, 98.4%)
07/27 09:02:48 AM | Train: [ 6/50] Step 050/390 Loss 0.665 Prec@(1,5) (76.9%, 98.9%)
07/27 09:06:08 AM | Train: [ 6/50] Step 100/390 Loss 0.658 Prec@(1,5) (77.2%, 99.0%)
07/27 09:09:08 AM | Train: [ 6/50] Step 150/390 Loss 0.659 Prec@(1,5) (77.0%, 98.9%)
07/27 09:12:38 AM | Train: [ 6/50] Step 200/390 Loss 0.659 Prec@(1,5) (76.9%, 98.8%)
07/27 09:16:05 AM | Train: [ 6/50] Step 250/390 Loss 0.662 Prec@(1,5) (76.7%, 98.7%)
07/27 09:19:28 AM | Train: [ 6/50] Step 300/390 Loss 0.657 Prec@(1,5) (76.9%, 98.7%)
07/27 09:22:59 AM | Train: [ 6/50] Step 350/390 Loss 0.656 Prec@(1,5) (77.0%, 98.7%)
07/27 09:25:34 AM | Train: [ 6/50] Step 390/390 Loss 0.652 Prec@(1,5) (77.1%, 98.8%)
07/27 09:25:34 AM | Train: [ 6/50] Final Prec@1 77.1360%
07/27 09:25:34 AM | Valid: [ 6/50] Step 000/390 Loss 1.032 Prec@(1,5) (71.9%, 98.4%)
07/27 09:25:44 AM | Valid: [ 6/50] Step 050/390 Loss 0.718 Prec@(1,5) (75.1%, 98.4%)
07/27 09:25:54 AM | Valid: [ 6/50] Step 100/390 Loss 0.704 Prec@(1,5) (75.4%, 98.7%)
07/27 09:26:03 AM | Valid: [ 6/50] Step 150/390 Loss 0.695 Prec@(1,5) (75.7%, 98.6%)
07/27 09:26:13 AM | Valid: [ 6/50] Step 200/390 Loss 0.697 Prec@(1,5) (75.7%, 98.6%)
07/27 09:26:22 AM | Valid: [ 6/50] Step 250/390 Loss 0.695 Prec@(1,5) (75.8%, 98.6%)
07/27 09:26:32 AM | Valid: [ 6/50] Step 300/390 Loss 0.698 Prec@(1,5) (75.7%, 98.5%)
07/27 09:26:41 AM | Valid: [ 6/50] Step 350/390 Loss 0.703 Prec@(1,5) (75.6%, 98.5%)
07/27 09:26:49 AM | Valid: [ 6/50] Step 390/390 Loss 0.702 Prec@(1,5) (75.6%, 98.5%)
07/27 09:26:49 AM | Valid: [ 6/50] Final Prec@1 75.6440%
07/27 09:26:49 AM | genotype = Genotype(normal=[[('max_pool_3x3', 0), ('sep_conv_3x3', 1)], [('max_pool_3x3', 0), ('dil_conv_5x5', 1)], [('sep_conv_5x5', 3), ('dil_conv_3x3', 1)], [('sep_conv_3x3', 4), ('sep_conv_3x3', 2)]], normal_concat=range(2, 6), reduce=[[('sep_conv_5x5', 0), ('dil_conv_5x5', 1)], [('dil_conv_3x3', 2), ('sep_conv_5x5', 1)], [('sep_conv_3x3', 3), ('max_pool_3x3', 0)], [('dil_conv_5x5', 4), ('sep_conv_5x5', 0)]], reduce_concat=range(2, 6))
####### ALPHA #######
# Alpha - normal
tensor([[0.1395, 0.1077, 0.1219, 0.1291, 0.1308, 0.1309, 0.1182, 0.1218],
        [0.1207, 0.1014, 0.1133, 0.1378, 0.1315, 0.1287, 0.1285, 0.1382]],
       device='cuda:0', grad_fn=<SoftmaxBackward>)
tensor([[0.1367, 0.1055, 0.1155, 0.1352, 0.1327, 0.1286, 0.1235, 0.1223],
        [0.1236, 0.1003, 0.1135, 0.1321, 0.1334, 0.1255, 0.1345, 0.1372],
        [0.1201, 0.1006, 0.1209, 0.1288, 0.1276, 0.1295, 0.1277, 0.1448]],
       device='cuda:0', grad_fn=<SoftmaxBackward>)
tensor([[0.1367, 0.1033, 0.1133, 0.1322, 0.1257, 0.1276, 0.1314, 0.1299],
        [0.1217, 0.1005, 0.1112, 0.1277, 0.1338, 0.1394, 0.1282, 0.1375],
        [0.1169, 0.0994, 0.1134, 0.1303, 0.1331, 0.1279, 0.1384, 0.1405],
        [0.1109, 0.0981, 0.1091, 0.1316, 0.1418, 0.1352, 0.1334, 0.1398]],
       device='cuda:0', grad_fn=<SoftmaxBackward>)
tensor([[0.1337, 0.1080, 0.1154, 0.1308, 0.1312, 0.1226, 0.1265, 0.1319],
        [0.1216, 0.1028, 0.1118, 0.1367, 0.1308, 0.1364, 0.1237, 0.1363],
        [0.1154, 0.0987, 0.1105, 0.1395, 0.1308, 0.1275, 0.1347, 0.1429],
        [0.1126, 0.0997, 0.1111, 0.1256, 0.1355, 0.1291, 0.1338, 0.1525],
        [0.1104, 0.0985, 0.1057, 0.1395, 0.1338, 0.1290, 0.1300, 0.1532]],
       device='cuda:0', grad_fn=<SoftmaxBackward>)

# Alpha - reduce
tensor([[0.1317, 0.1213, 0.1269, 0.1226, 0.1385, 0.1193, 0.1241, 0.1156],
        [0.1252, 0.1194, 0.1243, 0.1142, 0.1274, 0.1234, 0.1293, 0.1367]],
       device='cuda:0', grad_fn=<SoftmaxBackward>)
tensor([[0.1314, 0.1181, 0.1260, 0.1254, 0.1311, 0.1220, 0.1236, 0.1225],
        [0.1261, 0.1186, 0.1218, 0.1240, 0.1306, 0.1238, 0.1234, 0.1317],
        [0.1218, 0.1057, 0.1190, 0.1309, 0.1296, 0.1329, 0.1313, 0.1288]],
       device='cuda:0', grad_fn=<SoftmaxBackward>)
tensor([[0.1320, 0.1194, 0.1195, 0.1276, 0.1316, 0.1216, 0.1316, 0.1168],
        [0.1303, 0.1213, 0.1264, 0.1264, 0.1259, 0.1265, 0.1168, 0.1263],
        [0.1266, 0.1089, 0.1216, 0.1308, 0.1315, 0.1312, 0.1261, 0.1232],
        [0.1236, 0.1094, 0.1207, 0.1324, 0.1293, 0.1298, 0.1288, 0.1260]],
       device='cuda:0', grad_fn=<SoftmaxBackward>)
tensor([[0.1299, 0.1206, 0.1268, 0.1244, 0.1335, 0.1181, 0.1236, 0.1232],
        [0.1286, 0.1211, 0.1229, 0.1236, 0.1249, 0.1236, 0.1257, 0.1297],
        [0.1201, 0.1057, 0.1191, 0.1327, 0.1325, 0.1340, 0.1290, 0.1270],
        [0.1208, 0.1074, 0.1205, 0.1301, 0.1304, 0.1313, 0.1283, 0.1312],
        [0.1173, 0.1071, 0.1169, 0.1342, 0.1314, 0.1283, 0.1394, 0.1254]],
       device='cuda:0', grad_fn=<SoftmaxBackward>)
#####################
07/27 09:26:54 AM | Train: [ 7/50] Step 000/390 Loss 0.855 Prec@(1,5) (76.6%, 95.3%)
07/27 09:30:14 AM | Train: [ 7/50] Step 050/390 Loss 0.608 Prec@(1,5) (79.5%, 98.6%)
07/27 09:33:48 AM | Train: [ 7/50] Step 100/390 Loss 0.600 Prec@(1,5) (79.6%, 98.9%)
07/27 09:37:03 AM | Train: [ 7/50] Step 150/390 Loss 0.598 Prec@(1,5) (79.6%, 98.9%)
07/27 09:40:36 AM | Train: [ 7/50] Step 200/390 Loss 0.600 Prec@(1,5) (79.4%, 99.0%)
07/27 09:44:01 AM | Train: [ 7/50] Step 250/390 Loss 0.598 Prec@(1,5) (79.4%, 99.0%)
07/27 09:46:57 AM | Train: [ 7/50] Step 300/390 Loss 0.599 Prec@(1,5) (79.3%, 99.0%)
07/27 09:50:27 AM | Train: [ 7/50] Step 350/390 Loss 0.595 Prec@(1,5) (79.4%, 99.0%)
07/27 09:53:17 AM | Train: [ 7/50] Step 390/390 Loss 0.593 Prec@(1,5) (79.6%, 98.9%)
07/27 09:53:17 AM | Train: [ 7/50] Final Prec@1 79.5520%
07/27 09:53:18 AM | Valid: [ 7/50] Step 000/390 Loss 0.545 Prec@(1,5) (79.7%, 100.0%)
07/27 09:53:30 AM | Valid: [ 7/50] Step 050/390 Loss 0.609 Prec@(1,5) (78.7%, 98.9%)
07/27 09:53:41 AM | Valid: [ 7/50] Step 100/390 Loss 0.623 Prec@(1,5) (78.4%, 98.9%)
07/27 09:53:52 AM | Valid: [ 7/50] Step 150/390 Loss 0.636 Prec@(1,5) (77.8%, 98.7%)
07/27 09:54:03 AM | Valid: [ 7/50] Step 200/390 Loss 0.640 Prec@(1,5) (77.8%, 98.7%)
07/27 09:54:12 AM | Valid: [ 7/50] Step 250/390 Loss 0.646 Prec@(1,5) (77.6%, 98.7%)
07/27 09:54:22 AM | Valid: [ 7/50] Step 300/390 Loss 0.650 Prec@(1,5) (77.4%, 98.7%)
07/27 09:54:32 AM | Valid: [ 7/50] Step 350/390 Loss 0.648 Prec@(1,5) (77.4%, 98.7%)
07/27 09:54:39 AM | Valid: [ 7/50] Step 390/390 Loss 0.649 Prec@(1,5) (77.4%, 98.6%)
07/27 09:54:39 AM | Valid: [ 7/50] Final Prec@1 77.4200%
07/27 09:54:39 AM | genotype = Genotype(normal=[[('sep_conv_3x3', 1), ('max_pool_3x3', 0)], [('sep_conv_3x3', 0), ('dil_conv_5x5', 1)], [('sep_conv_5x5', 3), ('dil_conv_3x3', 1)], [('sep_conv_3x3', 4), ('sep_conv_3x3', 2)]], normal_concat=range(2, 6), reduce=[[('sep_conv_5x5', 0), ('dil_conv_5x5', 1)], [('dil_conv_3x3', 2), ('max_pool_3x3', 0)], [('sep_conv_5x5', 2), ('max_pool_3x3', 0)], [('dil_conv_5x5', 4), ('sep_conv_3x3', 2)]], reduce_concat=range(2, 6))
####### ALPHA #######
# Alpha - normal
tensor([[0.1372, 0.1047, 0.1203, 0.1311, 0.1332, 0.1315, 0.1189, 0.1230],
        [0.1178, 0.0988, 0.1118, 0.1408, 0.1343, 0.1288, 0.1288, 0.1389]],
       device='cuda:0', grad_fn=<SoftmaxBackward>)
tensor([[0.1358, 0.1026, 0.1143, 0.1369, 0.1338, 0.1294, 0.1234, 0.1237],
        [0.1211, 0.0977, 0.1126, 0.1349, 0.1348, 0.1242, 0.1352, 0.1395],
        [0.1171, 0.0968, 0.1201, 0.1292, 0.1281, 0.1309, 0.1293, 0.1485]],
       device='cuda:0', grad_fn=<SoftmaxBackward>)
tensor([[0.1354, 0.1004, 0.1117, 0.1345, 0.1260, 0.1285, 0.1320, 0.1316],
        [0.1197, 0.0984, 0.1102, 0.1291, 0.1353, 0.1404, 0.1278, 0.1392],
        [0.1143, 0.0962, 0.1122, 0.1308, 0.1346, 0.1296, 0.1387, 0.1436],
        [0.1076, 0.0947, 0.1074, 0.1321, 0.1436, 0.1361, 0.1339, 0.1446]],
       device='cuda:0', grad_fn=<SoftmaxBackward>)
tensor([[0.1317, 0.1047, 0.1131, 0.1328, 0.1323, 0.1222, 0.1279, 0.1353],
        [0.1208, 0.1010, 0.1111, 0.1402, 0.1306, 0.1354, 0.1227, 0.1382],
        [0.1122, 0.0946, 0.1088, 0.1420, 0.1311, 0.1286, 0.1354, 0.1473],
        [0.1094, 0.0961, 0.1092, 0.1250, 0.1368, 0.1298, 0.1346, 0.1591],
        [0.1064, 0.0946, 0.1028, 0.1418, 0.1335, 0.1294, 0.1311, 0.1603]],
       device='cuda:0', grad_fn=<SoftmaxBackward>)

# Alpha - reduce
tensor([[0.1324, 0.1220, 0.1264, 0.1224, 0.1386, 0.1198, 0.1241, 0.1143],
        [0.1244, 0.1184, 0.1228, 0.1135, 0.1280, 0.1234, 0.1315, 0.1380]],
       device='cuda:0', grad_fn=<SoftmaxBackward>)
tensor([[0.1326, 0.1190, 0.1272, 0.1244, 0.1318, 0.1218, 0.1216, 0.1217],
        [0.1266, 0.1184, 0.1195, 0.1238, 0.1308, 0.1247, 0.1238, 0.1325],
        [0.1217, 0.1044, 0.1200, 0.1312, 0.1291, 0.1339, 0.1307, 0.1290]],
       device='cuda:0', grad_fn=<SoftmaxBackward>)
tensor([[0.1332, 0.1206, 0.1196, 0.1276, 0.1306, 0.1226, 0.1299, 0.1159],
        [0.1318, 0.1222, 0.1270, 0.1272, 0.1256, 0.1250, 0.1148, 0.1264],
        [0.1263, 0.1076, 0.1223, 0.1300, 0.1336, 0.1311, 0.1257, 0.1234],
        [0.1232, 0.1079, 0.1211, 0.1329, 0.1295, 0.1308, 0.1291, 0.1256]],
       device='cuda:0', grad_fn=<SoftmaxBackward>)
tensor([[0.1310, 0.1212, 0.1267, 0.1228, 0.1348, 0.1163, 0.1238, 0.1234],
        [0.1297, 0.1216, 0.1219, 0.1240, 0.1246, 0.1237, 0.1248, 0.1296],
        [0.1192, 0.1038, 0.1194, 0.1359, 0.1317, 0.1343, 0.1281, 0.1276],
        [0.1197, 0.1054, 0.1200, 0.1309, 0.1320, 0.1327, 0.1281, 0.1313],
        [0.1152, 0.1052, 0.1162, 0.1345, 0.1312, 0.1289, 0.1427, 0.1260]],
       device='cuda:0', grad_fn=<SoftmaxBackward>)
#####################
07/27 09:54:44 AM | Train: [ 8/50] Step 000/390 Loss 0.520 Prec@(1,5) (82.8%, 100.0%)
07/27 09:58:18 AM | Train: [ 8/50] Step 050/390 Loss 0.535 Prec@(1,5) (81.6%, 99.2%)
07/27 10:02:00 AM | Train: [ 8/50] Step 100/390 Loss 0.547 Prec@(1,5) (81.3%, 99.1%)
07/27 10:04:57 AM | Train: [ 8/50] Step 150/390 Loss 0.547 Prec@(1,5) (81.3%, 99.2%)
07/27 10:08:15 AM | Train: [ 8/50] Step 200/390 Loss 0.551 Prec@(1,5) (81.2%, 99.3%)
07/27 10:11:51 AM | Train: [ 8/50] Step 250/390 Loss 0.554 Prec@(1,5) (81.0%, 99.2%)
07/27 10:15:15 AM | Train: [ 8/50] Step 300/390 Loss 0.553 Prec@(1,5) (81.0%, 99.2%)
07/27 10:18:45 AM | Train: [ 8/50] Step 350/390 Loss 0.557 Prec@(1,5) (80.9%, 99.2%)
07/27 10:21:36 AM | Train: [ 8/50] Step 390/390 Loss 0.553 Prec@(1,5) (81.0%, 99.2%)
07/27 10:21:37 AM | Train: [ 8/50] Final Prec@1 80.9680%
07/27 10:21:37 AM | Valid: [ 8/50] Step 000/390 Loss 0.438 Prec@(1,5) (82.8%, 100.0%)
07/27 10:21:47 AM | Valid: [ 8/50] Step 050/390 Loss 0.586 Prec@(1,5) (79.4%, 98.8%)
07/27 10:21:56 AM | Valid: [ 8/50] Step 100/390 Loss 0.583 Prec@(1,5) (79.7%, 98.8%)
07/27 10:22:06 AM | Valid: [ 8/50] Step 150/390 Loss 0.588 Prec@(1,5) (79.6%, 98.8%)
07/27 10:22:17 AM | Valid: [ 8/50] Step 200/390 Loss 0.597 Prec@(1,5) (79.4%, 98.8%)
07/27 10:22:27 AM | Valid: [ 8/50] Step 250/390 Loss 0.605 Prec@(1,5) (79.2%, 98.7%)
07/27 10:22:36 AM | Valid: [ 8/50] Step 300/390 Loss 0.601 Prec@(1,5) (79.4%, 98.7%)
07/27 10:22:46 AM | Valid: [ 8/50] Step 350/390 Loss 0.603 Prec@(1,5) (79.3%, 98.8%)
07/27 10:22:53 AM | Valid: [ 8/50] Step 390/390 Loss 0.602 Prec@(1,5) (79.3%, 98.8%)
07/27 10:22:53 AM | Valid: [ 8/50] Final Prec@1 79.3200%
07/27 10:22:53 AM | genotype = Genotype(normal=[[('sep_conv_3x3', 1), ('sep_conv_5x5', 0)], [('sep_conv_3x3', 0), ('sep_conv_3x3', 1)], [('sep_conv_5x5', 3), ('dil_conv_3x3', 1)], [('sep_conv_3x3', 4), ('sep_conv_3x3', 2)]], normal_concat=range(2, 6), reduce=[[('sep_conv_5x5', 0), ('dil_conv_5x5', 1)], [('max_pool_3x3', 0), ('dil_conv_3x3', 2)], [('sep_conv_5x5', 2), ('max_pool_3x3', 0)], [('dil_conv_5x5', 4), ('sep_conv_3x3', 2)]], reduce_concat=range(2, 6))
####### ALPHA #######
# Alpha - normal
tensor([[0.1366, 0.1013, 0.1184, 0.1342, 0.1370, 0.1310, 0.1187, 0.1227],
        [0.1156, 0.0961, 0.1103, 0.1440, 0.1356, 0.1292, 0.1285, 0.1408]],
       device='cuda:0', grad_fn=<SoftmaxBackward>)
tensor([[0.1363, 0.1004, 0.1139, 0.1400, 0.1338, 0.1306, 0.1212, 0.1237],
        [0.1194, 0.0950, 0.1116, 0.1366, 0.1354, 0.1234, 0.1357, 0.1428],
        [0.1152, 0.0937, 0.1205, 0.1297, 0.1282, 0.1306, 0.1291, 0.1531]],
       device='cuda:0', grad_fn=<SoftmaxBackward>)
tensor([[0.1346, 0.0976, 0.1100, 0.1385, 0.1259, 0.1293, 0.1321, 0.1321],
        [0.1179, 0.0959, 0.1089, 0.1296, 0.1378, 0.1408, 0.1275, 0.1415],
        [0.1122, 0.0930, 0.1112, 0.1294, 0.1365, 0.1304, 0.1398, 0.1474],
        [0.1040, 0.0906, 0.1050, 0.1318, 0.1448, 0.1371, 0.1360, 0.1507]],
       device='cuda:0', grad_fn=<SoftmaxBackward>)
tensor([[0.1312, 0.1024, 0.1116, 0.1339, 0.1330, 0.1214, 0.1285, 0.1380],
        [0.1188, 0.0985, 0.1095, 0.1420, 0.1312, 0.1355, 0.1239, 0.1408],
        [0.1098, 0.0909, 0.1074, 0.1430, 0.1327, 0.1289, 0.1352, 0.1521],
        [0.1063, 0.0919, 0.1063, 0.1250, 0.1372, 0.1299, 0.1356, 0.1678],
        [0.1030, 0.0905, 0.0997, 0.1427, 0.1342, 0.1293, 0.1319, 0.1687]],
       device='cuda:0', grad_fn=<SoftmaxBackward>)

# Alpha - reduce
tensor([[0.1344, 0.1235, 0.1267, 0.1215, 0.1374, 0.1199, 0.1230, 0.1136],
        [0.1228, 0.1162, 0.1239, 0.1137, 0.1279, 0.1239, 0.1332, 0.1384]],
       device='cuda:0', grad_fn=<SoftmaxBackward>)
tensor([[0.1339, 0.1195, 0.1278, 0.1236, 0.1332, 0.1217, 0.1202, 0.1201],
        [0.1258, 0.1167, 0.1178, 0.1242, 0.1308, 0.1261, 0.1247, 0.1339],
        [0.1205, 0.1022, 0.1202, 0.1320, 0.1293, 0.1335, 0.1324, 0.1299]],
       device='cuda:0', grad_fn=<SoftmaxBackward>)
tensor([[0.1353, 0.1221, 0.1190, 0.1268, 0.1313, 0.1214, 0.1293, 0.1147],
        [0.1323, 0.1214, 0.1280, 0.1274, 0.1243, 0.1254, 0.1140, 0.1271],
        [0.1258, 0.1057, 0.1216, 0.1303, 0.1360, 0.1316, 0.1273, 0.1218],
        [0.1228, 0.1067, 0.1221, 0.1326, 0.1289, 0.1328, 0.1282, 0.1260]],
       device='cuda:0', grad_fn=<SoftmaxBackward>)
tensor([[0.1327, 0.1222, 0.1265, 0.1219, 0.1357, 0.1149, 0.1240, 0.1219],
        [0.1301, 0.1211, 0.1226, 0.1226, 0.1252, 0.1236, 0.1234, 0.1312],
        [0.1187, 0.1024, 0.1200, 0.1368, 0.1324, 0.1330, 0.1295, 0.1272],
        [0.1184, 0.1037, 0.1203, 0.1302, 0.1310, 0.1342, 0.1295, 0.1326],
        [0.1142, 0.1036, 0.1167, 0.1340, 0.1319, 0.1286, 0.1437, 0.1273]],
       device='cuda:0', grad_fn=<SoftmaxBackward>)
#####################
07/27 10:22:58 AM | Train: [ 9/50] Step 000/390 Loss 0.381 Prec@(1,5) (84.4%, 100.0%)
07/27 10:26:03 AM | Train: [ 9/50] Step 050/390 Loss 0.469 Prec@(1,5) (83.3%, 99.5%)
07/27 10:29:35 AM | Train: [ 9/50] Step 100/390 Loss 0.504 Prec@(1,5) (82.5%, 99.3%)
07/27 10:33:01 AM | Train: [ 9/50] Step 150/390 Loss 0.502 Prec@(1,5) (82.6%, 99.3%)
07/27 10:36:33 AM | Train: [ 9/50] Step 200/390 Loss 0.505 Prec@(1,5) (82.5%, 99.4%)
07/27 10:40:10 AM | Train: [ 9/50] Step 250/390 Loss 0.506 Prec@(1,5) (82.5%, 99.3%)
07/27 10:43:14 AM | Train: [ 9/50] Step 300/390 Loss 0.502 Prec@(1,5) (82.6%, 99.3%)
07/27 10:46:41 AM | Train: [ 9/50] Step 350/390 Loss 0.500 Prec@(1,5) (82.6%, 99.3%)
07/27 10:49:29 AM | Train: [ 9/50] Step 390/390 Loss 0.506 Prec@(1,5) (82.5%, 99.3%)
07/27 10:49:29 AM | Train: [ 9/50] Final Prec@1 82.4800%
07/27 10:49:30 AM | Valid: [ 9/50] Step 000/390 Loss 0.590 Prec@(1,5) (76.6%, 100.0%)
07/27 10:49:42 AM | Valid: [ 9/50] Step 050/390 Loss 0.603 Prec@(1,5) (79.2%, 98.8%)
07/27 10:49:53 AM | Valid: [ 9/50] Step 100/390 Loss 0.604 Prec@(1,5) (79.2%, 98.8%)
07/27 10:50:04 AM | Valid: [ 9/50] Step 150/390 Loss 0.599 Prec@(1,5) (79.5%, 98.8%)
07/27 10:50:16 AM | Valid: [ 9/50] Step 200/390 Loss 0.606 Prec@(1,5) (79.5%, 98.8%)
07/27 10:50:28 AM | Valid: [ 9/50] Step 250/390 Loss 0.605 Prec@(1,5) (79.6%, 98.8%)
07/27 10:50:39 AM | Valid: [ 9/50] Step 300/390 Loss 0.608 Prec@(1,5) (79.5%, 98.7%)
07/27 10:50:50 AM | Valid: [ 9/50] Step 350/390 Loss 0.603 Prec@(1,5) (79.6%, 98.7%)
07/27 10:50:58 AM | Valid: [ 9/50] Step 390/390 Loss 0.605 Prec@(1,5) (79.6%, 98.8%)
07/27 10:50:58 AM | Valid: [ 9/50] Final Prec@1 79.6080%
07/27 10:50:58 AM | genotype = Genotype(normal=[[('sep_conv_3x3', 1), ('sep_conv_5x5', 0)], [('sep_conv_3x3', 0), ('sep_conv_3x3', 1)], [('sep_conv_5x5', 3), ('dil_conv_3x3', 1)], [('sep_conv_3x3', 4), ('sep_conv_3x3', 2)]], normal_concat=range(2, 6), reduce=[[('sep_conv_5x5', 0), ('dil_conv_5x5', 1)], [('max_pool_3x3', 0), ('dil_conv_3x3', 2)], [('max_pool_3x3', 0), ('sep_conv_5x5', 2)], [('dil_conv_5x5', 4), ('sep_conv_3x3', 2)]], reduce_concat=range(2, 6))
####### ALPHA #######
# Alpha - normal
tensor([[0.1367, 0.0993, 0.1181, 0.1361, 0.1382, 0.1313, 0.1181, 0.1223],
        [0.1135, 0.0932, 0.1081, 0.1469, 0.1373, 0.1280, 0.1299, 0.1431]],
       device='cuda:0', grad_fn=<SoftmaxBackward>)
tensor([[0.1360, 0.0981, 0.1137, 0.1413, 0.1345, 0.1318, 0.1204, 0.1241],
        [0.1166, 0.0920, 0.1103, 0.1378, 0.1367, 0.1232, 0.1370, 0.1464],
        [0.1120, 0.0901, 0.1202, 0.1300, 0.1282, 0.1313, 0.1298, 0.1585]],
       device='cuda:0', grad_fn=<SoftmaxBackward>)
tensor([[0.1347, 0.0954, 0.1090, 0.1403, 0.1259, 0.1292, 0.1323, 0.1330],
        [0.1162, 0.0931, 0.1073, 0.1303, 0.1389, 0.1423, 0.1275, 0.1444],
        [0.1094, 0.0893, 0.1095, 0.1288, 0.1385, 0.1314, 0.1413, 0.1518],
        [0.1010, 0.0868, 0.1021, 0.1324, 0.1455, 0.1383, 0.1367, 0.1573]],
       device='cuda:0', grad_fn=<SoftmaxBackward>)
tensor([[0.1309, 0.1000, 0.1099, 0.1360, 0.1333, 0.1217, 0.1287, 0.1395],
        [0.1171, 0.0959, 0.1078, 0.1447, 0.1318, 0.1341, 0.1248, 0.1438],
        [0.1076, 0.0877, 0.1063, 0.1443, 0.1333, 0.1292, 0.1338, 0.1578],
        [0.1035, 0.0884, 0.1041, 0.1232, 0.1372, 0.1301, 0.1357, 0.1778],
        [0.0996, 0.0864, 0.0964, 0.1445, 0.1326, 0.1298, 0.1324, 0.1783]],
       device='cuda:0', grad_fn=<SoftmaxBackward>)

# Alpha - reduce
tensor([[0.1358, 0.1243, 0.1264, 0.1221, 0.1380, 0.1201, 0.1216, 0.1118],
        [0.1220, 0.1147, 0.1234, 0.1143, 0.1285, 0.1236, 0.1338, 0.1397]],
       device='cuda:0', grad_fn=<SoftmaxBackward>)
tensor([[0.1360, 0.1206, 0.1285, 0.1229, 0.1332, 0.1220, 0.1185, 0.1184],
        [0.1256, 0.1159, 0.1180, 0.1253, 0.1308, 0.1251, 0.1245, 0.1348],
        [0.1202, 0.1011, 0.1214, 0.1320, 0.1295, 0.1340, 0.1315, 0.1305]],
       device='cuda:0', grad_fn=<SoftmaxBackward>)
tensor([[0.1382, 0.1236, 0.1189, 0.1257, 0.1307, 0.1219, 0.1286, 0.1124],
        [0.1321, 0.1200, 0.1295, 0.1273, 0.1245, 0.1253, 0.1130, 0.1284],
        [0.1263, 0.1051, 0.1233, 0.1295, 0.1357, 0.1306, 0.1265, 0.1230],
        [0.1216, 0.1051, 0.1222, 0.1336, 0.1294, 0.1330, 0.1285, 0.1266]],
       device='cuda:0', grad_fn=<SoftmaxBackward>)
tensor([[0.1347, 0.1236, 0.1250, 0.1216, 0.1371, 0.1149, 0.1239, 0.1192],
        [0.1307, 0.1208, 0.1224, 0.1224, 0.1253, 0.1228, 0.1233, 0.1324],
        [0.1178, 0.1012, 0.1214, 0.1385, 0.1320, 0.1333, 0.1282, 0.1277],
        [0.1164, 0.1023, 0.1211, 0.1311, 0.1303, 0.1353, 0.1290, 0.1344],
        [0.1117, 0.1018, 0.1165, 0.1353, 0.1337, 0.1287, 0.1437, 0.1286]],
       device='cuda:0', grad_fn=<SoftmaxBackward>)
#####################
07/27 10:51:03 AM | Train: [10/50] Step 000/390 Loss 0.489 Prec@(1,5) (84.4%, 100.0%)
07/27 10:54:18 AM | Train: [10/50] Step 050/390 Loss 0.456 Prec@(1,5) (84.2%, 99.4%)
07/27 10:57:51 AM | Train: [10/50] Step 100/390 Loss 0.462 Prec@(1,5) (83.8%, 99.4%)
07/27 11:01:08 AM | Train: [10/50] Step 150/390 Loss 0.469 Prec@(1,5) (83.7%, 99.3%)
07/27 11:04:20 AM | Train: [10/50] Step 200/390 Loss 0.470 Prec@(1,5) (83.6%, 99.3%)
07/27 11:07:52 AM | Train: [10/50] Step 250/390 Loss 0.471 Prec@(1,5) (83.5%, 99.4%)
07/27 11:11:12 AM | Train: [10/50] Step 300/390 Loss 0.473 Prec@(1,5) (83.4%, 99.3%)
07/27 11:14:44 AM | Train: [10/50] Step 350/390 Loss 0.475 Prec@(1,5) (83.4%, 99.3%)
07/27 11:17:39 AM | Train: [10/50] Step 390/390 Loss 0.477 Prec@(1,5) (83.2%, 99.3%)
07/27 11:17:39 AM | Train: [10/50] Final Prec@1 83.2200%
07/27 11:17:40 AM | Valid: [10/50] Step 000/390 Loss 0.408 Prec@(1,5) (87.5%, 100.0%)
07/27 11:17:53 AM | Valid: [10/50] Step 050/390 Loss 0.591 Prec@(1,5) (80.3%, 98.7%)
07/27 11:18:06 AM | Valid: [10/50] Step 100/390 Loss 0.553 Prec@(1,5) (81.2%, 98.9%)
07/27 11:18:19 AM | Valid: [10/50] Step 150/390 Loss 0.553 Prec@(1,5) (81.5%, 98.8%)
07/27 11:18:31 AM | Valid: [10/50] Step 200/390 Loss 0.558 Prec@(1,5) (81.4%, 98.8%)
07/27 11:18:40 AM | Valid: [10/50] Step 250/390 Loss 0.556 Prec@(1,5) (81.3%, 98.8%)
07/27 11:18:49 AM | Valid: [10/50] Step 300/390 Loss 0.554 Prec@(1,5) (81.4%, 98.8%)
07/27 11:18:59 AM | Valid: [10/50] Step 350/390 Loss 0.554 Prec@(1,5) (81.4%, 98.8%)
07/27 11:19:06 AM | Valid: [10/50] Step 390/390 Loss 0.555 Prec@(1,5) (81.4%, 98.8%)
07/27 11:19:06 AM | Valid: [10/50] Final Prec@1 81.3600%
07/27 11:19:06 AM | genotype = Genotype(normal=[[('sep_conv_3x3', 1), ('sep_conv_5x5', 0)], [('sep_conv_3x3', 0), ('sep_conv_3x3', 1)], [('sep_conv_5x5', 3), ('dil_conv_3x3', 1)], [('sep_conv_3x3', 4), ('sep_conv_3x3', 2)]], normal_concat=range(2, 6), reduce=[[('sep_conv_5x5', 0), ('dil_conv_5x5', 1)], [('max_pool_3x3', 0), ('dil_conv_3x3', 2)], [('max_pool_3x3', 0), ('max_pool_3x3', 1)], [('dil_conv_5x5', 4), ('sep_conv_3x3', 2)]], reduce_concat=range(2, 6))
####### ALPHA #######
# Alpha - normal
tensor([[0.1366, 0.0978, 0.1192, 0.1375, 0.1388, 0.1306, 0.1177, 0.1218],
        [0.1113, 0.0902, 0.1065, 0.1493, 0.1383, 0.1285, 0.1307, 0.1453]],
       device='cuda:0', grad_fn=<SoftmaxBackward>)
tensor([[0.1354, 0.0960, 0.1139, 0.1438, 0.1352, 0.1318, 0.1192, 0.1247],
        [0.1135, 0.0883, 0.1081, 0.1405, 0.1377, 0.1242, 0.1382, 0.1496],
        [0.1087, 0.0863, 0.1189, 0.1311, 0.1290, 0.1328, 0.1294, 0.1637]],
       device='cuda:0', grad_fn=<SoftmaxBackward>)
tensor([[0.1340, 0.0940, 0.1092, 0.1427, 0.1253, 0.1304, 0.1305, 0.1339],
        [0.1141, 0.0906, 0.1062, 0.1313, 0.1404, 0.1426, 0.1268, 0.1479],
        [0.1065, 0.0865, 0.1085, 0.1285, 0.1399, 0.1322, 0.1412, 0.1567],
        [0.0977, 0.0837, 0.1003, 0.1325, 0.1445, 0.1394, 0.1380, 0.1638]],
       device='cuda:0', grad_fn=<SoftmaxBackward>)
tensor([[0.1305, 0.0982, 0.1093, 0.1376, 0.1330, 0.1204, 0.1282, 0.1428],
        [0.1157, 0.0931, 0.1062, 0.1460, 0.1331, 0.1334, 0.1244, 0.1478],
        [0.1049, 0.0843, 0.1046, 0.1458, 0.1335, 0.1302, 0.1339, 0.1628],
        [0.1000, 0.0845, 0.1015, 0.1223, 0.1368, 0.1309, 0.1355, 0.1884],
        [0.0955, 0.0819, 0.0925, 0.1455, 0.1325, 0.1307, 0.1325, 0.1889]],
       device='cuda:0', grad_fn=<SoftmaxBackward>)

# Alpha - reduce
tensor([[0.1371, 0.1248, 0.1266, 0.1217, 0.1382, 0.1188, 0.1221, 0.1106],
        [0.1237, 0.1156, 0.1234, 0.1135, 0.1267, 0.1230, 0.1335, 0.1406]],
       device='cuda:0', grad_fn=<SoftmaxBackward>)
tensor([[0.1383, 0.1220, 0.1282, 0.1223, 0.1319, 0.1227, 0.1184, 0.1163],
        [0.1282, 0.1174, 0.1162, 0.1247, 0.1311, 0.1244, 0.1241, 0.1338],
        [0.1200, 0.1001, 0.1229, 0.1315, 0.1278, 0.1351, 0.1310, 0.1317]],
       device='cuda:0', grad_fn=<SoftmaxBackward>)
tensor([[0.1407, 0.1248, 0.1192, 0.1251, 0.1299, 0.1219, 0.1269, 0.1114],
        [0.1355, 0.1216, 0.1295, 0.1280, 0.1222, 0.1244, 0.1115, 0.1273],
        [0.1266, 0.1046, 0.1252, 0.1286, 0.1360, 0.1304, 0.1244, 0.1242],
        [0.1218, 0.1042, 0.1233, 0.1333, 0.1294, 0.1334, 0.1272, 0.1274]],
       device='cuda:0', grad_fn=<SoftmaxBackward>)
tensor([[0.1374, 0.1257, 0.1244, 0.1214, 0.1368, 0.1127, 0.1236, 0.1180],
        [0.1343, 0.1238, 0.1219, 0.1209, 0.1238, 0.1229, 0.1212, 0.1313],
        [0.1175, 0.1009, 0.1239, 0.1385, 0.1315, 0.1324, 0.1263, 0.1290],
        [0.1157, 0.1021, 0.1236, 0.1303, 0.1286, 0.1343, 0.1292, 0.1362],
        [0.1106, 0.1010, 0.1179, 0.1347, 0.1328, 0.1299, 0.1422, 0.1308]],
       device='cuda:0', grad_fn=<SoftmaxBackward>)
#####################
07/27 11:19:11 AM | Train: [11/50] Step 000/390 Loss 0.337 Prec@(1,5) (90.6%, 98.4%)
07/27 11:22:16 AM | Train: [11/50] Step 050/390 Loss 0.424 Prec@(1,5) (85.7%, 99.6%)
07/27 11:25:52 AM | Train: [11/50] Step 100/390 Loss 0.426 Prec@(1,5) (85.4%, 99.5%)
07/27 11:29:22 AM | Train: [11/50] Step 150/390 Loss 0.431 Prec@(1,5) (85.2%, 99.5%)
07/27 11:32:46 AM | Train: [11/50] Step 200/390 Loss 0.428 Prec@(1,5) (85.3%, 99.5%)
07/27 11:36:27 AM | Train: [11/50] Step 250/390 Loss 0.434 Prec@(1,5) (85.1%, 99.4%)
07/27 11:39:32 AM | Train: [11/50] Step 300/390 Loss 0.440 Prec@(1,5) (84.7%, 99.4%)
07/27 11:42:55 AM | Train: [11/50] Step 350/390 Loss 0.440 Prec@(1,5) (84.7%, 99.4%)
07/27 11:45:49 AM | Train: [11/50] Step 390/390 Loss 0.441 Prec@(1,5) (84.6%, 99.4%)
07/27 11:45:49 AM | Train: [11/50] Final Prec@1 84.5920%
07/27 11:45:49 AM | Valid: [11/50] Step 000/390 Loss 0.372 Prec@(1,5) (85.9%, 100.0%)
07/27 11:46:01 AM | Valid: [11/50] Step 050/390 Loss 0.608 Prec@(1,5) (79.4%, 99.0%)
07/27 11:46:13 AM | Valid: [11/50] Step 100/390 Loss 0.589 Prec@(1,5) (80.0%, 99.0%)
07/27 11:46:25 AM | Valid: [11/50] Step 150/390 Loss 0.593 Prec@(1,5) (79.7%, 98.9%)
07/27 11:46:37 AM | Valid: [11/50] Step 200/390 Loss 0.592 Prec@(1,5) (79.7%, 98.8%)
07/27 11:46:49 AM | Valid: [11/50] Step 250/390 Loss 0.589 Prec@(1,5) (79.8%, 98.8%)
07/27 11:47:02 AM | Valid: [11/50] Step 300/390 Loss 0.595 Prec@(1,5) (79.8%, 98.8%)
07/27 11:47:13 AM | Valid: [11/50] Step 350/390 Loss 0.593 Prec@(1,5) (79.9%, 98.8%)
07/27 11:47:22 AM | Valid: [11/50] Step 390/390 Loss 0.593 Prec@(1,5) (80.0%, 98.8%)
07/27 11:47:22 AM | Valid: [11/50] Final Prec@1 80.0240%
07/27 11:47:22 AM | genotype = Genotype(normal=[[('sep_conv_3x3', 1), ('sep_conv_3x3', 0)], [('sep_conv_3x3', 0), ('sep_conv_3x3', 1)], [('dil_conv_3x3', 1), ('sep_conv_5x5', 3)], [('sep_conv_3x3', 4), ('sep_conv_3x3', 2)]], normal_concat=range(2, 6), reduce=[[('max_pool_3x3', 0), ('dil_conv_5x5', 1)], [('max_pool_3x3', 0), ('dil_conv_3x3', 2)], [('max_pool_3x3', 0), ('max_pool_3x3', 1)], [('dil_conv_5x5', 4), ('max_pool_3x3', 0)]], reduce_concat=range(2, 6))
####### ALPHA #######
# Alpha - normal
tensor([[0.1350, 0.0957, 0.1187, 0.1396, 0.1390, 0.1314, 0.1175, 0.1230],
        [0.1086, 0.0876, 0.1043, 0.1526, 0.1392, 0.1293, 0.1326, 0.1458]],
       device='cuda:0', grad_fn=<SoftmaxBackward>)
tensor([[0.1341, 0.0942, 0.1141, 0.1457, 0.1352, 0.1330, 0.1181, 0.1256],
        [0.1102, 0.0855, 0.1061, 0.1423, 0.1383, 0.1253, 0.1387, 0.1536],
        [0.1048, 0.0832, 0.1179, 0.1316, 0.1288, 0.1344, 0.1297, 0.1696]],
       device='cuda:0', grad_fn=<SoftmaxBackward>)
tensor([[0.1331, 0.0917, 0.1083, 0.1439, 0.1250, 0.1316, 0.1309, 0.1355],
        [0.1112, 0.0879, 0.1040, 0.1319, 0.1408, 0.1450, 0.1284, 0.1506],
        [0.1032, 0.0836, 0.1067, 0.1294, 0.1421, 0.1329, 0.1420, 0.1602],
        [0.0943, 0.0803, 0.0982, 0.1307, 0.1443, 0.1409, 0.1397, 0.1715]],
       device='cuda:0', grad_fn=<SoftmaxBackward>)
tensor([[0.1289, 0.0960, 0.1082, 0.1382, 0.1328, 0.1208, 0.1292, 0.1459],
        [0.1134, 0.0911, 0.1050, 0.1472, 0.1334, 0.1315, 0.1250, 0.1534],
        [0.1017, 0.0814, 0.1034, 0.1474, 0.1338, 0.1295, 0.1329, 0.1699],
        [0.0960, 0.0810, 0.0987, 0.1208, 0.1388, 0.1304, 0.1350, 0.1993],
        [0.0913, 0.0781, 0.0891, 0.1473, 0.1329, 0.1302, 0.1314, 0.1996]],
       device='cuda:0', grad_fn=<SoftmaxBackward>)

# Alpha - reduce
tensor([[0.1385, 0.1262, 0.1259, 0.1223, 0.1379, 0.1180, 0.1218, 0.1095],
        [0.1240, 0.1155, 0.1231, 0.1142, 0.1270, 0.1217, 0.1336, 0.1408]],
       device='cuda:0', grad_fn=<SoftmaxBackward>)
tensor([[0.1402, 0.1237, 0.1287, 0.1213, 0.1318, 0.1212, 0.1180, 0.1151],
        [0.1293, 0.1178, 0.1151, 0.1240, 0.1321, 0.1237, 0.1247, 0.1332],
        [0.1193, 0.0997, 0.1250, 0.1312, 0.1270, 0.1342, 0.1315, 0.1321]],
       device='cuda:0', grad_fn=<SoftmaxBackward>)
tensor([[0.1426, 0.1265, 0.1193, 0.1236, 0.1288, 0.1223, 0.1268, 0.1101],
        [0.1371, 0.1220, 0.1313, 0.1281, 0.1212, 0.1233, 0.1104, 0.1266],
        [0.1253, 0.1042, 0.1268, 0.1293, 0.1356, 0.1309, 0.1223, 0.1255],
        [0.1209, 0.1031, 0.1237, 0.1333, 0.1298, 0.1332, 0.1269, 0.1291]],
       device='cuda:0', grad_fn=<SoftmaxBackward>)
tensor([[0.1404, 0.1289, 0.1229, 0.1207, 0.1349, 0.1124, 0.1226, 0.1173],
        [0.1356, 0.1247, 0.1203, 0.1195, 0.1240, 0.1238, 0.1212, 0.1310],
        [0.1156, 0.1008, 0.1258, 0.1390, 0.1317, 0.1326, 0.1262, 0.1283],
        [0.1143, 0.1015, 0.1256, 0.1290, 0.1277, 0.1345, 0.1278, 0.1396],
        [0.1080, 0.0997, 0.1182, 0.1354, 0.1332, 0.1293, 0.1443, 0.1319]],
       device='cuda:0', grad_fn=<SoftmaxBackward>)
#####################
07/27 11:47:28 AM | Train: [12/50] Step 000/390 Loss 0.423 Prec@(1,5) (89.1%, 100.0%)
07/27 11:50:49 AM | Train: [12/50] Step 050/390 Loss 0.398 Prec@(1,5) (85.8%, 99.5%)
07/27 11:54:25 AM | Train: [12/50] Step 100/390 Loss 0.413 Prec@(1,5) (85.8%, 99.3%)
07/27 11:57:45 AM | Train: [12/50] Step 150/390 Loss 0.413 Prec@(1,5) (85.7%, 99.3%)
07/27 12:00:51 PM | Train: [12/50] Step 200/390 Loss 0.411 Prec@(1,5) (85.7%, 99.4%)
07/27 12:04:32 PM | Train: [12/50] Step 250/390 Loss 0.411 Prec@(1,5) (85.6%, 99.4%)
07/27 12:07:57 PM | Train: [12/50] Step 300/390 Loss 0.415 Prec@(1,5) (85.5%, 99.4%)
07/27 12:11:30 PM | Train: [12/50] Step 350/390 Loss 0.417 Prec@(1,5) (85.4%, 99.4%)
07/27 12:14:25 PM | Train: [12/50] Step 390/390 Loss 0.415 Prec@(1,5) (85.5%, 99.4%)
07/27 12:14:25 PM | Train: [12/50] Final Prec@1 85.4760%
07/27 12:14:25 PM | Valid: [12/50] Step 000/390 Loss 0.621 Prec@(1,5) (81.2%, 98.4%)
07/27 12:14:37 PM | Valid: [12/50] Step 050/390 Loss 0.542 Prec@(1,5) (81.8%, 99.2%)
07/27 12:14:49 PM | Valid: [12/50] Step 100/390 Loss 0.535 Prec@(1,5) (82.2%, 99.2%)
07/27 12:15:00 PM | Valid: [12/50] Step 150/390 Loss 0.541 Prec@(1,5) (82.0%, 99.0%)
07/27 12:15:11 PM | Valid: [12/50] Step 200/390 Loss 0.543 Prec@(1,5) (81.6%, 99.1%)
07/27 12:15:23 PM | Valid: [12/50] Step 250/390 Loss 0.541 Prec@(1,5) (81.6%, 99.1%)
07/27 12:15:35 PM | Valid: [12/50] Step 300/390 Loss 0.546 Prec@(1,5) (81.6%, 99.0%)
07/27 12:15:45 PM | Valid: [12/50] Step 350/390 Loss 0.549 Prec@(1,5) (81.4%, 99.0%)
07/27 12:15:52 PM | Valid: [12/50] Step 390/390 Loss 0.548 Prec@(1,5) (81.5%, 99.0%)
07/27 12:15:52 PM | Valid: [12/50] Final Prec@1 81.4760%
07/27 12:15:52 PM | genotype = Genotype(normal=[[('sep_conv_3x3', 1), ('sep_conv_3x3', 0)], [('sep_conv_3x3', 0), ('sep_conv_3x3', 1)], [('dil_conv_3x3', 1), ('sep_conv_3x3', 0)], [('sep_conv_3x3', 4), ('sep_conv_3x3', 2)]], normal_concat=range(2, 6), reduce=[[('max_pool_3x3', 0), ('dil_conv_5x5', 1)], [('max_pool_3x3', 0), ('dil_conv_3x3', 2)], [('max_pool_3x3', 0), ('max_pool_3x3', 1)], [('dil_conv_5x5', 4), ('max_pool_3x3', 0)]], reduce_concat=range(2, 6))
####### ALPHA #######
# Alpha - normal
tensor([[0.1336, 0.0938, 0.1180, 0.1427, 0.1402, 0.1324, 0.1170, 0.1223],
        [0.1062, 0.0850, 0.1027, 0.1542, 0.1388, 0.1298, 0.1341, 0.1492]],
       device='cuda:0', grad_fn=<SoftmaxBackward>)
tensor([[0.1327, 0.0924, 0.1140, 0.1494, 0.1345, 0.1341, 0.1174, 0.1255],
        [0.1086, 0.0835, 0.1054, 0.1434, 0.1379, 0.1263, 0.1379, 0.1570],
        [0.1020, 0.0806, 0.1181, 0.1306, 0.1264, 0.1358, 0.1290, 0.1776]],
       device='cuda:0', grad_fn=<SoftmaxBackward>)
tensor([[0.1327, 0.0903, 0.1083, 0.1457, 0.1231, 0.1329, 0.1306, 0.1364],
        [0.1099, 0.0859, 0.1032, 0.1319, 0.1418, 0.1452, 0.1288, 0.1532],
        [0.1009, 0.0812, 0.1062, 0.1283, 0.1415, 0.1343, 0.1420, 0.1655],
        [0.0916, 0.0776, 0.0967, 0.1295, 0.1432, 0.1413, 0.1398, 0.1803]],
       device='cuda:0', grad_fn=<SoftmaxBackward>)
tensor([[0.1277, 0.0941, 0.1078, 0.1390, 0.1312, 0.1213, 0.1301, 0.1488],
        [0.1119, 0.0893, 0.1040, 0.1497, 0.1314, 0.1313, 0.1251, 0.1573],
        [0.0992, 0.0786, 0.1026, 0.1499, 0.1323, 0.1285, 0.1312, 0.1777],
        [0.0924, 0.0774, 0.0958, 0.1196, 0.1371, 0.1303, 0.1351, 0.2123],
        [0.0869, 0.0742, 0.0856, 0.1499, 0.1308, 0.1306, 0.1303, 0.2117]],
       device='cuda:0', grad_fn=<SoftmaxBackward>)

# Alpha - reduce
tensor([[0.1406, 0.1276, 0.1257, 0.1222, 0.1378, 0.1170, 0.1209, 0.1081],
        [0.1232, 0.1146, 0.1247, 0.1140, 0.1270, 0.1214, 0.1338, 0.1413]],
       device='cuda:0', grad_fn=<SoftmaxBackward>)
tensor([[0.1430, 0.1258, 0.1285, 0.1210, 0.1303, 0.1202, 0.1177, 0.1136],
        [0.1288, 0.1172, 0.1148, 0.1234, 0.1323, 0.1248, 0.1250, 0.1336],
        [0.1181, 0.0991, 0.1261, 0.1315, 0.1265, 0.1348, 0.1319, 0.1320]],
       device='cuda:0', grad_fn=<SoftmaxBackward>)
tensor([[0.1462, 0.1291, 0.1173, 0.1234, 0.1281, 0.1208, 0.1254, 0.1098],
        [0.1382, 0.1227, 0.1334, 0.1280, 0.1204, 0.1223, 0.1083, 0.1267],
        [0.1242, 0.1041, 0.1291, 0.1288, 0.1360, 0.1300, 0.1220, 0.1259],
        [0.1196, 0.1024, 0.1240, 0.1330, 0.1300, 0.1346, 0.1274, 0.1289]],
       device='cuda:0', grad_fn=<SoftmaxBackward>)
tensor([[0.1428, 0.1312, 0.1220, 0.1187, 0.1327, 0.1127, 0.1228, 0.1171],
        [0.1365, 0.1255, 0.1199, 0.1199, 0.1232, 0.1244, 0.1203, 0.1305],
        [0.1146, 0.1010, 0.1279, 0.1397, 0.1323, 0.1313, 0.1250, 0.1281],
        [0.1136, 0.1021, 0.1275, 0.1288, 0.1259, 0.1341, 0.1275, 0.1405],
        [0.1065, 0.1000, 0.1198, 0.1351, 0.1325, 0.1276, 0.1440, 0.1345]],
       device='cuda:0', grad_fn=<SoftmaxBackward>)
#####################
07/27 12:15:57 PM | Train: [13/50] Step 000/390 Loss 0.387 Prec@(1,5) (87.5%, 100.0%)
07/27 12:19:00 PM | Train: [13/50] Step 050/390 Loss 0.400 Prec@(1,5) (85.8%, 99.4%)
07/27 12:22:40 PM | Train: [13/50] Step 100/390 Loss 0.394 Prec@(1,5) (86.4%, 99.5%)
07/27 12:26:10 PM | Train: [13/50] Step 150/390 Loss 0.390 Prec@(1,5) (86.4%, 99.5%)
07/27 12:29:34 PM | Train: [13/50] Step 200/390 Loss 0.390 Prec@(1,5) (86.3%, 99.5%)
07/27 12:33:15 PM | Train: [13/50] Step 250/390 Loss 0.386 Prec@(1,5) (86.5%, 99.5%)
07/27 12:36:31 PM | Train: [13/50] Step 300/390 Loss 0.391 Prec@(1,5) (86.5%, 99.5%)
07/27 12:40:07 PM | Train: [13/50] Step 350/390 Loss 0.389 Prec@(1,5) (86.4%, 99.5%)
07/27 12:43:01 PM | Train: [13/50] Step 390/390 Loss 0.389 Prec@(1,5) (86.5%, 99.5%)
07/27 12:43:01 PM | Train: [13/50] Final Prec@1 86.4920%
07/27 12:43:02 PM | Valid: [13/50] Step 000/390 Loss 0.402 Prec@(1,5) (87.5%, 100.0%)
07/27 12:43:14 PM | Valid: [13/50] Step 050/390 Loss 0.580 Prec@(1,5) (81.0%, 98.8%)
07/27 12:43:26 PM | Valid: [13/50] Step 100/390 Loss 0.580 Prec@(1,5) (81.1%, 98.7%)
07/27 12:43:37 PM | Valid: [13/50] Step 150/390 Loss 0.585 Prec@(1,5) (80.8%, 98.7%)
07/27 12:43:50 PM | Valid: [13/50] Step 200/390 Loss 0.583 Prec@(1,5) (80.9%, 98.8%)
07/27 12:44:02 PM | Valid: [13/50] Step 250/390 Loss 0.587 Prec@(1,5) (80.7%, 98.8%)
07/27 12:44:13 PM | Valid: [13/50] Step 300/390 Loss 0.586 Prec@(1,5) (80.8%, 98.8%)
07/27 12:44:23 PM | Valid: [13/50] Step 350/390 Loss 0.585 Prec@(1,5) (80.7%, 98.9%)
07/27 12:44:31 PM | Valid: [13/50] Step 390/390 Loss 0.581 Prec@(1,5) (80.9%, 98.9%)
07/27 12:44:31 PM | Valid: [13/50] Final Prec@1 80.9120%
07/27 12:44:31 PM | genotype = Genotype(normal=[[('sep_conv_3x3', 1), ('sep_conv_3x3', 0)], [('sep_conv_3x3', 0), ('sep_conv_3x3', 1)], [('sep_conv_3x3', 0), ('dil_conv_3x3', 1)], [('sep_conv_3x3', 4), ('sep_conv_3x3', 2)]], normal_concat=range(2, 6), reduce=[[('max_pool_3x3', 0), ('dil_conv_5x5', 1)], [('max_pool_3x3', 0), ('dil_conv_3x3', 2)], [('max_pool_3x3', 0), ('max_pool_3x3', 1)], [('max_pool_3x3', 0), ('dil_conv_5x5', 4)]], reduce_concat=range(2, 6))
####### ALPHA #######
# Alpha - normal
tensor([[0.1324, 0.0922, 0.1180, 0.1452, 0.1416, 0.1329, 0.1156, 0.1221],
        [0.1045, 0.0828, 0.1022, 0.1555, 0.1395, 0.1290, 0.1347, 0.1519]],
       device='cuda:0', grad_fn=<SoftmaxBackward>)
tensor([[0.1316, 0.0905, 0.1137, 0.1529, 0.1341, 0.1340, 0.1162, 0.1270],
        [0.1066, 0.0809, 0.1043, 0.1455, 0.1376, 0.1269, 0.1376, 0.1605],
        [0.0985, 0.0773, 0.1177, 0.1278, 0.1257, 0.1370, 0.1302, 0.1858]],
       device='cuda:0', grad_fn=<SoftmaxBackward>)
tensor([[0.1305, 0.0884, 0.1074, 0.1483, 0.1222, 0.1345, 0.1313, 0.1374],
        [0.1074, 0.0837, 0.1023, 0.1324, 0.1424, 0.1458, 0.1303, 0.1557],
        [0.0970, 0.0782, 0.1046, 0.1274, 0.1422, 0.1358, 0.1436, 0.1712],
        [0.0875, 0.0740, 0.0942, 0.1292, 0.1414, 0.1421, 0.1408, 0.1908]],
       device='cuda:0', grad_fn=<SoftmaxBackward>)
tensor([[0.1257, 0.0915, 0.1064, 0.1409, 0.1312, 0.1214, 0.1307, 0.1522],
        [0.1104, 0.0872, 0.1033, 0.1521, 0.1301, 0.1296, 0.1248, 0.1625],
        [0.0954, 0.0753, 0.1012, 0.1526, 0.1313, 0.1282, 0.1303, 0.1856],
        [0.0881, 0.0731, 0.0923, 0.1179, 0.1370, 0.1299, 0.1355, 0.2262],
        [0.0826, 0.0702, 0.0822, 0.1498, 0.1286, 0.1298, 0.1309, 0.2259]],
       device='cuda:0', grad_fn=<SoftmaxBackward>)

# Alpha - reduce
tensor([[0.1424, 0.1298, 0.1249, 0.1212, 0.1388, 0.1155, 0.1212, 0.1063],
        [0.1222, 0.1131, 0.1250, 0.1145, 0.1270, 0.1206, 0.1348, 0.1429]],
       device='cuda:0', grad_fn=<SoftmaxBackward>)
tensor([[0.1449, 0.1275, 0.1290, 0.1221, 0.1296, 0.1196, 0.1167, 0.1106],
        [0.1288, 0.1163, 0.1139, 0.1230, 0.1341, 0.1258, 0.1256, 0.1324],
        [0.1167, 0.0983, 0.1290, 0.1319, 0.1245, 0.1339, 0.1302, 0.1353]],
       device='cuda:0', grad_fn=<SoftmaxBackward>)
tensor([[0.1475, 0.1308, 0.1167, 0.1229, 0.1284, 0.1218, 0.1246, 0.1072],
        [0.1393, 0.1231, 0.1349, 0.1284, 0.1197, 0.1203, 0.1070, 0.1271],
        [0.1223, 0.1033, 0.1305, 0.1297, 0.1363, 0.1298, 0.1214, 0.1267],
        [0.1185, 0.1019, 0.1252, 0.1336, 0.1293, 0.1341, 0.1268, 0.1306]],
       device='cuda:0', grad_fn=<SoftmaxBackward>)
tensor([[0.1455, 0.1351, 0.1211, 0.1170, 0.1315, 0.1121, 0.1224, 0.1154],
        [0.1372, 0.1259, 0.1199, 0.1185, 0.1233, 0.1258, 0.1195, 0.1300],
        [0.1128, 0.1005, 0.1303, 0.1394, 0.1328, 0.1310, 0.1238, 0.1294],
        [0.1120, 0.1016, 0.1295, 0.1290, 0.1241, 0.1340, 0.1267, 0.1432],
        [0.1043, 0.0995, 0.1209, 0.1336, 0.1330, 0.1281, 0.1439, 0.1365]],
       device='cuda:0', grad_fn=<SoftmaxBackward>)
#####################
07/27 12:44:36 PM | Train: [14/50] Step 000/390 Loss 0.483 Prec@(1,5) (85.9%, 98.4%)
07/27 12:47:53 PM | Train: [14/50] Step 050/390 Loss 0.351 Prec@(1,5) (87.8%, 99.8%)
07/27 12:51:29 PM | Train: [14/50] Step 100/390 Loss 0.343 Prec@(1,5) (87.8%, 99.8%)
07/27 12:54:42 PM | Train: [14/50] Step 150/390 Loss 0.354 Prec@(1,5) (87.5%, 99.7%)
07/27 12:58:04 PM | Train: [14/50] Step 200/390 Loss 0.356 Prec@(1,5) (87.5%, 99.7%)
07/27 01:01:46 PM | Train: [14/50] Step 250/390 Loss 0.355 Prec@(1,5) (87.6%, 99.7%)
07/27 01:04:58 PM | Train: [14/50] Step 300/390 Loss 0.355 Prec@(1,5) (87.5%, 99.7%)
07/27 01:08:33 PM | Train: [14/50] Step 350/390 Loss 0.361 Prec@(1,5) (87.4%, 99.7%)
07/27 01:11:28 PM | Train: [14/50] Step 390/390 Loss 0.364 Prec@(1,5) (87.3%, 99.7%)
07/27 01:11:28 PM | Train: [14/50] Final Prec@1 87.2520%
07/27 01:11:29 PM | Valid: [14/50] Step 000/390 Loss 0.447 Prec@(1,5) (84.4%, 100.0%)
07/27 01:11:41 PM | Valid: [14/50] Step 050/390 Loss 0.555 Prec@(1,5) (81.8%, 99.2%)
07/27 01:11:52 PM | Valid: [14/50] Step 100/390 Loss 0.552 Prec@(1,5) (81.7%, 99.1%)
07/27 01:12:03 PM | Valid: [14/50] Step 150/390 Loss 0.564 Prec@(1,5) (81.1%, 99.1%)
07/27 01:12:12 PM | Valid: [14/50] Step 200/390 Loss 0.566 Prec@(1,5) (81.1%, 99.1%)
07/27 01:12:21 PM | Valid: [14/50] Step 250/390 Loss 0.571 Prec@(1,5) (81.1%, 99.1%)
07/27 01:12:30 PM | Valid: [14/50] Step 300/390 Loss 0.567 Prec@(1,5) (81.2%, 99.0%)
07/27 01:12:40 PM | Valid: [14/50] Step 350/390 Loss 0.569 Prec@(1,5) (81.2%, 99.0%)
07/27 01:12:47 PM | Valid: [14/50] Step 390/390 Loss 0.570 Prec@(1,5) (81.3%, 99.0%)
07/27 01:12:47 PM | Valid: [14/50] Final Prec@1 81.2880%
07/27 01:12:47 PM | genotype = Genotype(normal=[[('sep_conv_3x3', 1), ('sep_conv_3x3', 0)], [('sep_conv_3x3', 0), ('sep_conv_3x3', 1)], [('sep_conv_3x3', 0), ('dil_conv_3x3', 1)], [('sep_conv_3x3', 4), ('sep_conv_3x3', 2)]], normal_concat=range(2, 6), reduce=[[('max_pool_3x3', 0), ('dil_conv_5x5', 1)], [('max_pool_3x3', 0), ('dil_conv_3x3', 2)], [('max_pool_3x3', 0), ('max_pool_3x3', 1)], [('max_pool_3x3', 0), ('dil_conv_5x5', 4)]], reduce_concat=range(2, 6))
####### ALPHA #######
# Alpha - normal
tensor([[0.1320, 0.0912, 0.1191, 0.1446, 0.1440, 0.1338, 0.1150, 0.1202],
        [0.1021, 0.0806, 0.1015, 0.1565, 0.1414, 0.1288, 0.1332, 0.1560]],
       device='cuda:0', grad_fn=<SoftmaxBackward>)
tensor([[0.1313, 0.0892, 0.1149, 0.1558, 0.1333, 0.1330, 0.1160, 0.1265],
        [0.1032, 0.0779, 0.1025, 0.1478, 0.1360, 0.1275, 0.1380, 0.1671],
        [0.0952, 0.0743, 0.1170, 0.1257, 0.1248, 0.1383, 0.1307, 0.1939]],
       device='cuda:0', grad_fn=<SoftmaxBackward>)
tensor([[0.1305, 0.0872, 0.1081, 0.1501, 0.1220, 0.1341, 0.1295, 0.1385],
        [0.1055, 0.0816, 0.1019, 0.1320, 0.1410, 0.1457, 0.1322, 0.1601],
        [0.0938, 0.0750, 0.1034, 0.1263, 0.1421, 0.1382, 0.1438, 0.1773],
        [0.0846, 0.0709, 0.0928, 0.1273, 0.1395, 0.1419, 0.1392, 0.2038]],
       device='cuda:0', grad_fn=<SoftmaxBackward>)
tensor([[0.1249, 0.0898, 0.1059, 0.1429, 0.1293, 0.1210, 0.1311, 0.1551],
        [0.1090, 0.0853, 0.1026, 0.1526, 0.1280, 0.1296, 0.1243, 0.1686],
        [0.0931, 0.0726, 0.1005, 0.1524, 0.1294, 0.1272, 0.1299, 0.1950],
        [0.0848, 0.0695, 0.0895, 0.1160, 0.1340, 0.1285, 0.1359, 0.2417],
        [0.0789, 0.0664, 0.0788, 0.1488, 0.1242, 0.1292, 0.1304, 0.2432]],
       device='cuda:0', grad_fn=<SoftmaxBackward>)

# Alpha - reduce
tensor([[0.1427, 0.1304, 0.1251, 0.1214, 0.1399, 0.1146, 0.1201, 0.1058],
        [0.1233, 0.1136, 0.1251, 0.1141, 0.1262, 0.1197, 0.1355, 0.1426]],
       device='cuda:0', grad_fn=<SoftmaxBackward>)
tensor([[0.1472, 0.1296, 0.1276, 0.1201, 0.1307, 0.1196, 0.1160, 0.1092],
        [0.1324, 0.1190, 0.1125, 0.1213, 0.1322, 0.1257, 0.1244, 0.1326],
        [0.1159, 0.0974, 0.1309, 0.1323, 0.1236, 0.1329, 0.1308, 0.1361]],
       device='cuda:0', grad_fn=<SoftmaxBackward>)
tensor([[0.1485, 0.1315, 0.1170, 0.1226, 0.1282, 0.1215, 0.1243, 0.1064],
        [0.1420, 0.1238, 0.1373, 0.1288, 0.1180, 0.1194, 0.1060, 0.1249],
        [0.1212, 0.1016, 0.1309, 0.1285, 0.1370, 0.1317, 0.1224, 0.1267],
        [0.1161, 0.0994, 0.1251, 0.1328, 0.1300, 0.1350, 0.1283, 0.1333]],
       device='cuda:0', grad_fn=<SoftmaxBackward>)
tensor([[0.1456, 0.1361, 0.1207, 0.1178, 0.1308, 0.1112, 0.1237, 0.1141],
        [0.1393, 0.1270, 0.1199, 0.1168, 0.1215, 0.1267, 0.1201, 0.1287],
        [0.1114, 0.0990, 0.1317, 0.1370, 0.1347, 0.1322, 0.1234, 0.1306],
        [0.1096, 0.0996, 0.1299, 0.1282, 0.1245, 0.1349, 0.1268, 0.1466],
        [0.1019, 0.0978, 0.1213, 0.1343, 0.1333, 0.1274, 0.1446, 0.1396]],
       device='cuda:0', grad_fn=<SoftmaxBackward>)
#####################
07/27 01:12:52 PM | Train: [15/50] Step 000/390 Loss 0.209 Prec@(1,5) (92.2%, 100.0%)
07/27 01:15:58 PM | Train: [15/50] Step 050/390 Loss 0.326 Prec@(1,5) (88.4%, 99.6%)
07/27 01:20:01 PM | Train: [15/50] Step 100/390 Loss 0.318 Prec@(1,5) (89.0%, 99.7%)
07/27 01:23:21 PM | Train: [15/50] Step 150/390 Loss 0.322 Prec@(1,5) (88.9%, 99.7%)
07/27 01:26:52 PM | Train: [15/50] Step 200/390 Loss 0.328 Prec@(1,5) (88.6%, 99.7%)
07/27 01:30:36 PM | Train: [15/50] Step 250/390 Loss 0.332 Prec@(1,5) (88.4%, 99.7%)
07/27 01:33:34 PM | Train: [15/50] Step 300/390 Loss 0.336 Prec@(1,5) (88.3%, 99.7%)
07/27 01:37:10 PM | Train: [15/50] Step 350/390 Loss 0.337 Prec@(1,5) (88.3%, 99.7%)
07/27 01:40:05 PM | Train: [15/50] Step 390/390 Loss 0.335 Prec@(1,5) (88.3%, 99.7%)
07/27 01:40:05 PM | Train: [15/50] Final Prec@1 88.3120%
07/27 01:40:06 PM | Valid: [15/50] Step 000/390 Loss 0.277 Prec@(1,5) (85.9%, 100.0%)
07/27 01:40:17 PM | Valid: [15/50] Step 050/390 Loss 0.515 Prec@(1,5) (83.1%, 98.9%)
07/27 01:40:26 PM | Valid: [15/50] Step 100/390 Loss 0.526 Prec@(1,5) (82.6%, 98.9%)
07/27 01:40:36 PM | Valid: [15/50] Step 150/390 Loss 0.524 Prec@(1,5) (82.6%, 99.0%)
07/27 01:40:46 PM | Valid: [15/50] Step 200/390 Loss 0.525 Prec@(1,5) (82.8%, 99.0%)
07/27 01:40:55 PM | Valid: [15/50] Step 250/390 Loss 0.524 Prec@(1,5) (82.9%, 99.0%)
07/27 01:41:05 PM | Valid: [15/50] Step 300/390 Loss 0.520 Prec@(1,5) (83.0%, 99.0%)
07/27 01:41:15 PM | Valid: [15/50] Step 350/390 Loss 0.517 Prec@(1,5) (83.0%, 99.0%)
07/27 01:41:22 PM | Valid: [15/50] Step 390/390 Loss 0.517 Prec@(1,5) (83.0%, 99.0%)
07/27 01:41:22 PM | Valid: [15/50] Final Prec@1 83.0280%
07/27 01:41:22 PM | genotype = Genotype(normal=[[('sep_conv_3x3', 1), ('sep_conv_3x3', 0)], [('sep_conv_3x3', 0), ('sep_conv_3x3', 1)], [('sep_conv_3x3', 0), ('dil_conv_3x3', 1)], [('sep_conv_3x3', 4), ('sep_conv_3x3', 2)]], normal_concat=range(2, 6), reduce=[[('max_pool_3x3', 0), ('dil_conv_5x5', 1)], [('max_pool_3x3', 0), ('dil_conv_3x3', 2)], [('max_pool_3x3', 0), ('max_pool_3x3', 1)], [('max_pool_3x3', 0), ('dil_conv_5x5', 4)]], reduce_concat=range(2, 6))
####### ALPHA #######
# Alpha - normal
tensor([[0.1302, 0.0897, 0.1195, 0.1469, 0.1432, 0.1352, 0.1145, 0.1207],
        [0.0985, 0.0777, 0.0994, 0.1568, 0.1443, 0.1289, 0.1353, 0.1592]],
       device='cuda:0', grad_fn=<SoftmaxBackward>)
tensor([[0.1290, 0.0873, 0.1145, 0.1596, 0.1326, 0.1347, 0.1152, 0.1270],
        [0.0989, 0.0746, 0.0996, 0.1509, 0.1368, 0.1282, 0.1384, 0.1726],
        [0.0916, 0.0714, 0.1160, 0.1240, 0.1237, 0.1390, 0.1320, 0.2023]],
       device='cuda:0', grad_fn=<SoftmaxBackward>)
tensor([[0.1303, 0.0856, 0.1086, 0.1538, 0.1208, 0.1336, 0.1276, 0.1396],
        [0.1035, 0.0794, 0.1008, 0.1314, 0.1409, 0.1473, 0.1330, 0.1638],
        [0.0911, 0.0724, 0.1026, 0.1241, 0.1420, 0.1404, 0.1438, 0.1836],
        [0.0820, 0.0682, 0.0916, 0.1264, 0.1366, 0.1420, 0.1388, 0.2143]],
       device='cuda:0', grad_fn=<SoftmaxBackward>)
tensor([[0.1233, 0.0882, 0.1056, 0.1419, 0.1289, 0.1215, 0.1304, 0.1602],
        [0.1058, 0.0827, 0.1007, 0.1532, 0.1264, 0.1301, 0.1247, 0.1764],
        [0.0897, 0.0694, 0.0988, 0.1534, 0.1277, 0.1272, 0.1293, 0.2044],
        [0.0815, 0.0663, 0.0870, 0.1136, 0.1316, 0.1269, 0.1351, 0.2580],
        [0.0749, 0.0625, 0.0749, 0.1490, 0.1210, 0.1274, 0.1304, 0.2599]],
       device='cuda:0', grad_fn=<SoftmaxBackward>)

# Alpha - reduce
tensor([[0.1445, 0.1311, 0.1264, 0.1215, 0.1395, 0.1147, 0.1177, 0.1045],
        [0.1247, 0.1141, 0.1252, 0.1136, 0.1248, 0.1182, 0.1361, 0.1432]],
       device='cuda:0', grad_fn=<SoftmaxBackward>)
tensor([[0.1489, 0.1304, 0.1274, 0.1206, 0.1300, 0.1191, 0.1163, 0.1074],
        [0.1334, 0.1189, 0.1108, 0.1219, 0.1318, 0.1270, 0.1243, 0.1318],
        [0.1148, 0.0964, 0.1319, 0.1329, 0.1231, 0.1331, 0.1302, 0.1377]],
       device='cuda:0', grad_fn=<SoftmaxBackward>)
tensor([[0.1506, 0.1331, 0.1161, 0.1218, 0.1267, 0.1229, 0.1243, 0.1045],
        [0.1440, 0.1244, 0.1394, 0.1290, 0.1169, 0.1176, 0.1044, 0.1243],
        [0.1199, 0.1011, 0.1325, 0.1274, 0.1371, 0.1318, 0.1220, 0.1281],
        [0.1155, 0.0996, 0.1276, 0.1324, 0.1282, 0.1328, 0.1286, 0.1352]],
       device='cuda:0', grad_fn=<SoftmaxBackward>)
tensor([[0.1486, 0.1389, 0.1206, 0.1175, 0.1285, 0.1105, 0.1230, 0.1123],
        [0.1420, 0.1288, 0.1191, 0.1153, 0.1207, 0.1273, 0.1181, 0.1286],
        [0.1108, 0.0993, 0.1348, 0.1360, 0.1348, 0.1310, 0.1210, 0.1323],
        [0.1084, 0.0999, 0.1324, 0.1273, 0.1230, 0.1351, 0.1261, 0.1479],
        [0.1006, 0.0977, 0.1229, 0.1331, 0.1339, 0.1257, 0.1442, 0.1419]],
       device='cuda:0', grad_fn=<SoftmaxBackward>)
#####################
07/27 01:41:27 PM | Train: [16/50] Step 000/390 Loss 0.258 Prec@(1,5) (95.3%, 100.0%)
07/27 01:44:55 PM | Train: [16/50] Step 050/390 Loss 0.296 Prec@(1,5) (89.9%, 99.8%)
07/27 01:48:31 PM | Train: [16/50] Step 100/390 Loss 0.314 Prec@(1,5) (89.3%, 99.8%)
07/27 01:51:37 PM | Train: [16/50] Step 150/390 Loss 0.315 Prec@(1,5) (89.4%, 99.7%)
07/27 01:55:12 PM | Train: [16/50] Step 200/390 Loss 0.312 Prec@(1,5) (89.4%, 99.7%)
07/27 01:58:48 PM | Train: [16/50] Step 250/390 Loss 0.313 Prec@(1,5) (89.3%, 99.7%)
07/27 02:01:45 PM | Train: [16/50] Step 300/390 Loss 0.315 Prec@(1,5) (89.2%, 99.7%)
07/27 02:05:20 PM | Train: [16/50] Step 350/390 Loss 0.319 Prec@(1,5) (89.1%, 99.7%)
07/27 02:08:22 PM | Train: [16/50] Step 390/390 Loss 0.321 Prec@(1,5) (89.0%, 99.7%)
07/27 02:08:22 PM | Train: [16/50] Final Prec@1 88.9640%
07/27 02:08:23 PM | Valid: [16/50] Step 000/390 Loss 0.539 Prec@(1,5) (84.4%, 98.4%)
07/27 02:08:34 PM | Valid: [16/50] Step 050/390 Loss 0.535 Prec@(1,5) (82.5%, 99.1%)
07/27 02:08:44 PM | Valid: [16/50] Step 100/390 Loss 0.544 Prec@(1,5) (82.0%, 99.1%)
07/27 02:08:53 PM | Valid: [16/50] Step 150/390 Loss 0.530 Prec@(1,5) (82.7%, 99.2%)
07/27 02:09:03 PM | Valid: [16/50] Step 200/390 Loss 0.531 Prec@(1,5) (82.6%, 99.2%)
07/27 02:09:12 PM | Valid: [16/50] Step 250/390 Loss 0.531 Prec@(1,5) (82.5%, 99.2%)
07/27 02:09:22 PM | Valid: [16/50] Step 300/390 Loss 0.530 Prec@(1,5) (82.5%, 99.1%)
07/27 02:09:32 PM | Valid: [16/50] Step 350/390 Loss 0.528 Prec@(1,5) (82.5%, 99.2%)
07/27 02:09:39 PM | Valid: [16/50] Step 390/390 Loss 0.527 Prec@(1,5) (82.5%, 99.2%)
07/27 02:09:39 PM | Valid: [16/50] Final Prec@1 82.4800%
07/27 02:09:39 PM | genotype = Genotype(normal=[[('sep_conv_3x3', 1), ('sep_conv_3x3', 0)], [('sep_conv_3x3', 0), ('sep_conv_3x3', 1)], [('sep_conv_3x3', 0), ('dil_conv_3x3', 1)], [('sep_conv_3x3', 4), ('sep_conv_3x3', 2)]], normal_concat=range(2, 6), reduce=[[('max_pool_3x3', 0), ('dil_conv_5x5', 1)], [('max_pool_3x3', 0), ('max_pool_3x3', 1)], [('max_pool_3x3', 0), ('max_pool_3x3', 1)], [('max_pool_3x3', 0), ('max_pool_3x3', 1)]], reduce_concat=range(2, 6))
####### ALPHA #######
# Alpha - normal
tensor([[0.1290, 0.0887, 0.1208, 0.1482, 0.1441, 0.1363, 0.1134, 0.1195],
        [0.0970, 0.0762, 0.0990, 0.1559, 0.1454, 0.1277, 0.1353, 0.1636]],
       device='cuda:0', grad_fn=<SoftmaxBackward>)
tensor([[0.1279, 0.0857, 0.1149, 0.1627, 0.1323, 0.1352, 0.1145, 0.1268],
        [0.0970, 0.0728, 0.0988, 0.1514, 0.1364, 0.1274, 0.1389, 0.1774],
        [0.0886, 0.0687, 0.1151, 0.1236, 0.1221, 0.1374, 0.1326, 0.2118]],
       device='cuda:0', grad_fn=<SoftmaxBackward>)
tensor([[0.1292, 0.0840, 0.1087, 0.1572, 0.1210, 0.1324, 0.1276, 0.1399],
        [0.1023, 0.0779, 0.1000, 0.1309, 0.1399, 0.1489, 0.1325, 0.1677],
        [0.0888, 0.0702, 0.1019, 0.1239, 0.1417, 0.1394, 0.1429, 0.1912],
        [0.0795, 0.0658, 0.0902, 0.1247, 0.1343, 0.1423, 0.1388, 0.2245]],
       device='cuda:0', grad_fn=<SoftmaxBackward>)
tensor([[0.1219, 0.0863, 0.1052, 0.1431, 0.1281, 0.1219, 0.1300, 0.1634],
        [0.1047, 0.0807, 0.0999, 0.1541, 0.1249, 0.1295, 0.1231, 0.1832],
        [0.0870, 0.0666, 0.0978, 0.1519, 0.1256, 0.1263, 0.1297, 0.2151],
        [0.0780, 0.0629, 0.0838, 0.1118, 0.1292, 0.1267, 0.1336, 0.2739],
        [0.0716, 0.0593, 0.0719, 0.1477, 0.1178, 0.1261, 0.1295, 0.2761]],
       device='cuda:0', grad_fn=<SoftmaxBackward>)

# Alpha - reduce
tensor([[0.1461, 0.1326, 0.1267, 0.1210, 0.1384, 0.1139, 0.1176, 0.1036],
        [0.1261, 0.1148, 0.1252, 0.1130, 0.1239, 0.1181, 0.1356, 0.1434]],
       device='cuda:0', grad_fn=<SoftmaxBackward>)
tensor([[0.1519, 0.1322, 0.1258, 0.1201, 0.1287, 0.1188, 0.1163, 0.1062],
        [0.1355, 0.1200, 0.1094, 0.1211, 0.1323, 0.1266, 0.1234, 0.1317],
        [0.1138, 0.0955, 0.1337, 0.1325, 0.1218, 0.1332, 0.1297, 0.1397]],
       device='cuda:0', grad_fn=<SoftmaxBackward>)
tensor([[0.1534, 0.1349, 0.1156, 0.1215, 0.1260, 0.1231, 0.1226, 0.1028],
        [0.1474, 0.1266, 0.1390, 0.1307, 0.1153, 0.1159, 0.1021, 0.1231],
        [0.1193, 0.1004, 0.1336, 0.1285, 0.1378, 0.1315, 0.1214, 0.1276],
        [0.1150, 0.0986, 0.1284, 0.1328, 0.1271, 0.1328, 0.1278, 0.1375]],
       device='cuda:0', grad_fn=<SoftmaxBackward>)
tensor([[0.1507, 0.1403, 0.1205, 0.1144, 0.1289, 0.1113, 0.1229, 0.1109],
        [0.1449, 0.1310, 0.1187, 0.1145, 0.1206, 0.1264, 0.1161, 0.1279],
        [0.1102, 0.0989, 0.1375, 0.1348, 0.1342, 0.1296, 0.1211, 0.1337],
        [0.1073, 0.0990, 0.1334, 0.1275, 0.1221, 0.1343, 0.1265, 0.1499],
        [0.0994, 0.0969, 0.1240, 0.1338, 0.1320, 0.1264, 0.1436, 0.1439]],
       device='cuda:0', grad_fn=<SoftmaxBackward>)
#####################
07/27 02:09:44 PM | Train: [17/50] Step 000/390 Loss 0.258 Prec@(1,5) (92.2%, 100.0%)
07/27 02:13:04 PM | Train: [17/50] Step 050/390 Loss 0.280 Prec@(1,5) (90.2%, 99.9%)
07/27 02:16:45 PM | Train: [17/50] Step 100/390 Loss 0.269 Prec@(1,5) (90.5%, 99.9%)
07/27 02:19:51 PM | Train: [17/50] Step 150/390 Loss 0.281 Prec@(1,5) (89.9%, 99.8%)
07/27 02:23:19 PM | Train: [17/50] Step 200/390 Loss 0.279 Prec@(1,5) (90.0%, 99.8%)
07/27 02:27:00 PM | Train: [17/50] Step 250/390 Loss 0.292 Prec@(1,5) (89.6%, 99.8%)
07/27 02:30:10 PM | Train: [17/50] Step 300/390 Loss 0.295 Prec@(1,5) (89.6%, 99.8%)
07/27 02:34:53 PM | Train: [17/50] Step 350/390 Loss 0.297 Prec@(1,5) (89.5%, 99.8%)
07/27 02:38:25 PM | Train: [17/50] Step 390/390 Loss 0.301 Prec@(1,5) (89.4%, 99.8%)
07/27 02:38:26 PM | Train: [17/50] Final Prec@1 89.4240%
07/27 02:38:26 PM | Valid: [17/50] Step 000/390 Loss 0.369 Prec@(1,5) (89.1%, 98.4%)
07/27 02:38:39 PM | Valid: [17/50] Step 050/390 Loss 0.531 Prec@(1,5) (82.8%, 99.1%)
07/27 02:38:50 PM | Valid: [17/50] Step 100/390 Loss 0.527 Prec@(1,5) (83.1%, 99.1%)
07/27 02:39:03 PM | Valid: [17/50] Step 150/390 Loss 0.518 Prec@(1,5) (83.2%, 99.1%)
07/27 02:39:15 PM | Valid: [17/50] Step 200/390 Loss 0.521 Prec@(1,5) (83.0%, 99.1%)
07/27 02:39:27 PM | Valid: [17/50] Step 250/390 Loss 0.517 Prec@(1,5) (83.1%, 99.2%)
07/27 02:39:39 PM | Valid: [17/50] Step 300/390 Loss 0.516 Prec@(1,5) (83.2%, 99.2%)
07/27 02:39:55 PM | Valid: [17/50] Step 350/390 Loss 0.514 Prec@(1,5) (83.3%, 99.1%)
07/27 02:40:06 PM | Valid: [17/50] Step 390/390 Loss 0.511 Prec@(1,5) (83.4%, 99.2%)
07/27 02:40:06 PM | Valid: [17/50] Final Prec@1 83.4280%
07/27 02:40:06 PM | genotype = Genotype(normal=[[('sep_conv_3x3', 1), ('sep_conv_3x3', 0)], [('sep_conv_3x3', 0), ('sep_conv_3x3', 1)], [('sep_conv_3x3', 0), ('dil_conv_3x3', 1)], [('sep_conv_3x3', 4), ('sep_conv_3x3', 1)]], normal_concat=range(2, 6), reduce=[[('max_pool_3x3', 0), ('dil_conv_5x5', 1)], [('max_pool_3x3', 0), ('skip_connect', 2)], [('max_pool_3x3', 0), ('max_pool_3x3', 1)], [('max_pool_3x3', 0), ('max_pool_3x3', 1)]], reduce_concat=range(2, 6))
####### ALPHA #######
# Alpha - normal
tensor([[0.1269, 0.0867, 0.1209, 0.1517, 0.1446, 0.1361, 0.1132, 0.1198],
        [0.0944, 0.0740, 0.0975, 0.1574, 0.1472, 0.1272, 0.1361, 0.1664]],
       device='cuda:0', grad_fn=<SoftmaxBackward>)
tensor([[0.1255, 0.0837, 0.1149, 0.1651, 0.1320, 0.1365, 0.1147, 0.1276],
        [0.0933, 0.0700, 0.0966, 0.1525, 0.1359, 0.1286, 0.1384, 0.1847],
        [0.0851, 0.0661, 0.1142, 0.1225, 0.1214, 0.1366, 0.1337, 0.2204]],
       device='cuda:0', grad_fn=<SoftmaxBackward>)
tensor([[0.1271, 0.0823, 0.1086, 0.1604, 0.1206, 0.1327, 0.1261, 0.1423],
        [0.1000, 0.0762, 0.0991, 0.1286, 0.1412, 0.1501, 0.1340, 0.1708],
        [0.0861, 0.0678, 0.1012, 0.1220, 0.1413, 0.1397, 0.1433, 0.1987],
        [0.0760, 0.0626, 0.0873, 0.1230, 0.1333, 0.1437, 0.1395, 0.2347]],
       device='cuda:0', grad_fn=<SoftmaxBackward>)
tensor([[0.1193, 0.0836, 0.1040, 0.1438, 0.1275, 0.1225, 0.1300, 0.1693],
        [0.1017, 0.0780, 0.0979, 0.1549, 0.1235, 0.1295, 0.1236, 0.1910],
        [0.0837, 0.0638, 0.0962, 0.1508, 0.1241, 0.1268, 0.1296, 0.2249],
        [0.0738, 0.0591, 0.0803, 0.1088, 0.1264, 0.1250, 0.1326, 0.2939],
        [0.0674, 0.0555, 0.0681, 0.1477, 0.1163, 0.1227, 0.1292, 0.2931]],
       device='cuda:0', grad_fn=<SoftmaxBackward>)

# Alpha - reduce
tensor([[0.1465, 0.1337, 0.1259, 0.1209, 0.1374, 0.1148, 0.1177, 0.1030],
        [0.1271, 0.1153, 0.1259, 0.1142, 0.1213, 0.1181, 0.1351, 0.1430]],
       device='cuda:0', grad_fn=<SoftmaxBackward>)
tensor([[0.1525, 0.1338, 0.1248, 0.1198, 0.1286, 0.1189, 0.1162, 0.1054],
        [0.1368, 0.1207, 0.1090, 0.1206, 0.1322, 0.1266, 0.1229, 0.1311],
        [0.1119, 0.0946, 0.1350, 0.1317, 0.1219, 0.1343, 0.1294, 0.1412]],
       device='cuda:0', grad_fn=<SoftmaxBackward>)
tensor([[0.1532, 0.1361, 0.1142, 0.1217, 0.1249, 0.1246, 0.1238, 0.1015],
        [0.1491, 0.1272, 0.1398, 0.1310, 0.1135, 0.1151, 0.1012, 0.1232],
        [0.1167, 0.0996, 0.1342, 0.1283, 0.1392, 0.1328, 0.1214, 0.1279],
        [0.1129, 0.0971, 0.1281, 0.1336, 0.1270, 0.1336, 0.1293, 0.1384]],
       device='cuda:0', grad_fn=<SoftmaxBackward>)
tensor([[0.1520, 0.1431, 0.1200, 0.1130, 0.1283, 0.1110, 0.1226, 0.1099],
        [0.1465, 0.1321, 0.1173, 0.1147, 0.1209, 0.1274, 0.1143, 0.1268],
        [0.1080, 0.0985, 0.1397, 0.1347, 0.1332, 0.1304, 0.1213, 0.1342],
        [0.1057, 0.0985, 0.1353, 0.1271, 0.1218, 0.1327, 0.1269, 0.1521],
        [0.0976, 0.0966, 0.1257, 0.1340, 0.1307, 0.1252, 0.1433, 0.1468]],
       device='cuda:0', grad_fn=<SoftmaxBackward>)
#####################
07/27 02:40:13 PM | Train: [18/50] Step 000/390 Loss 0.247 Prec@(1,5) (93.8%, 100.0%)
07/27 02:45:02 PM | Train: [18/50] Step 050/390 Loss 0.262 Prec@(1,5) (91.1%, 99.8%)
07/27 02:49:35 PM | Train: [18/50] Step 100/390 Loss 0.258 Prec@(1,5) (91.1%, 99.8%)
07/27 02:53:46 PM | Train: [18/50] Step 150/390 Loss 0.268 Prec@(1,5) (90.7%, 99.8%)
07/27 02:57:46 PM | Train: [18/50] Step 200/390 Loss 0.269 Prec@(1,5) (90.6%, 99.8%)
07/27 03:01:02 PM | Train: [18/50] Step 250/390 Loss 0.271 Prec@(1,5) (90.5%, 99.8%)
07/27 03:04:37 PM | Train: [18/50] Step 300/390 Loss 0.276 Prec@(1,5) (90.4%, 99.8%)
07/27 03:08:39 PM | Train: [18/50] Step 350/390 Loss 0.280 Prec@(1,5) (90.3%, 99.8%)
07/27 03:12:20 PM | Train: [18/50] Step 390/390 Loss 0.280 Prec@(1,5) (90.3%, 99.8%)
07/27 03:12:20 PM | Train: [18/50] Final Prec@1 90.2920%
07/27 03:12:21 PM | Valid: [18/50] Step 000/390 Loss 0.563 Prec@(1,5) (81.2%, 98.4%)
07/27 03:12:36 PM | Valid: [18/50] Step 050/390 Loss 0.542 Prec@(1,5) (82.8%, 99.1%)
07/27 03:12:51 PM | Valid: [18/50] Step 100/390 Loss 0.527 Prec@(1,5) (82.6%, 99.3%)
07/27 03:13:06 PM | Valid: [18/50] Step 150/390 Loss 0.501 Prec@(1,5) (83.5%, 99.3%)
07/27 03:13:20 PM | Valid: [18/50] Step 200/390 Loss 0.493 Prec@(1,5) (83.7%, 99.3%)
07/27 03:13:34 PM | Valid: [18/50] Step 250/390 Loss 0.494 Prec@(1,5) (83.7%, 99.3%)
07/27 03:13:48 PM | Valid: [18/50] Step 300/390 Loss 0.497 Prec@(1,5) (83.8%, 99.2%)
07/27 03:14:01 PM | Valid: [18/50] Step 350/390 Loss 0.500 Prec@(1,5) (83.8%, 99.2%)
07/27 03:14:13 PM | Valid: [18/50] Step 390/390 Loss 0.500 Prec@(1,5) (83.8%, 99.2%)
07/27 03:14:13 PM | Valid: [18/50] Final Prec@1 83.7840%
07/27 03:14:13 PM | genotype = Genotype(normal=[[('sep_conv_3x3', 1), ('sep_conv_3x3', 0)], [('sep_conv_3x3', 0), ('sep_conv_3x3', 1)], [('sep_conv_3x3', 0), ('dil_conv_3x3', 1)], [('sep_conv_3x3', 4), ('sep_conv_3x3', 1)]], normal_concat=range(2, 6), reduce=[[('max_pool_3x3', 0), ('dil_conv_5x5', 1)], [('max_pool_3x3', 0), ('skip_connect', 2)], [('max_pool_3x3', 0), ('max_pool_3x3', 1)], [('max_pool_3x3', 0), ('max_pool_3x3', 1)]], reduce_concat=range(2, 6))
####### ALPHA #######
# Alpha - normal
tensor([[0.1259, 0.0862, 0.1224, 0.1543, 0.1455, 0.1341, 0.1125, 0.1191],
        [0.0916, 0.0720, 0.0961, 0.1584, 0.1477, 0.1266, 0.1361, 0.1716]],
       device='cuda:0', grad_fn=<SoftmaxBackward>)
tensor([[0.1238, 0.0827, 0.1161, 0.1669, 0.1317, 0.1373, 0.1137, 0.1279],
        [0.0912, 0.0685, 0.0960, 0.1529, 0.1363, 0.1289, 0.1372, 0.1889],
        [0.0817, 0.0641, 0.1136, 0.1216, 0.1196, 0.1360, 0.1332, 0.2302]],
       device='cuda:0', grad_fn=<SoftmaxBackward>)
tensor([[0.1260, 0.0815, 0.1096, 0.1628, 0.1193, 0.1319, 0.1251, 0.1438],
        [0.0988, 0.0750, 0.0993, 0.1278, 0.1395, 0.1503, 0.1342, 0.1750],
        [0.0835, 0.0660, 0.1009, 0.1196, 0.1407, 0.1407, 0.1416, 0.2070],
        [0.0735, 0.0608, 0.0864, 0.1213, 0.1304, 0.1416, 0.1386, 0.2474]],
       device='cuda:0', grad_fn=<SoftmaxBackward>)
tensor([[0.1175, 0.0822, 0.1043, 0.1427, 0.1266, 0.1225, 0.1298, 0.1745],
        [0.1002, 0.0768, 0.0979, 0.1554, 0.1216, 0.1279, 0.1216, 0.1987],
        [0.0802, 0.0612, 0.0950, 0.1493, 0.1227, 0.1256, 0.1292, 0.2367],
        [0.0703, 0.0564, 0.0779, 0.1068, 0.1233, 0.1234, 0.1302, 0.3118],
        [0.0637, 0.0525, 0.0653, 0.1455, 0.1121, 0.1203, 0.1284, 0.3122]],
       device='cuda:0', grad_fn=<SoftmaxBackward>)

# Alpha - reduce
tensor([[0.1478, 0.1341, 0.1254, 0.1216, 0.1367, 0.1154, 0.1162, 0.1026],
        [0.1283, 0.1161, 0.1271, 0.1142, 0.1212, 0.1157, 0.1352, 0.1422]],
       device='cuda:0', grad_fn=<SoftmaxBackward>)
tensor([[0.1550, 0.1357, 0.1263, 0.1188, 0.1262, 0.1182, 0.1147, 0.1051],
        [0.1391, 0.1228, 0.1079, 0.1192, 0.1318, 0.1272, 0.1210, 0.1310],
        [0.1116, 0.0939, 0.1373, 0.1311, 0.1207, 0.1343, 0.1293, 0.1418]],
       device='cuda:0', grad_fn=<SoftmaxBackward>)
tensor([[0.1561, 0.1381, 0.1143, 0.1209, 0.1241, 0.1244, 0.1213, 0.1008],
        [0.1513, 0.1290, 0.1412, 0.1328, 0.1111, 0.1137, 0.0994, 0.1215],
        [0.1170, 0.0989, 0.1356, 0.1291, 0.1383, 0.1330, 0.1207, 0.1273],
        [0.1121, 0.0962, 0.1297, 0.1331, 0.1256, 0.1334, 0.1294, 0.1405]],
       device='cuda:0', grad_fn=<SoftmaxBackward>)
tensor([[0.1536, 0.1452, 0.1201, 0.1114, 0.1282, 0.1110, 0.1217, 0.1088],
        [0.1485, 0.1344, 0.1162, 0.1149, 0.1203, 0.1273, 0.1124, 0.1260],
        [0.1073, 0.0978, 0.1418, 0.1351, 0.1333, 0.1302, 0.1208, 0.1337],
        [0.1034, 0.0969, 0.1362, 0.1264, 0.1222, 0.1328, 0.1278, 0.1543],
        [0.0953, 0.0953, 0.1264, 0.1344, 0.1304, 0.1252, 0.1429, 0.1502]],
       device='cuda:0', grad_fn=<SoftmaxBackward>)
#####################
07/27 03:14:20 PM | Train: [19/50] Step 000/390 Loss 0.203 Prec@(1,5) (93.8%, 100.0%)
07/27 03:18:37 PM | Train: [19/50] Step 050/390 Loss 0.232 Prec@(1,5) (91.9%, 99.9%)
07/27 03:22:39 PM | Train: [19/50] Step 100/390 Loss 0.227 Prec@(1,5) (92.0%, 99.9%)
07/27 03:27:12 PM | Train: [19/50] Step 150/390 Loss 0.242 Prec@(1,5) (91.2%, 99.9%)
07/27 03:31:50 PM | Train: [19/50] Step 200/390 Loss 0.253 Prec@(1,5) (91.0%, 99.9%)
07/27 03:36:26 PM | Train: [19/50] Step 250/390 Loss 0.255 Prec@(1,5) (90.9%, 99.9%)
07/27 03:40:07 PM | Train: [19/50] Step 300/390 Loss 0.259 Prec@(1,5) (90.8%, 99.9%)
07/27 03:44:43 PM | Train: [19/50] Step 350/390 Loss 0.264 Prec@(1,5) (90.7%, 99.9%)
07/27 03:48:34 PM | Train: [19/50] Step 390/390 Loss 0.267 Prec@(1,5) (90.5%, 99.8%)
07/27 03:48:34 PM | Train: [19/50] Final Prec@1 90.5400%
07/27 03:48:35 PM | Valid: [19/50] Step 000/390 Loss 0.381 Prec@(1,5) (87.5%, 100.0%)
07/27 03:48:48 PM | Valid: [19/50] Step 050/390 Loss 0.491 Prec@(1,5) (84.1%, 99.0%)
07/27 03:49:03 PM | Valid: [19/50] Step 100/390 Loss 0.524 Prec@(1,5) (83.2%, 99.0%)
07/27 03:49:16 PM | Valid: [19/50] Step 150/390 Loss 0.532 Prec@(1,5) (83.1%, 98.9%)
07/27 03:49:27 PM | Valid: [19/50] Step 200/390 Loss 0.530 Prec@(1,5) (82.9%, 99.0%)
07/27 03:49:38 PM | Valid: [19/50] Step 250/390 Loss 0.528 Prec@(1,5) (83.1%, 99.0%)
07/27 03:49:50 PM | Valid: [19/50] Step 300/390 Loss 0.530 Prec@(1,5) (83.2%, 99.0%)
07/27 03:50:06 PM | Valid: [19/50] Step 350/390 Loss 0.528 Prec@(1,5) (83.2%, 99.0%)
07/27 03:50:17 PM | Valid: [19/50] Step 390/390 Loss 0.527 Prec@(1,5) (83.2%, 99.0%)
07/27 03:50:17 PM | Valid: [19/50] Final Prec@1 83.2440%
07/27 03:50:17 PM | genotype = Genotype(normal=[[('sep_conv_3x3', 1), ('sep_conv_3x3', 0)], [('sep_conv_3x3', 0), ('sep_conv_3x3', 1)], [('sep_conv_3x3', 0), ('dil_conv_3x3', 1)], [('sep_conv_3x3', 1), ('sep_conv_3x3', 4)]], normal_concat=range(2, 6), reduce=[[('max_pool_3x3', 0), ('dil_conv_5x5', 1)], [('max_pool_3x3', 0), ('skip_connect', 2)], [('max_pool_3x3', 0), ('max_pool_3x3', 1)], [('max_pool_3x3', 0), ('max_pool_3x3', 1)]], reduce_concat=range(2, 6))
####### ALPHA #######
# Alpha - normal
tensor([[0.1249, 0.0850, 0.1234, 0.1572, 0.1446, 0.1335, 0.1117, 0.1197],
        [0.0895, 0.0700, 0.0946, 0.1602, 0.1473, 0.1280, 0.1356, 0.1748]],
       device='cuda:0', grad_fn=<SoftmaxBackward>)
tensor([[0.1215, 0.0811, 0.1165, 0.1694, 0.1306, 0.1393, 0.1119, 0.1296],
        [0.0888, 0.0666, 0.0950, 0.1521, 0.1353, 0.1288, 0.1382, 0.1951],
        [0.0781, 0.0616, 0.1126, 0.1204, 0.1188, 0.1348, 0.1325, 0.2412]],
       device='cuda:0', grad_fn=<SoftmaxBackward>)
tensor([[0.1234, 0.0795, 0.1091, 0.1645, 0.1200, 0.1320, 0.1250, 0.1465],
        [0.0969, 0.0733, 0.0986, 0.1289, 0.1361, 0.1515, 0.1354, 0.1795],
        [0.0804, 0.0634, 0.0993, 0.1182, 0.1410, 0.1420, 0.1408, 0.2149],
        [0.0701, 0.0579, 0.0838, 0.1199, 0.1267, 0.1419, 0.1389, 0.2607]],
       device='cuda:0', grad_fn=<SoftmaxBackward>)
tensor([[0.1153, 0.0800, 0.1031, 0.1438, 0.1254, 0.1216, 0.1312, 0.1795],
        [0.0985, 0.0748, 0.0969, 0.1567, 0.1200, 0.1255, 0.1203, 0.2074],
        [0.0770, 0.0583, 0.0929, 0.1497, 0.1210, 0.1255, 0.1296, 0.2462],
        [0.0668, 0.0533, 0.0748, 0.1041, 0.1210, 0.1217, 0.1281, 0.3302],
        [0.0606, 0.0496, 0.0625, 0.1429, 0.1089, 0.1169, 0.1269, 0.3316]],
       device='cuda:0', grad_fn=<SoftmaxBackward>)

# Alpha - reduce
tensor([[0.1498, 0.1347, 0.1248, 0.1217, 0.1368, 0.1146, 0.1152, 0.1023],
        [0.1301, 0.1172, 0.1286, 0.1129, 0.1199, 0.1156, 0.1341, 0.1416]],
       device='cuda:0', grad_fn=<SoftmaxBackward>)
tensor([[0.1574, 0.1368, 0.1258, 0.1193, 0.1249, 0.1172, 0.1142, 0.1045],
        [0.1409, 0.1234, 0.1058, 0.1194, 0.1315, 0.1281, 0.1214, 0.1295],
        [0.1104, 0.0928, 0.1383, 0.1298, 0.1201, 0.1345, 0.1303, 0.1437]],
       device='cuda:0', grad_fn=<SoftmaxBackward>)
tensor([[0.1584, 0.1393, 0.1143, 0.1198, 0.1252, 0.1235, 0.1200, 0.0995],
        [0.1541, 0.1300, 0.1402, 0.1357, 0.1100, 0.1129, 0.0977, 0.1195],
        [0.1155, 0.0979, 0.1376, 0.1291, 0.1378, 0.1320, 0.1205, 0.1295],
        [0.1108, 0.0956, 0.1310, 0.1333, 0.1251, 0.1324, 0.1292, 0.1426]],
       device='cuda:0', grad_fn=<SoftmaxBackward>)
tensor([[0.1553, 0.1469, 0.1197, 0.1103, 0.1275, 0.1107, 0.1219, 0.1077],
        [0.1509, 0.1355, 0.1150, 0.1152, 0.1192, 0.1285, 0.1114, 0.1243],
        [0.1056, 0.0972, 0.1442, 0.1359, 0.1333, 0.1293, 0.1196, 0.1350],
        [0.1012, 0.0960, 0.1372, 0.1271, 0.1213, 0.1328, 0.1289, 0.1556],
        [0.0935, 0.0941, 0.1273, 0.1331, 0.1298, 0.1251, 0.1432, 0.1539]],
       device='cuda:0', grad_fn=<SoftmaxBackward>)
#####################
07/27 03:50:26 PM | Train: [20/50] Step 000/390 Loss 0.113 Prec@(1,5) (95.3%, 100.0%)
07/27 03:55:04 PM | Train: [20/50] Step 050/390 Loss 0.208 Prec@(1,5) (92.7%, 99.8%)
07/27 03:59:17 PM | Train: [20/50] Step 100/390 Loss 0.232 Prec@(1,5) (92.0%, 99.8%)
