07/26 11:04:47 AM | 
07/26 11:04:47 AM | Parameters:
07/26 11:04:47 AM | AUX_WEIGHT=0.4
07/26 11:04:47 AM | BATCH_SIZE=96
07/26 11:04:47 AM | CUTOUT_LENGTH=16
07/26 11:04:47 AM | DATA_PATH=./data/
07/26 11:04:47 AM | DATASET=cifar100
07/26 11:04:47 AM | DROP_PATH_PROB=0.2
07/26 11:04:47 AM | EPOCHS=600
07/26 11:04:47 AM | GENOTYPE=Genotype(normal=[[('max_pool_3x3', 0), ('max_pool_3x3', 1)], [('max_pool_3x3', 0), ('max_pool_3x3', 2)], [('max_pool_3x3', 0), ('skip_connect', 3)], [('skip_connect', 4), ('max_pool_3x3', 0)]], normal_concat=range(2, 6), reduce=[[('max_pool_3x3', 0), ('sep_conv_5x5', 1)], [('dil_conv_3x3', 0), ('max_pool_3x3', 2)], [('max_pool_3x3', 3), ('dil_conv_5x5', 0)], [('max_pool_3x3', 0), ('max_pool_3x3', 3)]], reduce_concat=range(2, 6))
07/26 11:04:47 AM | GPUS=[0]
07/26 11:04:47 AM | GRAD_CLIP=5.0
07/26 11:04:47 AM | INIT_CHANNELS=36
07/26 11:04:47 AM | LAYERS=20
07/26 11:04:47 AM | LR=0.025
07/26 11:04:47 AM | MOMENTUM=0.9
07/26 11:04:47 AM | NAME=cifar100-ignoring
07/26 11:04:47 AM | PATH=augments/cifar100-ignoring
07/26 11:04:47 AM | PRINT_FREQ=200
07/26 11:04:47 AM | SEED=2
07/26 11:04:47 AM | WEIGHT_DECAY=0.0003
07/26 11:04:47 AM | WORKERS=4
07/26 11:04:47 AM | 
07/26 11:04:47 AM | Logger is set - training start
07/26 11:04:52 AM | Model size = 2.014 MB
07/26 11:04:53 AM | Epoch 0 LR 0.024999828653092835
07/26 11:04:56 AM | Train: [  1/600] Step 000/520 Loss 7.300 Prec@(1,5) (0.0%, 4.2%)
07/26 11:06:16 AM | Train: [  1/600] Step 200/520 Loss 6.131 Prec@(1,5) (5.8%, 20.7%)
07/26 11:07:35 AM | Train: [  1/600] Step 400/520 Loss 5.714 Prec@(1,5) (8.3%, 27.3%)
07/26 11:08:22 AM | Train: [  1/600] Step 520/520 Loss 5.562 Prec@(1,5) (9.4%, 29.9%)
07/26 11:08:22 AM | Train: [  1/600] Final Prec@1 9.4320%
07/26 11:08:23 AM | Valid: [  1/600] Step 000/104 Loss 3.776 Prec@(1,5) (13.5%, 33.3%)
07/26 11:08:53 AM | Valid: [  1/600] Step 104/104 Loss 3.584 Prec@(1,5) (14.3%, 40.9%)
07/26 11:08:53 AM | Valid: [  1/600] Final Prec@1 14.2800%
07/26 11:08:53 AM | Epoch 1 LR 0.024999314617068905
07/26 11:08:55 AM | Train: [  2/600] Step 000/520 Loss 5.436 Prec@(1,5) (7.3%, 28.1%)
07/26 11:10:15 AM | Train: [  2/600] Step 200/520 Loss 4.837 Prec@(1,5) (15.4%, 42.8%)
07/26 11:11:35 AM | Train: [  2/600] Step 400/520 Loss 4.713 Prec@(1,5) (17.2%, 45.4%)
07/26 11:12:22 AM | Train: [  2/600] Step 520/520 Loss 4.641 Prec@(1,5) (18.1%, 46.9%)
07/26 11:12:22 AM | Train: [  2/600] Final Prec@1 18.0940%
07/26 11:12:24 AM | Valid: [  2/600] Step 000/104 Loss 3.085 Prec@(1,5) (22.9%, 54.2%)
07/26 11:12:53 AM | Valid: [  2/600] Step 104/104 Loss 3.086 Prec@(1,5) (22.7%, 53.2%)
07/26 11:12:53 AM | Valid: [  2/600] Final Prec@1 22.7400%
07/26 11:12:53 AM | Epoch 2 LR 0.02499845790602076
07/26 11:12:56 AM | Train: [  3/600] Step 000/520 Loss 3.876 Prec@(1,5) (29.2%, 64.6%)
07/26 11:14:16 AM | Train: [  3/600] Step 200/520 Loss 4.224 Prec@(1,5) (23.3%, 54.7%)
07/26 11:15:36 AM | Train: [  3/600] Step 400/520 Loss 4.153 Prec@(1,5) (24.3%, 55.8%)
07/26 11:16:23 AM | Train: [  3/600] Step 520/520 Loss 4.112 Prec@(1,5) (24.9%, 56.5%)
07/26 11:16:23 AM | Train: [  3/600] Final Prec@1 24.8920%
07/26 11:16:24 AM | Valid: [  3/600] Step 000/104 Loss 2.805 Prec@(1,5) (31.2%, 60.4%)
07/26 11:16:54 AM | Valid: [  3/600] Step 104/104 Loss 2.700 Prec@(1,5) (30.2%, 63.5%)
07/26 11:16:54 AM | Valid: [  3/600] Final Prec@1 30.1600%
07/26 11:16:54 AM | Epoch 3 LR 0.02499725854343557
07/26 11:16:56 AM | Train: [  4/600] Step 000/520 Loss 3.980 Prec@(1,5) (20.8%, 63.5%)
07/26 11:18:16 AM | Train: [  4/600] Step 200/520 Loss 3.856 Prec@(1,5) (28.5%, 60.9%)
07/26 11:19:36 AM | Train: [  4/600] Step 400/520 Loss 3.789 Prec@(1,5) (29.4%, 62.2%)
07/26 11:20:23 AM | Train: [  4/600] Step 520/520 Loss 3.766 Prec@(1,5) (29.8%, 62.7%)
07/26 11:20:23 AM | Train: [  4/600] Final Prec@1 29.7880%
07/26 11:20:25 AM | Valid: [  4/600] Step 000/104 Loss 2.694 Prec@(1,5) (35.4%, 69.8%)
07/26 11:20:54 AM | Valid: [  4/600] Step 104/104 Loss 2.519 Prec@(1,5) (33.6%, 67.7%)
07/26 11:20:54 AM | Valid: [  4/600] Final Prec@1 33.5700%
07/26 11:20:54 AM | Epoch 4 LR 0.024995716562194466
07/26 11:20:57 AM | Train: [  5/600] Step 000/520 Loss 3.529 Prec@(1,5) (28.1%, 71.9%)
07/26 11:22:18 AM | Train: [  5/600] Step 200/520 Loss 3.537 Prec@(1,5) (33.3%, 66.7%)
07/26 11:23:41 AM | Train: [  5/600] Step 400/520 Loss 3.511 Prec@(1,5) (33.5%, 67.0%)
07/26 11:24:28 AM | Train: [  5/600] Step 520/520 Loss 3.495 Prec@(1,5) (33.8%, 67.2%)
07/26 11:24:28 AM | Train: [  5/600] Final Prec@1 33.7580%
07/26 11:24:30 AM | Valid: [  5/600] Step 000/104 Loss 2.368 Prec@(1,5) (36.5%, 74.0%)
07/26 11:24:59 AM | Valid: [  5/600] Step 104/104 Loss 2.456 Prec@(1,5) (35.3%, 69.0%)
07/26 11:24:59 AM | Valid: [  5/600] Final Prec@1 35.2800%
07/26 11:25:00 AM | Epoch 5 LR 0.024993832004571646
07/26 11:25:02 AM | Train: [  6/600] Step 000/520 Loss 3.472 Prec@(1,5) (37.5%, 67.7%)
07/26 11:26:22 AM | Train: [  6/600] Step 200/520 Loss 3.313 Prec@(1,5) (36.7%, 70.1%)
07/26 11:27:42 AM | Train: [  6/600] Step 400/520 Loss 3.307 Prec@(1,5) (36.8%, 70.3%)
07/26 11:28:29 AM | Train: [  6/600] Step 520/520 Loss 3.286 Prec@(1,5) (37.1%, 70.7%)
07/26 11:28:29 AM | Train: [  6/600] Final Prec@1 37.0580%
07/26 11:28:31 AM | Valid: [  6/600] Step 000/104 Loss 2.368 Prec@(1,5) (39.6%, 75.0%)
07/26 11:29:00 AM | Valid: [  6/600] Step 104/104 Loss 2.355 Prec@(1,5) (37.8%, 70.5%)
07/26 11:29:00 AM | Valid: [  6/600] Final Prec@1 37.8300%
07/26 11:29:00 AM | Epoch 6 LR 0.024991604922233204
07/26 11:29:03 AM | Train: [  7/600] Step 000/520 Loss 3.091 Prec@(1,5) (38.5%, 76.0%)
07/26 11:30:23 AM | Train: [  7/600] Step 200/520 Loss 3.128 Prec@(1,5) (39.4%, 73.1%)
07/26 11:31:43 AM | Train: [  7/600] Step 400/520 Loss 3.117 Prec@(1,5) (39.7%, 73.1%)
07/26 11:32:29 AM | Train: [  7/600] Step 520/520 Loss 3.111 Prec@(1,5) (39.9%, 73.2%)
07/26 11:32:29 AM | Train: [  7/600] Final Prec@1 39.8700%
07/26 11:32:31 AM | Valid: [  7/600] Step 000/104 Loss 2.088 Prec@(1,5) (44.8%, 76.0%)
07/26 11:33:00 AM | Valid: [  7/600] Step 104/104 Loss 2.020 Prec@(1,5) (44.4%, 77.5%)
07/26 11:33:00 AM | Valid: [  7/600] Final Prec@1 44.4400%
07/26 11:33:00 AM | Epoch 7 LR 0.02498903537623573
07/26 11:33:03 AM | Train: [  8/600] Step 000/520 Loss 2.536 Prec@(1,5) (44.8%, 79.2%)
07/26 11:34:23 AM | Train: [  8/600] Step 200/520 Loss 2.975 Prec@(1,5) (42.1%, 75.0%)
07/26 11:35:43 AM | Train: [  8/600] Step 400/520 Loss 2.965 Prec@(1,5) (42.3%, 75.1%)
07/26 11:36:29 AM | Train: [  8/600] Step 520/520 Loss 2.973 Prec@(1,5) (42.2%, 75.1%)
07/26 11:36:29 AM | Train: [  8/600] Final Prec@1 42.1660%
07/26 11:36:31 AM | Valid: [  8/600] Step 000/104 Loss 1.953 Prec@(1,5) (50.0%, 83.3%)
07/26 11:37:00 AM | Valid: [  8/600] Step 104/104 Loss 1.971 Prec@(1,5) (45.8%, 78.8%)
07/26 11:37:00 AM | Valid: [  8/600] Final Prec@1 45.8100%
07/26 11:37:00 AM | Epoch 8 LR 0.024986123437024627
07/26 11:37:03 AM | Train: [  9/600] Step 000/520 Loss 2.597 Prec@(1,5) (51.0%, 78.1%)
07/26 11:38:24 AM | Train: [  9/600] Step 200/520 Loss 2.836 Prec@(1,5) (44.5%, 77.0%)
07/26 11:39:44 AM | Train: [  9/600] Step 400/520 Loss 2.834 Prec@(1,5) (44.6%, 76.9%)
07/26 11:40:31 AM | Train: [  9/600] Step 520/520 Loss 2.839 Prec@(1,5) (44.6%, 76.9%)
07/26 11:40:31 AM | Train: [  9/600] Final Prec@1 44.5520%
07/26 11:40:33 AM | Valid: [  9/600] Step 000/104 Loss 1.792 Prec@(1,5) (53.1%, 83.3%)
07/26 11:41:02 AM | Valid: [  9/600] Step 104/104 Loss 1.955 Prec@(1,5) (46.8%, 78.4%)
07/26 11:41:02 AM | Valid: [  9/600] Final Prec@1 46.7600%
07/26 11:41:02 AM | Epoch 9 LR 0.024982869184432172
07/26 11:41:04 AM | Train: [ 10/600] Step 000/520 Loss 2.923 Prec@(1,5) (42.7%, 82.3%)
07/26 11:42:25 AM | Train: [ 10/600] Step 200/520 Loss 2.741 Prec@(1,5) (45.8%, 78.9%)
07/26 11:43:45 AM | Train: [ 10/600] Step 400/520 Loss 2.730 Prec@(1,5) (46.1%, 78.9%)
07/26 11:44:31 AM | Train: [ 10/600] Step 520/520 Loss 2.740 Prec@(1,5) (46.0%, 78.6%)
07/26 11:44:31 AM | Train: [ 10/600] Final Prec@1 46.0360%
07/26 11:44:33 AM | Valid: [ 10/600] Step 000/104 Loss 1.914 Prec@(1,5) (49.0%, 82.3%)
07/26 11:45:02 AM | Valid: [ 10/600] Step 104/104 Loss 1.835 Prec@(1,5) (49.4%, 80.5%)
07/26 11:45:02 AM | Valid: [ 10/600] Final Prec@1 49.3600%
07/26 11:45:02 AM | Epoch 10 LR 0.024979272707675356
07/26 11:45:05 AM | Train: [ 11/600] Step 000/520 Loss 2.479 Prec@(1,5) (50.0%, 84.4%)
07/26 11:46:25 AM | Train: [ 11/600] Step 200/520 Loss 2.644 Prec@(1,5) (47.8%, 79.7%)
07/26 11:47:45 AM | Train: [ 11/600] Step 400/520 Loss 2.654 Prec@(1,5) (47.6%, 79.5%)
07/26 11:48:32 AM | Train: [ 11/600] Step 520/520 Loss 2.656 Prec@(1,5) (47.7%, 79.5%)
07/26 11:48:32 AM | Train: [ 11/600] Final Prec@1 47.7480%
07/26 11:48:33 AM | Valid: [ 11/600] Step 000/104 Loss 1.838 Prec@(1,5) (50.0%, 80.2%)
07/26 11:49:02 AM | Valid: [ 11/600] Step 104/104 Loss 1.796 Prec@(1,5) (50.9%, 81.1%)
07/26 11:49:02 AM | Valid: [ 11/600] Final Prec@1 50.8800%
07/26 11:49:03 AM | Epoch 11 LR 0.024975334105353394
07/26 11:49:05 AM | Train: [ 12/600] Step 000/520 Loss 2.379 Prec@(1,5) (47.9%, 83.3%)
07/26 11:50:25 AM | Train: [ 12/600] Step 200/520 Loss 2.563 Prec@(1,5) (49.3%, 80.7%)
07/26 11:51:45 AM | Train: [ 12/600] Step 400/520 Loss 2.582 Prec@(1,5) (49.1%, 80.5%)
07/26 11:52:32 AM | Train: [ 12/600] Step 520/520 Loss 2.580 Prec@(1,5) (49.1%, 80.6%)
07/26 11:52:32 AM | Train: [ 12/600] Final Prec@1 49.1260%
07/26 11:52:34 AM | Valid: [ 12/600] Step 000/104 Loss 1.795 Prec@(1,5) (54.2%, 82.3%)
07/26 11:53:03 AM | Valid: [ 12/600] Step 104/104 Loss 1.703 Prec@(1,5) (52.9%, 83.2%)
07/26 11:53:03 AM | Valid: [ 12/600] Final Prec@1 52.8800%
07/26 11:53:03 AM | Epoch 12 LR 0.024971053485445066
07/26 11:53:05 AM | Train: [ 13/600] Step 000/520 Loss 2.665 Prec@(1,5) (52.1%, 80.2%)
07/26 11:54:25 AM | Train: [ 13/600] Step 200/520 Loss 2.478 Prec@(1,5) (50.9%, 81.5%)
07/26 11:55:45 AM | Train: [ 13/600] Step 400/520 Loss 2.505 Prec@(1,5) (50.4%, 81.3%)
07/26 11:56:32 AM | Train: [ 13/600] Step 520/520 Loss 2.503 Prec@(1,5) (50.4%, 81.4%)
07/26 11:56:32 AM | Train: [ 13/600] Final Prec@1 50.4360%
07/26 11:56:34 AM | Valid: [ 13/600] Step 000/104 Loss 1.659 Prec@(1,5) (55.2%, 84.4%)
07/26 11:57:03 AM | Valid: [ 13/600] Step 104/104 Loss 1.675 Prec@(1,5) (53.5%, 83.5%)
07/26 11:57:03 AM | Valid: [ 13/600] Final Prec@1 53.5300%
07/26 11:57:03 AM | Epoch 13 LR 0.024966430965305726
07/26 11:57:06 AM | Train: [ 14/600] Step 000/520 Loss 2.152 Prec@(1,5) (52.1%, 85.4%)
07/26 11:58:26 AM | Train: [ 14/600] Step 200/520 Loss 2.427 Prec@(1,5) (51.8%, 82.5%)
07/26 11:59:47 AM | Train: [ 14/600] Step 400/520 Loss 2.435 Prec@(1,5) (51.6%, 82.4%)
07/26 12:00:34 PM | Train: [ 14/600] Step 520/520 Loss 2.436 Prec@(1,5) (51.7%, 82.4%)
07/26 12:00:34 PM | Train: [ 14/600] Final Prec@1 51.7320%
07/26 12:00:36 PM | Valid: [ 14/600] Step 000/104 Loss 1.488 Prec@(1,5) (63.5%, 89.6%)
07/26 12:01:05 PM | Valid: [ 14/600] Step 104/104 Loss 1.687 Prec@(1,5) (53.3%, 83.2%)
07/26 12:01:05 PM | Valid: [ 14/600] Final Prec@1 53.3100%
07/26 12:01:05 PM | Epoch 14 LR 0.0249614666716641
07/26 12:01:08 PM | Train: [ 15/600] Step 000/520 Loss 2.167 Prec@(1,5) (50.0%, 85.4%)
07/26 12:02:28 PM | Train: [ 15/600] Step 200/520 Loss 2.366 Prec@(1,5) (52.8%, 83.4%)
07/26 12:03:48 PM | Train: [ 15/600] Step 400/520 Loss 2.369 Prec@(1,5) (52.7%, 83.3%)
07/26 12:04:34 PM | Train: [ 15/600] Step 520/520 Loss 2.371 Prec@(1,5) (52.6%, 83.3%)
07/26 12:04:34 PM | Train: [ 15/600] Final Prec@1 52.5980%
07/26 12:04:36 PM | Valid: [ 15/600] Step 000/104 Loss 1.628 Prec@(1,5) (60.4%, 84.4%)
07/26 12:05:05 PM | Valid: [ 15/600] Step 104/104 Loss 1.583 Prec@(1,5) (55.9%, 84.7%)
07/26 12:05:06 PM | Valid: [ 15/600] Final Prec@1 55.8500%
07/26 12:05:06 PM | Epoch 15 LR 0.024956160740618807
07/26 12:05:08 PM | Train: [ 16/600] Step 000/520 Loss 2.218 Prec@(1,5) (51.0%, 89.6%)
07/26 12:06:28 PM | Train: [ 16/600] Step 200/520 Loss 2.295 Prec@(1,5) (54.1%, 84.1%)
07/26 12:07:48 PM | Train: [ 16/600] Step 400/520 Loss 2.309 Prec@(1,5) (53.7%, 84.1%)
07/26 12:08:35 PM | Train: [ 16/600] Step 520/520 Loss 2.308 Prec@(1,5) (53.8%, 84.1%)
07/26 12:08:35 PM | Train: [ 16/600] Final Prec@1 53.8300%
07/26 12:08:37 PM | Valid: [ 16/600] Step 000/104 Loss 1.746 Prec@(1,5) (54.2%, 87.5%)
07/26 12:09:06 PM | Valid: [ 16/600] Step 104/104 Loss 1.620 Prec@(1,5) (55.2%, 84.2%)
07/26 12:09:06 PM | Valid: [ 16/600] Final Prec@1 55.1700%
07/26 12:09:06 PM | Epoch 16 LR 0.02495051331763462
07/26 12:09:09 PM | Train: [ 17/600] Step 000/520 Loss 2.127 Prec@(1,5) (61.5%, 86.5%)
07/26 12:10:29 PM | Train: [ 17/600] Step 200/520 Loss 2.238 Prec@(1,5) (54.9%, 85.2%)
07/26 12:11:49 PM | Train: [ 17/600] Step 400/520 Loss 2.265 Prec@(1,5) (54.6%, 84.6%)
07/26 12:12:36 PM | Train: [ 17/600] Step 520/520 Loss 2.265 Prec@(1,5) (54.6%, 84.5%)
07/26 12:12:36 PM | Train: [ 17/600] Final Prec@1 54.5520%
07/26 12:12:37 PM | Valid: [ 17/600] Step 000/104 Loss 1.563 Prec@(1,5) (60.4%, 84.4%)
07/26 12:13:06 PM | Valid: [ 17/600] Step 104/104 Loss 1.552 Prec@(1,5) (57.0%, 85.0%)
07/26 12:13:06 PM | Valid: [ 17/600] Final Prec@1 56.9900%
07/26 12:13:07 PM | Epoch 17 LR 0.0249445245575385
07/26 12:13:09 PM | Train: [ 18/600] Step 000/520 Loss 2.064 Prec@(1,5) (55.2%, 84.4%)
07/26 12:14:29 PM | Train: [ 18/600] Step 200/520 Loss 2.181 Prec@(1,5) (56.1%, 85.4%)
07/26 12:15:49 PM | Train: [ 18/600] Step 400/520 Loss 2.218 Prec@(1,5) (55.6%, 84.8%)
07/26 12:16:36 PM | Train: [ 18/600] Step 520/520 Loss 2.211 Prec@(1,5) (55.7%, 85.0%)
07/26 12:16:36 PM | Train: [ 18/600] Final Prec@1 55.7480%
07/26 12:16:38 PM | Valid: [ 18/600] Step 000/104 Loss 1.429 Prec@(1,5) (60.4%, 83.3%)
07/26 12:17:07 PM | Valid: [ 18/600] Step 104/104 Loss 1.610 Prec@(1,5) (55.8%, 84.6%)
07/26 12:17:07 PM | Valid: [ 18/600] Final Prec@1 55.8400%
07/26 12:17:07 PM | Epoch 18 LR 0.024938194624515332
07/26 12:17:10 PM | Train: [ 19/600] Step 000/520 Loss 2.387 Prec@(1,5) (45.8%, 87.5%)
07/26 12:18:32 PM | Train: [ 19/600] Step 200/520 Loss 2.146 Prec@(1,5) (56.5%, 85.9%)
07/26 12:19:53 PM | Train: [ 19/600] Step 400/520 Loss 2.171 Prec@(1,5) (56.2%, 85.6%)
07/26 12:20:40 PM | Train: [ 19/600] Step 520/520 Loss 2.170 Prec@(1,5) (56.4%, 85.6%)
07/26 12:20:40 PM | Train: [ 19/600] Final Prec@1 56.4120%
07/26 12:20:42 PM | Valid: [ 19/600] Step 000/104 Loss 1.563 Prec@(1,5) (60.4%, 83.3%)
07/26 12:21:11 PM | Valid: [ 19/600] Step 104/104 Loss 1.575 Prec@(1,5) (56.8%, 85.4%)
07/26 12:21:11 PM | Valid: [ 19/600] Final Prec@1 56.8300%
07/26 12:21:11 PM | Epoch 19 LR 0.024931523692103417
07/26 12:21:14 PM | Train: [ 20/600] Step 000/520 Loss 2.029 Prec@(1,5) (54.2%, 87.5%)
07/26 12:22:35 PM | Train: [ 20/600] Step 200/520 Loss 2.114 Prec@(1,5) (57.2%, 86.1%)
07/26 12:23:57 PM | Train: [ 20/600] Step 400/520 Loss 2.138 Prec@(1,5) (56.9%, 85.8%)
07/26 12:24:44 PM | Train: [ 20/600] Step 520/520 Loss 2.140 Prec@(1,5) (56.8%, 85.8%)
07/26 12:24:45 PM | Train: [ 20/600] Final Prec@1 56.8380%
07/26 12:24:46 PM | Valid: [ 20/600] Step 000/104 Loss 1.605 Prec@(1,5) (59.4%, 86.5%)
07/26 12:25:15 PM | Valid: [ 20/600] Step 104/104 Loss 1.584 Prec@(1,5) (56.3%, 85.4%)
07/26 12:25:15 PM | Valid: [ 20/600] Final Prec@1 56.2700%
07/26 12:25:16 PM | Epoch 20 LR 0.02492451194318975
07/26 12:25:18 PM | Train: [ 21/600] Step 000/520 Loss 2.526 Prec@(1,5) (45.8%, 84.4%)
07/26 12:26:39 PM | Train: [ 21/600] Step 200/520 Loss 2.083 Prec@(1,5) (57.9%, 86.9%)
07/26 12:27:59 PM | Train: [ 21/600] Step 400/520 Loss 2.097 Prec@(1,5) (57.5%, 86.5%)
07/26 12:28:47 PM | Train: [ 21/600] Step 520/520 Loss 2.100 Prec@(1,5) (57.5%, 86.4%)
07/26 12:28:47 PM | Train: [ 21/600] Final Prec@1 57.5460%
07/26 12:28:48 PM | Valid: [ 21/600] Step 000/104 Loss 1.459 Prec@(1,5) (61.5%, 84.4%)
07/26 12:29:18 PM | Valid: [ 21/600] Step 104/104 Loss 1.446 Prec@(1,5) (59.3%, 86.6%)
07/26 12:29:18 PM | Valid: [ 21/600] Final Prec@1 59.2600%
07/26 12:29:18 PM | Epoch 21 LR 0.024917159570004954
07/26 12:29:20 PM | Train: [ 22/600] Step 000/520 Loss 1.669 Prec@(1,5) (65.6%, 87.5%)
07/26 12:30:40 PM | Train: [ 22/600] Step 200/520 Loss 2.046 Prec@(1,5) (58.6%, 87.2%)
07/26 12:32:02 PM | Train: [ 22/600] Step 400/520 Loss 2.066 Prec@(1,5) (58.2%, 86.9%)
07/26 12:32:49 PM | Train: [ 22/600] Step 520/520 Loss 2.071 Prec@(1,5) (58.2%, 86.7%)
07/26 12:32:49 PM | Train: [ 22/600] Final Prec@1 58.1680%
07/26 12:32:51 PM | Valid: [ 22/600] Step 000/104 Loss 1.595 Prec@(1,5) (62.5%, 81.2%)
07/26 12:33:20 PM | Valid: [ 22/600] Step 104/104 Loss 1.468 Prec@(1,5) (59.4%, 86.7%)
07/26 12:33:20 PM | Valid: [ 22/600] Final Prec@1 59.4100%
07/26 12:33:20 PM | Epoch 22 LR 0.02490946677411807
07/26 12:33:22 PM | Train: [ 23/600] Step 000/520 Loss 1.731 Prec@(1,5) (63.5%, 89.6%)
07/26 12:34:43 PM | Train: [ 23/600] Step 200/520 Loss 2.003 Prec@(1,5) (59.5%, 87.7%)
07/26 12:36:03 PM | Train: [ 23/600] Step 400/520 Loss 2.029 Prec@(1,5) (59.2%, 87.3%)
07/26 12:36:50 PM | Train: [ 23/600] Step 520/520 Loss 2.034 Prec@(1,5) (59.1%, 87.2%)
07/26 12:36:50 PM | Train: [ 23/600] Final Prec@1 59.0980%
07/26 12:36:52 PM | Valid: [ 23/600] Step 000/104 Loss 1.585 Prec@(1,5) (60.4%, 83.3%)
07/26 12:37:21 PM | Valid: [ 23/600] Step 104/104 Loss 1.455 Prec@(1,5) (59.2%, 86.5%)
07/26 12:37:21 PM | Valid: [ 23/600] Final Prec@1 59.2000%
07/26 12:37:21 PM | Epoch 23 LR 0.024901433766430975
07/26 12:37:24 PM | Train: [ 24/600] Step 000/520 Loss 1.961 Prec@(1,5) (60.4%, 90.6%)
07/26 12:38:44 PM | Train: [ 24/600] Step 200/520 Loss 1.980 Prec@(1,5) (60.3%, 88.0%)
07/26 12:40:05 PM | Train: [ 24/600] Step 400/520 Loss 2.002 Prec@(1,5) (59.7%, 87.6%)
07/26 12:40:52 PM | Train: [ 24/600] Step 520/520 Loss 2.000 Prec@(1,5) (59.6%, 87.7%)
07/26 12:40:52 PM | Train: [ 24/600] Final Prec@1 59.6180%
07/26 12:40:54 PM | Valid: [ 24/600] Step 000/104 Loss 1.582 Prec@(1,5) (61.5%, 84.4%)
07/26 12:41:23 PM | Valid: [ 24/600] Step 104/104 Loss 1.456 Prec@(1,5) (59.5%, 86.7%)
07/26 12:41:23 PM | Valid: [ 24/600] Final Prec@1 59.5400%
07/26 12:41:23 PM | Epoch 24 LR 0.024893060767172633
07/26 12:41:25 PM | Train: [ 25/600] Step 000/520 Loss 1.906 Prec@(1,5) (66.7%, 85.4%)
07/26 12:42:46 PM | Train: [ 25/600] Step 200/520 Loss 1.951 Prec@(1,5) (60.5%, 87.9%)
07/26 12:44:07 PM | Train: [ 25/600] Step 400/520 Loss 1.975 Prec@(1,5) (59.9%, 87.9%)
07/26 12:44:54 PM | Train: [ 25/600] Step 520/520 Loss 1.980 Prec@(1,5) (59.8%, 87.8%)
07/26 12:44:54 PM | Train: [ 25/600] Final Prec@1 59.8260%
07/26 12:44:55 PM | Valid: [ 25/600] Step 000/104 Loss 1.473 Prec@(1,5) (59.4%, 87.5%)
07/26 12:45:25 PM | Valid: [ 25/600] Step 104/104 Loss 1.606 Prec@(1,5) (57.8%, 84.9%)
07/26 12:45:25 PM | Valid: [ 25/600] Final Prec@1 57.8100%
07/26 12:45:25 PM | Epoch 25 LR 0.024884348005893047
07/26 12:45:27 PM | Train: [ 26/600] Step 000/520 Loss 1.976 Prec@(1,5) (64.6%, 88.5%)
07/26 12:46:48 PM | Train: [ 26/600] Step 200/520 Loss 1.904 Prec@(1,5) (61.8%, 88.3%)
07/26 12:48:08 PM | Train: [ 26/600] Step 400/520 Loss 1.938 Prec@(1,5) (60.8%, 88.2%)
07/26 12:48:55 PM | Train: [ 26/600] Step 520/520 Loss 1.949 Prec@(1,5) (60.7%, 88.0%)
07/26 12:48:55 PM | Train: [ 26/600] Final Prec@1 60.6760%
07/26 12:48:56 PM | Valid: [ 26/600] Step 000/104 Loss 1.557 Prec@(1,5) (63.5%, 85.4%)
07/26 12:49:26 PM | Valid: [ 26/600] Step 104/104 Loss 1.416 Prec@(1,5) (60.7%, 87.6%)
07/26 12:49:26 PM | Valid: [ 26/600] Final Prec@1 60.6600%
07/26 12:49:26 PM | Epoch 26 LR 0.02487529572145697
07/26 12:49:28 PM | Train: [ 27/600] Step 000/520 Loss 1.796 Prec@(1,5) (65.6%, 89.6%)
07/26 12:50:50 PM | Train: [ 27/600] Step 200/520 Loss 1.874 Prec@(1,5) (62.2%, 88.8%)
07/26 12:52:10 PM | Train: [ 27/600] Step 400/520 Loss 1.911 Prec@(1,5) (61.3%, 88.5%)
07/26 12:52:57 PM | Train: [ 27/600] Step 520/520 Loss 1.925 Prec@(1,5) (61.1%, 88.3%)
07/26 12:52:57 PM | Train: [ 27/600] Final Prec@1 61.0780%
07/26 12:52:59 PM | Valid: [ 27/600] Step 000/104 Loss 1.282 Prec@(1,5) (64.6%, 91.7%)
07/26 12:53:28 PM | Valid: [ 27/600] Step 104/104 Loss 1.458 Prec@(1,5) (60.0%, 86.9%)
07/26 12:53:28 PM | Valid: [ 27/600] Final Prec@1 59.9900%
07/26 12:53:28 PM | Epoch 27 LR 0.024865904162037357
07/26 12:53:30 PM | Train: [ 28/600] Step 000/520 Loss 1.914 Prec@(1,5) (62.5%, 89.6%)
07/26 12:54:52 PM | Train: [ 28/600] Step 200/520 Loss 1.865 Prec@(1,5) (62.1%, 89.2%)
07/26 12:56:13 PM | Train: [ 28/600] Step 400/520 Loss 1.880 Prec@(1,5) (62.0%, 89.0%)
07/26 12:57:00 PM | Train: [ 28/600] Step 520/520 Loss 1.893 Prec@(1,5) (61.7%, 88.8%)
07/26 12:57:00 PM | Train: [ 28/600] Final Prec@1 61.6560%
07/26 12:57:01 PM | Valid: [ 28/600] Step 000/104 Loss 1.373 Prec@(1,5) (65.6%, 88.5%)
07/26 12:57:31 PM | Valid: [ 28/600] Step 104/104 Loss 1.426 Prec@(1,5) (60.6%, 87.1%)
07/26 12:57:31 PM | Valid: [ 28/600] Final Prec@1 60.5900%
07/26 12:57:31 PM | Epoch 28 LR 0.024856173585108544
07/26 12:57:33 PM | Train: [ 29/600] Step 000/520 Loss 1.747 Prec@(1,5) (64.6%, 89.6%)
07/26 12:58:54 PM | Train: [ 29/600] Step 200/520 Loss 1.837 Prec@(1,5) (62.9%, 89.3%)
07/26 01:00:15 PM | Train: [ 29/600] Step 400/520 Loss 1.878 Prec@(1,5) (62.1%, 88.7%)
07/26 01:01:02 PM | Train: [ 29/600] Step 520/520 Loss 1.884 Prec@(1,5) (62.0%, 88.6%)
07/26 01:01:02 PM | Train: [ 29/600] Final Prec@1 61.9860%
07/26 01:01:04 PM | Valid: [ 29/600] Step 000/104 Loss 1.337 Prec@(1,5) (65.6%, 90.6%)
07/26 01:01:33 PM | Valid: [ 29/600] Step 104/104 Loss 1.436 Prec@(1,5) (60.6%, 87.2%)
07/26 01:01:33 PM | Valid: [ 29/600] Final Prec@1 60.6300%
07/26 01:01:33 PM | Epoch 29 LR 0.024846104257439224
07/26 01:01:36 PM | Train: [ 30/600] Step 000/520 Loss 1.816 Prec@(1,5) (61.5%, 89.6%)
07/26 01:02:57 PM | Train: [ 30/600] Step 200/520 Loss 1.833 Prec@(1,5) (62.8%, 89.4%)
07/26 01:04:17 PM | Train: [ 30/600] Step 400/520 Loss 1.847 Prec@(1,5) (62.6%, 89.2%)
07/26 01:05:05 PM | Train: [ 30/600] Step 520/520 Loss 1.858 Prec@(1,5) (62.4%, 89.1%)
07/26 01:05:05 PM | Train: [ 30/600] Final Prec@1 62.3660%
07/26 01:05:07 PM | Valid: [ 30/600] Step 000/104 Loss 1.511 Prec@(1,5) (61.5%, 87.5%)
07/26 01:05:36 PM | Valid: [ 30/600] Step 104/104 Loss 1.451 Prec@(1,5) (60.6%, 87.5%)
07/26 01:05:36 PM | Valid: [ 30/600] Final Prec@1 60.6400%
07/26 01:05:36 PM | Epoch 30 LR 0.024835696455085092
07/26 01:05:38 PM | Train: [ 31/600] Step 000/520 Loss 1.920 Prec@(1,5) (63.5%, 86.5%)
07/26 01:07:00 PM | Train: [ 31/600] Step 200/520 Loss 1.784 Prec@(1,5) (63.5%, 90.1%)
07/26 01:08:20 PM | Train: [ 31/600] Step 400/520 Loss 1.827 Prec@(1,5) (62.9%, 89.5%)
07/26 01:09:07 PM | Train: [ 31/600] Step 520/520 Loss 1.852 Prec@(1,5) (62.6%, 89.1%)
07/26 01:09:07 PM | Train: [ 31/600] Final Prec@1 62.5620%
07/26 01:09:08 PM | Valid: [ 31/600] Step 000/104 Loss 1.420 Prec@(1,5) (64.6%, 85.4%)
07/26 01:09:38 PM | Valid: [ 31/600] Step 104/104 Loss 1.469 Prec@(1,5) (59.4%, 86.6%)
07/26 01:09:38 PM | Valid: [ 31/600] Final Prec@1 59.4100%
07/26 01:09:38 PM | Epoch 31 LR 0.024824950463381314
07/26 01:09:40 PM | Train: [ 32/600] Step 000/520 Loss 1.983 Prec@(1,5) (56.2%, 90.6%)
07/26 01:11:01 PM | Train: [ 32/600] Step 200/520 Loss 1.774 Prec@(1,5) (63.9%, 90.0%)
07/26 01:12:21 PM | Train: [ 32/600] Step 400/520 Loss 1.807 Prec@(1,5) (63.2%, 89.7%)
07/26 01:13:07 PM | Train: [ 32/600] Step 520/520 Loss 1.817 Prec@(1,5) (63.1%, 89.5%)
07/26 01:13:07 PM | Train: [ 32/600] Final Prec@1 63.0720%
07/26 01:13:09 PM | Valid: [ 32/600] Step 000/104 Loss 1.541 Prec@(1,5) (59.4%, 89.6%)
07/26 01:13:38 PM | Valid: [ 32/600] Step 104/104 Loss 1.444 Prec@(1,5) (61.1%, 87.4%)
07/26 01:13:38 PM | Valid: [ 32/600] Final Prec@1 61.1400%
07/26 01:13:38 PM | Epoch 32 LR 0.024813866576934674
07/26 01:13:41 PM | Train: [ 33/600] Step 000/520 Loss 1.490 Prec@(1,5) (66.7%, 92.7%)
07/26 01:15:01 PM | Train: [ 33/600] Step 200/520 Loss 1.772 Prec@(1,5) (63.8%, 90.2%)
07/26 01:16:22 PM | Train: [ 33/600] Step 400/520 Loss 1.796 Prec@(1,5) (63.5%, 90.0%)
07/26 01:17:09 PM | Train: [ 33/600] Step 520/520 Loss 1.805 Prec@(1,5) (63.4%, 89.8%)
07/26 01:17:09 PM | Train: [ 33/600] Final Prec@1 63.4260%
07/26 01:17:11 PM | Valid: [ 33/600] Step 000/104 Loss 1.407 Prec@(1,5) (66.7%, 89.6%)
07/26 01:17:40 PM | Valid: [ 33/600] Step 104/104 Loss 1.421 Prec@(1,5) (61.2%, 87.9%)
07/26 01:17:40 PM | Valid: [ 33/600] Final Prec@1 61.2200%
07/26 01:17:40 PM | Epoch 33 LR 0.024802445099615524
07/26 01:17:42 PM | Train: [ 34/600] Step 000/520 Loss 1.568 Prec@(1,5) (65.6%, 89.6%)
07/26 01:19:02 PM | Train: [ 34/600] Step 200/520 Loss 1.739 Prec@(1,5) (64.9%, 90.5%)
07/26 01:20:22 PM | Train: [ 34/600] Step 400/520 Loss 1.771 Prec@(1,5) (64.1%, 90.1%)
07/26 01:21:09 PM | Train: [ 34/600] Step 520/520 Loss 1.784 Prec@(1,5) (63.8%, 90.0%)
07/26 01:21:09 PM | Train: [ 34/600] Final Prec@1 63.7920%
07/26 01:21:11 PM | Valid: [ 34/600] Step 000/104 Loss 1.476 Prec@(1,5) (59.4%, 87.5%)
07/26 01:21:40 PM | Valid: [ 34/600] Step 104/104 Loss 1.423 Prec@(1,5) (60.6%, 87.8%)
07/26 01:21:40 PM | Valid: [ 34/600] Final Prec@1 60.6000%
07/26 01:21:40 PM | Epoch 34 LR 0.024790686344549437
07/26 01:21:43 PM | Train: [ 35/600] Step 000/520 Loss 1.994 Prec@(1,5) (62.5%, 82.3%)
07/26 01:23:03 PM | Train: [ 35/600] Step 200/520 Loss 1.729 Prec@(1,5) (64.9%, 90.5%)
07/26 01:24:23 PM | Train: [ 35/600] Step 400/520 Loss 1.779 Prec@(1,5) (64.1%, 90.0%)
07/26 01:25:10 PM | Train: [ 35/600] Step 520/520 Loss 1.793 Prec@(1,5) (63.8%, 89.9%)
07/26 01:25:10 PM | Train: [ 35/600] Final Prec@1 63.7760%
07/26 01:25:11 PM | Valid: [ 35/600] Step 000/104 Loss 1.395 Prec@(1,5) (61.5%, 92.7%)
07/26 01:25:40 PM | Valid: [ 35/600] Step 104/104 Loss 1.395 Prec@(1,5) (62.2%, 87.7%)
07/26 01:25:40 PM | Valid: [ 35/600] Final Prec@1 62.1600%
07/26 01:25:41 PM | Epoch 35 LR 0.024778590634108612
07/26 01:25:43 PM | Train: [ 36/600] Step 000/520 Loss 1.495 Prec@(1,5) (68.8%, 91.7%)
07/26 01:27:03 PM | Train: [ 36/600] Step 200/520 Loss 1.743 Prec@(1,5) (64.8%, 90.3%)
07/26 01:28:23 PM | Train: [ 36/600] Step 400/520 Loss 1.759 Prec@(1,5) (64.4%, 90.3%)
07/26 01:29:10 PM | Train: [ 36/600] Step 520/520 Loss 1.764 Prec@(1,5) (64.3%, 90.2%)
07/26 01:29:10 PM | Train: [ 36/600] Final Prec@1 64.2720%
07/26 01:29:11 PM | Valid: [ 36/600] Step 000/104 Loss 1.427 Prec@(1,5) (58.3%, 89.6%)
07/26 01:29:41 PM | Valid: [ 36/600] Step 104/104 Loss 1.378 Prec@(1,5) (61.5%, 88.5%)
07/26 01:29:41 PM | Valid: [ 36/600] Final Prec@1 61.4900%
07/26 01:29:41 PM | Epoch 36 LR 0.024766158299903064
07/26 01:29:43 PM | Train: [ 37/600] Step 000/520 Loss 1.418 Prec@(1,5) (70.8%, 93.8%)
07/26 01:31:04 PM | Train: [ 37/600] Step 200/520 Loss 1.699 Prec@(1,5) (65.5%, 90.9%)
07/26 01:32:26 PM | Train: [ 37/600] Step 400/520 Loss 1.741 Prec@(1,5) (64.7%, 90.4%)
07/26 01:33:14 PM | Train: [ 37/600] Step 520/520 Loss 1.761 Prec@(1,5) (64.4%, 90.1%)
07/26 01:33:14 PM | Train: [ 37/600] Final Prec@1 64.3660%
07/26 01:33:15 PM | Valid: [ 37/600] Step 000/104 Loss 1.410 Prec@(1,5) (57.3%, 88.5%)
07/26 01:33:45 PM | Valid: [ 37/600] Step 104/104 Loss 1.584 Prec@(1,5) (58.1%, 85.4%)
07/26 01:33:45 PM | Valid: [ 37/600] Final Prec@1 58.0500%
07/26 01:33:45 PM | Epoch 37 LR 0.024753389682771524
07/26 01:33:47 PM | Train: [ 38/600] Step 000/520 Loss 1.800 Prec@(1,5) (65.6%, 90.6%)
07/26 01:35:07 PM | Train: [ 38/600] Step 200/520 Loss 1.688 Prec@(1,5) (65.6%, 91.1%)
07/26 01:36:27 PM | Train: [ 38/600] Step 400/520 Loss 1.732 Prec@(1,5) (64.7%, 90.6%)
07/26 01:37:14 PM | Train: [ 38/600] Step 520/520 Loss 1.752 Prec@(1,5) (64.4%, 90.4%)
07/26 01:37:14 PM | Train: [ 38/600] Final Prec@1 64.3900%
07/26 01:37:16 PM | Valid: [ 38/600] Step 000/104 Loss 1.385 Prec@(1,5) (66.7%, 90.6%)
07/26 01:37:45 PM | Valid: [ 38/600] Step 104/104 Loss 1.336 Prec@(1,5) (63.7%, 88.4%)
07/26 01:37:45 PM | Valid: [ 38/600] Final Prec@1 63.7200%
07/26 01:37:45 PM | Epoch 38 LR 0.024740285132772072
07/26 01:37:48 PM | Train: [ 39/600] Step 000/520 Loss 1.613 Prec@(1,5) (74.0%, 92.7%)
07/26 01:39:08 PM | Train: [ 39/600] Step 200/520 Loss 1.672 Prec@(1,5) (66.1%, 91.2%)
07/26 01:40:28 PM | Train: [ 39/600] Step 400/520 Loss 1.717 Prec@(1,5) (65.2%, 90.7%)
07/26 01:41:15 PM | Train: [ 39/600] Step 520/520 Loss 1.733 Prec@(1,5) (64.8%, 90.5%)
07/26 01:41:15 PM | Train: [ 39/600] Final Prec@1 64.8100%
07/26 01:41:16 PM | Valid: [ 39/600] Step 000/104 Loss 1.518 Prec@(1,5) (65.6%, 86.5%)
07/26 01:41:46 PM | Valid: [ 39/600] Step 104/104 Loss 1.438 Prec@(1,5) (61.8%, 87.2%)
07/26 01:41:46 PM | Valid: [ 39/600] Final Prec@1 61.7500%
07/26 01:41:46 PM | Epoch 39 LR 0.024726845009172573
07/26 01:41:48 PM | Train: [ 40/600] Step 000/520 Loss 1.625 Prec@(1,5) (63.5%, 90.6%)
07/26 01:43:09 PM | Train: [ 40/600] Step 200/520 Loss 1.673 Prec@(1,5) (66.0%, 91.0%)
07/26 01:44:29 PM | Train: [ 40/600] Step 400/520 Loss 1.713 Prec@(1,5) (65.3%, 90.6%)
07/26 01:45:15 PM | Train: [ 40/600] Step 520/520 Loss 1.726 Prec@(1,5) (65.0%, 90.5%)
07/26 01:45:15 PM | Train: [ 40/600] Final Prec@1 64.9980%
07/26 01:45:17 PM | Valid: [ 40/600] Step 000/104 Loss 1.352 Prec@(1,5) (62.5%, 86.5%)
07/26 01:45:46 PM | Valid: [ 40/600] Step 104/104 Loss 1.377 Prec@(1,5) (62.5%, 88.6%)
07/26 01:45:46 PM | Valid: [ 40/600] Final Prec@1 62.4700%
07/26 01:45:47 PM | Epoch 40 LR 0.024713069680440798
07/26 01:45:49 PM | Train: [ 41/600] Step 000/520 Loss 1.488 Prec@(1,5) (70.8%, 91.7%)
07/26 01:47:09 PM | Train: [ 41/600] Step 200/520 Loss 1.644 Prec@(1,5) (66.7%, 91.4%)
07/26 01:48:29 PM | Train: [ 41/600] Step 400/520 Loss 1.696 Prec@(1,5) (65.7%, 90.7%)
07/26 01:49:16 PM | Train: [ 41/600] Step 520/520 Loss 1.701 Prec@(1,5) (65.6%, 90.6%)
07/26 01:49:16 PM | Train: [ 41/600] Final Prec@1 65.5700%
07/26 01:49:18 PM | Valid: [ 41/600] Step 000/104 Loss 1.334 Prec@(1,5) (62.5%, 85.4%)
07/26 01:49:47 PM | Valid: [ 41/600] Step 104/104 Loss 1.622 Prec@(1,5) (58.8%, 85.6%)
07/26 01:49:47 PM | Valid: [ 41/600] Final Prec@1 58.8100%
07/26 01:49:47 PM | Epoch 41 LR 0.024698959524234343
07/26 01:49:49 PM | Train: [ 42/600] Step 000/520 Loss 1.638 Prec@(1,5) (62.5%, 91.7%)
07/26 01:51:10 PM | Train: [ 42/600] Step 200/520 Loss 1.656 Prec@(1,5) (66.3%, 90.7%)
07/26 01:52:30 PM | Train: [ 42/600] Step 400/520 Loss 1.695 Prec@(1,5) (65.6%, 90.7%)
07/26 01:53:16 PM | Train: [ 42/600] Step 520/520 Loss 1.705 Prec@(1,5) (65.5%, 90.6%)
07/26 01:53:17 PM | Train: [ 42/600] Final Prec@1 65.5140%
07/26 01:53:18 PM | Valid: [ 42/600] Step 000/104 Loss 1.428 Prec@(1,5) (65.6%, 87.5%)
07/26 01:53:47 PM | Valid: [ 42/600] Step 104/104 Loss 1.444 Prec@(1,5) (61.7%, 88.1%)
07/26 01:53:48 PM | Valid: [ 42/600] Final Prec@1 61.6800%
07/26 01:53:48 PM | Epoch 42 LR 0.024684514927390273
07/26 01:53:50 PM | Train: [ 43/600] Step 000/520 Loss 2.071 Prec@(1,5) (59.4%, 89.6%)
07/26 01:55:11 PM | Train: [ 43/600] Step 200/520 Loss 1.652 Prec@(1,5) (66.7%, 91.4%)
07/26 01:56:31 PM | Train: [ 43/600] Step 400/520 Loss 1.677 Prec@(1,5) (66.2%, 91.0%)
07/26 01:57:17 PM | Train: [ 43/600] Step 520/520 Loss 1.695 Prec@(1,5) (65.7%, 90.9%)
07/26 01:57:17 PM | Train: [ 43/600] Final Prec@1 65.7420%
07/26 01:57:19 PM | Valid: [ 43/600] Step 000/104 Loss 1.291 Prec@(1,5) (62.5%, 86.5%)
07/26 01:57:49 PM | Valid: [ 43/600] Step 104/104 Loss 1.432 Prec@(1,5) (60.9%, 87.7%)
07/26 01:57:49 PM | Valid: [ 43/600] Final Prec@1 60.9100%
07/26 01:57:49 PM | Epoch 43 LR 0.024669736285914505
07/26 01:57:51 PM | Train: [ 44/600] Step 000/520 Loss 1.770 Prec@(1,5) (64.6%, 92.7%)
07/26 01:59:11 PM | Train: [ 44/600] Step 200/520 Loss 1.624 Prec@(1,5) (67.2%, 91.5%)
07/26 02:00:31 PM | Train: [ 44/600] Step 400/520 Loss 1.656 Prec@(1,5) (66.6%, 91.3%)
07/26 02:01:18 PM | Train: [ 44/600] Step 520/520 Loss 1.672 Prec@(1,5) (66.4%, 91.1%)
07/26 02:01:18 PM | Train: [ 44/600] Final Prec@1 66.4480%
07/26 02:01:20 PM | Valid: [ 44/600] Step 000/104 Loss 1.233 Prec@(1,5) (65.6%, 89.6%)
07/26 02:01:49 PM | Valid: [ 44/600] Step 104/104 Loss 1.374 Prec@(1,5) (63.7%, 88.4%)
07/26 02:01:49 PM | Valid: [ 44/600] Final Prec@1 63.7400%
07/26 02:01:49 PM | Epoch 44 LR 0.024654624004970958
07/26 02:01:52 PM | Train: [ 45/600] Step 000/520 Loss 1.624 Prec@(1,5) (67.7%, 89.6%)
07/26 02:03:12 PM | Train: [ 45/600] Step 200/520 Loss 1.619 Prec@(1,5) (67.1%, 91.4%)
07/26 02:04:32 PM | Train: [ 45/600] Step 400/520 Loss 1.654 Prec@(1,5) (66.5%, 91.4%)
07/26 02:05:19 PM | Train: [ 45/600] Step 520/520 Loss 1.670 Prec@(1,5) (66.3%, 91.2%)
07/26 02:05:19 PM | Train: [ 45/600] Final Prec@1 66.2500%
07/26 02:05:20 PM | Valid: [ 45/600] Step 000/104 Loss 1.650 Prec@(1,5) (60.4%, 83.3%)
07/26 02:05:50 PM | Valid: [ 45/600] Step 104/104 Loss 1.408 Prec@(1,5) (61.6%, 88.2%)
07/26 02:05:50 PM | Valid: [ 45/600] Final Prec@1 61.6100%
07/26 02:05:50 PM | Epoch 45 LR 0.024639178498870453
07/26 02:05:52 PM | Train: [ 46/600] Step 000/520 Loss 1.735 Prec@(1,5) (62.5%, 91.7%)
07/26 02:07:12 PM | Train: [ 46/600] Step 200/520 Loss 1.618 Prec@(1,5) (67.3%, 91.5%)
07/26 02:08:32 PM | Train: [ 46/600] Step 400/520 Loss 1.647 Prec@(1,5) (66.4%, 91.4%)
07/26 02:09:19 PM | Train: [ 46/600] Step 520/520 Loss 1.669 Prec@(1,5) (66.0%, 91.1%)
07/26 02:09:19 PM | Train: [ 46/600] Final Prec@1 66.0200%
07/26 02:09:21 PM | Valid: [ 46/600] Step 000/104 Loss 1.539 Prec@(1,5) (62.5%, 89.6%)
07/26 02:09:50 PM | Valid: [ 46/600] Step 104/104 Loss 1.381 Prec@(1,5) (63.4%, 88.0%)
07/26 02:09:50 PM | Valid: [ 46/600] Final Prec@1 63.3600%
07/26 02:09:50 PM | Epoch 46 LR 0.02462340019105934
07/26 02:09:53 PM | Train: [ 47/600] Step 000/520 Loss 1.667 Prec@(1,5) (68.8%, 87.5%)
07/26 02:11:13 PM | Train: [ 47/600] Step 200/520 Loss 1.591 Prec@(1,5) (67.7%, 91.8%)
07/26 02:12:33 PM | Train: [ 47/600] Step 400/520 Loss 1.643 Prec@(1,5) (66.6%, 91.4%)
07/26 02:13:19 PM | Train: [ 47/600] Step 520/520 Loss 1.664 Prec@(1,5) (66.1%, 91.2%)
07/26 02:13:19 PM | Train: [ 47/600] Final Prec@1 66.0840%
07/26 02:13:21 PM | Valid: [ 47/600] Step 000/104 Loss 1.439 Prec@(1,5) (63.5%, 87.5%)
07/26 02:13:50 PM | Valid: [ 47/600] Step 104/104 Loss 1.364 Prec@(1,5) (62.8%, 88.5%)
07/26 02:13:50 PM | Valid: [ 47/600] Final Prec@1 62.8200%
07/26 02:13:51 PM | Epoch 47 LR 0.02460728951410789
07/26 02:13:53 PM | Train: [ 48/600] Step 000/520 Loss 1.406 Prec@(1,5) (71.9%, 92.7%)
07/26 02:15:14 PM | Train: [ 48/600] Step 200/520 Loss 1.587 Prec@(1,5) (67.4%, 91.8%)
07/26 02:16:34 PM | Train: [ 48/600] Step 400/520 Loss 1.624 Prec@(1,5) (66.9%, 91.5%)
07/26 02:17:20 PM | Train: [ 48/600] Step 520/520 Loss 1.638 Prec@(1,5) (66.7%, 91.4%)
07/26 02:17:21 PM | Train: [ 48/600] Final Prec@1 66.6600%
07/26 02:17:22 PM | Valid: [ 48/600] Step 000/104 Loss 1.343 Prec@(1,5) (61.5%, 85.4%)
07/26 02:17:51 PM | Valid: [ 48/600] Step 104/104 Loss 1.328 Prec@(1,5) (64.3%, 89.0%)
07/26 02:17:51 PM | Valid: [ 48/600] Final Prec@1 64.2600%
07/26 02:17:51 PM | Epoch 48 LR 0.024590846909698462
07/26 02:17:54 PM | Train: [ 49/600] Step 000/520 Loss 1.515 Prec@(1,5) (67.7%, 94.8%)
07/26 02:19:14 PM | Train: [ 49/600] Step 200/520 Loss 1.587 Prec@(1,5) (67.8%, 92.3%)
07/26 02:20:34 PM | Train: [ 49/600] Step 400/520 Loss 1.622 Prec@(1,5) (67.1%, 91.7%)
07/26 02:21:21 PM | Train: [ 49/600] Step 520/520 Loss 1.635 Prec@(1,5) (66.8%, 91.5%)
07/26 02:21:21 PM | Train: [ 49/600] Final Prec@1 66.7840%
07/26 02:21:22 PM | Valid: [ 49/600] Step 000/104 Loss 1.551 Prec@(1,5) (60.4%, 87.5%)
07/26 02:21:52 PM | Valid: [ 49/600] Step 104/104 Loss 1.381 Prec@(1,5) (62.9%, 88.9%)
07/26 02:21:52 PM | Valid: [ 49/600] Final Prec@1 62.9000%
07/26 02:21:52 PM | Epoch 49 LR 0.024574072828613354
07/26 02:21:54 PM | Train: [ 50/600] Step 000/520 Loss 1.409 Prec@(1,5) (72.9%, 93.8%)
07/26 02:23:14 PM | Train: [ 50/600] Step 200/520 Loss 1.576 Prec@(1,5) (68.0%, 91.8%)
07/26 02:24:34 PM | Train: [ 50/600] Step 400/520 Loss 1.615 Prec@(1,5) (67.1%, 91.6%)
07/26 02:25:21 PM | Train: [ 50/600] Step 520/520 Loss 1.628 Prec@(1,5) (66.9%, 91.5%)
07/26 02:25:21 PM | Train: [ 50/600] Final Prec@1 66.8840%
07/26 02:25:23 PM | Valid: [ 50/600] Step 000/104 Loss 1.388 Prec@(1,5) (60.4%, 86.5%)
07/26 02:25:52 PM | Valid: [ 50/600] Step 104/104 Loss 1.371 Prec@(1,5) (63.2%, 88.6%)
07/26 02:25:52 PM | Valid: [ 50/600] Final Prec@1 63.2100%
07/26 02:25:52 PM | Epoch 50 LR 0.024556967730722478
07/26 02:25:54 PM | Train: [ 51/600] Step 000/520 Loss 1.526 Prec@(1,5) (71.9%, 94.8%)
07/26 02:27:15 PM | Train: [ 51/600] Step 200/520 Loss 1.588 Prec@(1,5) (67.4%, 92.0%)
07/26 02:28:35 PM | Train: [ 51/600] Step 400/520 Loss 1.602 Prec@(1,5) (67.2%, 91.9%)
07/26 02:29:22 PM | Train: [ 51/600] Step 520/520 Loss 1.624 Prec@(1,5) (66.9%, 91.6%)
07/26 02:29:22 PM | Train: [ 51/600] Final Prec@1 66.9320%
07/26 02:29:23 PM | Valid: [ 51/600] Step 000/104 Loss 1.504 Prec@(1,5) (60.4%, 88.5%)
07/26 02:29:53 PM | Valid: [ 51/600] Step 104/104 Loss 1.420 Prec@(1,5) (62.5%, 87.8%)
07/26 02:29:53 PM | Valid: [ 51/600] Final Prec@1 62.5100%
07/26 02:29:53 PM | Epoch 51 LR 0.024539532084970728
07/26 02:29:55 PM | Train: [ 52/600] Step 000/520 Loss 1.442 Prec@(1,5) (72.9%, 95.8%)
07/26 02:31:15 PM | Train: [ 52/600] Step 200/520 Loss 1.580 Prec@(1,5) (68.3%, 91.8%)
07/26 02:32:36 PM | Train: [ 52/600] Step 400/520 Loss 1.610 Prec@(1,5) (67.4%, 91.6%)
07/26 02:33:22 PM | Train: [ 52/600] Step 520/520 Loss 1.618 Prec@(1,5) (67.3%, 91.5%)
07/26 02:33:22 PM | Train: [ 52/600] Final Prec@1 67.2540%
07/26 02:33:24 PM | Valid: [ 52/600] Step 000/104 Loss 1.366 Prec@(1,5) (64.6%, 90.6%)
07/26 02:33:53 PM | Valid: [ 52/600] Step 104/104 Loss 1.366 Prec@(1,5) (63.4%, 88.5%)
07/26 02:33:53 PM | Valid: [ 52/600] Final Prec@1 63.4000%
07/26 02:33:53 PM | Epoch 52 LR 0.024521766369365143
07/26 02:33:56 PM | Train: [ 53/600] Step 000/520 Loss 1.537 Prec@(1,5) (72.9%, 91.7%)
07/26 02:35:16 PM | Train: [ 53/600] Step 200/520 Loss 1.561 Prec@(1,5) (68.2%, 92.2%)
07/26 02:36:36 PM | Train: [ 53/600] Step 400/520 Loss 1.592 Prec@(1,5) (67.6%, 91.8%)
07/26 02:37:23 PM | Train: [ 53/600] Step 520/520 Loss 1.603 Prec@(1,5) (67.5%, 91.7%)
07/26 02:37:23 PM | Train: [ 53/600] Final Prec@1 67.5280%
07/26 02:37:24 PM | Valid: [ 53/600] Step 000/104 Loss 1.230 Prec@(1,5) (66.7%, 90.6%)
07/26 02:37:54 PM | Valid: [ 53/600] Step 104/104 Loss 1.353 Prec@(1,5) (63.8%, 88.3%)
07/26 02:37:54 PM | Valid: [ 53/600] Final Prec@1 63.8200%
07/26 02:37:54 PM | Epoch 53 LR 0.02450367107096179
07/26 02:37:56 PM | Train: [ 54/600] Step 000/520 Loss 1.817 Prec@(1,5) (60.4%, 87.5%)
07/26 02:39:16 PM | Train: [ 54/600] Step 200/520 Loss 1.561 Prec@(1,5) (68.1%, 92.3%)
07/26 02:40:36 PM | Train: [ 54/600] Step 400/520 Loss 1.588 Prec@(1,5) (67.6%, 92.0%)
07/26 02:41:23 PM | Train: [ 54/600] Step 520/520 Loss 1.611 Prec@(1,5) (67.2%, 91.7%)
07/26 02:41:23 PM | Train: [ 54/600] Final Prec@1 67.2380%
07/26 02:41:25 PM | Valid: [ 54/600] Step 000/104 Loss 1.296 Prec@(1,5) (67.7%, 89.6%)
07/26 02:41:54 PM | Valid: [ 54/600] Step 104/104 Loss 1.401 Prec@(1,5) (63.1%, 88.7%)
07/26 02:41:54 PM | Valid: [ 54/600] Final Prec@1 63.0600%
07/26 02:41:54 PM | Epoch 54 LR 0.024485246685852415
07/26 02:41:57 PM | Train: [ 55/600] Step 000/520 Loss 1.560 Prec@(1,5) (71.9%, 92.7%)
07/26 02:43:18 PM | Train: [ 55/600] Step 200/520 Loss 1.549 Prec@(1,5) (68.5%, 92.4%)
07/26 02:44:38 PM | Train: [ 55/600] Step 400/520 Loss 1.589 Prec@(1,5) (67.6%, 92.0%)
07/26 02:45:24 PM | Train: [ 55/600] Step 520/520 Loss 1.594 Prec@(1,5) (67.5%, 92.0%)
07/26 02:45:24 PM | Train: [ 55/600] Final Prec@1 67.5100%
07/26 02:45:26 PM | Valid: [ 55/600] Step 000/104 Loss 1.394 Prec@(1,5) (66.7%, 89.6%)
07/26 02:45:55 PM | Valid: [ 55/600] Step 104/104 Loss 1.365 Prec@(1,5) (63.4%, 88.6%)
07/26 02:45:55 PM | Valid: [ 55/600] Final Prec@1 63.3500%
07/26 02:45:55 PM | Epoch 55 LR 0.024466493719150842
07/26 02:45:58 PM | Train: [ 56/600] Step 000/520 Loss 1.851 Prec@(1,5) (60.4%, 88.5%)
07/26 02:47:18 PM | Train: [ 56/600] Step 200/520 Loss 1.551 Prec@(1,5) (68.5%, 92.5%)
07/26 02:48:38 PM | Train: [ 56/600] Step 400/520 Loss 1.588 Prec@(1,5) (67.7%, 91.9%)
07/26 02:49:25 PM | Train: [ 56/600] Step 520/520 Loss 1.595 Prec@(1,5) (67.6%, 91.9%)
07/26 02:49:25 PM | Train: [ 56/600] Final Prec@1 67.5500%
07/26 02:49:26 PM | Valid: [ 56/600] Step 000/104 Loss 1.203 Prec@(1,5) (62.5%, 88.5%)
07/26 02:49:55 PM | Valid: [ 56/600] Step 104/104 Loss 1.407 Prec@(1,5) (63.2%, 88.0%)
07/26 02:49:56 PM | Valid: [ 56/600] Final Prec@1 63.1800%
07/26 02:49:56 PM | Epoch 56 LR 0.024447412684979127
07/26 02:49:58 PM | Train: [ 57/600] Step 000/520 Loss 1.448 Prec@(1,5) (74.0%, 91.7%)
07/26 02:51:18 PM | Train: [ 57/600] Step 200/520 Loss 1.551 Prec@(1,5) (68.7%, 92.4%)
07/26 02:52:38 PM | Train: [ 57/600] Step 400/520 Loss 1.569 Prec@(1,5) (68.1%, 92.1%)
07/26 02:53:25 PM | Train: [ 57/600] Step 520/520 Loss 1.585 Prec@(1,5) (67.8%, 91.9%)
07/26 02:53:25 PM | Train: [ 57/600] Final Prec@1 67.7740%
07/26 02:53:27 PM | Valid: [ 57/600] Step 000/104 Loss 1.379 Prec@(1,5) (64.6%, 88.5%)
07/26 02:53:56 PM | Valid: [ 57/600] Step 104/104 Loss 1.404 Prec@(1,5) (62.9%, 88.2%)
07/26 02:53:56 PM | Valid: [ 57/600] Final Prec@1 62.8800%
07/26 02:53:56 PM | Epoch 57 LR 0.02442800410645346
07/26 02:53:59 PM | Train: [ 58/600] Step 000/520 Loss 1.871 Prec@(1,5) (67.7%, 85.4%)
07/26 02:55:19 PM | Train: [ 58/600] Step 200/520 Loss 1.540 Prec@(1,5) (68.8%, 92.5%)
07/26 02:56:39 PM | Train: [ 58/600] Step 400/520 Loss 1.565 Prec@(1,5) (68.2%, 92.1%)
07/26 02:57:25 PM | Train: [ 58/600] Step 520/520 Loss 1.572 Prec@(1,5) (68.1%, 92.1%)
07/26 02:57:26 PM | Train: [ 58/600] Final Prec@1 68.1420%
07/26 02:57:27 PM | Valid: [ 58/600] Step 000/104 Loss 1.534 Prec@(1,5) (64.6%, 84.4%)
07/26 02:57:56 PM | Valid: [ 58/600] Step 104/104 Loss 1.369 Prec@(1,5) (64.6%, 88.6%)
07/26 02:57:56 PM | Valid: [ 58/600] Final Prec@1 64.6000%
07/26 02:57:57 PM | Epoch 58 LR 0.02440826851566983
07/26 02:57:59 PM | Train: [ 59/600] Step 000/520 Loss 1.441 Prec@(1,5) (70.8%, 93.8%)
