07/22 05:21:40 AM | 
07/22 05:21:40 AM | Parameters:
07/22 05:21:40 AM | AUX_WEIGHT=0.4
07/22 05:21:40 AM | BATCH_SIZE=96
07/22 05:21:40 AM | CUTOUT_LENGTH=16
07/22 05:21:40 AM | DATA_PATH=./data/
07/22 05:21:40 AM | DATASET=cifar100
07/22 05:21:40 AM | DROP_PATH_PROB=0.2
07/22 05:21:40 AM | EPOCHS=600
07/22 05:21:40 AM | GENOTYPE=Genotype(normal=[[('skip_connect', 0), ('sep_conv_3x3', 1)], [('skip_connect', 0), ('skip_connect', 1)], [('skip_connect', 0), ('skip_connect', 1)], [('skip_connect', 0), ('skip_connect', 1)]], normal_concat=range(2, 6), reduce=[[('avg_pool_3x3', 0), ('dil_conv_3x3', 1)], [('avg_pool_3x3', 0), ('skip_connect', 2)], [('skip_connect', 2), ('avg_pool_3x3', 0)], [('skip_connect', 2), ('skip_connect', 3)]], reduce_concat=range(2, 6))
07/22 05:21:40 AM | GPUS=[0]
07/22 05:21:40 AM | GRAD_CLIP=5.0
07/22 05:21:40 AM | INIT_CHANNELS=36
07/22 05:21:40 AM | LAYERS=20
07/22 05:21:40 AM | LR=0.025
07/22 05:21:40 AM | MOMENTUM=0.9
07/22 05:21:40 AM | NAME=cifar100
07/22 05:21:40 AM | PATH=augments/cifar100
07/22 05:21:40 AM | PRINT_FREQ=200
07/22 05:21:40 AM | SEED=2
07/22 05:21:40 AM | WEIGHT_DECAY=0.0003
07/22 05:21:40 AM | WORKERS=4
07/22 05:21:40 AM | 
07/22 05:21:40 AM | Logger is set - training start
07/22 05:21:49 AM | Model size = 2.248 MB
07/22 05:21:49 AM | Epoch 0 LR 0.024999828653092835
07/22 05:21:50 AM | Train: [  1/600] Step 000/000 Loss 6.460 Prec@(1,5) (0.0%, 11.1%)
07/22 05:21:50 AM | Train: [  1/600] Final Prec@1 0.0000%
07/22 05:21:50 AM | Valid: [  1/600] Step 000/104 Loss 4.608 Prec@(1,5) (1.0%, 4.2%)
07/22 05:21:54 AM | Valid: [  1/600] Step 104/104 Loss 4.606 Prec@(1,5) (1.0%, 5.0%)
07/22 05:21:54 AM | Valid: [  1/600] Final Prec@1 1.0000%
07/22 05:21:54 AM | Epoch 1 LR 0.024999314617068905
07/22 05:21:55 AM | Train: [  2/600] Step 000/000 Loss 6.464 Prec@(1,5) (11.1%, 11.1%)
07/22 05:21:55 AM | Train: [  2/600] Final Prec@1 11.1111%
07/22 05:21:55 AM | Valid: [  2/600] Step 000/104 Loss 4.613 Prec@(1,5) (0.0%, 4.2%)
07/22 05:27:33 AM | 
07/22 05:27:33 AM | Parameters:
07/22 05:27:33 AM | AUX_WEIGHT=0.4
07/22 05:27:33 AM | BATCH_SIZE=96
07/22 05:27:33 AM | CUTOUT_LENGTH=16
07/22 05:27:33 AM | DATA_PATH=./data/
07/22 05:27:33 AM | DATASET=cifar100
07/22 05:27:33 AM | DROP_PATH_PROB=0.2
07/22 05:27:33 AM | EPOCHS=600
07/22 05:27:33 AM | GENOTYPE=Genotype(normal=[[('skip_connect', 0), ('sep_conv_3x3', 1)], [('skip_connect', 0), ('skip_connect', 1)], [('skip_connect', 0), ('skip_connect', 1)], [('skip_connect', 0), ('skip_connect', 1)]], normal_concat=range(2, 6), reduce=[[('avg_pool_3x3', 0), ('dil_conv_3x3', 1)], [('avg_pool_3x3', 0), ('skip_connect', 2)], [('skip_connect', 2), ('avg_pool_3x3', 0)], [('skip_connect', 2), ('skip_connect', 3)]], reduce_concat=range(2, 6))
07/22 05:27:33 AM | GPUS=[0]
07/22 05:27:33 AM | GRAD_CLIP=5.0
07/22 05:27:33 AM | INIT_CHANNELS=36
07/22 05:27:33 AM | LAYERS=20
07/22 05:27:33 AM | LR=0.025
07/22 05:27:33 AM | MOMENTUM=0.9
07/22 05:27:33 AM | NAME=cifar100
07/22 05:27:33 AM | PATH=augments/cifar100
07/22 05:27:33 AM | PRINT_FREQ=200
07/22 05:27:33 AM | SEED=2
07/22 05:27:33 AM | WEIGHT_DECAY=0.0003
07/22 05:27:33 AM | WORKERS=4
07/22 05:27:33 AM | 
07/22 05:27:33 AM | Logger is set - training start
07/22 05:27:40 AM | Model size = 2.248 MB
07/22 05:27:40 AM | Epoch 0 LR 0.024999828653092835
07/22 05:27:41 AM | Train: [  1/600] Step 000/520 Loss 6.536 Prec@(1,5) (1.0%, 5.2%)
07/22 05:28:10 AM | Train: [  1/600] Step 200/520 Loss 5.782 Prec@(1,5) (6.8%, 23.4%)
07/22 05:28:39 AM | Train: [  1/600] Step 400/520 Loss 5.500 Prec@(1,5) (9.4%, 29.7%)
07/22 05:29:01 AM | Train: [  1/600] Step 520/520 Loss 5.369 Prec@(1,5) (10.8%, 32.5%)
07/22 05:29:01 AM | Train: [  1/600] Final Prec@1 10.8380%
07/22 05:29:01 AM | Valid: [  1/600] Step 000/104 Loss 3.722 Prec@(1,5) (16.7%, 35.4%)
07/22 05:29:06 AM | Valid: [  1/600] Step 104/104 Loss 3.690 Prec@(1,5) (16.5%, 43.2%)
07/22 05:29:06 AM | Valid: [  1/600] Final Prec@1 16.4600%
07/22 05:29:06 AM | Epoch 1 LR 0.024999314617068905
07/22 05:29:07 AM | Train: [  2/600] Step 000/520 Loss 4.920 Prec@(1,5) (19.8%, 40.6%)
07/22 05:29:38 AM | Train: [  2/600] Step 200/520 Loss 4.637 Prec@(1,5) (19.2%, 47.9%)
07/22 05:30:09 AM | Train: [  2/600] Step 400/520 Loss 4.531 Prec@(1,5) (20.5%, 50.0%)
07/22 05:30:27 AM | Train: [  2/600] Step 520/520 Loss 4.463 Prec@(1,5) (21.3%, 51.3%)
07/22 05:30:27 AM | Train: [  2/600] Final Prec@1 21.3360%
07/22 05:30:27 AM | Valid: [  2/600] Step 000/104 Loss 3.111 Prec@(1,5) (28.1%, 57.3%)
07/22 05:30:31 AM | Valid: [  2/600] Step 104/104 Loss 3.019 Prec@(1,5) (25.4%, 58.0%)
07/22 05:30:31 AM | Valid: [  2/600] Final Prec@1 25.3700%
07/22 05:30:31 AM | Epoch 2 LR 0.02499845790602076
07/22 05:30:32 AM | Train: [  3/600] Step 000/520 Loss 4.517 Prec@(1,5) (16.7%, 40.6%)
07/22 05:31:03 AM | Train: [  3/600] Step 200/520 Loss 4.029 Prec@(1,5) (27.6%, 59.3%)
07/22 05:31:34 AM | Train: [  3/600] Step 400/520 Loss 3.928 Prec@(1,5) (28.9%, 60.9%)
07/22 05:31:51 AM | Train: [  3/600] Step 520/520 Loss 3.875 Prec@(1,5) (29.7%, 61.8%)
07/22 05:31:51 AM | Train: [  3/600] Final Prec@1 29.6880%
07/22 05:31:51 AM | Valid: [  3/600] Step 000/104 Loss 2.970 Prec@(1,5) (30.2%, 64.6%)
07/22 05:31:55 AM | Valid: [  3/600] Step 104/104 Loss 2.732 Prec@(1,5) (31.4%, 64.9%)
07/22 05:31:55 AM | Valid: [  3/600] Final Prec@1 31.4000%
07/22 05:31:56 AM | Epoch 3 LR 0.024997258543435572
07/22 05:31:56 AM | Train: [  4/600] Step 000/520 Loss 3.702 Prec@(1,5) (35.4%, 65.6%)
07/22 05:32:26 AM | Train: [  4/600] Step 200/520 Loss 3.560 Prec@(1,5) (34.1%, 67.2%)
07/22 05:32:59 AM | Train: [  4/600] Step 400/520 Loss 3.516 Prec@(1,5) (34.9%, 67.9%)
07/22 05:33:19 AM | Train: [  4/600] Step 520/520 Loss 3.485 Prec@(1,5) (35.3%, 68.4%)
07/22 05:33:20 AM | Train: [  4/600] Final Prec@1 35.2920%
07/22 05:33:20 AM | Valid: [  4/600] Step 000/104 Loss 2.708 Prec@(1,5) (34.4%, 67.7%)
07/22 05:33:24 AM | Valid: [  4/600] Step 104/104 Loss 2.520 Prec@(1,5) (37.3%, 70.6%)
07/22 05:33:24 AM | Valid: [  4/600] Final Prec@1 37.2600%
07/22 05:33:24 AM | Epoch 4 LR 0.024995716562194466
07/22 05:33:25 AM | Train: [  5/600] Step 000/520 Loss 3.455 Prec@(1,5) (39.6%, 68.8%)
07/22 05:33:54 AM | Train: [  5/600] Step 200/520 Loss 3.257 Prec@(1,5) (38.9%, 72.3%)
07/22 05:34:24 AM | Train: [  5/600] Step 400/520 Loss 3.221 Prec@(1,5) (39.8%, 72.5%)
07/22 05:34:43 AM | Train: [  5/600] Step 520/520 Loss 3.206 Prec@(1,5) (39.9%, 72.8%)
07/22 05:34:43 AM | Train: [  5/600] Final Prec@1 39.9140%
07/22 05:34:43 AM | Valid: [  5/600] Step 000/104 Loss 2.327 Prec@(1,5) (41.7%, 75.0%)
07/22 05:34:47 AM | Valid: [  5/600] Step 104/104 Loss 2.269 Prec@(1,5) (40.6%, 73.3%)
07/22 05:34:47 AM | Valid: [  5/600] Final Prec@1 40.5800%
07/22 05:34:47 AM | Epoch 5 LR 0.024993832004571646
07/22 05:34:48 AM | Train: [  6/600] Step 000/520 Loss 3.077 Prec@(1,5) (37.5%, 78.1%)
07/22 05:35:20 AM | Train: [  6/600] Step 200/520 Loss 3.015 Prec@(1,5) (43.0%, 75.8%)
07/22 05:35:49 AM | Train: [  6/600] Step 400/520 Loss 3.025 Prec@(1,5) (42.8%, 75.7%)
07/22 05:36:07 AM | Train: [  6/600] Step 520/520 Loss 3.007 Prec@(1,5) (43.1%, 75.9%)
07/22 05:36:07 AM | Train: [  6/600] Final Prec@1 43.0940%
07/22 05:36:07 AM | Valid: [  6/600] Step 000/104 Loss 2.359 Prec@(1,5) (44.8%, 76.0%)
07/22 05:36:11 AM | Valid: [  6/600] Step 104/104 Loss 2.255 Prec@(1,5) (42.3%, 75.3%)
07/22 05:36:11 AM | Valid: [  6/600] Final Prec@1 42.2700%
07/22 05:36:11 AM | Epoch 6 LR 0.0249916049222332
07/22 05:36:12 AM | Train: [  7/600] Step 000/520 Loss 2.781 Prec@(1,5) (47.9%, 78.1%)
07/22 05:36:44 AM | Train: [  7/600] Step 200/520 Loss 2.868 Prec@(1,5) (45.4%, 77.8%)
07/22 05:37:17 AM | Train: [  7/600] Step 400/520 Loss 2.847 Prec@(1,5) (45.9%, 77.9%)
07/22 05:37:36 AM | Train: [  7/600] Step 520/520 Loss 2.842 Prec@(1,5) (46.0%, 77.9%)
07/22 05:37:36 AM | Train: [  7/600] Final Prec@1 45.9840%
07/22 05:37:36 AM | Valid: [  7/600] Step 000/104 Loss 1.990 Prec@(1,5) (51.0%, 75.0%)
07/22 05:37:40 AM | Valid: [  7/600] Step 104/104 Loss 2.027 Prec@(1,5) (47.9%, 78.5%)
07/22 05:37:40 AM | Valid: [  7/600] Final Prec@1 47.8900%
07/22 05:37:41 AM | Epoch 7 LR 0.024989035376235726
07/22 05:37:41 AM | Train: [  8/600] Step 000/520 Loss 2.961 Prec@(1,5) (36.5%, 78.1%)
07/22 05:38:11 AM | Train: [  8/600] Step 200/520 Loss 2.734 Prec@(1,5) (48.0%, 79.5%)
07/22 05:38:42 AM | Train: [  8/600] Step 400/520 Loss 2.723 Prec@(1,5) (48.1%, 79.6%)
07/22 05:39:02 AM | Train: [  8/600] Step 520/520 Loss 2.719 Prec@(1,5) (48.2%, 79.6%)
07/22 05:39:02 AM | Train: [  8/600] Final Prec@1 48.1660%
07/22 05:39:02 AM | Valid: [  8/600] Step 000/104 Loss 1.798 Prec@(1,5) (58.3%, 81.2%)
07/22 05:39:07 AM | Valid: [  8/600] Step 104/104 Loss 1.874 Prec@(1,5) (50.2%, 80.7%)
07/22 05:39:07 AM | Valid: [  8/600] Final Prec@1 50.1800%
07/22 05:39:07 AM | Epoch 8 LR 0.02498612343702462
07/22 05:39:07 AM | Train: [  9/600] Step 000/520 Loss 2.675 Prec@(1,5) (44.8%, 79.2%)
07/22 05:39:37 AM | Train: [  9/600] Step 200/520 Loss 2.604 Prec@(1,5) (49.8%, 81.0%)
07/22 05:40:06 AM | Train: [  9/600] Step 400/520 Loss 2.606 Prec@(1,5) (49.9%, 81.0%)
07/22 05:40:25 AM | Train: [  9/600] Step 520/520 Loss 2.610 Prec@(1,5) (49.7%, 81.1%)
07/22 05:40:25 AM | Train: [  9/600] Final Prec@1 49.7240%
07/22 05:40:25 AM | Valid: [  9/600] Step 000/104 Loss 1.777 Prec@(1,5) (52.1%, 85.4%)
07/22 05:40:29 AM | Valid: [  9/600] Step 104/104 Loss 1.891 Prec@(1,5) (50.1%, 80.0%)
07/22 05:40:29 AM | Valid: [  9/600] Final Prec@1 50.1100%
07/22 05:40:29 AM | Epoch 9 LR 0.024982869184432165
07/22 05:40:30 AM | Train: [ 10/600] Step 000/520 Loss 2.358 Prec@(1,5) (58.3%, 79.2%)
07/22 05:41:03 AM | Train: [ 10/600] Step 200/520 Loss 2.499 Prec@(1,5) (51.9%, 82.3%)
07/22 05:41:33 AM | Train: [ 10/600] Step 400/520 Loss 2.504 Prec@(1,5) (51.7%, 82.2%)
07/22 05:41:51 AM | Train: [ 10/600] Step 520/520 Loss 2.502 Prec@(1,5) (51.8%, 82.3%)
07/22 05:41:51 AM | Train: [ 10/600] Final Prec@1 51.7820%
07/22 05:41:51 AM | Valid: [ 10/600] Step 000/104 Loss 1.881 Prec@(1,5) (55.2%, 79.2%)
07/22 05:41:55 AM | Valid: [ 10/600] Step 104/104 Loss 1.832 Prec@(1,5) (51.9%, 81.4%)
07/22 05:41:55 AM | Valid: [ 10/600] Final Prec@1 51.8900%
07/22 05:41:55 AM | Epoch 10 LR 0.02497927270767535
07/22 05:41:56 AM | Train: [ 11/600] Step 000/520 Loss 2.272 Prec@(1,5) (58.3%, 83.3%)
07/22 05:42:27 AM | Train: [ 11/600] Step 200/520 Loss 2.389 Prec@(1,5) (53.6%, 83.7%)
07/22 05:42:59 AM | Train: [ 11/600] Step 400/520 Loss 2.412 Prec@(1,5) (53.5%, 83.3%)
07/22 05:43:17 AM | Train: [ 11/600] Step 520/520 Loss 2.419 Prec@(1,5) (53.4%, 83.2%)
07/22 05:43:17 AM | Train: [ 11/600] Final Prec@1 53.4080%
07/22 05:43:17 AM | Valid: [ 11/600] Step 000/104 Loss 1.916 Prec@(1,5) (52.1%, 75.0%)
07/22 05:43:21 AM | Valid: [ 11/600] Step 104/104 Loss 1.903 Prec@(1,5) (51.0%, 80.3%)
07/22 05:43:22 AM | Valid: [ 11/600] Final Prec@1 51.0300%
07/22 05:43:22 AM | Epoch 11 LR 0.02497533410535339
07/22 05:43:22 AM | Train: [ 12/600] Step 000/520 Loss 2.331 Prec@(1,5) (53.1%, 83.3%)
07/22 05:43:52 AM | Train: [ 12/600] Step 200/520 Loss 2.335 Prec@(1,5) (54.4%, 84.5%)
07/22 05:44:22 AM | Train: [ 12/600] Step 400/520 Loss 2.349 Prec@(1,5) (54.2%, 84.2%)
07/22 05:44:41 AM | Train: [ 12/600] Step 520/520 Loss 2.357 Prec@(1,5) (54.1%, 84.1%)
07/22 05:44:41 AM | Train: [ 12/600] Final Prec@1 54.0740%
07/22 05:44:41 AM | Valid: [ 12/600] Step 000/104 Loss 1.542 Prec@(1,5) (59.4%, 85.4%)
07/22 05:44:45 AM | Valid: [ 12/600] Step 104/104 Loss 1.639 Prec@(1,5) (55.4%, 85.5%)
07/22 05:44:45 AM | Valid: [ 12/600] Final Prec@1 55.4200%
07/22 05:44:45 AM | Epoch 12 LR 0.024971053485445063
07/22 05:44:46 AM | Train: [ 13/600] Step 000/520 Loss 2.174 Prec@(1,5) (53.1%, 86.5%)
07/22 05:45:16 AM | Train: [ 13/600] Step 200/520 Loss 2.257 Prec@(1,5) (56.2%, 85.2%)
07/22 05:45:46 AM | Train: [ 13/600] Step 400/520 Loss 2.276 Prec@(1,5) (55.7%, 84.9%)
07/22 05:46:03 AM | Train: [ 13/600] Step 520/520 Loss 2.275 Prec@(1,5) (55.8%, 85.0%)
07/22 05:46:03 AM | Train: [ 13/600] Final Prec@1 55.7500%
07/22 05:46:04 AM | Valid: [ 13/600] Step 000/104 Loss 1.616 Prec@(1,5) (55.2%, 83.3%)
07/22 05:46:08 AM | Valid: [ 13/600] Step 104/104 Loss 1.591 Prec@(1,5) (56.6%, 84.9%)
07/22 05:46:08 AM | Valid: [ 13/600] Final Prec@1 56.6400%
07/22 05:46:09 AM | Epoch 13 LR 0.024966430965305722
07/22 05:46:09 AM | Train: [ 14/600] Step 000/520 Loss 2.493 Prec@(1,5) (54.2%, 83.3%)
07/22 05:46:44 AM | Train: [ 14/600] Step 200/520 Loss 2.207 Prec@(1,5) (57.1%, 85.8%)
07/22 05:47:15 AM | Train: [ 14/600] Step 400/520 Loss 2.211 Prec@(1,5) (56.8%, 85.7%)
07/22 05:47:33 AM | Train: [ 14/600] Step 520/520 Loss 2.216 Prec@(1,5) (56.9%, 85.6%)
07/22 05:47:33 AM | Train: [ 14/600] Final Prec@1 56.9240%
07/22 05:47:33 AM | Valid: [ 14/600] Step 000/104 Loss 1.614 Prec@(1,5) (57.3%, 85.4%)
07/22 05:47:37 AM | Valid: [ 14/600] Step 104/104 Loss 1.602 Prec@(1,5) (56.8%, 85.8%)
07/22 05:47:37 AM | Valid: [ 14/600] Final Prec@1 56.8100%
07/22 05:47:38 AM | Epoch 14 LR 0.024961466671664097
07/22 05:47:38 AM | Train: [ 15/600] Step 000/520 Loss 2.139 Prec@(1,5) (60.4%, 86.5%)
07/22 05:48:08 AM | Train: [ 15/600] Step 200/520 Loss 2.138 Prec@(1,5) (58.0%, 86.5%)
07/22 05:48:41 AM | Train: [ 15/600] Step 400/520 Loss 2.155 Prec@(1,5) (58.2%, 86.2%)
07/22 05:48:59 AM | Train: [ 15/600] Step 520/520 Loss 2.162 Prec@(1,5) (58.0%, 86.2%)
07/22 05:49:00 AM | Train: [ 15/600] Final Prec@1 57.9540%
07/22 05:49:00 AM | Valid: [ 15/600] Step 000/104 Loss 1.618 Prec@(1,5) (56.2%, 81.2%)
07/22 05:49:04 AM | Valid: [ 15/600] Step 104/104 Loss 1.659 Prec@(1,5) (55.9%, 84.9%)
07/22 05:49:04 AM | Valid: [ 15/600] Final Prec@1 55.8900%
07/22 05:49:04 AM | Epoch 15 LR 0.024956160740618804
07/22 05:49:05 AM | Train: [ 16/600] Step 000/520 Loss 2.010 Prec@(1,5) (64.6%, 90.6%)
07/22 05:49:35 AM | Train: [ 16/600] Step 200/520 Loss 2.099 Prec@(1,5) (59.4%, 86.9%)
07/22 05:50:05 AM | Train: [ 16/600] Step 400/520 Loss 2.106 Prec@(1,5) (58.9%, 86.7%)
07/22 05:50:24 AM | Train: [ 16/600] Step 520/520 Loss 2.115 Prec@(1,5) (58.8%, 86.6%)
07/22 05:50:24 AM | Train: [ 16/600] Final Prec@1 58.7860%
07/22 05:50:24 AM | Valid: [ 16/600] Step 000/104 Loss 1.358 Prec@(1,5) (68.8%, 86.5%)
07/22 05:50:29 AM | Valid: [ 16/600] Step 104/104 Loss 1.502 Prec@(1,5) (59.0%, 86.6%)
07/22 05:50:29 AM | Valid: [ 16/600] Final Prec@1 59.0100%
07/22 05:50:29 AM | Epoch 16 LR 0.02495051331763462
07/22 05:50:29 AM | Train: [ 17/600] Step 000/520 Loss 2.129 Prec@(1,5) (62.5%, 90.6%)
07/22 05:51:00 AM | Train: [ 17/600] Step 200/520 Loss 2.056 Prec@(1,5) (59.9%, 87.9%)
07/22 05:51:31 AM | Train: [ 17/600] Step 400/520 Loss 2.075 Prec@(1,5) (59.5%, 87.4%)
07/22 05:51:48 AM | Train: [ 17/600] Step 520/520 Loss 2.077 Prec@(1,5) (59.4%, 87.3%)
07/22 05:51:48 AM | Train: [ 17/600] Final Prec@1 59.4420%
07/22 05:51:49 AM | Valid: [ 17/600] Step 000/104 Loss 1.554 Prec@(1,5) (60.4%, 87.5%)
07/22 05:51:53 AM | Valid: [ 17/600] Step 104/104 Loss 1.480 Prec@(1,5) (59.8%, 87.6%)
07/22 05:51:53 AM | Valid: [ 17/600] Final Prec@1 59.8100%
07/22 05:51:53 AM | Epoch 17 LR 0.0249445245575385
07/22 05:51:54 AM | Train: [ 18/600] Step 000/520 Loss 2.130 Prec@(1,5) (61.5%, 86.5%)
07/22 05:52:26 AM | Train: [ 18/600] Step 200/520 Loss 2.026 Prec@(1,5) (60.4%, 87.8%)
07/22 05:52:57 AM | Train: [ 18/600] Step 400/520 Loss 2.030 Prec@(1,5) (60.2%, 87.8%)
07/22 05:53:15 AM | Train: [ 18/600] Step 520/520 Loss 2.029 Prec@(1,5) (60.2%, 87.7%)
07/22 05:53:15 AM | Train: [ 18/600] Final Prec@1 60.2020%
07/22 05:53:15 AM | Valid: [ 18/600] Step 000/104 Loss 1.429 Prec@(1,5) (60.4%, 88.5%)
07/22 05:53:19 AM | Valid: [ 18/600] Step 104/104 Loss 1.680 Prec@(1,5) (56.1%, 84.1%)
07/22 05:53:19 AM | Valid: [ 18/600] Final Prec@1 56.1300%
07/22 05:53:19 AM | Epoch 18 LR 0.024938194624515332
07/22 05:53:20 AM | Train: [ 19/600] Step 000/520 Loss 1.459 Prec@(1,5) (77.1%, 92.7%)
07/22 05:53:49 AM | Train: [ 19/600] Step 200/520 Loss 1.952 Prec@(1,5) (61.7%, 88.6%)
07/22 05:54:22 AM | Train: [ 19/600] Step 400/520 Loss 1.989 Prec@(1,5) (60.9%, 88.0%)
07/22 05:54:41 AM | Train: [ 19/600] Step 520/520 Loss 1.991 Prec@(1,5) (60.9%, 88.1%)
07/22 05:54:41 AM | Train: [ 19/600] Final Prec@1 60.8560%
07/22 05:54:41 AM | Valid: [ 19/600] Step 000/104 Loss 1.227 Prec@(1,5) (64.6%, 87.5%)
07/22 05:54:45 AM | Valid: [ 19/600] Step 104/104 Loss 1.425 Prec@(1,5) (60.6%, 87.8%)
07/22 05:54:46 AM | Valid: [ 19/600] Final Prec@1 60.6200%
07/22 05:54:46 AM | Epoch 19 LR 0.024931523692103417
07/22 05:54:46 AM | Train: [ 20/600] Step 000/520 Loss 2.109 Prec@(1,5) (59.4%, 85.4%)
07/22 05:55:17 AM | Train: [ 20/600] Step 200/520 Loss 1.930 Prec@(1,5) (62.2%, 89.0%)
07/22 05:55:47 AM | Train: [ 20/600] Step 400/520 Loss 1.954 Prec@(1,5) (62.0%, 88.5%)
07/22 05:56:07 AM | Train: [ 20/600] Step 520/520 Loss 1.965 Prec@(1,5) (61.6%, 88.4%)
07/22 05:56:07 AM | Train: [ 20/600] Final Prec@1 61.6100%
07/22 05:56:07 AM | Valid: [ 20/600] Step 000/104 Loss 1.398 Prec@(1,5) (60.4%, 88.5%)
07/22 05:56:12 AM | Valid: [ 20/600] Step 104/104 Loss 1.450 Prec@(1,5) (59.8%, 87.8%)
07/22 05:56:12 AM | Valid: [ 20/600] Final Prec@1 59.7700%
07/22 05:56:12 AM | Epoch 20 LR 0.02492451194318975
07/22 05:56:12 AM | Train: [ 21/600] Step 000/520 Loss 1.820 Prec@(1,5) (63.5%, 90.6%)
07/22 05:56:44 AM | Train: [ 21/600] Step 200/520 Loss 1.891 Prec@(1,5) (62.8%, 89.2%)
07/22 05:57:15 AM | Train: [ 21/600] Step 400/520 Loss 1.914 Prec@(1,5) (62.2%, 88.9%)
07/22 05:57:33 AM | Train: [ 21/600] Step 520/520 Loss 1.923 Prec@(1,5) (62.1%, 88.9%)
07/22 05:57:33 AM | Train: [ 21/600] Final Prec@1 62.0940%
07/22 05:57:33 AM | Valid: [ 21/600] Step 000/104 Loss 1.298 Prec@(1,5) (64.6%, 88.5%)
07/22 05:57:37 AM | Valid: [ 21/600] Step 104/104 Loss 1.458 Prec@(1,5) (61.2%, 87.7%)
07/22 05:57:37 AM | Valid: [ 21/600] Final Prec@1 61.2300%
07/22 05:57:38 AM | Epoch 21 LR 0.024917159570004954
07/22 05:57:38 AM | Train: [ 22/600] Step 000/520 Loss 1.773 Prec@(1,5) (68.8%, 91.7%)
07/22 05:58:14 AM | Train: [ 22/600] Step 200/520 Loss 1.843 Prec@(1,5) (63.9%, 89.9%)
07/22 05:58:46 AM | Train: [ 22/600] Step 400/520 Loss 1.891 Prec@(1,5) (62.8%, 89.3%)
07/22 05:59:04 AM | Train: [ 22/600] Step 520/520 Loss 1.893 Prec@(1,5) (62.9%, 89.3%)
07/22 05:59:04 AM | Train: [ 22/600] Final Prec@1 62.8700%
07/22 05:59:04 AM | Valid: [ 22/600] Step 000/104 Loss 1.484 Prec@(1,5) (63.5%, 83.3%)
07/22 05:59:09 AM | Valid: [ 22/600] Step 104/104 Loss 1.519 Prec@(1,5) (60.2%, 86.7%)
07/22 05:59:09 AM | Valid: [ 22/600] Final Prec@1 60.1600%
07/22 05:59:09 AM | Epoch 22 LR 0.02490946677411807
07/22 05:59:09 AM | Train: [ 23/600] Step 000/520 Loss 1.960 Prec@(1,5) (60.4%, 89.6%)
07/22 05:59:39 AM | Train: [ 23/600] Step 200/520 Loss 1.856 Prec@(1,5) (63.5%, 89.6%)
07/22 06:00:11 AM | Train: [ 23/600] Step 400/520 Loss 1.876 Prec@(1,5) (63.1%, 89.4%)
07/22 06:00:30 AM | Train: [ 23/600] Step 520/520 Loss 1.879 Prec@(1,5) (63.1%, 89.4%)
07/22 06:00:30 AM | Train: [ 23/600] Final Prec@1 63.1000%
07/22 06:00:31 AM | Valid: [ 23/600] Step 000/104 Loss 1.600 Prec@(1,5) (63.5%, 86.5%)
07/22 06:00:34 AM | Valid: [ 23/600] Step 104/104 Loss 1.466 Prec@(1,5) (60.8%, 87.1%)
07/22 06:00:34 AM | Valid: [ 23/600] Final Prec@1 60.7500%
07/22 06:00:35 AM | Epoch 23 LR 0.024901433766430975
07/22 06:00:35 AM | Train: [ 24/600] Step 000/520 Loss 2.071 Prec@(1,5) (55.2%, 88.5%)
07/22 06:01:05 AM | Train: [ 24/600] Step 200/520 Loss 1.816 Prec@(1,5) (64.1%, 89.9%)
07/22 06:01:36 AM | Train: [ 24/600] Step 400/520 Loss 1.838 Prec@(1,5) (63.8%, 89.7%)
07/22 06:01:56 AM | Train: [ 24/600] Step 520/520 Loss 1.843 Prec@(1,5) (63.6%, 89.6%)
07/22 06:01:56 AM | Train: [ 24/600] Final Prec@1 63.5760%
07/22 06:01:57 AM | Valid: [ 24/600] Step 000/104 Loss 1.202 Prec@(1,5) (68.8%, 90.6%)
07/22 06:02:01 AM | Valid: [ 24/600] Step 104/104 Loss 1.423 Prec@(1,5) (61.5%, 87.9%)
07/22 06:02:01 AM | Valid: [ 24/600] Final Prec@1 61.4600%
07/22 06:02:02 AM | Epoch 24 LR 0.02489306076717263
07/22 06:02:02 AM | Train: [ 25/600] Step 000/520 Loss 2.304 Prec@(1,5) (52.1%, 84.4%)
07/22 06:02:34 AM | Train: [ 25/600] Step 200/520 Loss 1.791 Prec@(1,5) (65.0%, 90.3%)
07/22 06:03:04 AM | Train: [ 25/600] Step 400/520 Loss 1.814 Prec@(1,5) (64.5%, 90.1%)
07/22 06:03:22 AM | Train: [ 25/600] Step 520/520 Loss 1.828 Prec@(1,5) (64.2%, 89.9%)
07/22 06:03:22 AM | Train: [ 25/600] Final Prec@1 64.2040%
07/22 06:03:22 AM | Valid: [ 25/600] Step 000/104 Loss 1.388 Prec@(1,5) (62.5%, 87.5%)
07/22 06:03:26 AM | Valid: [ 25/600] Step 104/104 Loss 1.443 Prec@(1,5) (61.6%, 87.7%)
07/22 06:03:26 AM | Valid: [ 25/600] Final Prec@1 61.6300%
07/22 06:03:27 AM | Epoch 25 LR 0.024884348005893044
07/22 06:03:27 AM | Train: [ 26/600] Step 000/520 Loss 1.938 Prec@(1,5) (61.5%, 90.6%)
07/22 06:03:57 AM | Train: [ 26/600] Step 200/520 Loss 1.771 Prec@(1,5) (64.6%, 90.6%)
07/22 06:04:27 AM | Train: [ 26/600] Step 400/520 Loss 1.781 Prec@(1,5) (64.7%, 90.4%)
07/22 06:04:45 AM | Train: [ 26/600] Step 520/520 Loss 1.794 Prec@(1,5) (64.6%, 90.3%)
07/22 06:04:45 AM | Train: [ 26/600] Final Prec@1 64.5660%
07/22 06:04:45 AM | Valid: [ 26/600] Step 000/104 Loss 1.356 Prec@(1,5) (62.5%, 88.5%)
07/22 06:04:49 AM | Valid: [ 26/600] Step 104/104 Loss 1.596 Prec@(1,5) (58.9%, 86.1%)
07/22 06:04:49 AM | Valid: [ 26/600] Final Prec@1 58.9400%
07/22 06:04:49 AM | Epoch 26 LR 0.024875295721456966
07/22 06:04:50 AM | Train: [ 27/600] Step 000/520 Loss 2.231 Prec@(1,5) (62.5%, 88.5%)
07/22 06:05:20 AM | Train: [ 27/600] Step 200/520 Loss 1.749 Prec@(1,5) (65.8%, 90.6%)
07/22 06:05:53 AM | Train: [ 27/600] Step 400/520 Loss 1.766 Prec@(1,5) (65.2%, 90.4%)
07/22 06:06:13 AM | Train: [ 27/600] Step 520/520 Loss 1.774 Prec@(1,5) (65.0%, 90.3%)
07/22 06:06:13 AM | Train: [ 27/600] Final Prec@1 65.0160%
07/22 06:06:13 AM | Valid: [ 27/600] Step 000/104 Loss 1.313 Prec@(1,5) (66.7%, 90.6%)
07/22 06:06:17 AM | Valid: [ 27/600] Step 104/104 Loss 1.443 Prec@(1,5) (62.4%, 88.5%)
07/22 06:06:17 AM | Valid: [ 27/600] Final Prec@1 62.4000%
07/22 06:06:17 AM | Epoch 27 LR 0.024865904162037353
07/22 06:06:18 AM | Train: [ 28/600] Step 000/520 Loss 1.486 Prec@(1,5) (67.7%, 95.8%)
07/22 06:06:48 AM | Train: [ 28/600] Step 200/520 Loss 1.708 Prec@(1,5) (66.3%, 91.0%)
07/22 06:07:17 AM | Train: [ 28/600] Step 400/520 Loss 1.751 Prec@(1,5) (65.4%, 90.6%)
07/22 06:07:36 AM | Train: [ 28/600] Step 520/520 Loss 1.764 Prec@(1,5) (65.3%, 90.4%)
07/22 06:07:36 AM | Train: [ 28/600] Final Prec@1 65.2580%
07/22 06:07:37 AM | Valid: [ 28/600] Step 000/104 Loss 1.238 Prec@(1,5) (66.7%, 89.6%)
07/22 06:07:41 AM | Valid: [ 28/600] Step 104/104 Loss 1.357 Prec@(1,5) (63.2%, 89.0%)
07/22 06:07:41 AM | Valid: [ 28/600] Final Prec@1 63.2200%
07/22 06:07:41 AM | Epoch 28 LR 0.02485617358510854
07/22 06:07:42 AM | Train: [ 29/600] Step 000/520 Loss 1.575 Prec@(1,5) (66.7%, 94.8%)
07/22 06:08:14 AM | Train: [ 29/600] Step 200/520 Loss 1.691 Prec@(1,5) (66.8%, 91.5%)
07/22 06:08:44 AM | Train: [ 29/600] Step 400/520 Loss 1.720 Prec@(1,5) (66.2%, 91.0%)
07/22 06:09:03 AM | Train: [ 29/600] Step 520/520 Loss 1.738 Prec@(1,5) (65.8%, 90.8%)
07/22 06:09:03 AM | Train: [ 29/600] Final Prec@1 65.7600%
07/22 06:09:03 AM | Valid: [ 29/600] Step 000/104 Loss 1.358 Prec@(1,5) (63.5%, 88.5%)
07/22 06:09:07 AM | Valid: [ 29/600] Step 104/104 Loss 1.462 Prec@(1,5) (61.7%, 87.5%)
07/22 06:09:07 AM | Valid: [ 29/600] Final Prec@1 61.7300%
07/22 06:09:07 AM | Epoch 29 LR 0.02484610425743922
07/22 06:09:08 AM | Train: [ 30/600] Step 000/520 Loss 1.540 Prec@(1,5) (71.9%, 94.8%)
07/22 06:09:39 AM | Train: [ 30/600] Step 200/520 Loss 1.678 Prec@(1,5) (66.9%, 91.6%)
07/22 06:10:10 AM | Train: [ 30/600] Step 400/520 Loss 1.707 Prec@(1,5) (66.1%, 91.2%)
07/22 06:10:28 AM | Train: [ 30/600] Step 520/520 Loss 1.712 Prec@(1,5) (66.1%, 91.0%)
07/22 06:10:28 AM | Train: [ 30/600] Final Prec@1 66.1360%
07/22 06:10:28 AM | Valid: [ 30/600] Step 000/104 Loss 1.269 Prec@(1,5) (67.7%, 87.5%)
07/22 06:10:33 AM | Valid: [ 30/600] Step 104/104 Loss 1.353 Prec@(1,5) (63.3%, 89.1%)
07/22 06:10:33 AM | Valid: [ 30/600] Final Prec@1 63.3100%
07/22 06:10:33 AM | Epoch 30 LR 0.02483569645508509
07/22 06:10:33 AM | Train: [ 31/600] Step 000/520 Loss 1.407 Prec@(1,5) (67.7%, 95.8%)
07/22 06:11:04 AM | Train: [ 31/600] Step 200/520 Loss 1.661 Prec@(1,5) (67.2%, 91.5%)
07/22 06:11:34 AM | Train: [ 31/600] Step 400/520 Loss 1.699 Prec@(1,5) (66.5%, 91.2%)
07/22 06:11:52 AM | Train: [ 31/600] Step 520/520 Loss 1.705 Prec@(1,5) (66.3%, 91.2%)
07/22 06:11:53 AM | Train: [ 31/600] Final Prec@1 66.3240%
07/22 06:11:53 AM | Valid: [ 31/600] Step 000/104 Loss 1.331 Prec@(1,5) (64.6%, 91.7%)
07/22 06:11:57 AM | Valid: [ 31/600] Step 104/104 Loss 1.345 Prec@(1,5) (64.2%, 89.4%)
07/22 06:11:57 AM | Valid: [ 31/600] Final Prec@1 64.2300%
07/22 06:11:58 AM | Epoch 31 LR 0.02482495046338131
07/22 06:11:58 AM | Train: [ 32/600] Step 000/520 Loss 1.719 Prec@(1,5) (64.6%, 92.7%)
07/22 06:12:28 AM | Train: [ 32/600] Step 200/520 Loss 1.662 Prec@(1,5) (67.1%, 91.6%)
07/22 06:12:58 AM | Train: [ 32/600] Step 400/520 Loss 1.678 Prec@(1,5) (66.7%, 91.3%)
07/22 06:13:16 AM | Train: [ 32/600] Step 520/520 Loss 1.676 Prec@(1,5) (66.8%, 91.4%)
07/22 06:13:16 AM | Train: [ 32/600] Final Prec@1 66.7760%
07/22 06:13:16 AM | Valid: [ 32/600] Step 000/104 Loss 1.271 Prec@(1,5) (65.6%, 85.4%)
07/22 06:13:20 AM | Valid: [ 32/600] Step 104/104 Loss 1.318 Prec@(1,5) (64.6%, 89.2%)
07/22 06:13:20 AM | Valid: [ 32/600] Final Prec@1 64.5600%
07/22 06:13:20 AM | Epoch 32 LR 0.024813866576934674
07/22 06:13:21 AM | Train: [ 33/600] Step 000/520 Loss 1.766 Prec@(1,5) (68.8%, 89.6%)
07/22 06:13:52 AM | Train: [ 33/600] Step 200/520 Loss 1.633 Prec@(1,5) (67.6%, 92.0%)
07/22 06:14:22 AM | Train: [ 33/600] Step 400/520 Loss 1.669 Prec@(1,5) (67.0%, 91.6%)
07/22 06:14:40 AM | Train: [ 33/600] Step 520/520 Loss 1.679 Prec@(1,5) (66.8%, 91.4%)
07/22 06:14:40 AM | Train: [ 33/600] Final Prec@1 66.8260%
07/22 06:14:40 AM | Valid: [ 33/600] Step 000/104 Loss 1.140 Prec@(1,5) (67.7%, 91.7%)
07/22 06:14:44 AM | Valid: [ 33/600] Step 104/104 Loss 1.391 Prec@(1,5) (62.9%, 88.7%)
07/22 06:14:44 AM | Valid: [ 33/600] Final Prec@1 62.8800%
07/22 06:14:44 AM | Epoch 33 LR 0.02480244509961552
07/22 06:14:45 AM | Train: [ 34/600] Step 000/520 Loss 1.677 Prec@(1,5) (67.7%, 85.4%)
07/22 06:15:15 AM | Train: [ 34/600] Step 200/520 Loss 1.603 Prec@(1,5) (68.6%, 92.2%)
07/22 06:15:45 AM | Train: [ 34/600] Step 400/520 Loss 1.643 Prec@(1,5) (67.7%, 91.9%)
07/22 06:16:05 AM | Train: [ 34/600] Step 520/520 Loss 1.658 Prec@(1,5) (67.4%, 91.7%)
07/22 06:16:05 AM | Train: [ 34/600] Final Prec@1 67.3760%
07/22 06:16:05 AM | Valid: [ 34/600] Step 000/104 Loss 1.285 Prec@(1,5) (61.5%, 88.5%)
07/22 06:16:09 AM | Valid: [ 34/600] Step 104/104 Loss 1.415 Prec@(1,5) (63.4%, 89.1%)
07/22 06:16:09 AM | Valid: [ 34/600] Final Prec@1 63.4100%
07/22 06:16:10 AM | Epoch 34 LR 0.024790686344549433
07/22 06:16:10 AM | Train: [ 35/600] Step 000/520 Loss 1.569 Prec@(1,5) (68.8%, 92.7%)
07/22 06:16:39 AM | Train: [ 35/600] Step 200/520 Loss 1.589 Prec@(1,5) (69.1%, 92.4%)
07/22 06:17:09 AM | Train: [ 35/600] Step 400/520 Loss 1.628 Prec@(1,5) (68.3%, 91.8%)
07/22 06:17:29 AM | Train: [ 35/600] Step 520/520 Loss 1.651 Prec@(1,5) (67.9%, 91.6%)
07/22 06:17:29 AM | Train: [ 35/600] Final Prec@1 67.8600%
07/22 06:17:29 AM | Valid: [ 35/600] Step 000/104 Loss 1.450 Prec@(1,5) (66.7%, 86.5%)
07/22 06:17:34 AM | Valid: [ 35/600] Step 104/104 Loss 1.330 Prec@(1,5) (64.3%, 89.4%)
07/22 06:17:34 AM | Valid: [ 35/600] Final Prec@1 64.3300%
07/22 06:17:34 AM | Epoch 35 LR 0.02477859063410861
07/22 06:17:35 AM | Train: [ 36/600] Step 000/520 Loss 1.623 Prec@(1,5) (70.8%, 92.7%)
07/22 06:18:08 AM | Train: [ 36/600] Step 200/520 Loss 1.580 Prec@(1,5) (68.8%, 92.2%)
07/22 06:18:38 AM | Train: [ 36/600] Step 400/520 Loss 1.618 Prec@(1,5) (68.1%, 92.0%)
07/22 06:18:56 AM | Train: [ 36/600] Step 520/520 Loss 1.632 Prec@(1,5) (67.9%, 91.9%)
07/22 06:18:56 AM | Train: [ 36/600] Final Prec@1 67.8600%
07/22 06:18:56 AM | Valid: [ 36/600] Step 000/104 Loss 1.350 Prec@(1,5) (63.5%, 86.5%)
07/22 06:19:00 AM | Valid: [ 36/600] Step 104/104 Loss 1.567 Prec@(1,5) (60.1%, 86.6%)
07/22 06:19:00 AM | Valid: [ 36/600] Final Prec@1 60.1400%
07/22 06:19:00 AM | Epoch 36 LR 0.02476615829990306
07/22 06:19:01 AM | Train: [ 37/600] Step 000/520 Loss 1.667 Prec@(1,5) (66.7%, 91.7%)
07/22 06:19:34 AM | Train: [ 37/600] Step 200/520 Loss 1.575 Prec@(1,5) (69.0%, 92.4%)
07/22 06:20:06 AM | Train: [ 37/600] Step 400/520 Loss 1.615 Prec@(1,5) (68.1%, 92.0%)
07/22 06:20:24 AM | Train: [ 37/600] Step 520/520 Loss 1.631 Prec@(1,5) (67.9%, 91.9%)
07/22 06:20:24 AM | Train: [ 37/600] Final Prec@1 67.9400%
07/22 06:20:25 AM | Valid: [ 37/600] Step 000/104 Loss 1.599 Prec@(1,5) (64.6%, 85.4%)
07/22 06:20:29 AM | Valid: [ 37/600] Step 104/104 Loss 1.600 Prec@(1,5) (60.1%, 86.9%)
07/22 06:20:29 AM | Valid: [ 37/600] Final Prec@1 60.0700%
07/22 06:20:29 AM | Epoch 37 LR 0.02475338968277152
07/22 06:20:29 AM | Train: [ 38/600] Step 000/520 Loss 1.653 Prec@(1,5) (63.5%, 92.7%)
07/22 06:20:59 AM | Train: [ 38/600] Step 200/520 Loss 1.560 Prec@(1,5) (69.4%, 92.5%)
07/22 06:21:31 AM | Train: [ 38/600] Step 400/520 Loss 1.600 Prec@(1,5) (68.4%, 92.1%)
07/22 06:21:51 AM | Train: [ 38/600] Step 520/520 Loss 1.613 Prec@(1,5) (68.2%, 92.0%)
07/22 06:21:51 AM | Train: [ 38/600] Final Prec@1 68.2220%
07/22 06:21:51 AM | Valid: [ 38/600] Step 000/104 Loss 1.310 Prec@(1,5) (61.5%, 90.6%)
07/22 06:21:55 AM | Valid: [ 38/600] Step 104/104 Loss 1.359 Prec@(1,5) (63.9%, 89.4%)
07/22 06:21:55 AM | Valid: [ 38/600] Final Prec@1 63.9300%
07/22 06:21:55 AM | Epoch 38 LR 0.02474028513277207
07/22 06:21:56 AM | Train: [ 39/600] Step 000/520 Loss 1.587 Prec@(1,5) (64.6%, 92.7%)
07/22 06:22:25 AM | Train: [ 39/600] Step 200/520 Loss 1.551 Prec@(1,5) (69.0%, 92.6%)
07/22 06:22:55 AM | Train: [ 39/600] Step 400/520 Loss 1.586 Prec@(1,5) (68.6%, 92.2%)
07/22 06:23:13 AM | Train: [ 39/600] Step 520/520 Loss 1.596 Prec@(1,5) (68.4%, 92.2%)
07/22 06:23:13 AM | Train: [ 39/600] Final Prec@1 68.3660%
07/22 06:23:13 AM | Valid: [ 39/600] Step 000/104 Loss 1.566 Prec@(1,5) (63.5%, 83.3%)
07/22 06:23:18 AM | Valid: [ 39/600] Step 104/104 Loss 1.427 Prec@(1,5) (63.1%, 88.2%)
07/22 06:23:18 AM | Valid: [ 39/600] Final Prec@1 63.1000%
07/22 06:23:18 AM | Epoch 39 LR 0.02472684500917257
07/22 06:23:19 AM | Train: [ 40/600] Step 000/520 Loss 1.527 Prec@(1,5) (71.9%, 92.7%)
07/22 06:23:52 AM | Train: [ 40/600] Step 200/520 Loss 1.557 Prec@(1,5) (69.1%, 92.4%)
07/22 06:24:22 AM | Train: [ 40/600] Step 400/520 Loss 1.581 Prec@(1,5) (68.7%, 92.3%)
07/22 06:24:40 AM | Train: [ 40/600] Step 520/520 Loss 1.591 Prec@(1,5) (68.5%, 92.2%)
07/22 06:24:40 AM | Train: [ 40/600] Final Prec@1 68.5260%
07/22 06:24:41 AM | Valid: [ 40/600] Step 000/104 Loss 1.218 Prec@(1,5) (65.6%, 88.5%)
07/22 06:24:45 AM | Valid: [ 40/600] Step 104/104 Loss 1.400 Prec@(1,5) (63.7%, 88.5%)
07/22 06:24:45 AM | Valid: [ 40/600] Final Prec@1 63.7100%
07/22 06:24:45 AM | Epoch 40 LR 0.024713069680440795
07/22 06:24:45 AM | Train: [ 41/600] Step 000/520 Loss 1.247 Prec@(1,5) (76.0%, 93.8%)
07/22 06:25:18 AM | Train: [ 41/600] Step 200/520 Loss 1.552 Prec@(1,5) (69.3%, 92.7%)
07/22 06:25:51 AM | Train: [ 41/600] Step 400/520 Loss 1.568 Prec@(1,5) (69.2%, 92.5%)
07/22 06:26:10 AM | Train: [ 41/600] Step 520/520 Loss 1.580 Prec@(1,5) (68.8%, 92.3%)
07/22 06:26:10 AM | Train: [ 41/600] Final Prec@1 68.8100%
07/22 06:26:11 AM | Valid: [ 41/600] Step 000/104 Loss 1.132 Prec@(1,5) (70.8%, 91.7%)
07/22 06:26:15 AM | Valid: [ 41/600] Step 104/104 Loss 1.268 Prec@(1,5) (66.0%, 90.5%)
07/22 06:26:15 AM | Valid: [ 41/600] Final Prec@1 66.0400%
07/22 06:26:15 AM | Epoch 41 LR 0.024698959524234343
07/22 06:26:15 AM | Train: [ 42/600] Step 000/520 Loss 1.651 Prec@(1,5) (66.7%, 93.8%)
07/22 06:26:46 AM | Train: [ 42/600] Step 200/520 Loss 1.530 Prec@(1,5) (69.8%, 92.7%)
07/22 06:27:18 AM | Train: [ 42/600] Step 400/520 Loss 1.565 Prec@(1,5) (68.9%, 92.4%)
07/22 06:27:37 AM | Train: [ 42/600] Step 520/520 Loss 1.572 Prec@(1,5) (68.9%, 92.4%)
07/22 06:27:37 AM | Train: [ 42/600] Final Prec@1 68.8900%
07/22 06:27:37 AM | Valid: [ 42/600] Step 000/104 Loss 1.236 Prec@(1,5) (62.5%, 88.5%)
07/22 06:27:41 AM | Valid: [ 42/600] Step 104/104 Loss 1.325 Prec@(1,5) (64.1%, 89.4%)
07/22 06:27:41 AM | Valid: [ 42/600] Final Prec@1 64.1400%
07/22 06:27:41 AM | Epoch 42 LR 0.02468451492739027
07/22 06:27:42 AM | Train: [ 43/600] Step 000/520 Loss 1.575 Prec@(1,5) (69.8%, 93.8%)
07/22 06:28:12 AM | Train: [ 43/600] Step 200/520 Loss 1.499 Prec@(1,5) (70.5%, 93.2%)
07/22 06:28:41 AM | Train: [ 43/600] Step 400/520 Loss 1.546 Prec@(1,5) (69.6%, 92.7%)
07/22 06:29:01 AM | Train: [ 43/600] Step 520/520 Loss 1.555 Prec@(1,5) (69.4%, 92.6%)
07/22 06:29:01 AM | Train: [ 43/600] Final Prec@1 69.4420%
07/22 06:29:01 AM | Valid: [ 43/600] Step 000/104 Loss 1.261 Prec@(1,5) (66.7%, 88.5%)
07/22 06:29:06 AM | Valid: [ 43/600] Step 104/104 Loss 1.389 Prec@(1,5) (63.6%, 89.0%)
07/22 06:29:06 AM | Valid: [ 43/600] Final Prec@1 63.5800%
07/22 06:29:06 AM | Epoch 43 LR 0.0246697362859145
07/22 06:29:06 AM | Train: [ 44/600] Step 000/520 Loss 1.671 Prec@(1,5) (70.8%, 90.6%)
07/22 06:29:39 AM | Train: [ 44/600] Step 200/520 Loss 1.512 Prec@(1,5) (70.1%, 93.1%)
07/22 06:30:09 AM | Train: [ 44/600] Step 400/520 Loss 1.538 Prec@(1,5) (69.5%, 92.8%)
07/22 06:30:27 AM | Train: [ 44/600] Step 520/520 Loss 1.552 Prec@(1,5) (69.2%, 92.7%)
07/22 06:30:27 AM | Train: [ 44/600] Final Prec@1 69.2120%
07/22 06:30:27 AM | Valid: [ 44/600] Step 000/104 Loss 1.233 Prec@(1,5) (66.7%, 89.6%)
07/22 06:30:31 AM | Valid: [ 44/600] Step 104/104 Loss 1.396 Prec@(1,5) (63.9%, 88.9%)
07/22 06:30:31 AM | Valid: [ 44/600] Final Prec@1 63.9100%
07/22 06:30:32 AM | Epoch 44 LR 0.024654624004970958
07/22 06:30:32 AM | Train: [ 45/600] Step 000/520 Loss 1.508 Prec@(1,5) (72.9%, 89.6%)
07/22 06:31:03 AM | Train: [ 45/600] Step 200/520 Loss 1.470 Prec@(1,5) (70.9%, 93.5%)
07/22 06:31:33 AM | Train: [ 45/600] Step 400/520 Loss 1.529 Prec@(1,5) (70.0%, 92.8%)
07/22 06:31:51 AM | Train: [ 45/600] Step 520/520 Loss 1.542 Prec@(1,5) (69.7%, 92.6%)
07/22 06:31:51 AM | Train: [ 45/600] Final Prec@1 69.7180%
07/22 06:31:52 AM | Valid: [ 45/600] Step 000/104 Loss 1.376 Prec@(1,5) (62.5%, 89.6%)
07/22 06:31:56 AM | Valid: [ 45/600] Step 104/104 Loss 1.432 Prec@(1,5) (63.6%, 88.8%)
07/22 06:31:56 AM | Valid: [ 45/600] Final Prec@1 63.5500%
07/22 06:31:56 AM | Epoch 45 LR 0.024639178498870453
07/22 06:31:56 AM | Train: [ 46/600] Step 000/520 Loss 1.651 Prec@(1,5) (69.8%, 91.7%)
07/22 06:32:26 AM | Train: [ 46/600] Step 200/520 Loss 1.468 Prec@(1,5) (71.0%, 93.4%)
07/22 06:32:56 AM | Train: [ 46/600] Step 400/520 Loss 1.515 Prec@(1,5) (70.1%, 92.9%)
07/22 06:33:15 AM | Train: [ 46/600] Step 520/520 Loss 1.532 Prec@(1,5) (69.7%, 92.7%)
07/22 06:33:15 AM | Train: [ 46/600] Final Prec@1 69.7460%
07/22 06:33:15 AM | Valid: [ 46/600] Step 000/104 Loss 1.215 Prec@(1,5) (63.5%, 90.6%)
07/22 06:33:19 AM | Valid: [ 46/600] Step 104/104 Loss 1.355 Prec@(1,5) (63.8%, 88.8%)
07/22 06:33:19 AM | Valid: [ 46/600] Final Prec@1 63.7700%
07/22 06:33:20 AM | Epoch 46 LR 0.02462340019105934
07/22 06:33:20 AM | Train: [ 47/600] Step 000/520 Loss 1.734 Prec@(1,5) (71.9%, 86.5%)
07/22 06:33:51 AM | Train: [ 47/600] Step 200/520 Loss 1.490 Prec@(1,5) (70.7%, 93.3%)
07/22 06:34:21 AM | Train: [ 47/600] Step 400/520 Loss 1.512 Prec@(1,5) (70.4%, 93.0%)
07/22 06:34:39 AM | Train: [ 47/600] Step 520/520 Loss 1.524 Prec@(1,5) (70.2%, 92.9%)
07/22 06:34:39 AM | Train: [ 47/600] Final Prec@1 70.2040%
07/22 06:34:39 AM | Valid: [ 47/600] Step 000/104 Loss 1.340 Prec@(1,5) (65.6%, 90.6%)
07/22 06:34:44 AM | Valid: [ 47/600] Step 104/104 Loss 1.425 Prec@(1,5) (63.6%, 89.8%)
07/22 06:34:44 AM | Valid: [ 47/600] Final Prec@1 63.6100%
07/22 06:34:44 AM | Epoch 47 LR 0.024607289514107893
07/22 06:34:44 AM | Train: [ 48/600] Step 000/520 Loss 1.130 Prec@(1,5) (78.1%, 94.8%)
07/22 06:35:14 AM | Train: [ 48/600] Step 200/520 Loss 1.482 Prec@(1,5) (70.5%, 93.1%)
07/22 06:35:44 AM | Train: [ 48/600] Step 400/520 Loss 1.500 Prec@(1,5) (70.3%, 93.0%)
07/22 06:36:02 AM | Train: [ 48/600] Step 520/520 Loss 1.507 Prec@(1,5) (70.2%, 93.0%)
07/22 06:36:02 AM | Train: [ 48/600] Final Prec@1 70.2080%
07/22 06:36:02 AM | Valid: [ 48/600] Step 000/104 Loss 1.221 Prec@(1,5) (63.5%, 90.6%)
07/22 06:36:06 AM | Valid: [ 48/600] Step 104/104 Loss 1.262 Prec@(1,5) (66.6%, 90.3%)
07/22 06:36:06 AM | Valid: [ 48/600] Final Prec@1 66.5500%
07/22 06:36:06 AM | Epoch 48 LR 0.024590846909698465
07/22 06:36:07 AM | Train: [ 49/600] Step 000/520 Loss 1.413 Prec@(1,5) (71.9%, 93.8%)
07/22 06:36:42 AM | Train: [ 49/600] Step 200/520 Loss 1.436 Prec@(1,5) (72.0%, 93.6%)
07/22 06:37:12 AM | Train: [ 49/600] Step 400/520 Loss 1.500 Prec@(1,5) (70.6%, 93.1%)
07/22 06:37:30 AM | Train: [ 49/600] Step 520/520 Loss 1.509 Prec@(1,5) (70.4%, 93.0%)
07/22 06:37:30 AM | Train: [ 49/600] Final Prec@1 70.4360%
07/22 06:37:31 AM | Valid: [ 49/600] Step 000/104 Loss 1.111 Prec@(1,5) (75.0%, 90.6%)
07/22 06:37:35 AM | Valid: [ 49/600] Step 104/104 Loss 1.311 Prec@(1,5) (66.0%, 89.8%)
07/22 06:37:35 AM | Valid: [ 49/600] Final Prec@1 66.0000%
07/22 06:37:35 AM | Epoch 49 LR 0.024574072828613357
07/22 06:37:35 AM | Train: [ 50/600] Step 000/520 Loss 1.651 Prec@(1,5) (69.8%, 94.8%)
07/22 06:38:06 AM | Train: [ 50/600] Step 200/520 Loss 1.463 Prec@(1,5) (71.5%, 93.4%)
07/22 06:38:36 AM | Train: [ 50/600] Step 400/520 Loss 1.488 Prec@(1,5) (70.7%, 93.2%)
07/22 06:38:54 AM | Train: [ 50/600] Step 520/520 Loss 1.496 Prec@(1,5) (70.5%, 93.1%)
07/22 06:38:54 AM | Train: [ 50/600] Final Prec@1 70.5400%
07/22 06:38:54 AM | Valid: [ 50/600] Step 000/104 Loss 1.193 Prec@(1,5) (68.8%, 90.6%)
07/22 06:38:58 AM | Valid: [ 50/600] Step 104/104 Loss 1.232 Prec@(1,5) (67.3%, 90.5%)
07/22 06:38:58 AM | Valid: [ 50/600] Final Prec@1 67.3200%
07/22 06:38:58 AM | Epoch 50 LR 0.024556967730722478
07/22 06:38:59 AM | Train: [ 51/600] Step 000/520 Loss 1.490 Prec@(1,5) (72.9%, 89.6%)
07/22 06:39:29 AM | Train: [ 51/600] Step 200/520 Loss 1.440 Prec@(1,5) (71.6%, 93.8%)
07/22 06:40:00 AM | Train: [ 51/600] Step 400/520 Loss 1.475 Prec@(1,5) (71.0%, 93.3%)
07/22 06:40:19 AM | Train: [ 51/600] Step 520/520 Loss 1.483 Prec@(1,5) (70.9%, 93.2%)
07/22 06:40:19 AM | Train: [ 51/600] Final Prec@1 70.8740%
07/22 06:40:19 AM | Valid: [ 51/600] Step 000/104 Loss 1.267 Prec@(1,5) (64.6%, 89.6%)
07/22 06:40:23 AM | Valid: [ 51/600] Step 104/104 Loss 1.281 Prec@(1,5) (65.9%, 90.3%)
07/22 06:40:23 AM | Valid: [ 51/600] Final Prec@1 65.8800%
07/22 06:40:23 AM | Epoch 51 LR 0.02453953208497073
07/22 06:40:24 AM | Train: [ 52/600] Step 000/520 Loss 1.444 Prec@(1,5) (74.0%, 93.8%)
07/22 06:40:54 AM | Train: [ 52/600] Step 200/520 Loss 1.465 Prec@(1,5) (71.3%, 93.4%)
07/22 06:41:23 AM | Train: [ 52/600] Step 400/520 Loss 1.482 Prec@(1,5) (70.8%, 93.1%)
07/22 06:41:43 AM | Train: [ 52/600] Step 520/520 Loss 1.492 Prec@(1,5) (70.5%, 93.1%)
07/22 06:41:43 AM | Train: [ 52/600] Final Prec@1 70.5340%
07/22 06:41:44 AM | Valid: [ 52/600] Step 000/104 Loss 1.295 Prec@(1,5) (64.6%, 88.5%)
07/22 06:41:49 AM | Valid: [ 52/600] Step 104/104 Loss 1.292 Prec@(1,5) (65.9%, 90.0%)
07/22 06:41:49 AM | Valid: [ 52/600] Final Prec@1 65.8900%
07/22 06:41:49 AM | Epoch 52 LR 0.024521766369365147
07/22 06:41:49 AM | Train: [ 53/600] Step 000/520 Loss 1.172 Prec@(1,5) (80.2%, 94.8%)
07/22 06:42:21 AM | Train: [ 53/600] Step 200/520 Loss 1.432 Prec@(1,5) (72.0%, 93.5%)
07/22 06:42:51 AM | Train: [ 53/600] Step 400/520 Loss 1.460 Prec@(1,5) (71.4%, 93.3%)
07/22 06:43:09 AM | Train: [ 53/600] Step 520/520 Loss 1.477 Prec@(1,5) (71.0%, 93.2%)
07/22 06:43:09 AM | Train: [ 53/600] Final Prec@1 71.0020%
07/22 06:43:09 AM | Valid: [ 53/600] Step 000/104 Loss 1.022 Prec@(1,5) (70.8%, 93.8%)
07/22 06:43:14 AM | Valid: [ 53/600] Step 104/104 Loss 1.261 Prec@(1,5) (66.4%, 90.1%)
07/22 06:43:14 AM | Valid: [ 53/600] Final Prec@1 66.4200%
07/22 06:43:14 AM | Epoch 53 LR 0.024503671070961793
07/22 06:43:15 AM | Train: [ 54/600] Step 000/520 Loss 1.397 Prec@(1,5) (72.9%, 93.8%)
07/22 06:43:47 AM | Train: [ 54/600] Step 200/520 Loss 1.393 Prec@(1,5) (72.7%, 94.1%)
07/22 06:44:18 AM | Train: [ 54/600] Step 400/520 Loss 1.452 Prec@(1,5) (71.3%, 93.5%)
07/22 06:44:36 AM | Train: [ 54/600] Step 520/520 Loss 1.462 Prec@(1,5) (71.1%, 93.4%)
07/22 06:44:36 AM | Train: [ 54/600] Final Prec@1 71.1000%
07/22 06:44:36 AM | Valid: [ 54/600] Step 000/104 Loss 1.352 Prec@(1,5) (65.6%, 91.7%)
07/22 06:44:40 AM | Valid: [ 54/600] Step 104/104 Loss 1.374 Prec@(1,5) (64.7%, 90.0%)
07/22 06:44:40 AM | Valid: [ 54/600] Final Prec@1 64.7300%
07/22 06:44:41 AM | Epoch 54 LR 0.024485246685852415
07/22 06:44:41 AM | Train: [ 55/600] Step 000/520 Loss 1.367 Prec@(1,5) (74.0%, 92.7%)
07/22 06:45:10 AM | Train: [ 55/600] Step 200/520 Loss 1.422 Prec@(1,5) (71.9%, 93.8%)
07/22 06:45:45 AM | Train: [ 55/600] Step 400/520 Loss 1.459 Prec@(1,5) (71.2%, 93.4%)
07/22 06:46:03 AM | Train: [ 55/600] Step 520/520 Loss 1.462 Prec@(1,5) (71.1%, 93.4%)
07/22 06:46:03 AM | Train: [ 55/600] Final Prec@1 71.1100%
07/22 06:46:03 AM | Valid: [ 55/600] Step 000/104 Loss 1.146 Prec@(1,5) (69.8%, 91.7%)
07/22 06:46:07 AM | Valid: [ 55/600] Step 104/104 Loss 1.274 Prec@(1,5) (66.9%, 90.2%)
07/22 06:46:07 AM | Valid: [ 55/600] Final Prec@1 66.9000%
07/22 06:46:07 AM | Epoch 55 LR 0.024466493719150842
07/22 06:46:08 AM | Train: [ 56/600] Step 000/520 Loss 1.032 Prec@(1,5) (83.3%, 97.9%)
07/22 06:46:38 AM | Train: [ 56/600] Step 200/520 Loss 1.411 Prec@(1,5) (72.3%, 94.0%)
07/22 06:47:07 AM | Train: [ 56/600] Step 400/520 Loss 1.437 Prec@(1,5) (71.7%, 93.7%)
07/22 06:47:26 AM | Train: [ 56/600] Step 520/520 Loss 1.447 Prec@(1,5) (71.6%, 93.6%)
07/22 06:47:27 AM | Train: [ 56/600] Final Prec@1 71.5520%
07/22 06:47:27 AM | Valid: [ 56/600] Step 000/104 Loss 1.107 Prec@(1,5) (72.9%, 94.8%)
07/22 06:47:31 AM | Valid: [ 56/600] Step 104/104 Loss 1.354 Prec@(1,5) (65.1%, 89.8%)
07/22 06:47:32 AM | Valid: [ 56/600] Final Prec@1 65.0600%
07/22 06:47:32 AM | Epoch 56 LR 0.02444741268497913
07/22 06:47:32 AM | Train: [ 57/600] Step 000/520 Loss 1.308 Prec@(1,5) (77.1%, 96.9%)
07/22 06:48:02 AM | Train: [ 57/600] Step 200/520 Loss 1.415 Prec@(1,5) (72.2%, 93.7%)
07/22 06:48:32 AM | Train: [ 57/600] Step 400/520 Loss 1.447 Prec@(1,5) (71.5%, 93.4%)
07/22 06:48:49 AM | Train: [ 57/600] Step 520/520 Loss 1.453 Prec@(1,5) (71.3%, 93.4%)
07/22 06:48:49 AM | Train: [ 57/600] Final Prec@1 71.2500%
07/22 06:48:50 AM | Valid: [ 57/600] Step 000/104 Loss 1.328 Prec@(1,5) (64.6%, 91.7%)
07/22 06:48:54 AM | Valid: [ 57/600] Step 104/104 Loss 1.283 Prec@(1,5) (66.2%, 90.4%)
07/22 06:48:54 AM | Valid: [ 57/600] Final Prec@1 66.1700%
07/22 06:48:54 AM | Epoch 57 LR 0.024428004106453467
07/22 06:48:55 AM | Train: [ 58/600] Step 000/520 Loss 1.259 Prec@(1,5) (77.1%, 94.8%)
07/22 06:49:27 AM | Train: [ 58/600] Step 200/520 Loss 1.423 Prec@(1,5) (72.1%, 93.7%)
07/22 06:49:56 AM | Train: [ 58/600] Step 400/520 Loss 1.443 Prec@(1,5) (71.7%, 93.6%)
07/22 06:50:14 AM | Train: [ 58/600] Step 520/520 Loss 1.452 Prec@(1,5) (71.5%, 93.6%)
07/22 06:50:14 AM | Train: [ 58/600] Final Prec@1 71.5300%
07/22 06:50:15 AM | Valid: [ 58/600] Step 000/104 Loss 1.022 Prec@(1,5) (74.0%, 92.7%)
07/22 06:50:18 AM | Valid: [ 58/600] Step 104/104 Loss 1.246 Prec@(1,5) (66.8%, 90.9%)
07/22 06:50:18 AM | Valid: [ 58/600] Final Prec@1 66.7900%
07/22 06:50:19 AM | Epoch 58 LR 0.024408268515669834
07/22 06:50:19 AM | Train: [ 59/600] Step 000/520 Loss 1.501 Prec@(1,5) (71.9%, 91.7%)
07/22 06:50:52 AM | Train: [ 59/600] Step 200/520 Loss 1.425 Prec@(1,5) (72.0%, 93.8%)
07/22 06:51:23 AM | Train: [ 59/600] Step 400/520 Loss 1.429 Prec@(1,5) (72.0%, 93.8%)
07/22 06:51:41 AM | Train: [ 59/600] Step 520/520 Loss 1.437 Prec@(1,5) (71.8%, 93.7%)
07/22 06:51:41 AM | Train: [ 59/600] Final Prec@1 71.7740%
07/22 06:51:41 AM | Valid: [ 59/600] Step 000/104 Loss 1.168 Prec@(1,5) (69.8%, 92.7%)
07/22 06:51:45 AM | Valid: [ 59/600] Step 104/104 Loss 1.277 Prec@(1,5) (67.3%, 90.3%)
07/22 06:51:45 AM | Valid: [ 59/600] Final Prec@1 67.2500%
07/22 06:51:45 AM | Epoch 59 LR 0.024388206453689425
07/22 06:51:46 AM | Train: [ 60/600] Step 000/520 Loss 1.509 Prec@(1,5) (71.9%, 90.6%)
07/22 06:52:17 AM | Train: [ 60/600] Step 200/520 Loss 1.397 Prec@(1,5) (72.0%, 94.1%)
07/22 06:52:52 AM | Train: [ 60/600] Step 400/520 Loss 1.418 Prec@(1,5) (71.8%, 93.9%)
07/22 06:53:10 AM | Train: [ 60/600] Step 520/520 Loss 1.431 Prec@(1,5) (71.5%, 93.8%)
07/22 06:53:10 AM | Train: [ 60/600] Final Prec@1 71.5040%
07/22 06:53:10 AM | Valid: [ 60/600] Step 000/104 Loss 1.000 Prec@(1,5) (72.9%, 93.8%)
07/22 06:53:14 AM | Valid: [ 60/600] Step 104/104 Loss 1.379 Prec@(1,5) (64.5%, 89.4%)
07/22 06:53:14 AM | Valid: [ 60/600] Final Prec@1 64.5000%
07/22 06:53:14 AM | Epoch 60 LR 0.024367818470523803
07/22 06:53:15 AM | Train: [ 61/600] Step 000/520 Loss 1.483 Prec@(1,5) (74.0%, 90.6%)
07/22 06:53:45 AM | Train: [ 61/600] Step 200/520 Loss 1.355 Prec@(1,5) (73.2%, 94.4%)
07/22 06:54:16 AM | Train: [ 61/600] Step 400/520 Loss 1.398 Prec@(1,5) (72.5%, 93.9%)
07/22 06:54:36 AM | Train: [ 61/600] Step 520/520 Loss 1.408 Prec@(1,5) (72.3%, 93.9%)
07/22 06:54:36 AM | Train: [ 61/600] Final Prec@1 72.3460%
07/22 06:54:36 AM | Valid: [ 61/600] Step 000/104 Loss 1.241 Prec@(1,5) (67.7%, 91.7%)
07/22 06:54:41 AM | Valid: [ 61/600] Step 104/104 Loss 1.304 Prec@(1,5) (65.6%, 90.4%)
07/22 06:54:41 AM | Valid: [ 61/600] Final Prec@1 65.5600%
07/22 06:54:41 AM | Epoch 61 LR 0.024347105125119825
07/22 06:54:41 AM | Train: [ 62/600] Step 000/520 Loss 1.034 Prec@(1,5) (77.1%, 97.9%)
07/22 06:55:10 AM | Train: [ 62/600] Step 200/520 Loss 1.387 Prec@(1,5) (72.5%, 94.1%)
07/22 06:55:40 AM | Train: [ 62/600] Step 400/520 Loss 1.406 Prec@(1,5) (72.2%, 93.8%)
07/22 06:56:00 AM | Train: [ 62/600] Step 520/520 Loss 1.419 Prec@(1,5) (72.0%, 93.8%)
07/22 06:56:00 AM | Train: [ 62/600] Final Prec@1 71.9860%
07/22 06:56:00 AM | Valid: [ 62/600] Step 000/104 Loss 1.087 Prec@(1,5) (70.8%, 94.8%)
07/22 06:56:06 AM | Valid: [ 62/600] Step 104/104 Loss 1.250 Prec@(1,5) (66.8%, 91.0%)
07/22 06:56:06 AM | Valid: [ 62/600] Final Prec@1 66.7900%
07/22 06:56:06 AM | Epoch 62 LR 0.02432606698534432
07/22 06:56:06 AM | Train: [ 63/600] Step 000/520 Loss 1.213 Prec@(1,5) (77.1%, 92.7%)
07/22 06:56:39 AM | Train: [ 63/600] Step 200/520 Loss 1.374 Prec@(1,5) (73.4%, 94.2%)
07/22 06:57:09 AM | Train: [ 63/600] Step 400/520 Loss 1.405 Prec@(1,5) (72.6%, 93.9%)
07/22 06:57:26 AM | Train: [ 63/600] Step 520/520 Loss 1.418 Prec@(1,5) (72.2%, 93.7%)
07/22 06:57:26 AM | Train: [ 63/600] Final Prec@1 72.2080%
07/22 06:57:26 AM | Valid: [ 63/600] Step 000/104 Loss 1.180 Prec@(1,5) (72.9%, 88.5%)
07/22 06:57:30 AM | Valid: [ 63/600] Step 104/104 Loss 1.255 Prec@(1,5) (67.3%, 90.8%)
07/22 06:57:30 AM | Valid: [ 63/600] Final Prec@1 67.3100%
07/22 06:57:31 AM | Epoch 63 LR 0.024304704627968517
07/22 06:57:31 AM | Train: [ 64/600] Step 000/520 Loss 1.562 Prec@(1,5) (66.7%, 91.7%)
07/22 06:58:04 AM | Train: [ 64/600] Step 200/520 Loss 1.358 Prec@(1,5) (73.5%, 94.4%)
07/22 06:58:35 AM | Train: [ 64/600] Step 400/520 Loss 1.388 Prec@(1,5) (73.0%, 94.1%)
07/22 06:58:53 AM | Train: [ 64/600] Step 520/520 Loss 1.400 Prec@(1,5) (72.7%, 94.0%)
07/22 06:58:53 AM | Train: [ 64/600] Final Prec@1 72.6960%
07/22 06:58:54 AM | Valid: [ 64/600] Step 000/104 Loss 1.349 Prec@(1,5) (62.5%, 88.5%)
07/22 06:58:58 AM | Valid: [ 64/600] Step 104/104 Loss 1.479 Prec@(1,5) (62.6%, 88.1%)
07/22 06:58:58 AM | Valid: [ 64/600] Final Prec@1 62.5900%
07/22 06:58:58 AM | Epoch 64 LR 0.024283018638652232
07/22 06:58:58 AM | Train: [ 65/600] Step 000/520 Loss 1.305 Prec@(1,5) (76.0%, 94.8%)
07/22 06:59:29 AM | Train: [ 65/600] Step 200/520 Loss 1.349 Prec@(1,5) (73.6%, 94.2%)
07/22 07:00:04 AM | Train: [ 65/600] Step 400/520 Loss 1.382 Prec@(1,5) (72.8%, 94.0%)
07/22 07:00:23 AM | Train: [ 65/600] Step 520/520 Loss 1.398 Prec@(1,5) (72.5%, 93.9%)
07/22 07:00:23 AM | Train: [ 65/600] Final Prec@1 72.4700%
07/22 07:00:23 AM | Valid: [ 65/600] Step 000/104 Loss 1.331 Prec@(1,5) (72.9%, 89.6%)
07/22 07:00:27 AM | Valid: [ 65/600] Step 104/104 Loss 1.468 Prec@(1,5) (63.4%, 88.4%)
07/22 07:00:27 AM | Valid: [ 65/600] Final Prec@1 63.4000%
07/22 07:00:27 AM | Epoch 65 LR 0.02426100961192782
07/22 07:00:28 AM | Train: [ 66/600] Step 000/520 Loss 1.527 Prec@(1,5) (69.8%, 93.8%)
07/22 07:00:58 AM | Train: [ 66/600] Step 200/520 Loss 1.348 Prec@(1,5) (73.4%, 94.4%)
07/22 07:01:28 AM | Train: [ 66/600] Step 400/520 Loss 1.383 Prec@(1,5) (72.6%, 94.0%)
07/22 07:01:46 AM | Train: [ 66/600] Step 520/520 Loss 1.386 Prec@(1,5) (72.5%, 94.1%)
07/22 07:01:46 AM | Train: [ 66/600] Final Prec@1 72.5160%
07/22 07:01:47 AM | Valid: [ 66/600] Step 000/104 Loss 1.278 Prec@(1,5) (66.7%, 87.5%)
07/22 07:01:51 AM | Valid: [ 66/600] Step 104/104 Loss 1.298 Prec@(1,5) (66.4%, 90.5%)
07/22 07:01:51 AM | Valid: [ 66/600] Final Prec@1 66.4000%
07/22 07:01:51 AM | Epoch 66 LR 0.024238678151183864
07/22 07:01:51 AM | Train: [ 67/600] Step 000/520 Loss 1.104 Prec@(1,5) (80.2%, 97.9%)
07/22 07:02:21 AM | Train: [ 67/600] Step 200/520 Loss 1.324 Prec@(1,5) (73.8%, 94.6%)
07/22 07:02:51 AM | Train: [ 67/600] Step 400/520 Loss 1.371 Prec@(1,5) (72.9%, 94.2%)
07/22 07:03:08 AM | Train: [ 67/600] Step 520/520 Loss 1.385 Prec@(1,5) (72.7%, 94.0%)
07/22 07:03:09 AM | Train: [ 67/600] Final Prec@1 72.6500%
07/22 07:03:09 AM | Valid: [ 67/600] Step 000/104 Loss 1.535 Prec@(1,5) (64.6%, 87.5%)
07/22 07:03:13 AM | Valid: [ 67/600] Step 104/104 Loss 1.308 Prec@(1,5) (65.8%, 90.4%)
07/22 07:03:13 AM | Valid: [ 67/600] Final Prec@1 65.8400%
07/22 07:03:13 AM | Epoch 67 LR 0.024216024868648645
07/22 07:03:13 AM | Train: [ 68/600] Step 000/520 Loss 1.407 Prec@(1,5) (67.7%, 90.6%)
07/22 07:03:45 AM | Train: [ 68/600] Step 200/520 Loss 1.350 Prec@(1,5) (73.2%, 94.6%)
07/22 07:04:15 AM | Train: [ 68/600] Step 400/520 Loss 1.375 Prec@(1,5) (72.7%, 94.3%)
07/22 07:04:33 AM | Train: [ 68/600] Step 520/520 Loss 1.384 Prec@(1,5) (72.6%, 94.1%)
07/22 07:04:33 AM | Train: [ 68/600] Final Prec@1 72.6060%
07/22 07:04:33 AM | Valid: [ 68/600] Step 000/104 Loss 1.197 Prec@(1,5) (67.7%, 89.6%)
07/22 07:04:37 AM | Valid: [ 68/600] Step 104/104 Loss 1.357 Prec@(1,5) (66.0%, 89.5%)
07/22 07:04:37 AM | Valid: [ 68/600] Final Prec@1 65.9900%
07/22 07:04:37 AM | Epoch 68 LR 0.024193050385373345
07/22 07:04:38 AM | Train: [ 69/600] Step 000/520 Loss 1.189 Prec@(1,5) (72.9%, 94.8%)
07/22 07:05:08 AM | Train: [ 69/600] Step 200/520 Loss 1.310 Prec@(1,5) (74.1%, 94.6%)
07/22 07:05:41 AM | Train: [ 69/600] Step 400/520 Loss 1.366 Prec@(1,5) (73.0%, 94.2%)
07/22 07:06:00 AM | Train: [ 69/600] Step 520/520 Loss 1.381 Prec@(1,5) (72.7%, 94.1%)
07/22 07:06:00 AM | Train: [ 69/600] Final Prec@1 72.6840%
07/22 07:06:00 AM | Valid: [ 69/600] Step 000/104 Loss 1.320 Prec@(1,5) (65.6%, 90.6%)
07/22 07:06:04 AM | Valid: [ 69/600] Step 104/104 Loss 1.288 Prec@(1,5) (65.9%, 90.5%)
07/22 07:06:04 AM | Valid: [ 69/600] Final Prec@1 65.8600%
07/22 07:06:04 AM | Epoch 69 LR 0.024169755331215022
07/22 07:06:05 AM | Train: [ 70/600] Step 000/520 Loss 1.516 Prec@(1,5) (66.7%, 91.7%)
07/22 07:06:35 AM | Train: [ 70/600] Step 200/520 Loss 1.345 Prec@(1,5) (73.6%, 94.5%)
07/22 07:07:04 AM | Train: [ 70/600] Step 400/520 Loss 1.363 Prec@(1,5) (73.3%, 94.3%)
07/22 07:07:22 AM | Train: [ 70/600] Step 520/520 Loss 1.371 Prec@(1,5) (73.2%, 94.2%)
07/22 07:07:23 AM | Train: [ 70/600] Final Prec@1 73.2040%
07/22 07:07:23 AM | Valid: [ 70/600] Step 000/104 Loss 1.339 Prec@(1,5) (66.7%, 91.7%)
07/22 07:07:27 AM | Valid: [ 70/600] Step 104/104 Loss 1.412 Prec@(1,5) (64.9%, 89.1%)
07/22 07:07:27 AM | Valid: [ 70/600] Final Prec@1 64.9400%
07/22 07:07:27 AM | Epoch 70 LR 0.024146140344819364
07/22 07:07:27 AM | Train: [ 71/600] Step 000/520 Loss 1.566 Prec@(1,5) (68.8%, 94.8%)
07/22 07:07:58 AM | Train: [ 71/600] Step 200/520 Loss 1.333 Prec@(1,5) (73.7%, 94.5%)
07/22 07:08:28 AM | Train: [ 71/600] Step 400/520 Loss 1.356 Prec@(1,5) (73.2%, 94.4%)
07/22 07:08:47 AM | Train: [ 71/600] Step 520/520 Loss 1.368 Prec@(1,5) (73.1%, 94.2%)
07/22 07:08:47 AM | Train: [ 71/600] Final Prec@1 73.0800%
07/22 07:08:48 AM | Valid: [ 71/600] Step 000/104 Loss 1.072 Prec@(1,5) (76.0%, 91.7%)
07/22 07:08:53 AM | Valid: [ 71/600] Step 104/104 Loss 1.273 Prec@(1,5) (66.5%, 90.8%)
07/22 07:08:53 AM | Valid: [ 71/600] Final Prec@1 66.5400%
07/22 07:08:53 AM | Epoch 71 LR 0.024122206073603145
07/22 07:08:53 AM | Train: [ 72/600] Step 000/520 Loss 1.021 Prec@(1,5) (81.2%, 94.8%)
07/22 07:09:26 AM | Train: [ 72/600] Step 200/520 Loss 1.311 Prec@(1,5) (74.0%, 94.6%)
07/22 07:09:57 AM | Train: [ 72/600] Step 400/520 Loss 1.359 Prec@(1,5) (73.2%, 94.2%)
07/22 07:10:15 AM | Train: [ 72/600] Step 520/520 Loss 1.371 Prec@(1,5) (72.9%, 94.1%)
07/22 07:10:15 AM | Train: [ 72/600] Final Prec@1 72.8660%
07/22 07:10:16 AM | Valid: [ 72/600] Step 000/104 Loss 0.912 Prec@(1,5) (71.9%, 94.8%)
07/22 07:10:20 AM | Valid: [ 72/600] Step 104/104 Loss 1.277 Prec@(1,5) (67.0%, 90.8%)
07/22 07:10:20 AM | Valid: [ 72/600] Final Prec@1 67.0000%
07/22 07:10:20 AM | Epoch 72 LR 0.024097953173736503
07/22 07:10:21 AM | Train: [ 73/600] Step 000/520 Loss 1.378 Prec@(1,5) (71.9%, 94.8%)
07/22 07:10:56 AM | Train: [ 73/600] Step 200/520 Loss 1.302 Prec@(1,5) (74.5%, 94.6%)
07/22 07:11:27 AM | Train: [ 73/600] Step 400/520 Loss 1.334 Prec@(1,5) (73.8%, 94.5%)
07/22 07:11:45 AM | Train: [ 73/600] Step 520/520 Loss 1.350 Prec@(1,5) (73.4%, 94.3%)
07/22 07:11:45 AM | Train: [ 73/600] Final Prec@1 73.3760%
07/22 07:11:45 AM | Valid: [ 73/600] Step 000/104 Loss 1.175 Prec@(1,5) (71.9%, 93.8%)
07/22 07:11:50 AM | Valid: [ 73/600] Step 104/104 Loss 1.248 Prec@(1,5) (67.0%, 90.7%)
07/22 07:11:50 AM | Valid: [ 73/600] Final Prec@1 67.0400%
07/22 07:11:50 AM | Epoch 73 LR 0.02407338231012494
07/22 07:11:50 AM | Train: [ 74/600] Step 000/520 Loss 1.080 Prec@(1,5) (79.2%, 96.9%)
07/22 07:12:21 AM | Train: [ 74/600] Step 200/520 Loss 1.274 Prec@(1,5) (74.8%, 95.1%)
07/22 07:12:52 AM | Train: [ 74/600] Step 400/520 Loss 1.322 Prec@(1,5) (73.9%, 94.7%)
07/22 07:13:10 AM | Train: [ 74/600] Step 520/520 Loss 1.343 Prec@(1,5) (73.4%, 94.6%)
07/22 07:13:10 AM | Train: [ 74/600] Final Prec@1 73.4400%
07/22 07:13:10 AM | Valid: [ 74/600] Step 000/104 Loss 1.340 Prec@(1,5) (67.7%, 93.8%)
07/22 07:13:14 AM | Valid: [ 74/600] Step 104/104 Loss 1.325 Prec@(1,5) (65.6%, 90.0%)
07/22 07:13:14 AM | Valid: [ 74/600] Final Prec@1 65.6200%
07/22 07:13:14 AM | Epoch 74 LR 0.024048494156391088
07/22 07:13:15 AM | Train: [ 75/600] Step 000/520 Loss 1.049 Prec@(1,5) (81.2%, 97.9%)
07/22 07:13:45 AM | Train: [ 75/600] Step 200/520 Loss 1.305 Prec@(1,5) (74.6%, 94.7%)
07/22 07:14:16 AM | Train: [ 75/600] Step 400/520 Loss 1.333 Prec@(1,5) (73.8%, 94.5%)
07/22 07:14:36 AM | Train: [ 75/600] Step 520/520 Loss 1.348 Prec@(1,5) (73.6%, 94.4%)
07/22 07:14:36 AM | Train: [ 75/600] Final Prec@1 73.5720%
07/22 07:14:36 AM | Valid: [ 75/600] Step 000/104 Loss 1.176 Prec@(1,5) (61.5%, 91.7%)
07/22 07:14:40 AM | Valid: [ 75/600] Step 104/104 Loss 1.240 Prec@(1,5) (67.6%, 91.4%)
07/22 07:14:40 AM | Valid: [ 75/600] Final Prec@1 67.5700%
07/22 07:14:41 AM | Epoch 75 LR 0.024023289394856262
07/22 07:14:41 AM | Train: [ 76/600] Step 000/520 Loss 1.426 Prec@(1,5) (74.0%, 93.8%)
07/22 07:15:11 AM | Train: [ 76/600] Step 200/520 Loss 1.272 Prec@(1,5) (75.2%, 95.1%)
07/22 07:15:40 AM | Train: [ 76/600] Step 400/520 Loss 1.326 Prec@(1,5) (74.1%, 94.5%)
07/22 07:15:59 AM | Train: [ 76/600] Step 520/520 Loss 1.339 Prec@(1,5) (73.8%, 94.4%)
07/22 07:15:59 AM | Train: [ 76/600] Final Prec@1 73.7860%
07/22 07:16:00 AM | Valid: [ 76/600] Step 000/104 Loss 1.188 Prec@(1,5) (68.8%, 92.7%)
07/22 07:16:05 AM | Valid: [ 76/600] Step 104/104 Loss 1.356 Prec@(1,5) (65.8%, 90.2%)
07/22 07:16:05 AM | Valid: [ 76/600] Final Prec@1 65.8300%
07/22 07:16:05 AM | Epoch 76 LR 0.023997768716521727
07/22 07:16:06 AM | Train: [ 77/600] Step 000/520 Loss 1.145 Prec@(1,5) (77.1%, 95.8%)
07/22 07:16:38 AM | Train: [ 77/600] Step 200/520 Loss 1.298 Prec@(1,5) (74.4%, 94.8%)
07/22 07:17:08 AM | Train: [ 77/600] Step 400/520 Loss 1.327 Prec@(1,5) (73.8%, 94.6%)
07/22 07:17:26 AM | Train: [ 77/600] Step 520/520 Loss 1.337 Prec@(1,5) (73.6%, 94.5%)
07/22 07:17:26 AM | Train: [ 77/600] Final Prec@1 73.6480%
07/22 07:17:26 AM | Valid: [ 77/600] Step 000/104 Loss 1.149 Prec@(1,5) (66.7%, 87.5%)
07/22 07:17:30 AM | Valid: [ 77/600] Step 104/104 Loss 1.338 Prec@(1,5) (65.3%, 90.0%)
07/22 07:17:30 AM | Valid: [ 77/600] Final Prec@1 65.2900%
07/22 07:17:30 AM | Epoch 77 LR 0.023971932821049768
07/22 07:17:31 AM | Train: [ 78/600] Step 000/520 Loss 1.178 Prec@(1,5) (78.1%, 99.0%)
07/22 07:18:03 AM | Train: [ 78/600] Step 200/520 Loss 1.308 Prec@(1,5) (74.5%, 94.8%)
07/22 07:18:34 AM | Train: [ 78/600] Step 400/520 Loss 1.327 Prec@(1,5) (74.0%, 94.6%)
07/22 07:18:52 AM | Train: [ 78/600] Step 520/520 Loss 1.340 Prec@(1,5) (73.7%, 94.4%)
07/22 07:18:53 AM | Train: [ 78/600] Final Prec@1 73.7040%
07/22 07:18:53 AM | Valid: [ 78/600] Step 000/104 Loss 1.228 Prec@(1,5) (64.6%, 92.7%)
07/22 07:18:57 AM | Valid: [ 78/600] Step 104/104 Loss 1.231 Prec@(1,5) (67.9%, 90.7%)
07/22 07:18:57 AM | Valid: [ 78/600] Final Prec@1 67.9200%
07/22 07:18:58 AM | Epoch 78 LR 0.023945782416744516
07/22 07:18:58 AM | Train: [ 79/600] Step 000/520 Loss 1.312 Prec@(1,5) (71.9%, 95.8%)
07/22 07:19:30 AM | Train: [ 79/600] Step 200/520 Loss 1.256 Prec@(1,5) (75.7%, 95.3%)
07/22 07:20:02 AM | Train: [ 79/600] Step 400/520 Loss 1.298 Prec@(1,5) (74.8%, 94.8%)
07/22 07:20:20 AM | Train: [ 79/600] Step 520/520 Loss 1.319 Prec@(1,5) (74.3%, 94.7%)
07/22 07:20:20 AM | Train: [ 79/600] Final Prec@1 74.2760%
07/22 07:20:21 AM | Valid: [ 79/600] Step 000/104 Loss 1.023 Prec@(1,5) (69.8%, 93.8%)
07/22 07:20:25 AM | Valid: [ 79/600] Step 104/104 Loss 1.328 Prec@(1,5) (65.9%, 90.0%)
07/22 07:20:25 AM | Valid: [ 79/600] Final Prec@1 65.9400%
07/22 07:20:25 AM | Epoch 79 LR 0.02391931822053251
07/22 07:20:25 AM | Train: [ 80/600] Step 000/520 Loss 0.925 Prec@(1,5) (81.2%, 99.0%)
07/22 07:20:55 AM | Train: [ 80/600] Step 200/520 Loss 1.269 Prec@(1,5) (74.9%, 95.2%)
07/22 07:21:26 AM | Train: [ 80/600] Step 400/520 Loss 1.307 Prec@(1,5) (74.2%, 94.7%)
07/22 07:21:44 AM | Train: [ 80/600] Step 520/520 Loss 1.316 Prec@(1,5) (74.0%, 94.7%)
07/22 07:21:44 AM | Train: [ 80/600] Final Prec@1 73.9600%
07/22 07:21:45 AM | Valid: [ 80/600] Step 000/104 Loss 1.145 Prec@(1,5) (69.8%, 91.7%)
07/22 07:21:49 AM | Valid: [ 80/600] Step 104/104 Loss 1.354 Prec@(1,5) (66.2%, 90.2%)
07/22 07:21:49 AM | Valid: [ 80/600] Final Prec@1 66.2300%
07/22 07:21:49 AM | Epoch 80 LR 0.023892540957943065
07/22 07:21:49 AM | Train: [ 81/600] Step 000/520 Loss 1.271 Prec@(1,5) (78.1%, 91.7%)
07/22 07:22:19 AM | Train: [ 81/600] Step 200/520 Loss 1.262 Prec@(1,5) (75.4%, 95.2%)
07/22 07:22:50 AM | Train: [ 81/600] Step 400/520 Loss 1.302 Prec@(1,5) (74.5%, 94.8%)
07/22 07:23:08 AM | Train: [ 81/600] Step 520/520 Loss 1.314 Prec@(1,5) (74.2%, 94.7%)
07/22 07:23:08 AM | Train: [ 81/600] Final Prec@1 74.1960%
07/22 07:23:08 AM | Valid: [ 81/600] Step 000/104 Loss 1.087 Prec@(1,5) (66.7%, 94.8%)
07/22 07:23:13 AM | Valid: [ 81/600] Step 104/104 Loss 1.286 Prec@(1,5) (67.0%, 90.4%)
07/22 07:23:13 AM | Valid: [ 81/600] Final Prec@1 67.0100%
07/22 07:23:13 AM | Epoch 81 LR 0.023865451363088357
07/22 07:23:13 AM | Train: [ 82/600] Step 000/520 Loss 1.060 Prec@(1,5) (78.1%, 97.9%)
07/22 07:23:43 AM | Train: [ 82/600] Step 200/520 Loss 1.283 Prec@(1,5) (75.1%, 95.0%)
07/22 07:24:13 AM | Train: [ 82/600] Step 400/520 Loss 1.301 Prec@(1,5) (74.4%, 94.9%)
07/22 07:24:30 AM | Train: [ 82/600] Step 520/520 Loss 1.317 Prec@(1,5) (74.1%, 94.7%)
07/22 07:24:30 AM | Train: [ 82/600] Final Prec@1 74.0900%
07/22 07:24:30 AM | Valid: [ 82/600] Step 000/104 Loss 1.173 Prec@(1,5) (71.9%, 89.6%)
07/22 07:24:35 AM | Valid: [ 82/600] Step 104/104 Loss 1.432 Prec@(1,5) (65.1%, 89.5%)
07/22 07:24:35 AM | Valid: [ 82/600] Final Prec@1 65.0500%
07/22 07:24:35 AM | Epoch 82 LR 0.02383805017864331
07/22 07:24:36 AM | Train: [ 83/600] Step 000/520 Loss 0.877 Prec@(1,5) (82.3%, 100.0%)
07/22 07:25:11 AM | Train: [ 83/600] Step 200/520 Loss 1.290 Prec@(1,5) (74.7%, 95.1%)
07/22 07:25:40 AM | Train: [ 83/600] Step 400/520 Loss 1.307 Prec@(1,5) (74.2%, 94.8%)
07/22 07:25:58 AM | Train: [ 83/600] Step 520/520 Loss 1.321 Prec@(1,5) (73.9%, 94.7%)
07/22 07:25:58 AM | Train: [ 83/600] Final Prec@1 73.9440%
07/22 07:25:59 AM | Valid: [ 83/600] Step 000/104 Loss 1.136 Prec@(1,5) (65.6%, 93.8%)
07/22 07:26:03 AM | Valid: [ 83/600] Step 104/104 Loss 1.216 Prec@(1,5) (68.1%, 91.2%)
07/22 07:26:03 AM | Valid: [ 83/600] Final Prec@1 68.0900%
07/22 07:26:04 AM | Epoch 83 LR 0.023810338155825245
07/22 07:26:04 AM | Train: [ 84/600] Step 000/520 Loss 1.053 Prec@(1,5) (79.2%, 97.9%)
07/22 07:26:33 AM | Train: [ 84/600] Step 200/520 Loss 1.284 Prec@(1,5) (74.7%, 94.9%)
07/22 07:27:05 AM | Train: [ 84/600] Step 400/520 Loss 1.308 Prec@(1,5) (74.1%, 94.7%)
07/22 07:27:23 AM | Train: [ 84/600] Step 520/520 Loss 1.305 Prec@(1,5) (74.2%, 94.7%)
07/22 07:27:23 AM | Train: [ 84/600] Final Prec@1 74.2180%
07/22 07:27:23 AM | Valid: [ 84/600] Step 000/104 Loss 1.026 Prec@(1,5) (70.8%, 92.7%)
07/22 07:27:27 AM | Valid: [ 84/600] Step 104/104 Loss 1.227 Prec@(1,5) (67.5%, 91.2%)
07/22 07:27:27 AM | Valid: [ 84/600] Final Prec@1 67.4900%
07/22 07:27:27 AM | Epoch 84 LR 0.02378231605437326
07/22 07:27:27 AM | Train: [ 85/600] Step 000/520 Loss 1.028 Prec@(1,5) (81.2%, 99.0%)
07/22 07:27:57 AM | Train: [ 85/600] Step 200/520 Loss 1.251 Prec@(1,5) (75.5%, 95.2%)
07/22 07:28:30 AM | Train: [ 85/600] Step 400/520 Loss 1.302 Prec@(1,5) (74.4%, 94.9%)
07/22 07:28:49 AM | Train: [ 85/600] Step 520/520 Loss 1.314 Prec@(1,5) (74.1%, 94.8%)
07/22 07:28:49 AM | Train: [ 85/600] Final Prec@1 74.1100%
07/22 07:28:50 AM | Valid: [ 85/600] Step 000/104 Loss 1.201 Prec@(1,5) (68.8%, 90.6%)
07/22 07:28:54 AM | Valid: [ 85/600] Step 104/104 Loss 1.240 Prec@(1,5) (68.0%, 90.8%)
07/22 07:28:54 AM | Valid: [ 85/600] Final Prec@1 68.0300%
07/22 07:28:54 AM | Epoch 85 LR 0.023753984642527422
07/22 07:28:54 AM | Train: [ 86/600] Step 000/520 Loss 1.097 Prec@(1,5) (75.0%, 97.9%)
07/22 07:29:24 AM | Train: [ 86/600] Step 200/520 Loss 1.265 Prec@(1,5) (74.9%, 95.1%)
07/22 07:29:55 AM | Train: [ 86/600] Step 400/520 Loss 1.284 Prec@(1,5) (74.6%, 95.0%)
07/22 07:30:14 AM | Train: [ 86/600] Step 520/520 Loss 1.301 Prec@(1,5) (74.2%, 94.9%)
07/22 07:30:14 AM | Train: [ 86/600] Final Prec@1 74.2440%
07/22 07:30:14 AM | Valid: [ 86/600] Step 000/104 Loss 0.930 Prec@(1,5) (76.0%, 90.6%)
07/22 07:30:18 AM | Valid: [ 86/600] Step 104/104 Loss 1.172 Prec@(1,5) (69.5%, 91.6%)
07/22 07:30:18 AM | Valid: [ 86/600] Final Prec@1 69.5100%
07/22 07:30:19 AM | Epoch 86 LR 0.023725344697007697
07/22 07:30:19 AM | Train: [ 87/600] Step 000/520 Loss 1.390 Prec@(1,5) (72.9%, 92.7%)
07/22 07:30:50 AM | Train: [ 87/600] Step 200/520 Loss 1.264 Prec@(1,5) (75.2%, 95.0%)
07/22 07:31:20 AM | Train: [ 87/600] Step 400/520 Loss 1.290 Prec@(1,5) (74.6%, 94.7%)
07/22 07:31:37 AM | Train: [ 87/600] Step 520/520 Loss 1.300 Prec@(1,5) (74.4%, 94.7%)
07/22 07:31:37 AM | Train: [ 87/600] Final Prec@1 74.4200%
07/22 07:31:37 AM | Valid: [ 87/600] Step 000/104 Loss 1.058 Prec@(1,5) (71.9%, 93.8%)
07/22 07:31:42 AM | Valid: [ 87/600] Step 104/104 Loss 1.207 Prec@(1,5) (69.3%, 91.5%)
07/22 07:31:42 AM | Valid: [ 87/600] Final Prec@1 69.2700%
07/22 07:31:42 AM | Epoch 87 LR 0.023696397002992666
07/22 07:31:42 AM | Train: [ 88/600] Step 000/520 Loss 1.380 Prec@(1,5) (70.8%, 95.8%)
07/22 07:32:17 AM | Train: [ 88/600] Step 200/520 Loss 1.261 Prec@(1,5) (75.5%, 95.2%)
07/22 07:32:47 AM | Train: [ 88/600] Step 400/520 Loss 1.287 Prec@(1,5) (74.8%, 94.9%)
07/22 07:33:06 AM | Train: [ 88/600] Step 520/520 Loss 1.305 Prec@(1,5) (74.5%, 94.7%)
07/22 07:33:06 AM | Train: [ 88/600] Final Prec@1 74.4800%
07/22 07:33:06 AM | Valid: [ 88/600] Step 000/104 Loss 1.141 Prec@(1,5) (66.7%, 93.8%)
07/22 07:33:10 AM | Valid: [ 88/600] Step 104/104 Loss 1.208 Prec@(1,5) (68.5%, 91.9%)
07/22 07:33:10 AM | Valid: [ 88/600] Final Prec@1 68.4900%
07/22 07:33:10 AM | Epoch 88 LR 0.023667142354097975
07/22 07:33:10 AM | Train: [ 89/600] Step 000/520 Loss 0.920 Prec@(1,5) (84.4%, 100.0%)
07/22 07:33:42 AM | Train: [ 89/600] Step 200/520 Loss 1.258 Prec@(1,5) (75.5%, 95.2%)
07/22 07:34:14 AM | Train: [ 89/600] Step 400/520 Loss 1.283 Prec@(1,5) (74.9%, 94.8%)
07/22 07:34:32 AM | Train: [ 89/600] Step 520/520 Loss 1.294 Prec@(1,5) (74.6%, 94.7%)
07/22 07:34:32 AM | Train: [ 89/600] Final Prec@1 74.6040%
07/22 07:34:32 AM | Valid: [ 89/600] Step 000/104 Loss 1.341 Prec@(1,5) (62.5%, 90.6%)
07/22 07:34:36 AM | Valid: [ 89/600] Step 104/104 Loss 1.245 Prec@(1,5) (68.0%, 91.0%)
07/22 07:34:36 AM | Valid: [ 89/600] Final Prec@1 68.0100%
07/22 07:34:37 AM | Epoch 89 LR 0.023637581552354604
07/22 07:34:37 AM | Train: [ 90/600] Step 000/520 Loss 0.969 Prec@(1,5) (83.3%, 97.9%)
07/22 07:35:07 AM | Train: [ 90/600] Step 200/520 Loss 1.236 Prec@(1,5) (75.9%, 95.2%)
07/22 07:35:41 AM | Train: [ 90/600] Step 400/520 Loss 1.270 Prec@(1,5) (75.1%, 94.9%)
07/22 07:35:59 AM | Train: [ 90/600] Step 520/520 Loss 1.285 Prec@(1,5) (74.8%, 94.8%)
07/22 07:35:59 AM | Train: [ 90/600] Final Prec@1 74.8180%
07/22 07:36:00 AM | Valid: [ 90/600] Step 000/104 Loss 1.254 Prec@(1,5) (71.9%, 89.6%)
07/22 07:36:04 AM | Valid: [ 90/600] Step 104/104 Loss 1.335 Prec@(1,5) (67.3%, 90.4%)
07/22 07:36:04 AM | Valid: [ 90/600] Final Prec@1 67.3300%
07/22 07:36:04 AM | Epoch 90 LR 0.023607715408186868
07/22 07:36:05 AM | Train: [ 91/600] Step 000/520 Loss 1.151 Prec@(1,5) (79.2%, 93.8%)
07/22 07:36:35 AM | Train: [ 91/600] Step 200/520 Loss 1.251 Prec@(1,5) (75.4%, 95.2%)
07/22 07:37:06 AM | Train: [ 91/600] Step 400/520 Loss 1.285 Prec@(1,5) (74.6%, 95.0%)
07/22 07:37:25 AM | Train: [ 91/600] Step 520/520 Loss 1.298 Prec@(1,5) (74.4%, 94.9%)
07/22 07:37:25 AM | Train: [ 91/600] Final Prec@1 74.4220%
07/22 07:37:25 AM | Valid: [ 91/600] Step 000/104 Loss 0.909 Prec@(1,5) (68.8%, 96.9%)
07/22 07:37:29 AM | Valid: [ 91/600] Step 104/104 Loss 1.254 Prec@(1,5) (67.9%, 91.1%)
07/22 07:37:29 AM | Valid: [ 91/600] Final Prec@1 67.8800%
07/22 07:37:29 AM | Epoch 91 LR 0.02357754474039019
07/22 07:37:30 AM | Train: [ 92/600] Step 000/520 Loss 1.098 Prec@(1,5) (78.1%, 96.9%)
07/22 07:38:00 AM | Train: [ 92/600] Step 200/520 Loss 1.240 Prec@(1,5) (75.6%, 95.5%)
07/22 07:38:29 AM | Train: [ 92/600] Step 400/520 Loss 1.270 Prec@(1,5) (75.1%, 95.2%)
07/22 07:38:47 AM | Train: [ 92/600] Step 520/520 Loss 1.287 Prec@(1,5) (74.6%, 95.1%)
07/22 07:38:47 AM | Train: [ 92/600] Final Prec@1 74.6460%
07/22 07:38:47 AM | Valid: [ 92/600] Step 000/104 Loss 0.814 Prec@(1,5) (77.1%, 93.8%)
07/22 07:38:52 AM | Valid: [ 92/600] Step 104/104 Loss 1.258 Prec@(1,5) (67.4%, 90.4%)
07/22 07:38:52 AM | Valid: [ 92/600] Final Prec@1 67.3700%
07/22 07:38:52 AM | Epoch 92 LR 0.023547070376108675
07/22 07:38:52 AM | Train: [ 93/600] Step 000/520 Loss 1.441 Prec@(1,5) (69.8%, 96.9%)
07/22 07:39:24 AM | Train: [ 93/600] Step 200/520 Loss 1.242 Prec@(1,5) (75.5%, 95.2%)
07/22 07:39:54 AM | Train: [ 93/600] Step 400/520 Loss 1.271 Prec@(1,5) (75.0%, 94.8%)
07/22 07:40:12 AM | Train: [ 93/600] Step 520/520 Loss 1.284 Prec@(1,5) (74.8%, 94.7%)
07/22 07:40:12 AM | Train: [ 93/600] Final Prec@1 74.8140%
07/22 07:40:12 AM | Valid: [ 93/600] Step 000/104 Loss 1.027 Prec@(1,5) (71.9%, 93.8%)
07/22 07:40:16 AM | Valid: [ 93/600] Step 104/104 Loss 1.203 Prec@(1,5) (68.6%, 91.7%)
07/22 07:40:16 AM | Valid: [ 93/600] Final Prec@1 68.5800%
07/22 07:40:17 AM | Epoch 93 LR 0.02351629315081241
07/22 07:40:17 AM | Train: [ 94/600] Step 000/520 Loss 1.749 Prec@(1,5) (62.5%, 91.7%)
07/22 07:40:48 AM | Train: [ 94/600] Step 200/520 Loss 1.205 Prec@(1,5) (76.4%, 95.7%)
07/22 07:41:21 AM | Train: [ 94/600] Step 400/520 Loss 1.254 Prec@(1,5) (75.5%, 95.1%)
07/22 07:41:39 AM | Train: [ 94/600] Step 520/520 Loss 1.271 Prec@(1,5) (75.0%, 95.0%)
07/22 07:41:39 AM | Train: [ 94/600] Final Prec@1 75.0160%
07/22 07:41:39 AM | Valid: [ 94/600] Step 000/104 Loss 1.031 Prec@(1,5) (72.9%, 92.7%)
07/22 07:41:43 AM | Valid: [ 94/600] Step 104/104 Loss 1.156 Prec@(1,5) (70.7%, 91.8%)
07/22 07:41:43 AM | Valid: [ 94/600] Final Prec@1 70.6800%
07/22 07:41:43 AM | Epoch 94 LR 0.023485213908274575
07/22 07:41:43 AM | Train: [ 95/600] Step 000/520 Loss 1.265 Prec@(1,5) (77.1%, 94.8%)
07/22 07:42:13 AM | Train: [ 95/600] Step 200/520 Loss 1.240 Prec@(1,5) (76.0%, 95.4%)
07/22 07:42:45 AM | Train: [ 95/600] Step 400/520 Loss 1.267 Prec@(1,5) (75.3%, 95.1%)
07/22 07:43:06 AM | Train: [ 95/600] Step 520/520 Loss 1.283 Prec@(1,5) (75.0%, 94.9%)
07/22 07:43:06 AM | Train: [ 95/600] Final Prec@1 74.9780%
07/22 07:43:06 AM | Valid: [ 95/600] Step 000/104 Loss 0.980 Prec@(1,5) (71.9%, 94.8%)
07/22 07:43:10 AM | Valid: [ 95/600] Step 104/104 Loss 1.191 Prec@(1,5) (68.7%, 91.5%)
07/22 07:43:10 AM | Valid: [ 95/600] Final Prec@1 68.6800%
07/22 07:43:10 AM | Epoch 95 LR 0.0234538335005483
07/22 07:43:11 AM | Train: [ 96/600] Step 000/520 Loss 1.051 Prec@(1,5) (78.1%, 99.0%)
07/22 07:43:41 AM | Train: [ 96/600] Step 200/520 Loss 1.217 Prec@(1,5) (76.1%, 95.7%)
07/22 07:44:10 AM | Train: [ 96/600] Step 400/520 Loss 1.250 Prec@(1,5) (75.5%, 95.4%)
07/22 07:44:29 AM | Train: [ 96/600] Step 520/520 Loss 1.267 Prec@(1,5) (75.1%, 95.2%)
07/22 07:44:29 AM | Train: [ 96/600] Final Prec@1 75.1080%
07/22 07:44:29 AM | Valid: [ 96/600] Step 000/104 Loss 1.054 Prec@(1,5) (69.8%, 91.7%)
07/22 07:44:33 AM | Valid: [ 96/600] Step 104/104 Loss 1.307 Prec@(1,5) (66.7%, 90.7%)
07/22 07:44:34 AM | Valid: [ 96/600] Final Prec@1 66.7000%
07/22 07:44:34 AM | Epoch 96 LR 0.023422152787943323
07/22 07:44:34 AM | Train: [ 97/600] Step 000/520 Loss 1.338 Prec@(1,5) (74.0%, 90.6%)
07/22 07:45:05 AM | Train: [ 97/600] Step 200/520 Loss 1.244 Prec@(1,5) (75.4%, 95.1%)
07/22 07:45:35 AM | Train: [ 97/600] Step 400/520 Loss 1.263 Prec@(1,5) (75.0%, 95.0%)
07/22 07:45:53 AM | Train: [ 97/600] Step 520/520 Loss 1.275 Prec@(1,5) (74.8%, 94.9%)
07/22 07:45:53 AM | Train: [ 97/600] Final Prec@1 74.8140%
07/22 07:45:53 AM | Valid: [ 97/600] Step 000/104 Loss 0.998 Prec@(1,5) (70.8%, 94.8%)
07/22 07:45:57 AM | Valid: [ 97/600] Step 104/104 Loss 1.346 Prec@(1,5) (66.5%, 90.9%)
07/22 07:45:57 AM | Valid: [ 97/600] Final Prec@1 66.5100%
07/22 07:45:58 AM | Epoch 97 LR 0.023390172639002376
07/22 07:45:58 AM | Train: [ 98/600] Step 000/520 Loss 1.217 Prec@(1,5) (75.0%, 95.8%)
07/22 07:46:30 AM | Train: [ 98/600] Step 200/520 Loss 1.244 Prec@(1,5) (75.6%, 95.3%)
07/22 07:47:01 AM | Train: [ 98/600] Step 400/520 Loss 1.264 Prec@(1,5) (75.0%, 95.1%)
07/22 07:47:18 AM | Train: [ 98/600] Step 520/520 Loss 1.274 Prec@(1,5) (74.8%, 95.0%)
07/22 07:47:19 AM | Train: [ 98/600] Final Prec@1 74.8260%
07/22 07:47:19 AM | Valid: [ 98/600] Step 000/104 Loss 1.195 Prec@(1,5) (70.8%, 90.6%)
07/22 07:47:23 AM | Valid: [ 98/600] Step 104/104 Loss 1.228 Prec@(1,5) (68.2%, 91.5%)
07/22 07:47:23 AM | Valid: [ 98/600] Final Prec@1 68.2300%
07/22 07:47:23 AM | Epoch 98 LR 0.023357893930477398
07/22 07:47:24 AM | Train: [ 99/600] Step 000/520 Loss 1.184 Prec@(1,5) (77.1%, 93.8%)
07/22 07:47:53 AM | Train: [ 99/600] Step 200/520 Loss 1.217 Prec@(1,5) (76.3%, 95.4%)
07/22 07:48:27 AM | Train: [ 99/600] Step 400/520 Loss 1.245 Prec@(1,5) (75.7%, 95.2%)
07/22 07:48:45 AM | Train: [ 99/600] Step 520/520 Loss 1.256 Prec@(1,5) (75.4%, 95.2%)
07/22 07:48:45 AM | Train: [ 99/600] Final Prec@1 75.3800%
07/22 07:48:45 AM | Valid: [ 99/600] Step 000/104 Loss 0.867 Prec@(1,5) (72.9%, 96.9%)
07/22 07:48:49 AM | Valid: [ 99/600] Step 104/104 Loss 1.206 Prec@(1,5) (69.1%, 91.7%)
07/22 07:48:49 AM | Valid: [ 99/600] Final Prec@1 69.1200%
07/22 07:48:49 AM | Epoch 99 LR 0.02332531754730549
07/22 07:48:50 AM | Train: [100/600] Step 000/520 Loss 1.015 Prec@(1,5) (78.1%, 96.9%)
07/22 07:49:20 AM | Train: [100/600] Step 200/520 Loss 1.213 Prec@(1,5) (76.2%, 95.5%)
07/22 07:49:49 AM | Train: [100/600] Step 400/520 Loss 1.256 Prec@(1,5) (75.3%, 95.1%)
07/22 07:50:09 AM | Train: [100/600] Step 520/520 Loss 1.259 Prec@(1,5) (75.3%, 95.1%)
07/22 07:50:09 AM | Train: [100/600] Final Prec@1 75.3260%
07/22 07:50:10 AM | Valid: [100/600] Step 000/104 Loss 1.117 Prec@(1,5) (67.7%, 90.6%)
07/22 07:50:15 AM | Valid: [100/600] Step 104/104 Loss 1.336 Prec@(1,5) (66.9%, 90.4%)
07/22 07:50:15 AM | Valid: [100/600] Final Prec@1 66.9100%
07/22 07:50:15 AM | Epoch 100 LR 0.023292444382584654
07/22 07:50:15 AM | Train: [101/600] Step 000/520 Loss 1.034 Prec@(1,5) (85.4%, 96.9%)
07/22 07:50:47 AM | Train: [101/600] Step 200/520 Loss 1.230 Prec@(1,5) (76.1%, 95.5%)
07/22 07:51:18 AM | Train: [101/600] Step 400/520 Loss 1.249 Prec@(1,5) (75.5%, 95.3%)
07/22 07:51:36 AM | Train: [101/600] Step 520/520 Loss 1.262 Prec@(1,5) (75.2%, 95.2%)
07/22 07:51:36 AM | Train: [101/600] Final Prec@1 75.2120%
07/22 07:51:36 AM | Valid: [101/600] Step 000/104 Loss 0.973 Prec@(1,5) (72.9%, 92.7%)
07/22 07:51:40 AM | Valid: [101/600] Step 104/104 Loss 1.215 Prec@(1,5) (68.5%, 91.5%)
07/22 07:51:40 AM | Valid: [101/600] Final Prec@1 68.4800%
07/22 07:51:40 AM | Epoch 101 LR 0.023259275337549304
07/22 07:51:41 AM | Train: [102/600] Step 000/520 Loss 1.183 Prec@(1,5) (75.0%, 95.8%)
07/22 07:52:11 AM | Train: [102/600] Step 200/520 Loss 1.200 Prec@(1,5) (76.3%, 95.6%)
07/22 07:52:41 AM | Train: [102/600] Step 400/520 Loss 1.237 Prec@(1,5) (75.5%, 95.4%)
07/22 07:52:59 AM | Train: [102/600] Step 520/520 Loss 1.252 Prec@(1,5) (75.2%, 95.2%)
07/22 07:52:59 AM | Train: [102/600] Final Prec@1 75.2060%
07/22 07:52:59 AM | Valid: [102/600] Step 000/104 Loss 1.340 Prec@(1,5) (63.5%, 92.7%)
07/22 07:53:03 AM | Valid: [102/600] Step 104/104 Loss 1.366 Prec@(1,5) (66.9%, 90.3%)
07/22 07:53:03 AM | Valid: [102/600] Final Prec@1 66.8500%
07/22 07:53:03 AM | Epoch 102 LR 0.023225811321545567
07/22 07:53:04 AM | Train: [103/600] Step 000/520 Loss 1.221 Prec@(1,5) (72.9%, 97.9%)
07/22 07:53:33 AM | Train: [103/600] Step 200/520 Loss 1.206 Prec@(1,5) (76.5%, 95.8%)
07/22 07:54:07 AM | Train: [103/600] Step 400/520 Loss 1.224 Prec@(1,5) (76.1%, 95.5%)
07/22 07:54:24 AM | Train: [103/600] Step 520/520 Loss 1.247 Prec@(1,5) (75.6%, 95.2%)
07/22 07:54:24 AM | Train: [103/600] Final Prec@1 75.5840%
07/22 07:54:25 AM | Valid: [103/600] Step 000/104 Loss 1.060 Prec@(1,5) (69.8%, 95.8%)
07/22 07:54:28 AM | Valid: [103/600] Step 104/104 Loss 1.201 Prec@(1,5) (68.9%, 91.4%)
07/22 07:54:28 AM | Valid: [103/600] Final Prec@1 68.9200%
07/22 07:54:29 AM | Epoch 103 LR 0.02319205325200634
07/22 07:54:29 AM | Train: [104/600] Step 000/520 Loss 1.134 Prec@(1,5) (79.2%, 96.9%)
07/22 07:54:59 AM | Train: [104/600] Step 200/520 Loss 1.228 Prec@(1,5) (75.8%, 95.3%)
07/22 07:55:30 AM | Train: [104/600] Step 400/520 Loss 1.243 Prec@(1,5) (75.4%, 95.2%)
07/22 07:55:48 AM | Train: [104/600] Step 520/520 Loss 1.257 Prec@(1,5) (75.1%, 95.1%)
07/22 07:55:48 AM | Train: [104/600] Final Prec@1 75.1100%
07/22 07:55:49 AM | Valid: [104/600] Step 000/104 Loss 1.040 Prec@(1,5) (75.0%, 91.7%)
07/22 07:55:53 AM | Valid: [104/600] Step 104/104 Loss 1.248 Prec@(1,5) (68.6%, 90.9%)
07/22 07:55:53 AM | Valid: [104/600] Final Prec@1 68.6300%
07/22 07:55:53 AM | Epoch 104 LR 0.02315800205442616
07/22 07:55:54 AM | Train: [105/600] Step 000/520 Loss 1.523 Prec@(1,5) (70.8%, 95.8%)
07/22 07:56:23 AM | Train: [105/600] Step 200/520 Loss 1.179 Prec@(1,5) (77.2%, 95.6%)
07/22 07:56:53 AM | Train: [105/600] Step 400/520 Loss 1.224 Prec@(1,5) (76.2%, 95.3%)
07/22 07:57:12 AM | Train: [105/600] Step 520/520 Loss 1.237 Prec@(1,5) (75.9%, 95.3%)
07/22 07:57:12 AM | Train: [105/600] Final Prec@1 75.8700%
07/22 07:57:12 AM | Valid: [105/600] Step 000/104 Loss 0.911 Prec@(1,5) (71.9%, 94.8%)
07/22 07:57:17 AM | Valid: [105/600] Step 104/104 Loss 1.246 Prec@(1,5) (68.2%, 91.1%)
07/22 07:57:17 AM | Valid: [105/600] Final Prec@1 68.1800%
07/22 07:57:18 AM | Epoch 105 LR 0.023123658662335806
07/22 07:57:18 AM | Train: [106/600] Step 000/520 Loss 1.303 Prec@(1,5) (72.9%, 94.8%)
07/22 07:57:51 AM | Train: [106/600] Step 200/520 Loss 1.183 Prec@(1,5) (77.1%, 95.8%)
07/22 07:58:21 AM | Train: [106/600] Step 400/520 Loss 1.224 Prec@(1,5) (76.1%, 95.4%)
07/22 07:58:40 AM | Train: [106/600] Step 520/520 Loss 1.239 Prec@(1,5) (75.7%, 95.3%)
07/22 07:58:40 AM | Train: [106/600] Final Prec@1 75.6680%
07/22 07:58:40 AM | Valid: [106/600] Step 000/104 Loss 1.017 Prec@(1,5) (70.8%, 93.8%)
07/22 07:58:44 AM | Valid: [106/600] Step 104/104 Loss 1.316 Prec@(1,5) (66.8%, 90.3%)
07/22 07:58:44 AM | Valid: [106/600] Final Prec@1 66.8200%
07/22 07:58:44 AM | Epoch 106 LR 0.02308902401727672
07/22 07:58:45 AM | Train: [107/600] Step 000/520 Loss 1.278 Prec@(1,5) (76.0%, 92.7%)
07/22 07:59:17 AM | Train: [107/600] Step 200/520 Loss 1.199 Prec@(1,5) (76.5%, 95.5%)
07/22 07:59:49 AM | Train: [107/600] Step 400/520 Loss 1.227 Prec@(1,5) (75.9%, 95.3%)
07/22 08:00:07 AM | Train: [107/600] Step 520/520 Loss 1.237 Prec@(1,5) (75.8%, 95.2%)
07/22 08:00:07 AM | Train: [107/600] Final Prec@1 75.7980%
07/22 08:00:08 AM | Valid: [107/600] Step 000/104 Loss 1.195 Prec@(1,5) (70.8%, 92.7%)
07/22 08:00:11 AM | Valid: [107/600] Step 104/104 Loss 1.296 Prec@(1,5) (67.7%, 90.9%)
07/22 08:00:11 AM | Valid: [107/600] Final Prec@1 67.6700%
07/22 08:00:12 AM | Epoch 107 LR 0.023054099068775192
07/22 08:00:12 AM | Train: [108/600] Step 000/520 Loss 1.149 Prec@(1,5) (77.1%, 95.8%)
07/22 08:00:42 AM | Train: [108/600] Step 200/520 Loss 1.205 Prec@(1,5) (76.5%, 95.6%)
07/22 08:01:15 AM | Train: [108/600] Step 400/520 Loss 1.221 Prec@(1,5) (75.9%, 95.5%)
07/22 08:01:36 AM | Train: [108/600] Step 520/520 Loss 1.236 Prec@(1,5) (75.6%, 95.4%)
07/22 08:01:36 AM | Train: [108/600] Final Prec@1 75.5900%
07/22 08:01:36 AM | Valid: [108/600] Step 000/104 Loss 1.019 Prec@(1,5) (69.8%, 93.8%)
07/22 08:01:40 AM | Valid: [108/600] Step 104/104 Loss 1.225 Prec@(1,5) (68.9%, 91.3%)
07/22 08:01:40 AM | Valid: [108/600] Final Prec@1 68.9200%
07/22 08:01:40 AM | Epoch 108 LR 0.023018884774316333
07/22 08:01:40 AM | Train: [109/600] Step 000/520 Loss 1.506 Prec@(1,5) (74.0%, 95.8%)
07/22 08:02:10 AM | Train: [109/600] Step 200/520 Loss 1.207 Prec@(1,5) (76.2%, 95.4%)
07/22 08:02:39 AM | Train: [109/600] Step 400/520 Loss 1.228 Prec@(1,5) (75.6%, 95.4%)
07/22 08:02:59 AM | Train: [109/600] Step 520/520 Loss 1.240 Prec@(1,5) (75.3%, 95.3%)
07/22 08:02:59 AM | Train: [109/600] Final Prec@1 75.3480%
07/22 08:02:59 AM | Valid: [109/600] Step 000/104 Loss 1.050 Prec@(1,5) (72.9%, 90.6%)
07/22 08:03:04 AM | Valid: [109/600] Step 104/104 Loss 1.210 Prec@(1,5) (69.4%, 91.5%)
07/22 08:03:04 AM | Valid: [109/600] Final Prec@1 69.3900%
07/22 08:03:04 AM | Epoch 109 LR 0.022983382099317804
07/22 08:03:05 AM | Train: [110/600] Step 000/520 Loss 1.282 Prec@(1,5) (75.0%, 94.8%)
07/22 08:03:37 AM | Train: [110/600] Step 200/520 Loss 1.200 Prec@(1,5) (76.5%, 95.7%)
07/22 08:04:07 AM | Train: [110/600] Step 400/520 Loss 1.225 Prec@(1,5) (75.9%, 95.4%)
07/22 08:04:24 AM | Train: [110/600] Step 520/520 Loss 1.240 Prec@(1,5) (75.6%, 95.4%)
07/22 08:04:24 AM | Train: [110/600] Final Prec@1 75.5760%
07/22 08:04:24 AM | Valid: [110/600] Step 000/104 Loss 1.203 Prec@(1,5) (69.8%, 93.8%)
07/22 08:04:28 AM | Valid: [110/600] Step 104/104 Loss 1.352 Prec@(1,5) (66.3%, 90.1%)
07/22 08:04:29 AM | Valid: [110/600] Final Prec@1 66.2900%
07/22 08:04:29 AM | Epoch 110 LR 0.022947592017103384
07/22 08:04:29 AM | Train: [111/600] Step 000/520 Loss 1.303 Prec@(1,5) (72.9%, 92.7%)
07/22 08:05:00 AM | Train: [111/600] Step 200/520 Loss 1.171 Prec@(1,5) (77.1%, 95.7%)
07/22 08:05:30 AM | Train: [111/600] Step 400/520 Loss 1.209 Prec@(1,5) (76.4%, 95.6%)
07/22 08:05:48 AM | Train: [111/600] Step 520/520 Loss 1.227 Prec@(1,5) (76.0%, 95.5%)
07/22 08:05:48 AM | Train: [111/600] Final Prec@1 76.0100%
07/22 08:05:48 AM | Valid: [111/600] Step 000/104 Loss 1.012 Prec@(1,5) (74.0%, 93.8%)
07/22 08:05:52 AM | Valid: [111/600] Step 104/104 Loss 1.293 Prec@(1,5) (67.1%, 90.4%)
07/22 08:05:52 AM | Valid: [111/600] Final Prec@1 67.0600%
07/22 08:05:52 AM | Epoch 111 LR 0.022911515508876247
07/22 08:05:53 AM | Train: [112/600] Step 000/520 Loss 1.286 Prec@(1,5) (75.0%, 94.8%)
07/22 08:06:23 AM | Train: [112/600] Step 200/520 Loss 1.200 Prec@(1,5) (76.7%, 95.6%)
07/22 08:06:53 AM | Train: [112/600] Step 400/520 Loss 1.228 Prec@(1,5) (75.9%, 95.4%)
07/22 08:07:11 AM | Train: [112/600] Step 520/520 Loss 1.242 Prec@(1,5) (75.5%, 95.2%)
07/22 08:07:11 AM | Train: [112/600] Final Prec@1 75.5080%
07/22 08:07:11 AM | Valid: [112/600] Step 000/104 Loss 0.988 Prec@(1,5) (74.0%, 93.8%)
07/22 08:07:15 AM | Valid: [112/600] Step 104/104 Loss 1.280 Prec@(1,5) (67.5%, 90.6%)
07/22 08:07:15 AM | Valid: [112/600] Final Prec@1 67.5400%
07/22 08:07:15 AM | Epoch 112 LR 0.0228751535636921
07/22 08:07:16 AM | Train: [113/600] Step 000/520 Loss 1.418 Prec@(1,5) (69.8%, 90.6%)
07/22 08:07:45 AM | Train: [113/600] Step 200/520 Loss 1.184 Prec@(1,5) (76.6%, 95.7%)
07/22 08:08:15 AM | Train: [113/600] Step 400/520 Loss 1.214 Prec@(1,5) (75.9%, 95.5%)
07/22 08:08:33 AM | Train: [113/600] Step 520/520 Loss 1.227 Prec@(1,5) (75.7%, 95.4%)
07/22 08:08:33 AM | Train: [113/600] Final Prec@1 75.6600%
07/22 08:08:33 AM | Valid: [113/600] Step 000/104 Loss 1.058 Prec@(1,5) (68.8%, 89.6%)
07/22 08:08:38 AM | Valid: [113/600] Step 104/104 Loss 1.421 Prec@(1,5) (65.8%, 89.9%)
07/22 08:08:38 AM | Valid: [113/600] Final Prec@1 65.8300%
07/22 08:08:38 AM | Epoch 113 LR 0.022838507178432027
07/22 08:08:38 AM | Train: [114/600] Step 000/520 Loss 1.374 Prec@(1,5) (74.0%, 93.8%)
07/22 08:09:08 AM | Train: [114/600] Step 200/520 Loss 1.189 Prec@(1,5) (76.6%, 95.8%)
07/22 08:09:38 AM | Train: [114/600] Step 400/520 Loss 1.204 Prec@(1,5) (76.2%, 95.5%)
07/22 08:09:55 AM | Train: [114/600] Step 520/520 Loss 1.221 Prec@(1,5) (75.9%, 95.4%)
07/22 08:09:55 AM | Train: [114/600] Final Prec@1 75.8980%
07/22 08:09:56 AM | Valid: [114/600] Step 000/104 Loss 1.311 Prec@(1,5) (65.6%, 89.6%)
07/22 08:10:00 AM | Valid: [114/600] Step 104/104 Loss 1.239 Prec@(1,5) (68.6%, 91.2%)
07/22 08:10:00 AM | Valid: [114/600] Final Prec@1 68.6100%
07/22 08:10:00 AM | Epoch 114 LR 0.0228015773577752
07/22 08:10:00 AM | Train: [115/600] Step 000/520 Loss 1.228 Prec@(1,5) (75.0%, 96.9%)
07/22 08:10:33 AM | Train: [115/600] Step 200/520 Loss 1.183 Prec@(1,5) (76.9%, 95.7%)
07/22 08:11:04 AM | Train: [115/600] Step 400/520 Loss 1.208 Prec@(1,5) (76.2%, 95.6%)
07/22 08:11:22 AM | Train: [115/600] Step 520/520 Loss 1.226 Prec@(1,5) (75.8%, 95.4%)
07/22 08:11:22 AM | Train: [115/600] Final Prec@1 75.7500%
07/22 08:11:22 AM | Valid: [115/600] Step 000/104 Loss 0.920 Prec@(1,5) (72.9%, 91.7%)
07/22 08:11:27 AM | Valid: [115/600] Step 104/104 Loss 1.191 Prec@(1,5) (69.0%, 91.3%)
07/22 08:11:27 AM | Valid: [115/600] Final Prec@1 69.0300%
07/22 08:11:27 AM | Epoch 115 LR 0.022764365114171306
07/22 08:11:27 AM | Train: [116/600] Step 000/520 Loss 1.104 Prec@(1,5) (77.1%, 99.0%)
07/22 08:11:58 AM | Train: [116/600] Step 200/520 Loss 1.172 Prec@(1,5) (77.1%, 95.8%)
07/22 08:12:30 AM | Train: [116/600] Step 400/520 Loss 1.202 Prec@(1,5) (76.4%, 95.6%)
07/22 08:12:48 AM | Train: [116/600] Step 520/520 Loss 1.221 Prec@(1,5) (76.0%, 95.4%)
07/22 08:12:48 AM | Train: [116/600] Final Prec@1 76.0480%
07/22 08:12:49 AM | Valid: [116/600] Step 000/104 Loss 1.147 Prec@(1,5) (69.8%, 91.7%)
07/22 08:12:52 AM | Valid: [116/600] Step 104/104 Loss 1.267 Prec@(1,5) (67.8%, 90.6%)
07/22 08:12:53 AM | Valid: [116/600] Final Prec@1 67.7900%
07/22 08:12:53 AM | Epoch 116 LR 0.022726871467812798
07/22 08:12:53 AM | Train: [117/600] Step 000/520 Loss 0.950 Prec@(1,5) (82.3%, 94.8%)
07/22 08:13:24 AM | Train: [117/600] Step 200/520 Loss 1.160 Prec@(1,5) (77.2%, 96.2%)
07/22 08:13:57 AM | Train: [117/600] Step 400/520 Loss 1.198 Prec@(1,5) (76.5%, 95.7%)
07/22 08:14:17 AM | Train: [117/600] Step 520/520 Loss 1.206 Prec@(1,5) (76.2%, 95.6%)
07/22 08:14:17 AM | Train: [117/600] Final Prec@1 76.1860%
07/22 08:14:18 AM | Valid: [117/600] Step 000/104 Loss 1.324 Prec@(1,5) (61.5%, 91.7%)
07/22 08:14:21 AM | Valid: [117/600] Step 104/104 Loss 1.399 Prec@(1,5) (66.9%, 90.5%)
07/22 08:14:21 AM | Valid: [117/600] Final Prec@1 66.8700%
07/22 08:14:22 AM | Epoch 117 LR 0.02268909744660693
07/22 08:14:22 AM | Train: [118/600] Step 000/520 Loss 1.378 Prec@(1,5) (71.9%, 95.8%)
07/22 08:14:53 AM | Train: [118/600] Step 200/520 Loss 1.185 Prec@(1,5) (76.9%, 95.7%)
07/22 08:15:23 AM | Train: [118/600] Step 400/520 Loss 1.203 Prec@(1,5) (76.5%, 95.5%)
07/22 08:15:42 AM | Train: [118/600] Step 520/520 Loss 1.210 Prec@(1,5) (76.4%, 95.4%)
07/22 08:15:42 AM | Train: [118/600] Final Prec@1 76.4400%
07/22 08:15:42 AM | Valid: [118/600] Step 000/104 Loss 0.897 Prec@(1,5) (75.0%, 95.8%)
07/22 08:15:46 AM | Valid: [118/600] Step 104/104 Loss 1.222 Prec@(1,5) (69.1%, 91.9%)
07/22 08:15:46 AM | Valid: [118/600] Final Prec@1 69.1400%
07/22 08:15:47 AM | Epoch 118 LR 0.02265104408614758
07/22 08:15:47 AM | Train: [119/600] Step 000/520 Loss 0.959 Prec@(1,5) (85.4%, 96.9%)
07/22 08:16:17 AM | Train: [119/600] Step 200/520 Loss 1.151 Prec@(1,5) (77.7%, 95.8%)
07/22 08:16:48 AM | Train: [119/600] Step 400/520 Loss 1.200 Prec@(1,5) (76.5%, 95.6%)
07/22 08:17:05 AM | Train: [119/600] Step 520/520 Loss 1.213 Prec@(1,5) (76.2%, 95.4%)
07/22 08:17:06 AM | Train: [119/600] Final Prec@1 76.1700%
07/22 08:17:06 AM | Valid: [119/600] Step 000/104 Loss 1.280 Prec@(1,5) (70.8%, 92.7%)
07/22 08:17:10 AM | Valid: [119/600] Step 104/104 Loss 1.359 Prec@(1,5) (66.3%, 90.2%)
07/22 08:17:10 AM | Valid: [119/600] Final Prec@1 66.2800%
07/22 08:17:11 AM | Epoch 119 LR 0.022612712429686845
07/22 08:17:11 AM | Train: [120/600] Step 000/520 Loss 1.241 Prec@(1,5) (74.0%, 95.8%)
07/22 08:17:44 AM | Train: [120/600] Step 200/520 Loss 1.145 Prec@(1,5) (77.9%, 96.1%)
07/22 08:18:14 AM | Train: [120/600] Step 400/520 Loss 1.187 Prec@(1,5) (76.8%, 95.7%)
07/22 08:18:33 AM | Train: [120/600] Step 520/520 Loss 1.200 Prec@(1,5) (76.5%, 95.6%)
07/22 08:18:33 AM | Train: [120/600] Final Prec@1 76.4900%
07/22 08:18:33 AM | Valid: [120/600] Step 000/104 Loss 1.046 Prec@(1,5) (64.6%, 95.8%)
07/22 08:18:37 AM | Valid: [120/600] Step 104/104 Loss 1.207 Prec@(1,5) (69.6%, 91.3%)
07/22 08:18:37 AM | Valid: [120/600] Final Prec@1 69.6000%
07/22 08:18:38 AM | Epoch 120 LR 0.02257410352810645
07/22 08:18:38 AM | Train: [121/600] Step 000/520 Loss 1.388 Prec@(1,5) (65.6%, 96.9%)
07/22 08:19:08 AM | Train: [121/600] Step 200/520 Loss 1.178 Prec@(1,5) (76.9%, 95.7%)
