07/25 04:40:34 PM | 
07/25 04:40:34 PM | Parameters:
07/25 04:40:34 PM | AUX_WEIGHT=0.4
07/25 04:40:34 PM | BATCH_SIZE=96
07/25 04:40:34 PM | CUTOUT_LENGTH=16
07/25 04:40:34 PM | DATA_PATH=./data/
07/25 04:40:34 PM | DATASET=cifar100
07/25 04:40:34 PM | DROP_PATH_PROB=0.2
07/25 04:40:34 PM | EPOCHS=600
07/25 04:40:34 PM | GENOTYPE=Genotype(normal=[[('skip_connect', 0), ('skip_connect', 1)], [('skip_connect', 0), ('skip_connect', 1)], [('skip_connect', 0), ('skip_connect', 1)], [('skip_connect', 0), ('skip_connect', 1)]], normal_concat=range(2, 6), reduce=[[('max_pool_3x3', 0), ('avg_pool_3x3', 1)], [('skip_connect', 2), ('avg_pool_3x3', 1)], [('skip_connect', 2), ('skip_connect', 3)], [('skip_connect', 2), ('skip_connect', 3)]], reduce_concat=range(2, 6))
07/25 04:40:34 PM | GPUS=[0]
07/25 04:40:34 PM | GRAD_CLIP=5.0
07/25 04:40:34 PM | INIT_CHANNELS=36
07/25 04:40:34 PM | LAYERS=20
07/25 04:40:34 PM | LR=0.025
07/25 04:40:34 PM | MOMENTUM=0.9
07/25 04:40:34 PM | NAME=cifar100-2e
07/25 04:40:34 PM | PATH=augments/cifar100-2e
07/25 04:40:34 PM | PRINT_FREQ=200
07/25 04:40:34 PM | SEED=2
07/25 04:40:34 PM | WEIGHT_DECAY=0.0003
07/25 04:40:34 PM | WORKERS=4
07/25 04:40:34 PM | 
07/25 04:40:34 PM | Logger is set - training start
07/25 04:40:39 PM | Model size = 1.878 MB
07/25 04:40:39 PM | Epoch 0 LR 0.024999828653092835
07/25 04:40:42 PM | Train: [  1/600] Step 000/520 Loss 6.531 Prec@(1,5) (0.0%, 3.1%)
07/25 04:41:10 PM | Train: [  1/600] Step 200/520 Loss 5.810 Prec@(1,5) (6.3%, 22.3%)
07/25 04:41:38 PM | Train: [  1/600] Step 400/520 Loss 5.569 Prec@(1,5) (8.0%, 27.2%)
07/25 04:41:55 PM | Train: [  1/600] Step 520/520 Loss 5.466 Prec@(1,5) (8.9%, 29.2%)
07/25 04:41:55 PM | Train: [  1/600] Final Prec@1 8.9140%
07/25 04:41:55 PM | Valid: [  1/600] Step 000/104 Loss 4.023 Prec@(1,5) (15.6%, 33.3%)
07/25 04:42:00 PM | Valid: [  1/600] Step 104/104 Loss 3.988 Prec@(1,5) (10.7%, 32.8%)
07/25 04:42:00 PM | Valid: [  1/600] Final Prec@1 10.7100%
07/25 04:42:00 PM | Epoch 1 LR 0.024999314617068905
07/25 04:42:00 PM | Train: [  2/600] Step 000/520 Loss 5.174 Prec@(1,5) (15.6%, 32.3%)
07/25 04:42:29 PM | Train: [  2/600] Step 200/520 Loss 4.968 Prec@(1,5) (14.3%, 39.7%)
07/25 04:42:57 PM | Train: [  2/600] Step 400/520 Loss 4.871 Prec@(1,5) (15.4%, 41.5%)
07/25 04:43:14 PM | Train: [  2/600] Step 520/520 Loss 4.827 Prec@(1,5) (15.9%, 42.3%)
07/25 04:43:14 PM | Train: [  2/600] Final Prec@1 15.9080%
07/25 04:43:14 PM | Valid: [  2/600] Step 000/104 Loss 3.950 Prec@(1,5) (13.5%, 37.5%)
07/25 04:43:18 PM | Valid: [  2/600] Step 104/104 Loss 3.563 Prec@(1,5) (17.1%, 45.2%)
07/25 04:43:18 PM | Valid: [  2/600] Final Prec@1 17.0600%
07/25 04:43:19 PM | Epoch 2 LR 0.02499845790602076
07/25 04:43:19 PM | Train: [  3/600] Step 000/520 Loss 4.594 Prec@(1,5) (18.8%, 41.7%)
07/25 04:43:48 PM | Train: [  3/600] Step 200/520 Loss 4.546 Prec@(1,5) (19.5%, 48.6%)
07/25 04:44:16 PM | Train: [  3/600] Step 400/520 Loss 4.488 Prec@(1,5) (20.2%, 49.5%)
07/25 04:44:33 PM | Train: [  3/600] Step 520/520 Loss 4.460 Prec@(1,5) (20.3%, 49.8%)
07/25 04:44:33 PM | Train: [  3/600] Final Prec@1 20.2580%
07/25 04:44:34 PM | Valid: [  3/600] Step 000/104 Loss 3.398 Prec@(1,5) (21.9%, 47.9%)
07/25 04:44:38 PM | Valid: [  3/600] Step 104/104 Loss 3.295 Prec@(1,5) (21.4%, 52.6%)
07/25 04:44:38 PM | Valid: [  3/600] Final Prec@1 21.4400%
07/25 04:44:38 PM | Epoch 3 LR 0.02499725854343557
07/25 04:44:39 PM | Train: [  4/600] Step 000/520 Loss 4.706 Prec@(1,5) (19.8%, 44.8%)
07/25 04:45:07 PM | Train: [  4/600] Step 200/520 Loss 4.256 Prec@(1,5) (22.8%, 53.6%)
07/25 04:45:36 PM | Train: [  4/600] Step 400/520 Loss 4.220 Prec@(1,5) (23.4%, 54.0%)
07/25 04:45:53 PM | Train: [  4/600] Step 520/520 Loss 4.203 Prec@(1,5) (23.6%, 54.4%)
07/25 04:45:53 PM | Train: [  4/600] Final Prec@1 23.6320%
07/25 04:45:53 PM | Valid: [  4/600] Step 000/104 Loss 3.063 Prec@(1,5) (27.1%, 58.3%)
07/25 04:45:58 PM | Valid: [  4/600] Step 104/104 Loss 3.051 Prec@(1,5) (25.6%, 56.7%)
07/25 04:45:58 PM | Valid: [  4/600] Final Prec@1 25.6400%
07/25 04:45:58 PM | Epoch 4 LR 0.024995716562194466
07/25 04:45:59 PM | Train: [  5/600] Step 000/520 Loss 3.918 Prec@(1,5) (27.1%, 63.5%)
07/25 04:46:27 PM | Train: [  5/600] Step 200/520 Loss 4.031 Prec@(1,5) (25.8%, 57.2%)
07/25 04:46:56 PM | Train: [  5/600] Step 400/520 Loss 4.021 Prec@(1,5) (26.0%, 57.5%)
07/25 04:47:13 PM | Train: [  5/600] Step 520/520 Loss 4.002 Prec@(1,5) (26.3%, 57.7%)
07/25 04:47:13 PM | Train: [  5/600] Final Prec@1 26.2960%
07/25 04:47:13 PM | Valid: [  5/600] Step 000/104 Loss 3.091 Prec@(1,5) (22.9%, 55.2%)
07/25 04:47:18 PM | Valid: [  5/600] Step 104/104 Loss 3.072 Prec@(1,5) (26.3%, 57.6%)
07/25 04:47:18 PM | Valid: [  5/600] Final Prec@1 26.2600%
07/25 04:47:18 PM | Epoch 5 LR 0.024993832004571646
07/25 04:47:18 PM | Train: [  6/600] Step 000/520 Loss 4.011 Prec@(1,5) (29.2%, 61.5%)
07/25 04:47:47 PM | Train: [  6/600] Step 200/520 Loss 3.878 Prec@(1,5) (27.4%, 59.9%)
07/25 04:48:16 PM | Train: [  6/600] Step 400/520 Loss 3.856 Prec@(1,5) (27.9%, 60.4%)
07/25 04:48:33 PM | Train: [  6/600] Step 520/520 Loss 3.844 Prec@(1,5) (28.0%, 60.5%)
07/25 04:48:33 PM | Train: [  6/600] Final Prec@1 28.0380%
07/25 04:48:34 PM | Valid: [  6/600] Step 000/104 Loss 2.939 Prec@(1,5) (35.4%, 63.5%)
07/25 04:48:38 PM | Valid: [  6/600] Step 104/104 Loss 2.930 Prec@(1,5) (28.8%, 60.8%)
07/25 04:48:38 PM | Valid: [  6/600] Final Prec@1 28.7900%
07/25 04:48:38 PM | Epoch 6 LR 0.024991604922233204
07/25 04:48:39 PM | Train: [  7/600] Step 000/520 Loss 3.530 Prec@(1,5) (35.4%, 67.7%)
07/25 04:49:07 PM | Train: [  7/600] Step 200/520 Loss 3.733 Prec@(1,5) (29.8%, 62.1%)
07/25 04:49:36 PM | Train: [  7/600] Step 400/520 Loss 3.730 Prec@(1,5) (29.9%, 62.3%)
07/25 04:49:53 PM | Train: [  7/600] Step 520/520 Loss 3.717 Prec@(1,5) (30.1%, 62.5%)
07/25 04:49:53 PM | Train: [  7/600] Final Prec@1 30.0540%
07/25 04:49:54 PM | Valid: [  7/600] Step 000/104 Loss 2.900 Prec@(1,5) (29.2%, 65.6%)
07/25 04:49:58 PM | Valid: [  7/600] Step 104/104 Loss 2.752 Prec@(1,5) (30.8%, 63.7%)
07/25 04:49:58 PM | Valid: [  7/600] Final Prec@1 30.7900%
07/25 04:49:58 PM | Epoch 7 LR 0.02498903537623573
07/25 04:49:59 PM | Train: [  8/600] Step 000/520 Loss 3.527 Prec@(1,5) (33.3%, 64.6%)
07/25 04:50:28 PM | Train: [  8/600] Step 200/520 Loss 3.622 Prec@(1,5) (31.5%, 63.9%)
07/25 04:50:56 PM | Train: [  8/600] Step 400/520 Loss 3.613 Prec@(1,5) (31.5%, 64.1%)
07/25 04:51:14 PM | Train: [  8/600] Step 520/520 Loss 3.604 Prec@(1,5) (31.7%, 64.3%)
07/25 04:51:14 PM | Train: [  8/600] Final Prec@1 31.6640%
07/25 04:51:14 PM | Valid: [  8/600] Step 000/104 Loss 2.460 Prec@(1,5) (36.5%, 70.8%)
07/25 04:51:18 PM | Valid: [  8/600] Step 104/104 Loss 2.633 Prec@(1,5) (33.4%, 65.9%)
07/25 04:51:18 PM | Valid: [  8/600] Final Prec@1 33.4000%
07/25 04:51:19 PM | Epoch 8 LR 0.024986123437024627
07/25 04:51:19 PM | Train: [  9/600] Step 000/520 Loss 3.376 Prec@(1,5) (35.4%, 63.5%)
07/25 04:51:48 PM | Train: [  9/600] Step 200/520 Loss 3.524 Prec@(1,5) (32.8%, 65.9%)
07/25 04:52:16 PM | Train: [  9/600] Step 400/520 Loss 3.509 Prec@(1,5) (33.2%, 65.9%)
07/25 04:52:33 PM | Train: [  9/600] Step 520/520 Loss 3.498 Prec@(1,5) (33.3%, 66.0%)
07/25 04:52:33 PM | Train: [  9/600] Final Prec@1 33.2900%
07/25 04:52:34 PM | Valid: [  9/600] Step 000/104 Loss 2.695 Prec@(1,5) (39.6%, 67.7%)
07/25 04:52:38 PM | Valid: [  9/600] Step 104/104 Loss 2.778 Prec@(1,5) (31.4%, 63.1%)
07/25 04:52:38 PM | Valid: [  9/600] Final Prec@1 31.4100%
07/25 04:52:38 PM | Epoch 9 LR 0.024982869184432172
07/25 04:52:39 PM | Train: [ 10/600] Step 000/520 Loss 3.319 Prec@(1,5) (34.4%, 69.8%)
07/25 04:53:07 PM | Train: [ 10/600] Step 200/520 Loss 3.432 Prec@(1,5) (34.0%, 66.3%)
07/25 04:53:36 PM | Train: [ 10/600] Step 400/520 Loss 3.422 Prec@(1,5) (34.1%, 66.9%)
07/25 04:53:53 PM | Train: [ 10/600] Step 520/520 Loss 3.416 Prec@(1,5) (34.4%, 67.0%)
07/25 04:53:53 PM | Train: [ 10/600] Final Prec@1 34.3740%
07/25 04:53:53 PM | Valid: [ 10/600] Step 000/104 Loss 2.525 Prec@(1,5) (35.4%, 71.9%)
07/25 04:53:58 PM | Valid: [ 10/600] Step 104/104 Loss 2.614 Prec@(1,5) (33.9%, 67.1%)
07/25 04:53:58 PM | Valid: [ 10/600] Final Prec@1 33.9400%
07/25 04:53:58 PM | Epoch 10 LR 0.024979272707675356
07/25 04:53:58 PM | Train: [ 11/600] Step 000/520 Loss 3.418 Prec@(1,5) (34.4%, 66.7%)
07/25 04:54:27 PM | Train: [ 11/600] Step 200/520 Loss 3.331 Prec@(1,5) (35.7%, 68.4%)
07/25 04:54:56 PM | Train: [ 11/600] Step 400/520 Loss 3.330 Prec@(1,5) (35.7%, 68.4%)
07/25 04:55:13 PM | Train: [ 11/600] Step 520/520 Loss 3.333 Prec@(1,5) (35.6%, 68.5%)
07/25 04:55:13 PM | Train: [ 11/600] Final Prec@1 35.5860%
07/25 04:55:13 PM | Valid: [ 11/600] Step 000/104 Loss 2.639 Prec@(1,5) (39.6%, 66.7%)
07/25 04:55:18 PM | Valid: [ 11/600] Step 104/104 Loss 2.656 Prec@(1,5) (34.9%, 66.7%)
07/25 04:55:18 PM | Valid: [ 11/600] Final Prec@1 34.8500%
07/25 04:55:18 PM | Epoch 11 LR 0.024975334105353394
07/25 04:55:19 PM | Train: [ 12/600] Step 000/520 Loss 3.269 Prec@(1,5) (30.2%, 70.8%)
07/25 04:55:47 PM | Train: [ 12/600] Step 200/520 Loss 3.275 Prec@(1,5) (36.4%, 69.4%)
07/25 04:56:16 PM | Train: [ 12/600] Step 400/520 Loss 3.275 Prec@(1,5) (36.5%, 69.2%)
07/25 04:56:33 PM | Train: [ 12/600] Step 520/520 Loss 3.277 Prec@(1,5) (36.5%, 69.2%)
07/25 04:56:33 PM | Train: [ 12/600] Final Prec@1 36.4560%
07/25 04:56:33 PM | Valid: [ 12/600] Step 000/104 Loss 2.362 Prec@(1,5) (41.7%, 74.0%)
07/25 04:56:38 PM | Valid: [ 12/600] Step 104/104 Loss 2.456 Prec@(1,5) (37.6%, 70.4%)
07/25 04:56:38 PM | Valid: [ 12/600] Final Prec@1 37.6100%
07/25 04:56:38 PM | Epoch 12 LR 0.024971053485445066
07/25 04:56:39 PM | Train: [ 13/600] Step 000/520 Loss 3.527 Prec@(1,5) (30.2%, 67.7%)
07/25 04:57:07 PM | Train: [ 13/600] Step 200/520 Loss 3.211 Prec@(1,5) (37.2%, 70.5%)
07/25 04:57:36 PM | Train: [ 13/600] Step 400/520 Loss 3.210 Prec@(1,5) (37.3%, 70.3%)
07/25 04:57:53 PM | Train: [ 13/600] Step 520/520 Loss 3.208 Prec@(1,5) (37.5%, 70.4%)
07/25 04:57:53 PM | Train: [ 13/600] Final Prec@1 37.5000%
07/25 04:57:53 PM | Valid: [ 13/600] Step 000/104 Loss 2.311 Prec@(1,5) (41.7%, 70.8%)
07/25 04:57:58 PM | Valid: [ 13/600] Step 104/104 Loss 2.429 Prec@(1,5) (39.2%, 71.1%)
07/25 04:57:58 PM | Valid: [ 13/600] Final Prec@1 39.1500%
07/25 04:57:58 PM | Epoch 13 LR 0.024966430965305726
07/25 04:57:59 PM | Train: [ 14/600] Step 000/520 Loss 3.338 Prec@(1,5) (34.4%, 64.6%)
07/25 04:58:27 PM | Train: [ 14/600] Step 200/520 Loss 3.182 Prec@(1,5) (38.4%, 70.7%)
07/25 04:58:56 PM | Train: [ 14/600] Step 400/520 Loss 3.171 Prec@(1,5) (38.3%, 70.9%)
07/25 04:59:13 PM | Train: [ 14/600] Step 520/520 Loss 3.170 Prec@(1,5) (38.4%, 70.8%)
07/25 04:59:13 PM | Train: [ 14/600] Final Prec@1 38.3900%
07/25 04:59:14 PM | Valid: [ 14/600] Step 000/104 Loss 2.406 Prec@(1,5) (45.8%, 71.9%)
07/25 04:59:18 PM | Valid: [ 14/600] Step 104/104 Loss 2.773 Prec@(1,5) (36.1%, 67.8%)
07/25 04:59:18 PM | Valid: [ 14/600] Final Prec@1 36.1400%
07/25 04:59:18 PM | Epoch 14 LR 0.0249614666716641
07/25 04:59:19 PM | Train: [ 15/600] Step 000/520 Loss 3.148 Prec@(1,5) (39.6%, 70.8%)
07/25 04:59:48 PM | Train: [ 15/600] Step 200/520 Loss 3.100 Prec@(1,5) (40.0%, 72.0%)
07/25 05:00:16 PM | Train: [ 15/600] Step 400/520 Loss 3.102 Prec@(1,5) (39.7%, 72.1%)
07/25 05:00:34 PM | Train: [ 15/600] Step 520/520 Loss 3.113 Prec@(1,5) (39.4%, 71.9%)
07/25 05:00:34 PM | Train: [ 15/600] Final Prec@1 39.3940%
07/25 05:00:34 PM | Valid: [ 15/600] Step 000/104 Loss 2.248 Prec@(1,5) (43.8%, 74.0%)
07/25 05:00:38 PM | Valid: [ 15/600] Step 104/104 Loss 2.601 Prec@(1,5) (35.6%, 68.6%)
07/25 05:00:38 PM | Valid: [ 15/600] Final Prec@1 35.5900%
07/25 05:00:39 PM | Epoch 15 LR 0.024956160740618807
07/25 05:00:39 PM | Train: [ 16/600] Step 000/520 Loss 3.131 Prec@(1,5) (40.6%, 70.8%)
07/25 05:01:08 PM | Train: [ 16/600] Step 200/520 Loss 3.057 Prec@(1,5) (40.1%, 72.7%)
07/25 05:01:36 PM | Train: [ 16/600] Step 400/520 Loss 3.067 Prec@(1,5) (39.9%, 72.6%)
07/25 05:01:54 PM | Train: [ 16/600] Step 520/520 Loss 3.066 Prec@(1,5) (40.0%, 72.7%)
07/25 05:01:54 PM | Train: [ 16/600] Final Prec@1 40.0020%
07/25 05:01:54 PM | Valid: [ 16/600] Step 000/104 Loss 2.196 Prec@(1,5) (46.9%, 72.9%)
07/25 05:01:58 PM | Valid: [ 16/600] Step 104/104 Loss 2.467 Prec@(1,5) (38.5%, 71.4%)
07/25 05:01:58 PM | Valid: [ 16/600] Final Prec@1 38.4500%
07/25 05:01:59 PM | Epoch 16 LR 0.02495051331763462
07/25 05:01:59 PM | Train: [ 17/600] Step 000/520 Loss 2.993 Prec@(1,5) (36.5%, 75.0%)
07/25 05:02:28 PM | Train: [ 17/600] Step 200/520 Loss 3.011 Prec@(1,5) (40.4%, 73.4%)
07/25 05:02:56 PM | Train: [ 17/600] Step 400/520 Loss 3.031 Prec@(1,5) (40.3%, 73.0%)
07/25 05:03:13 PM | Train: [ 17/600] Step 520/520 Loss 3.037 Prec@(1,5) (40.2%, 72.9%)
07/25 05:03:13 PM | Train: [ 17/600] Final Prec@1 40.2260%
07/25 05:03:14 PM | Valid: [ 17/600] Step 000/104 Loss 2.172 Prec@(1,5) (44.8%, 75.0%)
07/25 05:03:18 PM | Valid: [ 17/600] Step 104/104 Loss 2.407 Prec@(1,5) (39.4%, 72.4%)
07/25 05:03:18 PM | Valid: [ 17/600] Final Prec@1 39.4400%
07/25 05:03:18 PM | Epoch 17 LR 0.0249445245575385
07/25 05:03:19 PM | Train: [ 18/600] Step 000/520 Loss 3.080 Prec@(1,5) (36.5%, 69.8%)
07/25 05:03:47 PM | Train: [ 18/600] Step 200/520 Loss 2.984 Prec@(1,5) (41.5%, 73.9%)
07/25 05:04:16 PM | Train: [ 18/600] Step 400/520 Loss 2.996 Prec@(1,5) (41.3%, 73.6%)
07/25 05:04:33 PM | Train: [ 18/600] Step 520/520 Loss 3.002 Prec@(1,5) (41.2%, 73.5%)
07/25 05:04:33 PM | Train: [ 18/600] Final Prec@1 41.1720%
07/25 05:04:33 PM | Valid: [ 18/600] Step 000/104 Loss 2.085 Prec@(1,5) (50.0%, 76.0%)
07/25 05:04:38 PM | Valid: [ 18/600] Step 104/104 Loss 2.234 Prec@(1,5) (42.4%, 74.1%)
07/25 05:04:38 PM | Valid: [ 18/600] Final Prec@1 42.3700%
07/25 05:04:38 PM | Epoch 18 LR 0.024938194624515332
07/25 05:04:38 PM | Train: [ 19/600] Step 000/520 Loss 2.580 Prec@(1,5) (56.2%, 82.3%)
07/25 05:05:07 PM | Train: [ 19/600] Step 200/520 Loss 2.957 Prec@(1,5) (41.7%, 74.4%)
07/25 05:05:36 PM | Train: [ 19/600] Step 400/520 Loss 2.961 Prec@(1,5) (41.7%, 74.1%)
07/25 05:05:53 PM | Train: [ 19/600] Step 520/520 Loss 2.962 Prec@(1,5) (41.8%, 74.1%)
07/25 05:05:53 PM | Train: [ 19/600] Final Prec@1 41.7900%
07/25 05:05:53 PM | Valid: [ 19/600] Step 000/104 Loss 2.151 Prec@(1,5) (49.0%, 77.1%)
07/25 05:05:57 PM | Valid: [ 19/600] Step 104/104 Loss 2.354 Prec@(1,5) (40.8%, 73.1%)
07/25 05:05:57 PM | Valid: [ 19/600] Final Prec@1 40.8300%
07/25 05:05:58 PM | Epoch 19 LR 0.024931523692103417
07/25 05:05:58 PM | Train: [ 20/600] Step 000/520 Loss 3.137 Prec@(1,5) (33.3%, 70.8%)
07/25 05:06:27 PM | Train: [ 20/600] Step 200/520 Loss 2.924 Prec@(1,5) (42.4%, 74.8%)
07/25 05:06:55 PM | Train: [ 20/600] Step 400/520 Loss 2.933 Prec@(1,5) (42.3%, 74.7%)
07/25 05:07:13 PM | Train: [ 20/600] Step 520/520 Loss 2.925 Prec@(1,5) (42.6%, 74.8%)
07/25 05:07:13 PM | Train: [ 20/600] Final Prec@1 42.6100%
07/25 05:07:13 PM | Valid: [ 20/600] Step 000/104 Loss 2.249 Prec@(1,5) (39.6%, 74.0%)
07/25 05:07:17 PM | Valid: [ 20/600] Step 104/104 Loss 2.305 Prec@(1,5) (42.2%, 73.3%)
07/25 05:07:17 PM | Valid: [ 20/600] Final Prec@1 42.2200%
07/25 05:07:18 PM | Epoch 20 LR 0.02492451194318975
07/25 05:07:18 PM | Train: [ 21/600] Step 000/520 Loss 3.097 Prec@(1,5) (42.7%, 72.9%)
07/25 05:07:47 PM | Train: [ 21/600] Step 200/520 Loss 2.868 Prec@(1,5) (43.7%, 75.3%)
07/25 05:08:15 PM | Train: [ 21/600] Step 400/520 Loss 2.894 Prec@(1,5) (43.2%, 74.9%)
07/25 05:08:33 PM | Train: [ 21/600] Step 520/520 Loss 2.901 Prec@(1,5) (43.1%, 74.8%)
07/25 05:08:33 PM | Train: [ 21/600] Final Prec@1 43.1220%
07/25 05:08:33 PM | Valid: [ 21/600] Step 000/104 Loss 1.930 Prec@(1,5) (52.1%, 76.0%)
07/25 05:08:37 PM | Valid: [ 21/600] Step 104/104 Loss 2.266 Prec@(1,5) (42.7%, 73.8%)
07/25 05:08:37 PM | Valid: [ 21/600] Final Prec@1 42.6700%
07/25 05:08:38 PM | Epoch 21 LR 0.024917159570004954
07/25 05:08:38 PM | Train: [ 22/600] Step 000/520 Loss 3.162 Prec@(1,5) (41.7%, 69.8%)
07/25 05:09:07 PM | Train: [ 22/600] Step 200/520 Loss 2.839 Prec@(1,5) (44.0%, 75.9%)
07/25 05:09:35 PM | Train: [ 22/600] Step 400/520 Loss 2.873 Prec@(1,5) (43.4%, 75.4%)
07/25 05:09:52 PM | Train: [ 22/600] Step 520/520 Loss 2.879 Prec@(1,5) (43.4%, 75.4%)
07/25 05:09:52 PM | Train: [ 22/600] Final Prec@1 43.3920%
07/25 05:09:52 PM | Valid: [ 22/600] Step 000/104 Loss 1.905 Prec@(1,5) (49.0%, 81.2%)
07/25 05:09:57 PM | Valid: [ 22/600] Step 104/104 Loss 2.186 Prec@(1,5) (43.7%, 75.7%)
07/25 05:09:57 PM | Valid: [ 22/600] Final Prec@1 43.7200%
07/25 05:09:57 PM | Epoch 22 LR 0.02490946677411807
07/25 05:09:58 PM | Train: [ 23/600] Step 000/520 Loss 2.599 Prec@(1,5) (55.2%, 79.2%)
07/25 05:10:26 PM | Train: [ 23/600] Step 200/520 Loss 2.814 Prec@(1,5) (44.3%, 76.3%)
07/25 05:10:54 PM | Train: [ 23/600] Step 400/520 Loss 2.835 Prec@(1,5) (44.0%, 75.9%)
07/25 05:11:12 PM | Train: [ 23/600] Step 520/520 Loss 2.849 Prec@(1,5) (43.7%, 75.8%)
07/25 05:11:12 PM | Train: [ 23/600] Final Prec@1 43.7180%
07/25 05:11:12 PM | Valid: [ 23/600] Step 000/104 Loss 2.159 Prec@(1,5) (50.0%, 74.0%)
07/25 05:11:16 PM | Valid: [ 23/600] Step 104/104 Loss 2.473 Prec@(1,5) (41.0%, 71.7%)
07/25 05:11:16 PM | Valid: [ 23/600] Final Prec@1 40.9800%
07/25 05:11:17 PM | Epoch 23 LR 0.024901433766430975
07/25 05:11:17 PM | Train: [ 24/600] Step 000/520 Loss 2.756 Prec@(1,5) (51.0%, 80.2%)
07/25 05:11:46 PM | Train: [ 24/600] Step 200/520 Loss 2.823 Prec@(1,5) (44.4%, 76.4%)
07/25 05:12:15 PM | Train: [ 24/600] Step 400/520 Loss 2.838 Prec@(1,5) (44.2%, 75.9%)
07/25 05:12:32 PM | Train: [ 24/600] Step 520/520 Loss 2.840 Prec@(1,5) (44.1%, 75.9%)
07/25 05:12:32 PM | Train: [ 24/600] Final Prec@1 44.1360%
07/25 05:12:32 PM | Valid: [ 24/600] Step 000/104 Loss 2.251 Prec@(1,5) (38.5%, 72.9%)
07/25 05:12:37 PM | Valid: [ 24/600] Step 104/104 Loss 2.216 Prec@(1,5) (43.2%, 74.8%)
07/25 05:12:37 PM | Valid: [ 24/600] Final Prec@1 43.1800%
07/25 05:12:37 PM | Epoch 24 LR 0.024893060767172633
07/25 05:12:37 PM | Train: [ 25/600] Step 000/520 Loss 3.091 Prec@(1,5) (37.5%, 72.9%)
07/25 05:13:06 PM | Train: [ 25/600] Step 200/520 Loss 2.783 Prec@(1,5) (44.6%, 77.0%)
07/25 05:13:35 PM | Train: [ 25/600] Step 400/520 Loss 2.800 Prec@(1,5) (44.4%, 76.5%)
07/25 05:13:51 PM | Train: [ 25/600] Step 520/520 Loss 2.805 Prec@(1,5) (44.4%, 76.4%)
07/25 05:13:52 PM | Train: [ 25/600] Final Prec@1 44.3760%
07/25 05:13:52 PM | Valid: [ 25/600] Step 000/104 Loss 1.832 Prec@(1,5) (51.0%, 85.4%)
07/25 05:13:56 PM | Valid: [ 25/600] Step 104/104 Loss 2.249 Prec@(1,5) (43.4%, 74.9%)
07/25 05:13:56 PM | Valid: [ 25/600] Final Prec@1 43.3800%
07/25 05:13:56 PM | Epoch 25 LR 0.024884348005893047
07/25 05:13:57 PM | Train: [ 26/600] Step 000/520 Loss 2.848 Prec@(1,5) (45.8%, 71.9%)
07/25 05:14:25 PM | Train: [ 26/600] Step 200/520 Loss 2.765 Prec@(1,5) (45.0%, 77.0%)
07/25 05:14:54 PM | Train: [ 26/600] Step 400/520 Loss 2.783 Prec@(1,5) (44.8%, 76.7%)
07/25 05:15:11 PM | Train: [ 26/600] Step 520/520 Loss 2.784 Prec@(1,5) (45.0%, 76.9%)
07/25 05:15:11 PM | Train: [ 26/600] Final Prec@1 44.9560%
07/25 05:15:11 PM | Valid: [ 26/600] Step 000/104 Loss 2.213 Prec@(1,5) (43.8%, 76.0%)
07/25 05:15:16 PM | Valid: [ 26/600] Step 104/104 Loss 2.215 Prec@(1,5) (44.1%, 76.2%)
07/25 05:15:16 PM | Valid: [ 26/600] Final Prec@1 44.0700%
07/25 05:15:16 PM | Epoch 26 LR 0.02487529572145697
07/25 05:15:17 PM | Train: [ 27/600] Step 000/520 Loss 2.646 Prec@(1,5) (43.8%, 80.2%)
07/25 05:15:45 PM | Train: [ 27/600] Step 200/520 Loss 2.716 Prec@(1,5) (46.1%, 77.9%)
07/25 05:16:14 PM | Train: [ 27/600] Step 400/520 Loss 2.756 Prec@(1,5) (45.6%, 77.1%)
07/25 05:16:31 PM | Train: [ 27/600] Step 520/520 Loss 2.761 Prec@(1,5) (45.6%, 77.1%)
07/25 05:16:31 PM | Train: [ 27/600] Final Prec@1 45.5940%
07/25 05:16:31 PM | Valid: [ 27/600] Step 000/104 Loss 1.889 Prec@(1,5) (46.9%, 83.3%)
07/25 05:16:35 PM | Valid: [ 27/600] Step 104/104 Loss 2.084 Prec@(1,5) (46.2%, 77.2%)
07/25 05:16:35 PM | Valid: [ 27/600] Final Prec@1 46.1600%
07/25 05:16:36 PM | Epoch 27 LR 0.024865904162037357
07/25 05:16:36 PM | Train: [ 28/600] Step 000/520 Loss 2.597 Prec@(1,5) (46.9%, 82.3%)
07/25 05:17:05 PM | Train: [ 28/600] Step 200/520 Loss 2.701 Prec@(1,5) (46.5%, 78.1%)
07/25 05:17:33 PM | Train: [ 28/600] Step 400/520 Loss 2.737 Prec@(1,5) (45.8%, 77.6%)
07/25 05:17:51 PM | Train: [ 28/600] Step 520/520 Loss 2.739 Prec@(1,5) (45.8%, 77.5%)
07/25 05:17:51 PM | Train: [ 28/600] Final Prec@1 45.7920%
07/25 05:17:51 PM | Valid: [ 28/600] Step 000/104 Loss 2.149 Prec@(1,5) (50.0%, 72.9%)
07/25 05:17:55 PM | Valid: [ 28/600] Step 104/104 Loss 2.414 Prec@(1,5) (42.1%, 73.0%)
07/25 05:17:55 PM | Valid: [ 28/600] Final Prec@1 42.0800%
07/25 05:17:56 PM | Epoch 28 LR 0.024856173585108544
07/25 05:17:56 PM | Train: [ 29/600] Step 000/520 Loss 2.872 Prec@(1,5) (45.8%, 71.9%)
07/25 05:18:25 PM | Train: [ 29/600] Step 200/520 Loss 2.730 Prec@(1,5) (45.9%, 77.5%)
07/25 05:18:53 PM | Train: [ 29/600] Step 400/520 Loss 2.721 Prec@(1,5) (45.9%, 77.6%)
07/25 05:19:10 PM | Train: [ 29/600] Step 520/520 Loss 2.730 Prec@(1,5) (45.6%, 77.6%)
07/25 05:19:10 PM | Train: [ 29/600] Final Prec@1 45.6160%
07/25 05:19:11 PM | Valid: [ 29/600] Step 000/104 Loss 2.016 Prec@(1,5) (49.0%, 78.1%)
07/25 05:19:15 PM | Valid: [ 29/600] Step 104/104 Loss 2.298 Prec@(1,5) (42.4%, 73.1%)
07/25 05:19:15 PM | Valid: [ 29/600] Final Prec@1 42.3600%
07/25 05:19:15 PM | Epoch 29 LR 0.024846104257439224
07/25 05:19:16 PM | Train: [ 30/600] Step 000/520 Loss 2.667 Prec@(1,5) (44.8%, 80.2%)
07/25 05:19:45 PM | Train: [ 30/600] Step 200/520 Loss 2.686 Prec@(1,5) (46.7%, 78.3%)
07/25 05:20:13 PM | Train: [ 30/600] Step 400/520 Loss 2.699 Prec@(1,5) (46.5%, 78.1%)
07/25 05:20:30 PM | Train: [ 30/600] Step 520/520 Loss 2.703 Prec@(1,5) (46.6%, 78.0%)
07/25 05:20:30 PM | Train: [ 30/600] Final Prec@1 46.5520%
07/25 05:20:31 PM | Valid: [ 30/600] Step 000/104 Loss 2.267 Prec@(1,5) (43.8%, 75.0%)
07/25 05:20:35 PM | Valid: [ 30/600] Step 104/104 Loss 2.322 Prec@(1,5) (42.9%, 74.1%)
07/25 05:20:35 PM | Valid: [ 30/600] Final Prec@1 42.8700%
07/25 05:20:35 PM | Epoch 30 LR 0.024835696455085092
07/25 05:20:36 PM | Train: [ 31/600] Step 000/520 Loss 2.583 Prec@(1,5) (52.1%, 79.2%)
07/25 05:21:04 PM | Train: [ 31/600] Step 200/520 Loss 2.661 Prec@(1,5) (47.1%, 78.2%)
07/25 05:21:33 PM | Train: [ 31/600] Step 400/520 Loss 2.698 Prec@(1,5) (46.7%, 77.9%)
07/25 05:21:50 PM | Train: [ 31/600] Step 520/520 Loss 2.696 Prec@(1,5) (46.8%, 78.0%)
07/25 05:21:50 PM | Train: [ 31/600] Final Prec@1 46.7820%
07/25 05:21:50 PM | Valid: [ 31/600] Step 000/104 Loss 2.012 Prec@(1,5) (45.8%, 85.4%)
07/25 05:21:55 PM | Valid: [ 31/600] Step 104/104 Loss 2.114 Prec@(1,5) (46.8%, 77.7%)
07/25 05:21:55 PM | Valid: [ 31/600] Final Prec@1 46.8100%
07/25 05:21:55 PM | Epoch 31 LR 0.024824950463381314
07/25 05:21:56 PM | Train: [ 32/600] Step 000/520 Loss 2.589 Prec@(1,5) (50.0%, 78.1%)
07/25 05:22:25 PM | Train: [ 32/600] Step 200/520 Loss 2.629 Prec@(1,5) (47.5%, 78.5%)
07/25 05:22:53 PM | Train: [ 32/600] Step 400/520 Loss 2.654 Prec@(1,5) (47.3%, 78.4%)
07/25 05:23:10 PM | Train: [ 32/600] Step 520/520 Loss 2.663 Prec@(1,5) (47.2%, 78.3%)
07/25 05:23:10 PM | Train: [ 32/600] Final Prec@1 47.1680%
07/25 05:23:11 PM | Valid: [ 32/600] Step 000/104 Loss 1.762 Prec@(1,5) (55.2%, 84.4%)
07/25 05:23:15 PM | Valid: [ 32/600] Step 104/104 Loss 2.049 Prec@(1,5) (46.7%, 77.5%)
07/25 05:23:15 PM | Valid: [ 32/600] Final Prec@1 46.7000%
07/25 05:23:15 PM | Epoch 32 LR 0.024813866576934674
07/25 05:23:16 PM | Train: [ 33/600] Step 000/520 Loss 2.379 Prec@(1,5) (56.2%, 82.3%)
07/25 05:23:45 PM | Train: [ 33/600] Step 200/520 Loss 2.645 Prec@(1,5) (47.5%, 78.4%)
07/25 05:24:14 PM | Train: [ 33/600] Step 400/520 Loss 2.649 Prec@(1,5) (47.4%, 78.5%)
07/25 05:24:32 PM | Train: [ 33/600] Step 520/520 Loss 2.654 Prec@(1,5) (47.3%, 78.5%)
07/25 05:24:32 PM | Train: [ 33/600] Final Prec@1 47.3300%
07/25 05:24:32 PM | Valid: [ 33/600] Step 000/104 Loss 2.037 Prec@(1,5) (50.0%, 81.2%)
07/25 05:24:37 PM | Valid: [ 33/600] Step 104/104 Loss 2.257 Prec@(1,5) (44.5%, 75.5%)
07/25 05:24:37 PM | Valid: [ 33/600] Final Prec@1 44.5200%
07/25 05:24:37 PM | Epoch 33 LR 0.024802445099615524
07/25 05:24:37 PM | Train: [ 34/600] Step 000/520 Loss 2.191 Prec@(1,5) (53.1%, 83.3%)
07/25 05:25:06 PM | Train: [ 34/600] Step 200/520 Loss 2.619 Prec@(1,5) (47.9%, 79.0%)
07/25 05:25:34 PM | Train: [ 34/600] Step 400/520 Loss 2.654 Prec@(1,5) (47.3%, 78.6%)
07/25 05:25:51 PM | Train: [ 34/600] Step 520/520 Loss 2.648 Prec@(1,5) (47.5%, 78.6%)
07/25 05:25:52 PM | Train: [ 34/600] Final Prec@1 47.5220%
07/25 05:25:52 PM | Valid: [ 34/600] Step 000/104 Loss 1.933 Prec@(1,5) (58.3%, 81.2%)
07/25 05:25:56 PM | Valid: [ 34/600] Step 104/104 Loss 2.290 Prec@(1,5) (44.5%, 75.5%)
07/25 05:25:56 PM | Valid: [ 34/600] Final Prec@1 44.5300%
07/25 05:25:56 PM | Epoch 34 LR 0.024790686344549437
07/25 05:25:57 PM | Train: [ 35/600] Step 000/520 Loss 2.269 Prec@(1,5) (56.2%, 81.2%)
07/25 05:26:25 PM | Train: [ 35/600] Step 200/520 Loss 2.575 Prec@(1,5) (48.9%, 79.6%)
07/25 05:26:54 PM | Train: [ 35/600] Step 400/520 Loss 2.621 Prec@(1,5) (47.9%, 79.0%)
07/25 05:27:11 PM | Train: [ 35/600] Step 520/520 Loss 2.631 Prec@(1,5) (47.8%, 78.8%)
07/25 05:27:11 PM | Train: [ 35/600] Final Prec@1 47.7640%
07/25 05:27:11 PM | Valid: [ 35/600] Step 000/104 Loss 2.014 Prec@(1,5) (45.8%, 82.3%)
07/25 05:27:16 PM | Valid: [ 35/600] Step 104/104 Loss 2.144 Prec@(1,5) (45.0%, 76.6%)
07/25 05:27:16 PM | Valid: [ 35/600] Final Prec@1 45.0400%
07/25 05:27:16 PM | Epoch 35 LR 0.024778590634108612
07/25 05:27:17 PM | Train: [ 36/600] Step 000/520 Loss 2.536 Prec@(1,5) (49.0%, 78.1%)
07/25 05:27:45 PM | Train: [ 36/600] Step 200/520 Loss 2.557 Prec@(1,5) (49.0%, 79.7%)
07/25 05:28:14 PM | Train: [ 36/600] Step 400/520 Loss 2.606 Prec@(1,5) (48.3%, 79.2%)
07/25 05:28:31 PM | Train: [ 36/600] Step 520/520 Loss 2.612 Prec@(1,5) (48.2%, 79.2%)
07/25 05:28:31 PM | Train: [ 36/600] Final Prec@1 48.1940%
07/25 05:28:31 PM | Valid: [ 36/600] Step 000/104 Loss 2.035 Prec@(1,5) (50.0%, 78.1%)
07/25 05:28:35 PM | Valid: [ 36/600] Step 104/104 Loss 2.104 Prec@(1,5) (46.5%, 77.1%)
07/25 05:28:36 PM | Valid: [ 36/600] Final Prec@1 46.4800%
07/25 05:28:36 PM | Epoch 36 LR 0.024766158299903064
07/25 05:28:36 PM | Train: [ 37/600] Step 000/520 Loss 2.705 Prec@(1,5) (42.7%, 82.3%)
07/25 05:29:05 PM | Train: [ 37/600] Step 200/520 Loss 2.587 Prec@(1,5) (48.0%, 79.3%)
07/25 05:29:33 PM | Train: [ 37/600] Step 400/520 Loss 2.602 Prec@(1,5) (48.1%, 79.2%)
07/25 05:29:50 PM | Train: [ 37/600] Step 520/520 Loss 2.606 Prec@(1,5) (48.1%, 79.2%)
07/25 05:29:50 PM | Train: [ 37/600] Final Prec@1 48.1040%
07/25 05:29:51 PM | Valid: [ 37/600] Step 000/104 Loss 2.070 Prec@(1,5) (55.2%, 80.2%)
07/25 05:29:55 PM | Valid: [ 37/600] Step 104/104 Loss 2.200 Prec@(1,5) (45.1%, 76.3%)
07/25 05:29:55 PM | Valid: [ 37/600] Final Prec@1 45.0500%
07/25 05:29:55 PM | Epoch 37 LR 0.024753389682771524
07/25 05:29:56 PM | Train: [ 38/600] Step 000/520 Loss 2.863 Prec@(1,5) (40.6%, 77.1%)
07/25 05:30:24 PM | Train: [ 38/600] Step 200/520 Loss 2.547 Prec@(1,5) (49.2%, 80.1%)
07/25 05:30:53 PM | Train: [ 38/600] Step 400/520 Loss 2.576 Prec@(1,5) (48.8%, 79.6%)
07/25 05:31:10 PM | Train: [ 38/600] Step 520/520 Loss 2.584 Prec@(1,5) (48.6%, 79.7%)
07/25 05:31:10 PM | Train: [ 38/600] Final Prec@1 48.6160%
07/25 05:31:11 PM | Valid: [ 38/600] Step 000/104 Loss 2.346 Prec@(1,5) (47.9%, 77.1%)
07/25 05:31:15 PM | Valid: [ 38/600] Step 104/104 Loss 2.394 Prec@(1,5) (42.3%, 73.8%)
07/25 05:31:15 PM | Valid: [ 38/600] Final Prec@1 42.3200%
07/25 05:31:15 PM | Epoch 38 LR 0.024740285132772072
07/25 05:31:16 PM | Train: [ 39/600] Step 000/520 Loss 2.610 Prec@(1,5) (51.0%, 78.1%)
07/25 05:31:44 PM | Train: [ 39/600] Step 200/520 Loss 2.533 Prec@(1,5) (49.5%, 80.1%)
07/25 05:32:13 PM | Train: [ 39/600] Step 400/520 Loss 2.561 Prec@(1,5) (48.9%, 79.7%)
07/25 05:32:30 PM | Train: [ 39/600] Step 520/520 Loss 2.572 Prec@(1,5) (48.8%, 79.7%)
07/25 05:32:30 PM | Train: [ 39/600] Final Prec@1 48.7840%
07/25 05:32:30 PM | Valid: [ 39/600] Step 000/104 Loss 2.425 Prec@(1,5) (38.5%, 76.0%)
07/25 05:32:35 PM | Valid: [ 39/600] Step 104/104 Loss 2.293 Prec@(1,5) (43.9%, 75.4%)
07/25 05:32:35 PM | Valid: [ 39/600] Final Prec@1 43.8500%
07/25 05:32:35 PM | Epoch 39 LR 0.024726845009172573
07/25 05:32:36 PM | Train: [ 40/600] Step 000/520 Loss 2.932 Prec@(1,5) (45.8%, 77.1%)
07/25 05:33:04 PM | Train: [ 40/600] Step 200/520 Loss 2.535 Prec@(1,5) (49.3%, 80.3%)
07/25 05:33:33 PM | Train: [ 40/600] Step 400/520 Loss 2.551 Prec@(1,5) (49.2%, 79.9%)
07/25 05:33:50 PM | Train: [ 40/600] Step 520/520 Loss 2.563 Prec@(1,5) (49.0%, 79.8%)
07/25 05:33:50 PM | Train: [ 40/600] Final Prec@1 48.9700%
07/25 05:33:50 PM | Valid: [ 40/600] Step 000/104 Loss 2.003 Prec@(1,5) (50.0%, 80.2%)
07/25 05:33:55 PM | Valid: [ 40/600] Step 104/104 Loss 2.251 Prec@(1,5) (45.7%, 76.2%)
07/25 05:33:55 PM | Valid: [ 40/600] Final Prec@1 45.7300%
07/25 05:33:55 PM | Epoch 40 LR 0.024713069680440798
07/25 05:33:55 PM | Train: [ 41/600] Step 000/520 Loss 2.271 Prec@(1,5) (49.0%, 83.3%)
07/25 05:34:24 PM | Train: [ 41/600] Step 200/520 Loss 2.512 Prec@(1,5) (49.4%, 80.3%)
07/25 05:34:53 PM | Train: [ 41/600] Step 400/520 Loss 2.542 Prec@(1,5) (49.1%, 80.0%)
07/25 05:35:10 PM | Train: [ 41/600] Step 520/520 Loss 2.542 Prec@(1,5) (49.2%, 80.1%)
07/25 05:35:10 PM | Train: [ 41/600] Final Prec@1 49.1580%
07/25 05:35:10 PM | Valid: [ 41/600] Step 000/104 Loss 2.147 Prec@(1,5) (46.9%, 78.1%)
07/25 05:35:14 PM | Valid: [ 41/600] Step 104/104 Loss 2.266 Prec@(1,5) (44.3%, 76.0%)
07/25 05:35:14 PM | Valid: [ 41/600] Final Prec@1 44.2900%
07/25 05:35:15 PM | Epoch 41 LR 0.024698959524234343
07/25 05:35:15 PM | Train: [ 42/600] Step 000/520 Loss 2.487 Prec@(1,5) (52.1%, 81.2%)
07/25 05:35:44 PM | Train: [ 42/600] Step 200/520 Loss 2.531 Prec@(1,5) (49.6%, 80.0%)
07/25 05:36:12 PM | Train: [ 42/600] Step 400/520 Loss 2.533 Prec@(1,5) (49.6%, 80.2%)
07/25 05:36:29 PM | Train: [ 42/600] Step 520/520 Loss 2.544 Prec@(1,5) (49.4%, 80.0%)
07/25 05:36:29 PM | Train: [ 42/600] Final Prec@1 49.4340%
07/25 05:36:30 PM | Valid: [ 42/600] Step 000/104 Loss 1.969 Prec@(1,5) (49.0%, 80.2%)
07/25 05:36:34 PM | Valid: [ 42/600] Step 104/104 Loss 2.103 Prec@(1,5) (47.1%, 77.5%)
07/25 05:36:34 PM | Valid: [ 42/600] Final Prec@1 47.0800%
07/25 05:36:34 PM | Epoch 42 LR 0.024684514927390273
07/25 05:36:35 PM | Train: [ 43/600] Step 000/520 Loss 2.135 Prec@(1,5) (58.3%, 84.4%)
07/25 05:37:03 PM | Train: [ 43/600] Step 200/520 Loss 2.482 Prec@(1,5) (50.8%, 80.7%)
07/25 05:37:32 PM | Train: [ 43/600] Step 400/520 Loss 2.503 Prec@(1,5) (50.4%, 80.6%)
07/25 05:37:49 PM | Train: [ 43/600] Step 520/520 Loss 2.516 Prec@(1,5) (50.2%, 80.5%)
07/25 05:37:49 PM | Train: [ 43/600] Final Prec@1 50.1840%
07/25 05:37:49 PM | Valid: [ 43/600] Step 000/104 Loss 2.104 Prec@(1,5) (43.8%, 77.1%)
07/25 05:37:54 PM | Valid: [ 43/600] Step 104/104 Loss 2.328 Prec@(1,5) (44.1%, 75.5%)
07/25 05:37:54 PM | Valid: [ 43/600] Final Prec@1 44.1200%
07/25 05:37:54 PM | Epoch 43 LR 0.024669736285914505
07/25 05:37:55 PM | Train: [ 44/600] Step 000/520 Loss 2.552 Prec@(1,5) (46.9%, 81.2%)
07/25 05:38:23 PM | Train: [ 44/600] Step 200/520 Loss 2.484 Prec@(1,5) (50.4%, 80.9%)
07/25 05:38:52 PM | Train: [ 44/600] Step 400/520 Loss 2.522 Prec@(1,5) (49.5%, 80.4%)
07/25 05:39:09 PM | Train: [ 44/600] Step 520/520 Loss 2.524 Prec@(1,5) (49.5%, 80.5%)
07/25 05:39:09 PM | Train: [ 44/600] Final Prec@1 49.5380%
07/25 05:39:09 PM | Valid: [ 44/600] Step 000/104 Loss 1.936 Prec@(1,5) (50.0%, 80.2%)
07/25 05:39:14 PM | Valid: [ 44/600] Step 104/104 Loss 2.180 Prec@(1,5) (45.7%, 77.3%)
07/25 05:39:14 PM | Valid: [ 44/600] Final Prec@1 45.7200%
07/25 05:39:14 PM | Epoch 44 LR 0.024654624004970958
07/25 05:39:14 PM | Train: [ 45/600] Step 000/520 Loss 2.618 Prec@(1,5) (46.9%, 79.2%)
07/25 05:39:43 PM | Train: [ 45/600] Step 200/520 Loss 2.474 Prec@(1,5) (50.3%, 81.3%)
07/25 05:40:12 PM | Train: [ 45/600] Step 400/520 Loss 2.500 Prec@(1,5) (50.2%, 80.8%)
07/25 05:40:29 PM | Train: [ 45/600] Step 520/520 Loss 2.505 Prec@(1,5) (50.1%, 80.7%)
07/25 05:40:29 PM | Train: [ 45/600] Final Prec@1 50.0900%
07/25 05:40:30 PM | Valid: [ 45/600] Step 000/104 Loss 2.195 Prec@(1,5) (51.0%, 78.1%)
07/25 05:40:34 PM | Valid: [ 45/600] Step 104/104 Loss 2.149 Prec@(1,5) (47.0%, 77.0%)
07/25 05:40:34 PM | Valid: [ 45/600] Final Prec@1 47.0100%
07/25 05:40:34 PM | Epoch 45 LR 0.024639178498870453
07/25 05:40:35 PM | Train: [ 46/600] Step 000/520 Loss 2.584 Prec@(1,5) (52.1%, 79.2%)
07/25 05:41:03 PM | Train: [ 46/600] Step 200/520 Loss 2.467 Prec@(1,5) (50.9%, 81.5%)
07/25 05:41:32 PM | Train: [ 46/600] Step 400/520 Loss 2.481 Prec@(1,5) (50.5%, 81.2%)
07/25 05:41:49 PM | Train: [ 46/600] Step 520/520 Loss 2.497 Prec@(1,5) (50.3%, 81.0%)
07/25 05:41:49 PM | Train: [ 46/600] Final Prec@1 50.2700%
07/25 05:41:49 PM | Valid: [ 46/600] Step 000/104 Loss 1.825 Prec@(1,5) (57.3%, 80.2%)
07/25 05:41:54 PM | Valid: [ 46/600] Step 104/104 Loss 2.021 Prec@(1,5) (49.3%, 79.4%)
07/25 05:41:54 PM | Valid: [ 46/600] Final Prec@1 49.2500%
07/25 05:41:54 PM | Epoch 46 LR 0.02462340019105934
07/25 05:41:55 PM | Train: [ 47/600] Step 000/520 Loss 2.371 Prec@(1,5) (49.0%, 82.3%)
07/25 05:42:24 PM | Train: [ 47/600] Step 200/520 Loss 2.459 Prec@(1,5) (51.0%, 81.1%)
07/25 05:42:53 PM | Train: [ 47/600] Step 400/520 Loss 2.482 Prec@(1,5) (50.6%, 80.8%)
