07/25 10:18:07 AM | 
07/25 10:18:07 AM | Parameters:
07/25 10:18:07 AM | AUX_WEIGHT=0.4
07/25 10:18:07 AM | BATCH_SIZE=96
07/25 10:18:07 AM | CUTOUT_LENGTH=16
07/25 10:18:07 AM | DATA_PATH=./data/
07/25 10:18:07 AM | DATASET=cifar100
07/25 10:18:07 AM | DROP_PATH_PROB=0.2
07/25 10:18:07 AM | EPOCHS=600
07/25 10:18:07 AM | GENOTYPE=Genotype(normal=[[('max_pool_3x3', 0), ('max_pool_3x3', 1)], [('max_pool_3x3', 0), ('max_pool_3x3', 2)], [('max_pool_3x3', 0), ('skip_connect', 3)], [('skip_connect', 4), ('max_pool_3x3', 0)]], normal_concat=range(2, 6), reduce=[[('max_pool_3x3', 0), ('sep_conv_5x5', 1)], [('dil_conv_3x3', 0), ('max_pool_3x3', 2)], [('max_pool_3x3', 3), ('dil_conv_5x5', 0)], [('max_pool_3x3', 0), ('max_pool_3x3', 3)]], reduce_concat=range(2, 6))
07/25 10:18:07 AM | GPUS=[0]
07/25 10:18:07 AM | GRAD_CLIP=5.0
07/25 10:18:07 AM | INIT_CHANNELS=36
07/25 10:18:07 AM | LAYERS=20
07/25 10:18:07 AM | LR=0.025
07/25 10:18:07 AM | MOMENTUM=0.9
07/25 10:18:07 AM | NAME=cifar100-ignore-train
07/25 10:18:07 AM | PATH=augments/cifar100-ignore-train
07/25 10:18:07 AM | PRINT_FREQ=200
07/25 10:18:07 AM | SEED=2
07/25 10:18:07 AM | WEIGHT_DECAY=0.0003
07/25 10:18:07 AM | WORKERS=4
07/25 10:18:07 AM | 
07/25 10:18:07 AM | Logger is set - training start
07/25 10:18:29 AM | 
07/25 10:18:29 AM | Parameters:
07/25 10:18:29 AM | AUX_WEIGHT=0.4
07/25 10:18:29 AM | BATCH_SIZE=96
07/25 10:18:29 AM | CUTOUT_LENGTH=16
07/25 10:18:29 AM | DATA_PATH=./data/
07/25 10:18:29 AM | DATASET=cifar100
07/25 10:18:29 AM | DROP_PATH_PROB=0.2
07/25 10:18:29 AM | EPOCHS=600
07/25 10:18:29 AM | GENOTYPE=Genotype(normal=[[('max_pool_3x3', 0), ('max_pool_3x3', 1)], [('max_pool_3x3', 0), ('max_pool_3x3', 2)], [('max_pool_3x3', 0), ('skip_connect', 3)], [('skip_connect', 4), ('max_pool_3x3', 0)]], normal_concat=range(2, 6), reduce=[[('max_pool_3x3', 0), ('sep_conv_5x5', 1)], [('dil_conv_3x3', 0), ('max_pool_3x3', 2)], [('max_pool_3x3', 3), ('dil_conv_5x5', 0)], [('max_pool_3x3', 0), ('max_pool_3x3', 3)]], reduce_concat=range(2, 6))
07/25 10:18:29 AM | GPUS=[0]
07/25 10:18:29 AM | GRAD_CLIP=5.0
07/25 10:18:29 AM | INIT_CHANNELS=36
07/25 10:18:29 AM | LAYERS=20
07/25 10:18:29 AM | LR=0.025
07/25 10:18:29 AM | MOMENTUM=0.9
07/25 10:18:29 AM | NAME=cifar100-ignore-train
07/25 10:18:29 AM | PATH=augments/cifar100-ignore-train
07/25 10:18:29 AM | PRINT_FREQ=200
07/25 10:18:29 AM | SEED=2
07/25 10:18:29 AM | WEIGHT_DECAY=0.0003
07/25 10:18:29 AM | WORKERS=4
07/25 10:18:29 AM | 
07/25 10:18:29 AM | Logger is set - training start
07/25 10:18:37 AM | Model size = 2.014 MB
07/25 10:18:37 AM | Epoch 0 LR 0.024999828653092835
07/25 10:18:40 AM | Train: [  1/600] Step 000/520 Loss 7.300 Prec@(1,5) (0.0%, 4.2%)
07/25 10:19:53 AM | Train: [  1/600] Step 200/520 Loss 6.170 Prec@(1,5) (5.1%, 19.5%)
07/25 10:21:08 AM | Train: [  1/600] Step 400/520 Loss 5.747 Prec@(1,5) (7.6%, 26.3%)
07/25 10:21:51 AM | Train: [  1/600] Step 520/520 Loss 5.593 Prec@(1,5) (9.0%, 29.1%)
07/25 10:21:52 AM | Train: [  1/600] Final Prec@1 9.0060%
07/25 10:21:52 AM | Valid: [  1/600] Step 000/104 Loss 3.850 Prec@(1,5) (8.3%, 35.4%)
07/25 10:22:17 AM | Valid: [  1/600] Step 104/104 Loss 3.627 Prec@(1,5) (13.2%, 39.5%)
07/25 10:22:17 AM | Valid: [  1/600] Final Prec@1 13.2400%
07/25 10:22:18 AM | Epoch 1 LR 0.024999314617068905
07/25 10:22:20 AM | Train: [  2/600] Step 000/520 Loss 5.266 Prec@(1,5) (13.5%, 31.2%)
07/25 10:23:39 AM | Train: [  2/600] Step 200/520 Loss 4.879 Prec@(1,5) (15.2%, 42.1%)
07/25 10:24:58 AM | Train: [  2/600] Step 400/520 Loss 4.780 Prec@(1,5) (16.5%, 44.3%)
07/25 10:25:42 AM | Train: [  2/600] Step 520/520 Loss 4.721 Prec@(1,5) (17.2%, 45.4%)
07/25 10:25:43 AM | Train: [  2/600] Final Prec@1 17.1780%
07/25 10:25:44 AM | Valid: [  2/600] Step 000/104 Loss 3.376 Prec@(1,5) (22.9%, 44.8%)
07/25 10:26:09 AM | Valid: [  2/600] Step 104/104 Loss 3.164 Prec@(1,5) (21.4%, 51.7%)
07/25 10:26:09 AM | Valid: [  2/600] Final Prec@1 21.3800%
07/25 10:26:09 AM | Epoch 2 LR 0.02499845790602076
07/25 10:26:11 AM | Train: [  3/600] Step 000/520 Loss 3.883 Prec@(1,5) (33.3%, 63.5%)
07/25 10:27:31 AM | Train: [  3/600] Step 200/520 Loss 4.325 Prec@(1,5) (22.0%, 52.6%)
07/25 10:28:49 AM | Train: [  3/600] Step 400/520 Loss 4.249 Prec@(1,5) (23.0%, 54.1%)
07/25 10:29:34 AM | Train: [  3/600] Step 520/520 Loss 4.204 Prec@(1,5) (23.6%, 55.0%)
07/25 10:29:35 AM | Train: [  3/600] Final Prec@1 23.6020%
07/25 10:29:36 AM | Valid: [  3/600] Step 000/104 Loss 3.556 Prec@(1,5) (18.8%, 44.8%)
07/25 10:30:03 AM | Valid: [  3/600] Step 104/104 Loss 3.156 Prec@(1,5) (23.0%, 53.2%)
07/25 10:30:03 AM | Valid: [  3/600] Final Prec@1 23.0100%
07/25 10:30:03 AM | Epoch 3 LR 0.02499725854343557
07/25 10:30:05 AM | Train: [  4/600] Step 000/520 Loss 4.047 Prec@(1,5) (26.0%, 59.4%)
07/25 10:31:26 AM | Train: [  4/600] Step 200/520 Loss 3.926 Prec@(1,5) (27.5%, 59.9%)
07/25 10:32:43 AM | Train: [  4/600] Step 400/520 Loss 3.871 Prec@(1,5) (28.1%, 60.8%)
07/25 10:33:26 AM | Train: [  4/600] Step 520/520 Loss 3.841 Prec@(1,5) (28.6%, 61.3%)
07/25 10:33:26 AM | Train: [  4/600] Final Prec@1 28.6280%
07/25 10:33:27 AM | Valid: [  4/600] Step 000/104 Loss 2.707 Prec@(1,5) (29.2%, 66.7%)
07/25 10:33:53 AM | Valid: [  4/600] Step 104/104 Loss 2.577 Prec@(1,5) (31.9%, 65.6%)
07/25 10:33:53 AM | Valid: [  4/600] Final Prec@1 31.9200%
07/25 10:33:54 AM | Epoch 4 LR 0.024995716562194466
07/25 10:33:55 AM | Train: [  5/600] Step 000/520 Loss 3.616 Prec@(1,5) (28.1%, 66.7%)
07/25 10:35:14 AM | Train: [  5/600] Step 200/520 Loss 3.601 Prec@(1,5) (32.3%, 65.0%)
07/25 10:36:32 AM | Train: [  5/600] Step 400/520 Loss 3.573 Prec@(1,5) (32.6%, 65.6%)
07/25 10:37:16 AM | Train: [  5/600] Step 520/520 Loss 3.554 Prec@(1,5) (32.9%, 66.0%)
07/25 10:37:16 AM | Train: [  5/600] Final Prec@1 32.9180%
07/25 10:37:17 AM | Valid: [  5/600] Step 000/104 Loss 2.204 Prec@(1,5) (39.6%, 77.1%)
07/25 10:37:43 AM | Valid: [  5/600] Step 104/104 Loss 2.278 Prec@(1,5) (38.3%, 72.7%)
07/25 10:37:43 AM | Valid: [  5/600] Final Prec@1 38.2500%
07/25 10:37:43 AM | Epoch 5 LR 0.024993832004571646
07/25 10:37:45 AM | Train: [  6/600] Step 000/520 Loss 3.343 Prec@(1,5) (41.7%, 69.8%)
07/25 10:39:05 AM | Train: [  6/600] Step 200/520 Loss 3.347 Prec@(1,5) (36.1%, 69.5%)
07/25 10:40:24 AM | Train: [  6/600] Step 400/520 Loss 3.336 Prec@(1,5) (36.4%, 69.8%)
07/25 10:41:11 AM | Train: [  6/600] Step 520/520 Loss 3.322 Prec@(1,5) (36.6%, 70.1%)
07/25 10:41:11 AM | Train: [  6/600] Final Prec@1 36.6320%
07/25 10:41:12 AM | Valid: [  6/600] Step 000/104 Loss 2.321 Prec@(1,5) (36.5%, 75.0%)
07/25 10:41:39 AM | Valid: [  6/600] Step 104/104 Loss 2.290 Prec@(1,5) (38.8%, 72.1%)
07/25 10:41:39 AM | Valid: [  6/600] Final Prec@1 38.8400%
07/25 10:41:39 AM | Epoch 6 LR 0.024991604922233204
07/25 10:41:41 AM | Train: [  7/600] Step 000/520 Loss 3.083 Prec@(1,5) (39.6%, 69.8%)
07/25 10:42:59 AM | Train: [  7/600] Step 200/520 Loss 3.167 Prec@(1,5) (38.9%, 72.3%)
07/25 10:44:11 AM | Train: [  7/600] Step 400/520 Loss 3.158 Prec@(1,5) (39.3%, 72.3%)
07/25 10:44:52 AM | Train: [  7/600] Step 520/520 Loss 3.151 Prec@(1,5) (39.4%, 72.5%)
07/25 10:44:53 AM | Train: [  7/600] Final Prec@1 39.3940%
07/25 10:44:53 AM | Valid: [  7/600] Step 000/104 Loss 2.272 Prec@(1,5) (42.7%, 75.0%)
07/25 10:45:19 AM | Valid: [  7/600] Step 104/104 Loss 2.168 Prec@(1,5) (41.9%, 75.0%)
07/25 10:45:19 AM | Valid: [  7/600] Final Prec@1 41.8800%
07/25 10:45:20 AM | Epoch 7 LR 0.02498903537623573
07/25 10:45:21 AM | Train: [  8/600] Step 000/520 Loss 2.815 Prec@(1,5) (43.8%, 76.0%)
07/25 10:46:40 AM | Train: [  8/600] Step 200/520 Loss 3.017 Prec@(1,5) (40.9%, 74.7%)
07/25 10:47:59 AM | Train: [  8/600] Step 400/520 Loss 3.014 Prec@(1,5) (41.3%, 74.6%)
07/25 10:48:44 AM | Train: [  8/600] Step 520/520 Loss 3.014 Prec@(1,5) (41.4%, 74.5%)
07/25 10:48:44 AM | Train: [  8/600] Final Prec@1 41.4480%
07/25 10:48:45 AM | Valid: [  8/600] Step 000/104 Loss 2.020 Prec@(1,5) (44.8%, 77.1%)
07/25 10:49:11 AM | Valid: [  8/600] Step 104/104 Loss 2.016 Prec@(1,5) (45.0%, 77.4%)
07/25 10:49:11 AM | Valid: [  8/600] Final Prec@1 44.9500%
07/25 10:49:11 AM | Epoch 8 LR 0.024986123437024627
07/25 10:49:13 AM | Train: [  9/600] Step 000/520 Loss 2.654 Prec@(1,5) (47.9%, 76.0%)
07/25 10:50:30 AM | Train: [  9/600] Step 200/520 Loss 2.860 Prec@(1,5) (44.1%, 76.8%)
07/25 10:51:43 AM | Train: [  9/600] Step 400/520 Loss 2.859 Prec@(1,5) (44.2%, 76.6%)
07/25 10:52:25 AM | Train: [  9/600] Step 520/520 Loss 2.866 Prec@(1,5) (44.0%, 76.6%)
07/25 10:52:25 AM | Train: [  9/600] Final Prec@1 44.0200%
07/25 10:52:27 AM | Valid: [  9/600] Step 000/104 Loss 1.847 Prec@(1,5) (51.0%, 77.1%)
07/25 10:52:50 AM | Valid: [  9/600] Step 104/104 Loss 1.967 Prec@(1,5) (46.7%, 78.3%)
07/25 10:52:50 AM | Valid: [  9/600] Final Prec@1 46.6800%
07/25 10:52:51 AM | Epoch 9 LR 0.024982869184432172
07/25 10:52:52 AM | Train: [ 10/600] Step 000/520 Loss 2.958 Prec@(1,5) (40.6%, 76.0%)
07/25 10:54:10 AM | Train: [ 10/600] Step 200/520 Loss 2.751 Prec@(1,5) (45.6%, 78.4%)
07/25 10:55:25 AM | Train: [ 10/600] Step 400/520 Loss 2.743 Prec@(1,5) (45.7%, 78.4%)
07/25 10:56:07 AM | Train: [ 10/600] Step 520/520 Loss 2.752 Prec@(1,5) (45.7%, 78.3%)
07/25 10:56:07 AM | Train: [ 10/600] Final Prec@1 45.6820%
07/25 10:56:08 AM | Valid: [ 10/600] Step 000/104 Loss 1.776 Prec@(1,5) (52.1%, 78.1%)
07/25 10:56:33 AM | Valid: [ 10/600] Step 104/104 Loss 1.818 Prec@(1,5) (49.3%, 81.1%)
07/25 10:56:33 AM | Valid: [ 10/600] Final Prec@1 49.2600%
07/25 10:56:33 AM | Epoch 10 LR 0.024979272707675356
07/25 10:56:34 AM | Train: [ 11/600] Step 000/520 Loss 2.663 Prec@(1,5) (57.3%, 79.2%)
07/25 10:57:48 AM | Train: [ 11/600] Step 200/520 Loss 2.661 Prec@(1,5) (47.5%, 79.3%)
07/25 10:59:00 AM | Train: [ 11/600] Step 400/520 Loss 2.662 Prec@(1,5) (47.4%, 79.4%)
07/25 10:59:42 AM | Train: [ 11/600] Step 520/520 Loss 2.666 Prec@(1,5) (47.3%, 79.3%)
07/25 10:59:42 AM | Train: [ 11/600] Final Prec@1 47.3120%
07/25 10:59:42 AM | Valid: [ 11/600] Step 000/104 Loss 1.715 Prec@(1,5) (46.9%, 86.5%)
07/25 11:00:09 AM | Valid: [ 11/600] Step 104/104 Loss 1.778 Prec@(1,5) (50.5%, 81.7%)
07/25 11:00:09 AM | Valid: [ 11/600] Final Prec@1 50.4800%
07/25 11:00:09 AM | Epoch 11 LR 0.024975334105353394
07/25 11:00:11 AM | Train: [ 12/600] Step 000/520 Loss 2.504 Prec@(1,5) (45.8%, 81.2%)
07/25 11:01:26 AM | Train: [ 12/600] Step 200/520 Loss 2.566 Prec@(1,5) (49.5%, 80.5%)
07/25 11:02:40 AM | Train: [ 12/600] Step 400/520 Loss 2.584 Prec@(1,5) (49.1%, 80.2%)
07/25 11:03:20 AM | Train: [ 12/600] Step 520/520 Loss 2.580 Prec@(1,5) (49.1%, 80.3%)
07/25 11:03:20 AM | Train: [ 12/600] Final Prec@1 49.0820%
07/25 11:03:21 AM | Valid: [ 12/600] Step 000/104 Loss 1.713 Prec@(1,5) (58.3%, 82.3%)
07/25 11:03:46 AM | Valid: [ 12/600] Step 104/104 Loss 1.712 Prec@(1,5) (52.5%, 82.3%)
07/25 11:03:46 AM | Valid: [ 12/600] Final Prec@1 52.5300%
07/25 11:03:46 AM | Epoch 12 LR 0.024971053485445066
07/25 11:03:48 AM | Train: [ 13/600] Step 000/520 Loss 2.783 Prec@(1,5) (47.9%, 75.0%)
07/25 11:05:04 AM | Train: [ 13/600] Step 200/520 Loss 2.466 Prec@(1,5) (50.9%, 81.9%)
07/25 11:06:21 AM | Train: [ 13/600] Step 400/520 Loss 2.501 Prec@(1,5) (50.3%, 81.7%)
07/25 11:07:05 AM | Train: [ 13/600] Step 520/520 Loss 2.496 Prec@(1,5) (50.3%, 81.7%)
07/25 11:07:05 AM | Train: [ 13/600] Final Prec@1 50.2900%
07/25 11:07:06 AM | Valid: [ 13/600] Step 000/104 Loss 1.544 Prec@(1,5) (63.5%, 84.4%)
07/25 11:07:33 AM | Valid: [ 13/600] Step 104/104 Loss 1.719 Prec@(1,5) (52.5%, 82.7%)
07/25 11:07:33 AM | Valid: [ 13/600] Final Prec@1 52.4500%
07/25 11:07:33 AM | Epoch 13 LR 0.024966430965305726
07/25 11:07:35 AM | Train: [ 14/600] Step 000/520 Loss 2.262 Prec@(1,5) (56.2%, 81.2%)
07/25 11:08:54 AM | Train: [ 14/600] Step 200/520 Loss 2.411 Prec@(1,5) (51.6%, 82.5%)
07/25 11:10:14 AM | Train: [ 14/600] Step 400/520 Loss 2.414 Prec@(1,5) (51.7%, 82.4%)
07/25 11:11:00 AM | Train: [ 14/600] Step 520/520 Loss 2.420 Prec@(1,5) (51.7%, 82.4%)
07/25 11:11:00 AM | Train: [ 14/600] Final Prec@1 51.6960%
07/25 11:11:01 AM | Valid: [ 14/600] Step 000/104 Loss 1.553 Prec@(1,5) (58.3%, 81.2%)
07/25 11:11:27 AM | Valid: [ 14/600] Step 104/104 Loss 1.717 Prec@(1,5) (52.9%, 82.1%)
07/25 11:11:27 AM | Valid: [ 14/600] Final Prec@1 52.8900%
07/25 11:11:28 AM | Epoch 14 LR 0.0249614666716641
07/25 11:11:29 AM | Train: [ 15/600] Step 000/520 Loss 2.047 Prec@(1,5) (60.4%, 88.5%)
07/25 11:12:49 AM | Train: [ 15/600] Step 200/520 Loss 2.338 Prec@(1,5) (53.1%, 83.4%)
07/25 11:14:09 AM | Train: [ 15/600] Step 400/520 Loss 2.352 Prec@(1,5) (52.9%, 83.2%)
07/25 11:14:54 AM | Train: [ 15/600] Step 520/520 Loss 2.351 Prec@(1,5) (52.9%, 83.3%)
07/25 11:14:54 AM | Train: [ 15/600] Final Prec@1 52.9000%
07/25 11:14:55 AM | Valid: [ 15/600] Step 000/104 Loss 1.466 Prec@(1,5) (60.4%, 86.5%)
07/25 11:15:22 AM | Valid: [ 15/600] Step 104/104 Loss 1.544 Prec@(1,5) (56.1%, 85.3%)
07/25 11:15:22 AM | Valid: [ 15/600] Final Prec@1 56.1300%
07/25 11:15:22 AM | Epoch 15 LR 0.024956160740618807
07/25 11:15:24 AM | Train: [ 16/600] Step 000/520 Loss 2.247 Prec@(1,5) (53.1%, 85.4%)
07/25 11:16:44 AM | Train: [ 16/600] Step 200/520 Loss 2.297 Prec@(1,5) (53.7%, 84.3%)
07/25 11:18:04 AM | Train: [ 16/600] Step 400/520 Loss 2.311 Prec@(1,5) (53.6%, 84.0%)
07/25 11:18:51 AM | Train: [ 16/600] Step 520/520 Loss 2.310 Prec@(1,5) (53.7%, 84.0%)
07/25 11:18:51 AM | Train: [ 16/600] Final Prec@1 53.7040%
07/25 11:18:52 AM | Valid: [ 16/600] Step 000/104 Loss 1.617 Prec@(1,5) (56.2%, 82.3%)
07/25 11:19:16 AM | Valid: [ 16/600] Step 104/104 Loss 1.545 Prec@(1,5) (56.4%, 85.2%)
07/25 11:19:16 AM | Valid: [ 16/600] Final Prec@1 56.4100%
07/25 11:19:17 AM | Epoch 16 LR 0.02495051331763462
07/25 11:19:18 AM | Train: [ 17/600] Step 000/520 Loss 2.197 Prec@(1,5) (59.4%, 86.5%)
07/25 11:20:38 AM | Train: [ 17/600] Step 200/520 Loss 2.207 Prec@(1,5) (55.9%, 85.1%)
07/25 11:21:58 AM | Train: [ 17/600] Step 400/520 Loss 2.252 Prec@(1,5) (54.9%, 84.5%)
07/25 11:22:44 AM | Train: [ 17/600] Step 520/520 Loss 2.248 Prec@(1,5) (54.9%, 84.6%)
07/25 11:22:44 AM | Train: [ 17/600] Final Prec@1 54.9440%
07/25 11:22:45 AM | Valid: [ 17/600] Step 000/104 Loss 1.390 Prec@(1,5) (61.5%, 83.3%)
07/25 11:23:10 AM | Valid: [ 17/600] Step 104/104 Loss 1.467 Prec@(1,5) (58.2%, 86.6%)
07/25 11:23:11 AM | Valid: [ 17/600] Final Prec@1 58.1700%
07/25 11:23:11 AM | Epoch 17 LR 0.0249445245575385
07/25 11:23:12 AM | Train: [ 18/600] Step 000/520 Loss 2.058 Prec@(1,5) (55.2%, 89.6%)
07/25 11:24:33 AM | Train: [ 18/600] Step 200/520 Loss 2.160 Prec@(1,5) (56.5%, 85.7%)
07/25 11:25:53 AM | Train: [ 18/600] Step 400/520 Loss 2.196 Prec@(1,5) (56.1%, 85.2%)
07/25 11:26:39 AM | Train: [ 18/600] Step 520/520 Loss 2.193 Prec@(1,5) (56.1%, 85.4%)
07/25 11:26:39 AM | Train: [ 18/600] Final Prec@1 56.1120%
07/25 11:26:40 AM | Valid: [ 18/600] Step 000/104 Loss 1.405 Prec@(1,5) (59.4%, 88.5%)
07/25 11:27:07 AM | Valid: [ 18/600] Step 104/104 Loss 1.617 Prec@(1,5) (55.3%, 84.4%)
07/25 11:27:07 AM | Valid: [ 18/600] Final Prec@1 55.3300%
07/25 11:27:08 AM | Epoch 18 LR 0.024938194624515332
07/25 11:27:09 AM | Train: [ 19/600] Step 000/520 Loss 2.271 Prec@(1,5) (47.9%, 83.3%)
07/25 11:28:29 AM | Train: [ 19/600] Step 200/520 Loss 2.129 Prec@(1,5) (56.9%, 86.0%)
07/25 11:29:50 AM | Train: [ 19/600] Step 400/520 Loss 2.155 Prec@(1,5) (56.6%, 85.9%)
07/25 11:30:37 AM | Train: [ 19/600] Step 520/520 Loss 2.154 Prec@(1,5) (56.7%, 85.9%)
07/25 11:30:37 AM | Train: [ 19/600] Final Prec@1 56.7360%
07/25 11:30:38 AM | Valid: [ 19/600] Step 000/104 Loss 1.430 Prec@(1,5) (58.3%, 87.5%)
07/25 11:31:03 AM | Valid: [ 19/600] Step 104/104 Loss 1.561 Prec@(1,5) (56.8%, 85.3%)
07/25 11:31:03 AM | Valid: [ 19/600] Final Prec@1 56.7800%
07/25 11:31:03 AM | Epoch 19 LR 0.024931523692103417
07/25 11:31:05 AM | Train: [ 20/600] Step 000/520 Loss 2.069 Prec@(1,5) (55.2%, 86.5%)
07/25 11:32:26 AM | Train: [ 20/600] Step 200/520 Loss 2.094 Prec@(1,5) (57.7%, 86.5%)
07/25 11:33:46 AM | Train: [ 20/600] Step 400/520 Loss 2.119 Prec@(1,5) (57.4%, 86.2%)
07/25 11:34:32 AM | Train: [ 20/600] Step 520/520 Loss 2.119 Prec@(1,5) (57.4%, 86.3%)
07/25 11:34:32 AM | Train: [ 20/600] Final Prec@1 57.3940%
07/25 11:34:33 AM | Valid: [ 20/600] Step 000/104 Loss 1.589 Prec@(1,5) (57.3%, 85.4%)
07/25 11:34:59 AM | Valid: [ 20/600] Step 104/104 Loss 1.524 Prec@(1,5) (57.9%, 85.9%)
07/25 11:34:59 AM | Valid: [ 20/600] Final Prec@1 57.9000%
07/25 11:35:00 AM | Epoch 20 LR 0.02492451194318975
07/25 11:35:01 AM | Train: [ 21/600] Step 000/520 Loss 2.498 Prec@(1,5) (50.0%, 83.3%)
07/25 11:36:22 AM | Train: [ 21/600] Step 200/520 Loss 2.056 Prec@(1,5) (58.3%, 87.1%)
07/25 11:37:42 AM | Train: [ 21/600] Step 400/520 Loss 2.067 Prec@(1,5) (58.0%, 86.8%)
07/25 11:38:28 AM | Train: [ 21/600] Step 520/520 Loss 2.075 Prec@(1,5) (57.9%, 86.7%)
07/25 11:38:28 AM | Train: [ 21/600] Final Prec@1 57.9420%
07/25 11:38:29 AM | Valid: [ 21/600] Step 000/104 Loss 1.447 Prec@(1,5) (63.5%, 82.3%)
07/25 11:38:56 AM | Valid: [ 21/600] Step 104/104 Loss 1.464 Prec@(1,5) (58.7%, 86.4%)
07/25 11:38:56 AM | Valid: [ 21/600] Final Prec@1 58.6700%
07/25 11:38:56 AM | Epoch 21 LR 0.024917159570004954
07/25 11:38:58 AM | Train: [ 22/600] Step 000/520 Loss 1.639 Prec@(1,5) (69.8%, 90.6%)
07/25 11:40:18 AM | Train: [ 22/600] Step 200/520 Loss 2.029 Prec@(1,5) (59.2%, 87.4%)
07/25 11:41:38 AM | Train: [ 22/600] Step 400/520 Loss 2.048 Prec@(1,5) (58.7%, 87.2%)
07/25 11:42:25 AM | Train: [ 22/600] Step 520/520 Loss 2.049 Prec@(1,5) (58.8%, 87.1%)
07/25 11:42:25 AM | Train: [ 22/600] Final Prec@1 58.7780%
07/25 11:42:26 AM | Valid: [ 22/600] Step 000/104 Loss 1.454 Prec@(1,5) (62.5%, 85.4%)
07/25 11:42:53 AM | Valid: [ 22/600] Step 104/104 Loss 1.448 Prec@(1,5) (59.9%, 86.8%)
07/25 11:42:53 AM | Valid: [ 22/600] Final Prec@1 59.8600%
07/25 11:42:53 AM | Epoch 22 LR 0.02490946677411807
07/25 11:42:55 AM | Train: [ 23/600] Step 000/520 Loss 1.462 Prec@(1,5) (70.8%, 93.8%)
07/25 11:44:15 AM | Train: [ 23/600] Step 200/520 Loss 1.992 Prec@(1,5) (59.9%, 87.7%)
07/25 11:45:35 AM | Train: [ 23/600] Step 400/520 Loss 2.022 Prec@(1,5) (59.1%, 87.3%)
07/25 11:46:22 AM | Train: [ 23/600] Step 520/520 Loss 2.021 Prec@(1,5) (59.1%, 87.2%)
07/25 11:46:22 AM | Train: [ 23/600] Final Prec@1 59.0960%
07/25 11:46:23 AM | Valid: [ 23/600] Step 000/104 Loss 1.542 Prec@(1,5) (60.4%, 82.3%)
07/25 11:46:49 AM | Valid: [ 23/600] Step 104/104 Loss 1.445 Prec@(1,5) (58.5%, 86.7%)
07/25 11:46:50 AM | Valid: [ 23/600] Final Prec@1 58.5100%
07/25 11:46:50 AM | Epoch 23 LR 0.024901433766430975
07/25 11:46:51 AM | Train: [ 24/600] Step 000/520 Loss 1.868 Prec@(1,5) (61.5%, 90.6%)
07/25 11:48:12 AM | Train: [ 24/600] Step 200/520 Loss 1.943 Prec@(1,5) (60.5%, 88.1%)
07/25 11:49:32 AM | Train: [ 24/600] Step 400/520 Loss 1.983 Prec@(1,5) (59.8%, 87.6%)
07/25 11:50:19 AM | Train: [ 24/600] Step 520/520 Loss 1.980 Prec@(1,5) (59.7%, 87.7%)
07/25 11:50:19 AM | Train: [ 24/600] Final Prec@1 59.7480%
07/25 11:50:20 AM | Valid: [ 24/600] Step 000/104 Loss 1.566 Prec@(1,5) (57.3%, 85.4%)
07/25 11:50:46 AM | Valid: [ 24/600] Step 104/104 Loss 1.514 Prec@(1,5) (58.4%, 85.9%)
07/25 11:50:46 AM | Valid: [ 24/600] Final Prec@1 58.3600%
07/25 11:50:46 AM | Epoch 24 LR 0.024893060767172633
07/25 11:50:48 AM | Train: [ 25/600] Step 000/520 Loss 1.864 Prec@(1,5) (65.6%, 89.6%)
07/25 11:52:08 AM | Train: [ 25/600] Step 200/520 Loss 1.938 Prec@(1,5) (60.6%, 88.3%)
07/25 11:53:28 AM | Train: [ 25/600] Step 400/520 Loss 1.959 Prec@(1,5) (60.3%, 88.0%)
07/25 11:54:14 AM | Train: [ 25/600] Step 520/520 Loss 1.967 Prec@(1,5) (60.1%, 87.9%)
07/25 11:54:14 AM | Train: [ 25/600] Final Prec@1 60.0700%
07/25 11:54:15 AM | Valid: [ 25/600] Step 000/104 Loss 1.254 Prec@(1,5) (60.4%, 89.6%)
07/25 11:54:41 AM | Valid: [ 25/600] Step 104/104 Loss 1.441 Prec@(1,5) (60.3%, 87.2%)
07/25 11:54:41 AM | Valid: [ 25/600] Final Prec@1 60.2500%
07/25 11:54:41 AM | Epoch 25 LR 0.024884348005893047
07/25 11:54:43 AM | Train: [ 26/600] Step 000/520 Loss 1.890 Prec@(1,5) (56.2%, 91.7%)
07/25 11:56:03 AM | Train: [ 26/600] Step 200/520 Loss 1.908 Prec@(1,5) (61.3%, 88.4%)
07/25 11:57:23 AM | Train: [ 26/600] Step 400/520 Loss 1.938 Prec@(1,5) (60.8%, 88.2%)
07/25 11:58:10 AM | Train: [ 26/600] Step 520/520 Loss 1.946 Prec@(1,5) (60.7%, 88.1%)
07/25 11:58:10 AM | Train: [ 26/600] Final Prec@1 60.6820%
07/25 11:58:11 AM | Valid: [ 26/600] Step 000/104 Loss 1.314 Prec@(1,5) (65.6%, 87.5%)
07/25 11:58:37 AM | Valid: [ 26/600] Step 104/104 Loss 1.429 Prec@(1,5) (60.1%, 87.1%)
07/25 11:58:37 AM | Valid: [ 26/600] Final Prec@1 60.1100%
07/25 11:58:38 AM | Epoch 26 LR 0.02487529572145697
07/25 11:58:39 AM | Train: [ 27/600] Step 000/520 Loss 1.973 Prec@(1,5) (63.5%, 87.5%)
07/25 11:59:59 AM | Train: [ 27/600] Step 200/520 Loss 1.853 Prec@(1,5) (62.6%, 89.3%)
07/25 12:01:18 PM | Train: [ 27/600] Step 400/520 Loss 1.889 Prec@(1,5) (61.9%, 88.8%)
07/25 12:02:04 PM | Train: [ 27/600] Step 520/520 Loss 1.902 Prec@(1,5) (61.6%, 88.6%)
07/25 12:02:04 PM | Train: [ 27/600] Final Prec@1 61.6020%
07/25 12:02:05 PM | Valid: [ 27/600] Step 000/104 Loss 1.293 Prec@(1,5) (66.7%, 88.5%)
07/25 12:02:30 PM | Valid: [ 27/600] Step 104/104 Loss 1.373 Prec@(1,5) (61.3%, 88.2%)
07/25 12:02:30 PM | Valid: [ 27/600] Final Prec@1 61.2900%
07/25 12:02:30 PM | Epoch 27 LR 0.024865904162037357
07/25 12:02:32 PM | Train: [ 28/600] Step 000/520 Loss 1.941 Prec@(1,5) (64.6%, 88.5%)
07/25 12:03:52 PM | Train: [ 28/600] Step 200/520 Loss 1.858 Prec@(1,5) (62.2%, 89.2%)
07/25 12:05:12 PM | Train: [ 28/600] Step 400/520 Loss 1.873 Prec@(1,5) (62.1%, 89.0%)
07/25 12:05:58 PM | Train: [ 28/600] Step 520/520 Loss 1.884 Prec@(1,5) (61.8%, 88.9%)
07/25 12:05:58 PM | Train: [ 28/600] Final Prec@1 61.8360%
07/25 12:05:59 PM | Valid: [ 28/600] Step 000/104 Loss 1.490 Prec@(1,5) (62.5%, 86.5%)
07/25 12:06:24 PM | Valid: [ 28/600] Step 104/104 Loss 1.457 Prec@(1,5) (59.6%, 87.1%)
07/25 12:06:24 PM | Valid: [ 28/600] Final Prec@1 59.6200%
07/25 12:06:24 PM | Epoch 28 LR 0.024856173585108544
07/25 12:06:26 PM | Train: [ 29/600] Step 000/520 Loss 1.665 Prec@(1,5) (67.7%, 90.6%)
07/25 12:07:46 PM | Train: [ 29/600] Step 200/520 Loss 1.829 Prec@(1,5) (62.9%, 89.3%)
07/25 12:09:06 PM | Train: [ 29/600] Step 400/520 Loss 1.854 Prec@(1,5) (62.4%, 89.1%)
07/25 12:09:53 PM | Train: [ 29/600] Step 520/520 Loss 1.866 Prec@(1,5) (62.3%, 88.9%)
07/25 12:09:53 PM | Train: [ 29/600] Final Prec@1 62.3040%
07/25 12:09:54 PM | Valid: [ 29/600] Step 000/104 Loss 1.312 Prec@(1,5) (61.5%, 86.5%)
07/25 12:10:20 PM | Valid: [ 29/600] Step 104/104 Loss 1.407 Prec@(1,5) (61.6%, 87.6%)
07/25 12:10:20 PM | Valid: [ 29/600] Final Prec@1 61.5600%
07/25 12:10:20 PM | Epoch 29 LR 0.024846104257439224
07/25 12:10:22 PM | Train: [ 30/600] Step 000/520 Loss 1.770 Prec@(1,5) (63.5%, 88.5%)
07/25 12:11:43 PM | Train: [ 30/600] Step 200/520 Loss 1.817 Prec@(1,5) (63.0%, 89.7%)
07/25 12:13:03 PM | Train: [ 30/600] Step 400/520 Loss 1.837 Prec@(1,5) (62.6%, 89.4%)
07/25 12:13:49 PM | Train: [ 30/600] Step 520/520 Loss 1.846 Prec@(1,5) (62.4%, 89.3%)
07/25 12:13:49 PM | Train: [ 30/600] Final Prec@1 62.4300%
07/25 12:13:51 PM | Valid: [ 30/600] Step 000/104 Loss 1.459 Prec@(1,5) (65.6%, 86.5%)
07/25 12:14:16 PM | Valid: [ 30/600] Step 104/104 Loss 1.472 Prec@(1,5) (60.5%, 87.2%)
07/25 12:14:16 PM | Valid: [ 30/600] Final Prec@1 60.4500%
07/25 12:14:17 PM | Epoch 30 LR 0.024835696455085092
07/25 12:14:18 PM | Train: [ 31/600] Step 000/520 Loss 1.936 Prec@(1,5) (64.6%, 87.5%)
07/25 12:15:38 PM | Train: [ 31/600] Step 200/520 Loss 1.776 Prec@(1,5) (63.7%, 90.0%)
07/25 12:16:59 PM | Train: [ 31/600] Step 400/520 Loss 1.809 Prec@(1,5) (63.1%, 89.5%)
07/25 12:17:45 PM | Train: [ 31/600] Step 520/520 Loss 1.829 Prec@(1,5) (62.8%, 89.4%)
07/25 12:17:45 PM | Train: [ 31/600] Final Prec@1 62.8380%
07/25 12:17:46 PM | Valid: [ 31/600] Step 000/104 Loss 1.437 Prec@(1,5) (61.5%, 85.4%)
07/25 12:18:11 PM | Valid: [ 31/600] Step 104/104 Loss 1.425 Prec@(1,5) (61.1%, 87.6%)
07/25 12:18:11 PM | Valid: [ 31/600] Final Prec@1 61.0700%
07/25 12:18:12 PM | Epoch 31 LR 0.024824950463381314
07/25 12:18:13 PM | Train: [ 32/600] Step 000/520 Loss 1.965 Prec@(1,5) (59.4%, 84.4%)
07/25 12:19:33 PM | Train: [ 32/600] Step 200/520 Loss 1.756 Prec@(1,5) (64.4%, 90.4%)
07/25 12:20:53 PM | Train: [ 32/600] Step 400/520 Loss 1.800 Prec@(1,5) (63.4%, 89.9%)
07/25 12:21:39 PM | Train: [ 32/600] Step 520/520 Loss 1.807 Prec@(1,5) (63.3%, 89.8%)
07/25 12:21:39 PM | Train: [ 32/600] Final Prec@1 63.3180%
07/25 12:21:40 PM | Valid: [ 32/600] Step 000/104 Loss 1.327 Prec@(1,5) (66.7%, 85.4%)
07/25 12:22:05 PM | Valid: [ 32/600] Step 104/104 Loss 1.375 Prec@(1,5) (62.1%, 88.0%)
07/25 12:22:05 PM | Valid: [ 32/600] Final Prec@1 62.1400%
07/25 12:22:05 PM | Epoch 32 LR 0.024813866576934674
07/25 12:22:07 PM | Train: [ 33/600] Step 000/520 Loss 1.545 Prec@(1,5) (67.7%, 94.8%)
07/25 12:23:26 PM | Train: [ 33/600] Step 200/520 Loss 1.755 Prec@(1,5) (64.2%, 90.5%)
07/25 12:24:47 PM | Train: [ 33/600] Step 400/520 Loss 1.773 Prec@(1,5) (63.9%, 90.2%)
07/25 12:25:33 PM | Train: [ 33/600] Step 520/520 Loss 1.788 Prec@(1,5) (63.7%, 90.0%)
07/25 12:25:33 PM | Train: [ 33/600] Final Prec@1 63.6620%
07/25 12:25:34 PM | Valid: [ 33/600] Step 000/104 Loss 1.192 Prec@(1,5) (70.8%, 88.5%)
07/25 12:26:00 PM | Valid: [ 33/600] Step 104/104 Loss 1.520 Prec@(1,5) (59.3%, 86.1%)
07/25 12:26:00 PM | Valid: [ 33/600] Final Prec@1 59.3200%
07/25 12:26:00 PM | Epoch 33 LR 0.024802445099615524
07/25 12:26:02 PM | Train: [ 34/600] Step 000/520 Loss 1.552 Prec@(1,5) (65.6%, 89.6%)
07/25 12:27:21 PM | Train: [ 34/600] Step 200/520 Loss 1.735 Prec@(1,5) (64.8%, 90.6%)
07/25 12:28:42 PM | Train: [ 34/600] Step 400/520 Loss 1.758 Prec@(1,5) (64.5%, 90.2%)
07/25 12:29:28 PM | Train: [ 34/600] Step 520/520 Loss 1.775 Prec@(1,5) (64.1%, 90.0%)
07/25 12:29:28 PM | Train: [ 34/600] Final Prec@1 64.1480%
07/25 12:29:29 PM | Valid: [ 34/600] Step 000/104 Loss 1.426 Prec@(1,5) (61.5%, 86.5%)
07/25 12:29:55 PM | Valid: [ 34/600] Step 104/104 Loss 1.364 Prec@(1,5) (62.0%, 88.5%)
07/25 12:29:55 PM | Valid: [ 34/600] Final Prec@1 62.0100%
07/25 12:29:55 PM | Epoch 34 LR 0.024790686344549437
07/25 12:29:57 PM | Train: [ 35/600] Step 000/520 Loss 2.020 Prec@(1,5) (60.4%, 86.5%)
07/25 12:31:18 PM | Train: [ 35/600] Step 200/520 Loss 1.700 Prec@(1,5) (65.5%, 90.8%)
07/25 12:32:38 PM | Train: [ 35/600] Step 400/520 Loss 1.741 Prec@(1,5) (64.8%, 90.3%)
07/25 12:33:24 PM | Train: [ 35/600] Step 520/520 Loss 1.756 Prec@(1,5) (64.5%, 90.1%)
07/25 12:33:25 PM | Train: [ 35/600] Final Prec@1 64.4900%
07/25 12:33:26 PM | Valid: [ 35/600] Step 000/104 Loss 1.290 Prec@(1,5) (70.8%, 90.6%)
07/25 12:33:52 PM | Valid: [ 35/600] Step 104/104 Loss 1.350 Prec@(1,5) (62.7%, 88.7%)
07/25 12:33:52 PM | Valid: [ 35/600] Final Prec@1 62.7300%
07/25 12:33:52 PM | Epoch 35 LR 0.024778590634108612
07/25 12:33:54 PM | Train: [ 36/600] Step 000/520 Loss 1.692 Prec@(1,5) (67.7%, 91.7%)
07/25 12:35:14 PM | Train: [ 36/600] Step 200/520 Loss 1.732 Prec@(1,5) (65.2%, 90.2%)
07/25 12:36:34 PM | Train: [ 36/600] Step 400/520 Loss 1.750 Prec@(1,5) (64.7%, 90.0%)
07/25 12:37:21 PM | Train: [ 36/600] Step 520/520 Loss 1.759 Prec@(1,5) (64.4%, 89.9%)
07/25 12:37:21 PM | Train: [ 36/600] Final Prec@1 64.4060%
07/25 12:37:22 PM | Valid: [ 36/600] Step 000/104 Loss 1.411 Prec@(1,5) (65.6%, 86.5%)
07/25 12:37:48 PM | Valid: [ 36/600] Step 104/104 Loss 1.321 Prec@(1,5) (62.9%, 89.2%)
07/25 12:37:48 PM | Valid: [ 36/600] Final Prec@1 62.9400%
07/25 12:37:48 PM | Epoch 36 LR 0.024766158299903064
07/25 12:37:50 PM | Train: [ 37/600] Step 000/520 Loss 1.370 Prec@(1,5) (81.2%, 95.8%)
07/25 12:39:10 PM | Train: [ 37/600] Step 200/520 Loss 1.667 Prec@(1,5) (66.3%, 91.1%)
07/25 12:40:31 PM | Train: [ 37/600] Step 400/520 Loss 1.715 Prec@(1,5) (65.3%, 90.5%)
07/25 12:41:18 PM | Train: [ 37/600] Step 520/520 Loss 1.739 Prec@(1,5) (64.8%, 90.3%)
07/25 12:41:18 PM | Train: [ 37/600] Final Prec@1 64.8240%
07/25 12:41:19 PM | Valid: [ 37/600] Step 000/104 Loss 1.398 Prec@(1,5) (61.5%, 90.6%)
07/25 12:41:46 PM | Valid: [ 37/600] Step 104/104 Loss 1.377 Prec@(1,5) (62.4%, 88.1%)
07/25 12:41:46 PM | Valid: [ 37/600] Final Prec@1 62.3500%
07/25 12:41:46 PM | Epoch 37 LR 0.024753389682771524
07/25 12:41:48 PM | Train: [ 38/600] Step 000/520 Loss 1.626 Prec@(1,5) (65.6%, 91.7%)
07/25 12:43:09 PM | Train: [ 38/600] Step 200/520 Loss 1.675 Prec@(1,5) (66.0%, 91.2%)
07/25 12:44:29 PM | Train: [ 38/600] Step 400/520 Loss 1.721 Prec@(1,5) (65.0%, 90.7%)
07/25 12:45:15 PM | Train: [ 38/600] Step 520/520 Loss 1.732 Prec@(1,5) (64.8%, 90.5%)
07/25 12:45:16 PM | Train: [ 38/600] Final Prec@1 64.8420%
07/25 12:45:17 PM | Valid: [ 38/600] Step 000/104 Loss 1.302 Prec@(1,5) (66.7%, 83.3%)
07/25 12:45:41 PM | Valid: [ 38/600] Step 104/104 Loss 1.381 Prec@(1,5) (62.4%, 88.3%)
07/25 12:45:41 PM | Valid: [ 38/600] Final Prec@1 62.3700%
07/25 12:45:41 PM | Epoch 38 LR 0.024740285132772072
07/25 12:45:43 PM | Train: [ 39/600] Step 000/520 Loss 1.769 Prec@(1,5) (60.4%, 90.6%)
07/25 12:47:02 PM | Train: [ 39/600] Step 200/520 Loss 1.666 Prec@(1,5) (65.7%, 91.2%)
07/25 12:48:20 PM | Train: [ 39/600] Step 400/520 Loss 1.707 Prec@(1,5) (65.1%, 90.7%)
07/25 12:49:06 PM | Train: [ 39/600] Step 520/520 Loss 1.723 Prec@(1,5) (64.8%, 90.5%)
07/25 12:49:06 PM | Train: [ 39/600] Final Prec@1 64.8380%
07/25 12:49:07 PM | Valid: [ 39/600] Step 000/104 Loss 1.329 Prec@(1,5) (66.7%, 90.6%)
07/25 12:49:31 PM | Valid: [ 39/600] Step 104/104 Loss 1.390 Prec@(1,5) (62.5%, 87.8%)
07/25 12:49:32 PM | Valid: [ 39/600] Final Prec@1 62.5000%
07/25 12:49:32 PM | Epoch 39 LR 0.024726845009172573
07/25 12:49:34 PM | Train: [ 40/600] Step 000/520 Loss 1.599 Prec@(1,5) (64.6%, 91.7%)
07/25 12:50:52 PM | Train: [ 40/600] Step 200/520 Loss 1.649 Prec@(1,5) (66.3%, 91.0%)
07/25 12:52:12 PM | Train: [ 40/600] Step 400/520 Loss 1.694 Prec@(1,5) (65.6%, 90.7%)
07/25 12:52:58 PM | Train: [ 40/600] Step 520/520 Loss 1.702 Prec@(1,5) (65.4%, 90.6%)
07/25 12:52:58 PM | Train: [ 40/600] Final Prec@1 65.3860%
07/25 12:52:59 PM | Valid: [ 40/600] Step 000/104 Loss 1.555 Prec@(1,5) (65.6%, 85.4%)
07/25 12:53:22 PM | Valid: [ 40/600] Step 104/104 Loss 1.471 Prec@(1,5) (60.3%, 87.5%)
07/25 12:53:22 PM | Valid: [ 40/600] Final Prec@1 60.2900%
07/25 12:53:22 PM | Epoch 40 LR 0.024713069680440798
07/25 12:53:24 PM | Train: [ 41/600] Step 000/520 Loss 1.437 Prec@(1,5) (71.9%, 91.7%)
07/25 12:54:42 PM | Train: [ 41/600] Step 200/520 Loss 1.648 Prec@(1,5) (66.8%, 91.5%)
07/25 12:56:01 PM | Train: [ 41/600] Step 400/520 Loss 1.688 Prec@(1,5) (66.1%, 90.9%)
07/25 12:56:47 PM | Train: [ 41/600] Step 520/520 Loss 1.697 Prec@(1,5) (66.0%, 90.8%)
07/25 12:56:47 PM | Train: [ 41/600] Final Prec@1 65.9840%
07/25 12:56:49 PM | Valid: [ 41/600] Step 000/104 Loss 1.248 Prec@(1,5) (61.5%, 86.5%)
07/25 12:57:11 PM | Valid: [ 41/600] Step 104/104 Loss 1.380 Prec@(1,5) (62.2%, 88.5%)
07/25 12:57:11 PM | Valid: [ 41/600] Final Prec@1 62.2200%
07/25 12:57:12 PM | Epoch 41 LR 0.024698959524234343
07/25 12:57:13 PM | Train: [ 42/600] Step 000/520 Loss 1.686 Prec@(1,5) (64.6%, 93.8%)
07/25 12:58:32 PM | Train: [ 42/600] Step 200/520 Loss 1.633 Prec@(1,5) (67.0%, 91.2%)
07/25 12:59:52 PM | Train: [ 42/600] Step 400/520 Loss 1.669 Prec@(1,5) (66.3%, 90.9%)
07/25 01:00:38 PM | Train: [ 42/600] Step 520/520 Loss 1.681 Prec@(1,5) (66.0%, 90.8%)
07/25 01:00:38 PM | Train: [ 42/600] Final Prec@1 66.0360%
07/25 01:00:40 PM | Valid: [ 42/600] Step 000/104 Loss 1.452 Prec@(1,5) (62.5%, 89.6%)
07/25 01:01:05 PM | Valid: [ 42/600] Step 104/104 Loss 1.389 Prec@(1,5) (63.1%, 88.5%)
07/25 01:01:05 PM | Valid: [ 42/600] Final Prec@1 63.1300%
07/25 01:01:05 PM | Epoch 42 LR 0.024684514927390273
07/25 01:01:07 PM | Train: [ 43/600] Step 000/520 Loss 1.711 Prec@(1,5) (58.3%, 92.7%)
07/25 01:02:26 PM | Train: [ 43/600] Step 200/520 Loss 1.653 Prec@(1,5) (66.2%, 91.4%)
07/25 01:03:46 PM | Train: [ 43/600] Step 400/520 Loss 1.668 Prec@(1,5) (66.1%, 91.2%)
07/25 01:04:32 PM | Train: [ 43/600] Step 520/520 Loss 1.681 Prec@(1,5) (66.0%, 91.0%)
07/25 01:04:33 PM | Train: [ 43/600] Final Prec@1 65.9600%
07/25 01:04:34 PM | Valid: [ 43/600] Step 000/104 Loss 1.210 Prec@(1,5) (67.7%, 84.4%)
07/25 01:05:01 PM | Valid: [ 43/600] Step 104/104 Loss 1.354 Prec@(1,5) (63.1%, 88.7%)
07/25 01:05:01 PM | Valid: [ 43/600] Final Prec@1 63.0900%
07/25 01:05:01 PM | Epoch 43 LR 0.024669736285914505
07/25 01:05:02 PM | Train: [ 44/600] Step 000/520 Loss 1.797 Prec@(1,5) (61.5%, 92.7%)
07/25 01:06:23 PM | Train: [ 44/600] Step 200/520 Loss 1.599 Prec@(1,5) (67.0%, 92.3%)
07/25 01:07:43 PM | Train: [ 44/600] Step 400/520 Loss 1.647 Prec@(1,5) (66.4%, 91.6%)
07/25 01:08:29 PM | Train: [ 44/600] Step 520/520 Loss 1.665 Prec@(1,5) (66.0%, 91.3%)
07/25 01:08:29 PM | Train: [ 44/600] Final Prec@1 66.0280%
07/25 01:08:30 PM | Valid: [ 44/600] Step 000/104 Loss 1.368 Prec@(1,5) (66.7%, 87.5%)
07/25 01:08:57 PM | Valid: [ 44/600] Step 104/104 Loss 1.366 Prec@(1,5) (62.9%, 88.8%)
07/25 01:08:57 PM | Valid: [ 44/600] Final Prec@1 62.9200%
07/25 01:08:57 PM | Epoch 44 LR 0.024654624004970958
07/25 01:08:59 PM | Train: [ 45/600] Step 000/520 Loss 1.744 Prec@(1,5) (66.7%, 89.6%)
07/25 01:10:19 PM | Train: [ 45/600] Step 200/520 Loss 1.613 Prec@(1,5) (67.2%, 91.6%)
07/25 01:11:37 PM | Train: [ 45/600] Step 400/520 Loss 1.646 Prec@(1,5) (66.8%, 91.3%)
07/25 01:12:23 PM | Train: [ 45/600] Step 520/520 Loss 1.664 Prec@(1,5) (66.4%, 91.2%)
07/25 01:12:23 PM | Train: [ 45/600] Final Prec@1 66.4360%
07/25 01:12:24 PM | Valid: [ 45/600] Step 000/104 Loss 1.420 Prec@(1,5) (67.7%, 87.5%)
07/25 01:12:49 PM | Valid: [ 45/600] Step 104/104 Loss 1.361 Prec@(1,5) (63.0%, 88.8%)
07/25 01:12:49 PM | Valid: [ 45/600] Final Prec@1 62.9900%
07/25 01:12:49 PM | Epoch 45 LR 0.024639178498870453
07/25 01:12:51 PM | Train: [ 46/600] Step 000/520 Loss 1.712 Prec@(1,5) (65.6%, 91.7%)
07/25 01:14:09 PM | Train: [ 46/600] Step 200/520 Loss 1.615 Prec@(1,5) (67.1%, 91.2%)
07/25 01:15:29 PM | Train: [ 46/600] Step 400/520 Loss 1.633 Prec@(1,5) (66.6%, 91.2%)
07/25 01:16:15 PM | Train: [ 46/600] Step 520/520 Loss 1.653 Prec@(1,5) (66.4%, 91.1%)
07/25 01:16:15 PM | Train: [ 46/600] Final Prec@1 66.3580%
07/25 01:16:16 PM | Valid: [ 46/600] Step 000/104 Loss 1.280 Prec@(1,5) (66.7%, 89.6%)
07/25 01:16:42 PM | Valid: [ 46/600] Step 104/104 Loss 1.370 Prec@(1,5) (63.5%, 88.8%)
07/25 01:16:42 PM | Valid: [ 46/600] Final Prec@1 63.5100%
07/25 01:16:42 PM | Epoch 46 LR 0.02462340019105934
07/25 01:16:43 PM | Train: [ 47/600] Step 000/520 Loss 1.661 Prec@(1,5) (68.8%, 89.6%)
07/25 01:18:03 PM | Train: [ 47/600] Step 200/520 Loss 1.593 Prec@(1,5) (67.5%, 91.7%)
07/25 01:19:22 PM | Train: [ 47/600] Step 400/520 Loss 1.640 Prec@(1,5) (66.6%, 91.2%)
07/25 01:20:07 PM | Train: [ 47/600] Step 520/520 Loss 1.651 Prec@(1,5) (66.4%, 91.1%)
07/25 01:20:07 PM | Train: [ 47/600] Final Prec@1 66.3780%
07/25 01:20:08 PM | Valid: [ 47/600] Step 000/104 Loss 1.181 Prec@(1,5) (69.8%, 87.5%)
07/25 01:20:33 PM | Valid: [ 47/600] Step 104/104 Loss 1.339 Prec@(1,5) (63.9%, 88.7%)
07/25 01:20:33 PM | Valid: [ 47/600] Final Prec@1 63.8800%
07/25 01:20:33 PM | Epoch 47 LR 0.02460728951410789
07/25 01:20:35 PM | Train: [ 48/600] Step 000/520 Loss 1.530 Prec@(1,5) (63.5%, 93.8%)
07/25 01:21:55 PM | Train: [ 48/600] Step 200/520 Loss 1.590 Prec@(1,5) (67.8%, 92.0%)
07/25 01:23:15 PM | Train: [ 48/600] Step 400/520 Loss 1.622 Prec@(1,5) (67.2%, 91.6%)
07/25 01:24:01 PM | Train: [ 48/600] Step 520/520 Loss 1.636 Prec@(1,5) (67.0%, 91.5%)
07/25 01:24:01 PM | Train: [ 48/600] Final Prec@1 67.0120%
07/25 01:24:02 PM | Valid: [ 48/600] Step 000/104 Loss 1.421 Prec@(1,5) (62.5%, 91.7%)
07/25 01:24:28 PM | Valid: [ 48/600] Step 104/104 Loss 1.374 Prec@(1,5) (63.0%, 89.0%)
07/25 01:24:28 PM | Valid: [ 48/600] Final Prec@1 63.0400%
07/25 01:24:28 PM | Epoch 48 LR 0.024590846909698462
07/25 01:24:30 PM | Train: [ 49/600] Step 000/520 Loss 1.346 Prec@(1,5) (72.9%, 95.8%)
07/25 01:25:50 PM | Train: [ 49/600] Step 200/520 Loss 1.590 Prec@(1,5) (67.5%, 92.0%)
07/25 01:27:10 PM | Train: [ 49/600] Step 400/520 Loss 1.613 Prec@(1,5) (67.2%, 91.6%)
07/25 01:27:56 PM | Train: [ 49/600] Step 520/520 Loss 1.624 Prec@(1,5) (66.9%, 91.5%)
07/25 01:27:56 PM | Train: [ 49/600] Final Prec@1 66.9080%
07/25 01:27:57 PM | Valid: [ 49/600] Step 000/104 Loss 1.127 Prec@(1,5) (66.7%, 91.7%)
07/25 01:28:24 PM | Valid: [ 49/600] Step 104/104 Loss 1.347 Prec@(1,5) (63.6%, 89.0%)
07/25 01:28:24 PM | Valid: [ 49/600] Final Prec@1 63.5700%
07/25 01:28:25 PM | Epoch 49 LR 0.024574072828613354
07/25 01:28:27 PM | Train: [ 50/600] Step 000/520 Loss 1.729 Prec@(1,5) (63.5%, 88.5%)
07/25 01:29:47 PM | Train: [ 50/600] Step 200/520 Loss 1.564 Prec@(1,5) (67.9%, 92.2%)
07/25 01:31:07 PM | Train: [ 50/600] Step 400/520 Loss 1.610 Prec@(1,5) (67.4%, 91.7%)
07/25 01:31:53 PM | Train: [ 50/600] Step 520/520 Loss 1.618 Prec@(1,5) (67.3%, 91.5%)
07/25 01:31:53 PM | Train: [ 50/600] Final Prec@1 67.2940%
07/25 01:31:54 PM | Valid: [ 50/600] Step 000/104 Loss 1.364 Prec@(1,5) (59.4%, 87.5%)
07/25 01:32:19 PM | Valid: [ 50/600] Step 104/104 Loss 1.359 Prec@(1,5) (63.9%, 89.2%)
07/25 01:32:19 PM | Valid: [ 50/600] Final Prec@1 63.8500%
07/25 01:32:19 PM | Epoch 50 LR 0.024556967730722478
07/25 01:32:21 PM | Train: [ 51/600] Step 000/520 Loss 1.455 Prec@(1,5) (74.0%, 94.8%)
07/25 01:33:41 PM | Train: [ 51/600] Step 200/520 Loss 1.559 Prec@(1,5) (68.3%, 92.3%)
07/25 01:35:01 PM | Train: [ 51/600] Step 400/520 Loss 1.585 Prec@(1,5) (67.9%, 92.0%)
07/25 01:35:47 PM | Train: [ 51/600] Step 520/520 Loss 1.609 Prec@(1,5) (67.3%, 91.7%)
07/25 01:35:47 PM | Train: [ 51/600] Final Prec@1 67.2940%
07/25 01:35:48 PM | Valid: [ 51/600] Step 000/104 Loss 1.235 Prec@(1,5) (63.5%, 89.6%)
07/25 01:36:13 PM | Valid: [ 51/600] Step 104/104 Loss 1.321 Prec@(1,5) (64.1%, 89.3%)
07/25 01:36:13 PM | Valid: [ 51/600] Final Prec@1 64.0700%
07/25 01:36:13 PM | Epoch 51 LR 0.024539532084970728
07/25 01:36:15 PM | Train: [ 52/600] Step 000/520 Loss 1.525 Prec@(1,5) (67.7%, 94.8%)
07/25 01:37:35 PM | Train: [ 52/600] Step 200/520 Loss 1.578 Prec@(1,5) (67.6%, 91.9%)
07/25 01:38:55 PM | Train: [ 52/600] Step 400/520 Loss 1.604 Prec@(1,5) (67.3%, 91.8%)
07/25 01:39:41 PM | Train: [ 52/600] Step 520/520 Loss 1.610 Prec@(1,5) (67.2%, 91.7%)
07/25 01:39:41 PM | Train: [ 52/600] Final Prec@1 67.2160%
07/25 01:39:42 PM | Valid: [ 52/600] Step 000/104 Loss 1.333 Prec@(1,5) (67.7%, 89.6%)
07/25 01:40:07 PM | Valid: [ 52/600] Step 104/104 Loss 1.364 Prec@(1,5) (63.8%, 88.6%)
07/25 01:40:07 PM | Valid: [ 52/600] Final Prec@1 63.7500%
07/25 01:40:07 PM | Epoch 52 LR 0.024521766369365143
07/25 01:40:09 PM | Train: [ 53/600] Step 000/520 Loss 1.601 Prec@(1,5) (67.7%, 92.7%)
07/25 01:41:28 PM | Train: [ 53/600] Step 200/520 Loss 1.555 Prec@(1,5) (68.4%, 92.1%)
07/25 01:42:48 PM | Train: [ 53/600] Step 400/520 Loss 1.575 Prec@(1,5) (67.9%, 92.0%)
07/25 01:43:34 PM | Train: [ 53/600] Step 520/520 Loss 1.586 Prec@(1,5) (67.7%, 91.9%)
07/25 01:43:34 PM | Train: [ 53/600] Final Prec@1 67.7360%
07/25 01:43:35 PM | Valid: [ 53/600] Step 000/104 Loss 1.133 Prec@(1,5) (67.7%, 91.7%)
07/25 01:44:00 PM | Valid: [ 53/600] Step 104/104 Loss 1.348 Prec@(1,5) (63.6%, 88.7%)
07/25 01:44:00 PM | Valid: [ 53/600] Final Prec@1 63.5700%
07/25 01:44:00 PM | Epoch 53 LR 0.02450367107096179
07/25 01:44:02 PM | Train: [ 54/600] Step 000/520 Loss 1.687 Prec@(1,5) (59.4%, 88.5%)
07/25 01:45:23 PM | Train: [ 54/600] Step 200/520 Loss 1.546 Prec@(1,5) (68.5%, 92.2%)
07/25 01:46:43 PM | Train: [ 54/600] Step 400/520 Loss 1.574 Prec@(1,5) (67.8%, 92.0%)
07/25 01:47:30 PM | Train: [ 54/600] Step 520/520 Loss 1.589 Prec@(1,5) (67.5%, 91.9%)
07/25 01:47:30 PM | Train: [ 54/600] Final Prec@1 67.5280%
07/25 01:47:31 PM | Valid: [ 54/600] Step 000/104 Loss 1.319 Prec@(1,5) (67.7%, 84.4%)
07/25 01:47:57 PM | Valid: [ 54/600] Step 104/104 Loss 1.413 Prec@(1,5) (62.5%, 88.4%)
07/25 01:47:57 PM | Valid: [ 54/600] Final Prec@1 62.4600%
07/25 01:47:57 PM | Epoch 54 LR 0.024485246685852415
07/25 01:47:59 PM | Train: [ 55/600] Step 000/520 Loss 1.330 Prec@(1,5) (72.9%, 94.8%)
07/25 01:49:19 PM | Train: [ 55/600] Step 200/520 Loss 1.541 Prec@(1,5) (68.6%, 92.5%)
07/25 01:50:39 PM | Train: [ 55/600] Step 400/520 Loss 1.576 Prec@(1,5) (67.9%, 92.0%)
07/25 01:51:25 PM | Train: [ 55/600] Step 520/520 Loss 1.580 Prec@(1,5) (67.9%, 91.9%)
07/25 01:51:25 PM | Train: [ 55/600] Final Prec@1 67.8880%
07/25 01:51:26 PM | Valid: [ 55/600] Step 000/104 Loss 1.156 Prec@(1,5) (70.8%, 88.5%)
07/25 01:51:51 PM | Valid: [ 55/600] Step 104/104 Loss 1.366 Prec@(1,5) (63.6%, 88.7%)
07/25 01:51:51 PM | Valid: [ 55/600] Final Prec@1 63.5600%
07/25 01:51:51 PM | Epoch 55 LR 0.024466493719150842
07/25 01:51:53 PM | Train: [ 56/600] Step 000/520 Loss 1.588 Prec@(1,5) (66.7%, 93.8%)
07/25 01:53:11 PM | Train: [ 56/600] Step 200/520 Loss 1.549 Prec@(1,5) (68.4%, 92.3%)
07/25 01:54:31 PM | Train: [ 56/600] Step 400/520 Loss 1.587 Prec@(1,5) (67.8%, 91.9%)
07/25 01:55:17 PM | Train: [ 56/600] Step 520/520 Loss 1.590 Prec@(1,5) (67.7%, 91.9%)
07/25 01:55:17 PM | Train: [ 56/600] Final Prec@1 67.7460%
07/25 01:55:18 PM | Valid: [ 56/600] Step 000/104 Loss 1.316 Prec@(1,5) (70.8%, 85.4%)
07/25 01:55:43 PM | Valid: [ 56/600] Step 104/104 Loss 1.331 Prec@(1,5) (64.4%, 88.9%)
07/25 01:55:43 PM | Valid: [ 56/600] Final Prec@1 64.4100%
07/25 01:55:43 PM | Epoch 56 LR 0.024447412684979127
07/25 01:55:45 PM | Train: [ 57/600] Step 000/520 Loss 1.372 Prec@(1,5) (77.1%, 93.8%)
07/25 01:57:04 PM | Train: [ 57/600] Step 200/520 Loss 1.531 Prec@(1,5) (69.2%, 92.5%)
07/25 01:58:23 PM | Train: [ 57/600] Step 400/520 Loss 1.557 Prec@(1,5) (68.5%, 92.1%)
07/25 01:59:09 PM | Train: [ 57/600] Step 520/520 Loss 1.570 Prec@(1,5) (68.2%, 92.0%)
07/25 01:59:09 PM | Train: [ 57/600] Final Prec@1 68.2380%
07/25 01:59:10 PM | Valid: [ 57/600] Step 000/104 Loss 1.293 Prec@(1,5) (67.7%, 89.6%)
07/25 01:59:35 PM | Valid: [ 57/600] Step 104/104 Loss 1.340 Prec@(1,5) (64.5%, 89.1%)
07/25 01:59:35 PM | Valid: [ 57/600] Final Prec@1 64.4700%
07/25 01:59:36 PM | Epoch 57 LR 0.02442800410645346
07/25 01:59:37 PM | Train: [ 58/600] Step 000/520 Loss 1.891 Prec@(1,5) (65.6%, 86.5%)
07/25 02:00:55 PM | Train: [ 58/600] Step 200/520 Loss 1.537 Prec@(1,5) (68.7%, 92.7%)
07/25 02:02:14 PM | Train: [ 58/600] Step 400/520 Loss 1.560 Prec@(1,5) (68.2%, 92.2%)
07/25 02:03:01 PM | Train: [ 58/600] Step 520/520 Loss 1.569 Prec@(1,5) (68.1%, 92.2%)
07/25 02:03:01 PM | Train: [ 58/600] Final Prec@1 68.1200%
07/25 02:03:02 PM | Valid: [ 58/600] Step 000/104 Loss 1.101 Prec@(1,5) (70.8%, 89.6%)
07/25 02:03:26 PM | Valid: [ 58/600] Step 104/104 Loss 1.318 Prec@(1,5) (65.1%, 89.3%)
07/25 02:03:26 PM | Valid: [ 58/600] Final Prec@1 65.0500%
07/25 02:03:26 PM | Epoch 58 LR 0.02440826851566983
07/25 02:03:28 PM | Train: [ 59/600] Step 000/520 Loss 1.438 Prec@(1,5) (69.8%, 92.7%)
07/25 02:04:46 PM | Train: [ 59/600] Step 200/520 Loss 1.502 Prec@(1,5) (70.0%, 92.5%)
07/25 02:06:06 PM | Train: [ 59/600] Step 400/520 Loss 1.529 Prec@(1,5) (69.2%, 92.4%)
07/25 02:06:52 PM | Train: [ 59/600] Step 520/520 Loss 1.544 Prec@(1,5) (68.8%, 92.2%)
07/25 02:06:52 PM | Train: [ 59/600] Final Prec@1 68.8300%
07/25 02:06:53 PM | Valid: [ 59/600] Step 000/104 Loss 1.215 Prec@(1,5) (65.6%, 89.6%)
07/25 02:07:17 PM | Valid: [ 59/600] Step 104/104 Loss 1.344 Prec@(1,5) (64.0%, 89.0%)
07/25 02:07:17 PM | Valid: [ 59/600] Final Prec@1 64.0200%
07/25 02:07:18 PM | Epoch 59 LR 0.024388206453689422
07/25 02:07:19 PM | Train: [ 60/600] Step 000/520 Loss 1.262 Prec@(1,5) (75.0%, 93.8%)
07/25 02:08:39 PM | Train: [ 60/600] Step 200/520 Loss 1.502 Prec@(1,5) (69.6%, 92.8%)
07/25 02:09:59 PM | Train: [ 60/600] Step 400/520 Loss 1.531 Prec@(1,5) (68.9%, 92.4%)
07/25 02:10:45 PM | Train: [ 60/600] Step 520/520 Loss 1.552 Prec@(1,5) (68.6%, 92.1%)
07/25 02:10:45 PM | Train: [ 60/600] Final Prec@1 68.5520%
07/25 02:10:46 PM | Valid: [ 60/600] Step 000/104 Loss 1.217 Prec@(1,5) (67.7%, 89.6%)
07/25 02:11:13 PM | Valid: [ 60/600] Step 104/104 Loss 1.328 Prec@(1,5) (64.8%, 89.6%)
07/25 02:11:13 PM | Valid: [ 60/600] Final Prec@1 64.7700%
07/25 02:11:13 PM | Epoch 60 LR 0.0243678184705238
07/25 02:11:15 PM | Train: [ 61/600] Step 000/520 Loss 1.283 Prec@(1,5) (72.9%, 93.8%)
07/25 02:12:34 PM | Train: [ 61/600] Step 200/520 Loss 1.500 Prec@(1,5) (69.5%, 92.9%)
07/25 02:13:54 PM | Train: [ 61/600] Step 400/520 Loss 1.543 Prec@(1,5) (68.6%, 92.4%)
07/25 02:14:40 PM | Train: [ 61/600] Step 520/520 Loss 1.555 Prec@(1,5) (68.4%, 92.3%)
07/25 02:14:40 PM | Train: [ 61/600] Final Prec@1 68.4220%
07/25 02:14:41 PM | Valid: [ 61/600] Step 000/104 Loss 1.148 Prec@(1,5) (67.7%, 91.7%)
07/25 02:15:06 PM | Valid: [ 61/600] Step 104/104 Loss 1.322 Prec@(1,5) (64.1%, 89.1%)
07/25 02:15:06 PM | Valid: [ 61/600] Final Prec@1 64.0600%
07/25 02:15:06 PM | Epoch 61 LR 0.024347105125119825
07/25 02:15:07 PM | Train: [ 62/600] Step 000/520 Loss 1.259 Prec@(1,5) (75.0%, 96.9%)
07/25 02:16:28 PM | Train: [ 62/600] Step 200/520 Loss 1.488 Prec@(1,5) (70.1%, 92.8%)
07/25 02:17:48 PM | Train: [ 62/600] Step 400/520 Loss 1.520 Prec@(1,5) (69.2%, 92.5%)
07/25 02:18:34 PM | Train: [ 62/600] Step 520/520 Loss 1.539 Prec@(1,5) (68.8%, 92.3%)
07/25 02:18:34 PM | Train: [ 62/600] Final Prec@1 68.8380%
07/25 02:18:35 PM | Valid: [ 62/600] Step 000/104 Loss 1.263 Prec@(1,5) (65.6%, 89.6%)
07/25 02:19:01 PM | Valid: [ 62/600] Step 104/104 Loss 1.292 Prec@(1,5) (65.0%, 89.5%)
07/25 02:19:01 PM | Valid: [ 62/600] Final Prec@1 64.9800%
07/25 02:19:01 PM | Epoch 62 LR 0.024326066985344317
07/25 02:19:03 PM | Train: [ 63/600] Step 000/520 Loss 1.569 Prec@(1,5) (70.8%, 89.6%)
07/25 02:20:23 PM | Train: [ 63/600] Step 200/520 Loss 1.502 Prec@(1,5) (69.0%, 92.8%)
07/25 02:21:44 PM | Train: [ 63/600] Step 400/520 Loss 1.525 Prec@(1,5) (68.7%, 92.6%)
07/25 02:22:31 PM | Train: [ 63/600] Step 520/520 Loss 1.541 Prec@(1,5) (68.4%, 92.4%)
07/25 02:22:31 PM | Train: [ 63/600] Final Prec@1 68.3960%
07/25 02:22:32 PM | Valid: [ 63/600] Step 000/104 Loss 1.099 Prec@(1,5) (69.8%, 91.7%)
07/25 02:22:59 PM | Valid: [ 63/600] Step 104/104 Loss 1.282 Prec@(1,5) (65.2%, 89.7%)
07/25 02:22:59 PM | Valid: [ 63/600] Final Prec@1 65.2000%
07/25 02:22:59 PM | Epoch 63 LR 0.024304704627968517
07/25 02:23:01 PM | Train: [ 64/600] Step 000/520 Loss 1.164 Prec@(1,5) (75.0%, 92.7%)
07/25 02:24:21 PM | Train: [ 64/600] Step 200/520 Loss 1.458 Prec@(1,5) (70.2%, 93.2%)
07/25 02:25:41 PM | Train: [ 64/600] Step 400/520 Loss 1.507 Prec@(1,5) (69.1%, 92.7%)
07/25 02:26:28 PM | Train: [ 64/600] Step 520/520 Loss 1.527 Prec@(1,5) (68.7%, 92.5%)
07/25 02:26:28 PM | Train: [ 64/600] Final Prec@1 68.7440%
07/25 02:26:29 PM | Valid: [ 64/600] Step 000/104 Loss 1.205 Prec@(1,5) (67.7%, 89.6%)
07/25 02:26:55 PM | Valid: [ 64/600] Step 104/104 Loss 1.360 Prec@(1,5) (64.7%, 89.4%)
07/25 02:26:55 PM | Valid: [ 64/600] Final Prec@1 64.7000%
07/25 02:26:55 PM | Epoch 64 LR 0.024283018638652232
07/25 02:26:57 PM | Train: [ 65/600] Step 000/520 Loss 1.348 Prec@(1,5) (76.0%, 93.8%)
07/25 02:28:17 PM | Train: [ 65/600] Step 200/520 Loss 1.466 Prec@(1,5) (70.2%, 93.3%)
07/25 02:29:36 PM | Train: [ 65/600] Step 400/520 Loss 1.512 Prec@(1,5) (69.3%, 92.7%)
07/25 02:30:20 PM | Train: [ 65/600] Step 520/520 Loss 1.524 Prec@(1,5) (69.1%, 92.5%)
07/25 02:30:20 PM | Train: [ 65/600] Final Prec@1 69.0800%
07/25 02:30:21 PM | Valid: [ 65/600] Step 000/104 Loss 1.062 Prec@(1,5) (69.8%, 91.7%)
07/25 02:30:47 PM | Valid: [ 65/600] Step 104/104 Loss 1.291 Prec@(1,5) (65.5%, 89.7%)
07/25 02:30:47 PM | Valid: [ 65/600] Final Prec@1 65.5200%
07/25 02:30:47 PM | Epoch 65 LR 0.02426100961192782
07/25 02:30:49 PM | Train: [ 66/600] Step 000/520 Loss 1.761 Prec@(1,5) (71.9%, 87.5%)
07/25 02:32:09 PM | Train: [ 66/600] Step 200/520 Loss 1.477 Prec@(1,5) (70.0%, 93.0%)
07/25 02:33:28 PM | Train: [ 66/600] Step 400/520 Loss 1.516 Prec@(1,5) (69.3%, 92.6%)
07/25 02:34:14 PM | Train: [ 66/600] Step 520/520 Loss 1.530 Prec@(1,5) (69.0%, 92.5%)
07/25 02:34:14 PM | Train: [ 66/600] Final Prec@1 69.0220%
07/25 02:34:15 PM | Valid: [ 66/600] Step 000/104 Loss 1.379 Prec@(1,5) (66.7%, 89.6%)
07/25 02:34:38 PM | Valid: [ 66/600] Step 104/104 Loss 1.341 Prec@(1,5) (64.7%, 89.0%)
07/25 02:34:38 PM | Valid: [ 66/600] Final Prec@1 64.6800%
07/25 02:34:39 PM | Epoch 66 LR 0.024238678151183864
07/25 02:34:40 PM | Train: [ 67/600] Step 000/520 Loss 1.606 Prec@(1,5) (69.8%, 93.8%)
07/25 02:36:00 PM | Train: [ 67/600] Step 200/520 Loss 1.494 Prec@(1,5) (69.6%, 92.8%)
07/25 02:37:20 PM | Train: [ 67/600] Step 400/520 Loss 1.511 Prec@(1,5) (69.1%, 92.7%)
07/25 02:38:06 PM | Train: [ 67/600] Step 520/520 Loss 1.524 Prec@(1,5) (68.9%, 92.5%)
07/25 02:38:06 PM | Train: [ 67/600] Final Prec@1 68.8940%
07/25 02:38:07 PM | Valid: [ 67/600] Step 000/104 Loss 1.074 Prec@(1,5) (72.9%, 91.7%)
07/25 02:38:34 PM | Valid: [ 67/600] Step 104/104 Loss 1.323 Prec@(1,5) (64.8%, 89.5%)
07/25 02:38:34 PM | Valid: [ 67/600] Final Prec@1 64.7500%
07/25 02:38:35 PM | Epoch 67 LR 0.024216024868648645
07/25 02:38:37 PM | Train: [ 68/600] Step 000/520 Loss 1.726 Prec@(1,5) (68.8%, 90.6%)
07/25 02:39:57 PM | Train: [ 68/600] Step 200/520 Loss 1.468 Prec@(1,5) (70.0%, 93.2%)
07/25 02:41:16 PM | Train: [ 68/600] Step 400/520 Loss 1.493 Prec@(1,5) (69.6%, 92.9%)
07/25 02:42:03 PM | Train: [ 68/600] Step 520/520 Loss 1.515 Prec@(1,5) (69.3%, 92.6%)
07/25 02:42:03 PM | Train: [ 68/600] Final Prec@1 69.2780%
07/25 02:42:04 PM | Valid: [ 68/600] Step 000/104 Loss 1.076 Prec@(1,5) (72.9%, 89.6%)
07/25 02:42:29 PM | Valid: [ 68/600] Step 104/104 Loss 1.345 Prec@(1,5) (65.1%, 89.1%)
07/25 02:42:29 PM | Valid: [ 68/600] Final Prec@1 65.0700%
07/25 02:42:30 PM | Epoch 68 LR 0.024193050385373345
07/25 02:42:31 PM | Train: [ 69/600] Step 000/520 Loss 1.501 Prec@(1,5) (71.9%, 92.7%)
07/25 02:43:51 PM | Train: [ 69/600] Step 200/520 Loss 1.446 Prec@(1,5) (71.0%, 93.2%)
07/25 02:45:11 PM | Train: [ 69/600] Step 400/520 Loss 1.485 Prec@(1,5) (70.0%, 92.9%)
07/25 02:45:58 PM | Train: [ 69/600] Step 520/520 Loss 1.507 Prec@(1,5) (69.5%, 92.7%)
07/25 02:45:58 PM | Train: [ 69/600] Final Prec@1 69.4780%
07/25 02:45:59 PM | Valid: [ 69/600] Step 000/104 Loss 1.366 Prec@(1,5) (68.8%, 89.6%)
07/25 02:46:24 PM | Valid: [ 69/600] Step 104/104 Loss 1.315 Prec@(1,5) (65.5%, 90.1%)
07/25 02:46:24 PM | Valid: [ 69/600] Final Prec@1 65.4800%
07/25 02:46:25 PM | Epoch 69 LR 0.024169755331215022
07/25 02:46:26 PM | Train: [ 70/600] Step 000/520 Loss 1.600 Prec@(1,5) (70.8%, 89.6%)
07/25 02:47:47 PM | Train: [ 70/600] Step 200/520 Loss 1.476 Prec@(1,5) (70.2%, 92.9%)
07/25 02:49:07 PM | Train: [ 70/600] Step 400/520 Loss 1.486 Prec@(1,5) (70.0%, 92.9%)
07/25 02:49:53 PM | Train: [ 70/600] Step 520/520 Loss 1.502 Prec@(1,5) (69.7%, 92.7%)
07/25 02:49:53 PM | Train: [ 70/600] Final Prec@1 69.7120%
07/25 02:49:54 PM | Valid: [ 70/600] Step 000/104 Loss 1.293 Prec@(1,5) (67.7%, 88.5%)
07/25 02:50:20 PM | Valid: [ 70/600] Step 104/104 Loss 1.355 Prec@(1,5) (63.9%, 88.8%)
07/25 02:50:20 PM | Valid: [ 70/600] Final Prec@1 63.8600%
07/25 02:50:20 PM | Epoch 70 LR 0.024146140344819364
07/25 02:50:22 PM | Train: [ 71/600] Step 000/520 Loss 1.490 Prec@(1,5) (71.9%, 93.8%)
