07/21 07:07:22 AM | 
07/21 07:07:22 AM | Parameters:
07/21 07:07:22 AM | ALPHA_LR=0.0003
07/21 07:07:22 AM | ALPHA_WEIGHT_DECAY=0.001
07/21 07:07:22 AM | BATCH_SIZE=64
07/21 07:07:22 AM | DATA_PATH=./data/
07/21 07:07:22 AM | DATASET=cifar100
07/21 07:07:22 AM | EPOCHS=50
07/21 07:07:22 AM | GPUS=[0]
07/21 07:07:22 AM | INIT_CHANNELS=16
07/21 07:07:22 AM | LAYERS=8
07/21 07:07:22 AM | NAME=cifar100
07/21 07:07:22 AM | PATH=searchs/cifar100
07/21 07:07:22 AM | PLOT_PATH=searchs/cifar100/plots
07/21 07:07:22 AM | PRINT_FREQ=50
07/21 07:07:22 AM | SEED=2
07/21 07:07:22 AM | W_GRAD_CLIP=5.0
07/21 07:07:22 AM | W_LR=0.025
07/21 07:07:22 AM | W_LR_MIN=0.001
07/21 07:07:22 AM | W_MOMENTUM=0.9
07/21 07:07:22 AM | W_WEIGHT_DECAY=0.0003
07/21 07:07:22 AM | WORKERS=4
07/21 07:07:22 AM | 
07/21 07:07:22 AM | Logger is set - training start
07/21 07:08:12 AM | 
07/21 07:08:12 AM | Parameters:
07/21 07:08:12 AM | ALPHA_LR=0.0003
07/21 07:08:12 AM | ALPHA_WEIGHT_DECAY=0.001
07/21 07:08:12 AM | BATCH_SIZE=64
07/21 07:08:12 AM | DATA_PATH=./data/
07/21 07:08:12 AM | DATASET=cifar100
07/21 07:08:12 AM | EPOCHS=50
07/21 07:08:12 AM | GPUS=[0]
07/21 07:08:12 AM | INIT_CHANNELS=16
07/21 07:08:12 AM | LAYERS=8
07/21 07:08:12 AM | NAME=cifar100
07/21 07:08:12 AM | PATH=searchs/cifar100
07/21 07:08:12 AM | PLOT_PATH=searchs/cifar100/plots
07/21 07:08:12 AM | PRINT_FREQ=50
07/21 07:08:12 AM | SEED=2
07/21 07:08:12 AM | W_GRAD_CLIP=5.0
07/21 07:08:12 AM | W_LR=0.025
07/21 07:08:12 AM | W_LR_MIN=0.001
07/21 07:08:12 AM | W_MOMENTUM=0.9
07/21 07:08:12 AM | W_WEIGHT_DECAY=0.0003
07/21 07:08:12 AM | WORKERS=4
07/21 07:08:12 AM | 
07/21 07:08:12 AM | Logger is set - training start
07/21 07:16:15 AM | 
07/21 07:16:15 AM | Parameters:
07/21 07:16:15 AM | ALPHA_LR=0.0003
07/21 07:16:15 AM | ALPHA_WEIGHT_DECAY=0.001
07/21 07:16:15 AM | BATCH_SIZE=64
07/21 07:16:15 AM | DATA_PATH=./data/
07/21 07:16:15 AM | DATASET=cifar100
07/21 07:16:15 AM | EPOCHS=50
07/21 07:16:15 AM | GPUS=[0]
07/21 07:16:15 AM | INIT_CHANNELS=16
07/21 07:16:15 AM | LAYERS=8
07/21 07:16:15 AM | NAME=cifar100
07/21 07:16:15 AM | PATH=searchs/cifar100
07/21 07:16:15 AM | PLOT_PATH=searchs/cifar100/plots
07/21 07:16:15 AM | PRINT_FREQ=50
07/21 07:16:15 AM | SEED=2
07/21 07:16:15 AM | W_GRAD_CLIP=5.0
07/21 07:16:15 AM | W_LR=0.025
07/21 07:16:15 AM | W_LR_MIN=0.001
07/21 07:16:15 AM | W_MOMENTUM=0.9
07/21 07:16:15 AM | W_WEIGHT_DECAY=0.0003
07/21 07:16:15 AM | WORKERS=4
07/21 07:16:15 AM | 
07/21 07:16:15 AM | Logger is set - training start
####### ALPHA #######
# Alpha - normal
tensor([[0.1249, 0.1252, 0.1249, 0.1249, 0.1249, 0.1252, 0.1249, 0.1250],
        [0.1249, 0.1251, 0.1250, 0.1250, 0.1252, 0.1249, 0.1250, 0.1250]],
       device='cuda:0', grad_fn=<SoftmaxBackward>)
tensor([[0.1249, 0.1253, 0.1250, 0.1250, 0.1249, 0.1250, 0.1250, 0.1249],
        [0.1251, 0.1247, 0.1249, 0.1253, 0.1248, 0.1249, 0.1251, 0.1253],
        [0.1250, 0.1250, 0.1249, 0.1251, 0.1252, 0.1250, 0.1251, 0.1249]],
       device='cuda:0', grad_fn=<SoftmaxBackward>)
tensor([[0.1250, 0.1249, 0.1250, 0.1250, 0.1250, 0.1251, 0.1249, 0.1251],
        [0.1250, 0.1249, 0.1251, 0.1249, 0.1249, 0.1253, 0.1252, 0.1248],
        [0.1250, 0.1250, 0.1251, 0.1248, 0.1251, 0.1250, 0.1251, 0.1250],
        [0.1250, 0.1251, 0.1250, 0.1251, 0.1251, 0.1251, 0.1249, 0.1248]],
       device='cuda:0', grad_fn=<SoftmaxBackward>)
tensor([[0.1250, 0.1250, 0.1249, 0.1249, 0.1251, 0.1250, 0.1249, 0.1252],
        [0.1250, 0.1252, 0.1252, 0.1248, 0.1250, 0.1249, 0.1248, 0.1251],
        [0.1251, 0.1251, 0.1250, 0.1251, 0.1248, 0.1250, 0.1249, 0.1249],
        [0.1249, 0.1250, 0.1250, 0.1253, 0.1251, 0.1251, 0.1247, 0.1249],
        [0.1251, 0.1251, 0.1252, 0.1249, 0.1249, 0.1251, 0.1250, 0.1249]],
       device='cuda:0', grad_fn=<SoftmaxBackward>)

# Alpha - reduce
tensor([[0.1248, 0.1249, 0.1249, 0.1251, 0.1250, 0.1250, 0.1251, 0.1251],
        [0.1250, 0.1248, 0.1249, 0.1252, 0.1249, 0.1250, 0.1249, 0.1251]],
       device='cuda:0', grad_fn=<SoftmaxBackward>)
tensor([[0.1251, 0.1249, 0.1252, 0.1249, 0.1250, 0.1250, 0.1249, 0.1250],
        [0.1250, 0.1249, 0.1250, 0.1251, 0.1251, 0.1249, 0.1250, 0.1251],
        [0.1250, 0.1250, 0.1250, 0.1249, 0.1250, 0.1250, 0.1250, 0.1252]],
       device='cuda:0', grad_fn=<SoftmaxBackward>)
tensor([[0.1251, 0.1247, 0.1249, 0.1252, 0.1252, 0.1249, 0.1251, 0.1249],
        [0.1250, 0.1250, 0.1250, 0.1251, 0.1253, 0.1249, 0.1249, 0.1248],
        [0.1250, 0.1252, 0.1250, 0.1250, 0.1251, 0.1248, 0.1251, 0.1249],
        [0.1250, 0.1251, 0.1251, 0.1249, 0.1248, 0.1251, 0.1250, 0.1250]],
       device='cuda:0', grad_fn=<SoftmaxBackward>)
tensor([[0.1250, 0.1249, 0.1251, 0.1251, 0.1251, 0.1249, 0.1250, 0.1250],
        [0.1252, 0.1249, 0.1251, 0.1251, 0.1250, 0.1249, 0.1249, 0.1249],
        [0.1249, 0.1250, 0.1251, 0.1250, 0.1249, 0.1250, 0.1250, 0.1252],
        [0.1250, 0.1249, 0.1250, 0.1251, 0.1250, 0.1251, 0.1250, 0.1249],
        [0.1249, 0.1251, 0.1250, 0.1251, 0.1248, 0.1251, 0.1249, 0.1251]],
       device='cuda:0', grad_fn=<SoftmaxBackward>)
#####################
07/21 07:16:36 AM | Train: [ 1/50] Step 000/390 Loss 4.726 Prec@(1,5) (1.6%, 9.4%)
07/21 07:19:35 AM | Train: [ 1/50] Step 050/390 Loss 4.438 Prec@(1,5) (3.4%, 14.3%)
