08/02 04:03:28 AM | 
08/02 04:03:28 AM | Parameters:
08/02 04:03:28 AM | ALPHA_LR=0.0003
08/02 04:03:28 AM | ALPHA_WEIGHT_DECAY=0.001
08/02 04:03:28 AM | BATCH_SIZE=64
08/02 04:03:28 AM | DATA_PATH=./data/
08/02 04:03:28 AM | DATASET=cifar100
08/02 04:03:28 AM | EPOCHS=50
08/02 04:03:28 AM | GPUS=[0]
08/02 04:03:28 AM | INIT_CHANNELS=16
08/02 04:03:28 AM | LAYERS=8
08/02 04:03:28 AM | NAME=cifar100-no-sigmoid
08/02 04:03:28 AM | PATH=searchs/cifar100-no-sigmoid
08/02 04:03:28 AM | PLOT_PATH=searchs/cifar100-no-sigmoid/plots
08/02 04:03:28 AM | PRINT_FREQ=50
08/02 04:03:28 AM | SEED=2
08/02 04:03:28 AM | W_GRAD_CLIP=5.0
08/02 04:03:28 AM | W_LR=0.025
08/02 04:03:28 AM | W_LR_MIN=0.001
08/02 04:03:28 AM | W_MOMENTUM=0.9
08/02 04:03:28 AM | W_WEIGHT_DECAY=0.0003
08/02 04:03:28 AM | WORKERS=4
08/02 04:03:28 AM | 
08/02 04:03:28 AM | Logger is set - training start
08/02 04:03:59 AM | 
08/02 04:03:59 AM | Parameters:
08/02 04:03:59 AM | ALPHA_LR=0.0003
08/02 04:03:59 AM | ALPHA_WEIGHT_DECAY=0.001
08/02 04:03:59 AM | BATCH_SIZE=64
08/02 04:03:59 AM | DATA_PATH=./data/
08/02 04:03:59 AM | DATASET=cifar100
08/02 04:03:59 AM | EPOCHS=50
08/02 04:03:59 AM | GPUS=[0]
08/02 04:03:59 AM | INIT_CHANNELS=16
08/02 04:03:59 AM | LAYERS=8
08/02 04:03:59 AM | NAME=cifar100-no-sigmoid
08/02 04:03:59 AM | PATH=searchs/cifar100-no-sigmoid
08/02 04:03:59 AM | PLOT_PATH=searchs/cifar100-no-sigmoid/plots
08/02 04:03:59 AM | PRINT_FREQ=50
08/02 04:03:59 AM | SEED=2
08/02 04:03:59 AM | W_GRAD_CLIP=5.0
08/02 04:03:59 AM | W_LR=0.025
08/02 04:03:59 AM | W_LR_MIN=0.001
08/02 04:03:59 AM | W_MOMENTUM=0.9
08/02 04:03:59 AM | W_WEIGHT_DECAY=0.0003
08/02 04:03:59 AM | WORKERS=4
08/02 04:03:59 AM | 
08/02 04:03:59 AM | Logger is set - training start
08/02 04:04:49 AM | 
08/02 04:04:49 AM | Parameters:
08/02 04:04:49 AM | ALPHA_LR=0.0003
08/02 04:04:49 AM | ALPHA_WEIGHT_DECAY=0.001
08/02 04:04:49 AM | BATCH_SIZE=64
08/02 04:04:49 AM | DATA_PATH=./data/
08/02 04:04:49 AM | DATASET=cifar100
08/02 04:04:49 AM | EPOCHS=50
08/02 04:04:49 AM | GPUS=[0]
08/02 04:04:49 AM | INIT_CHANNELS=16
08/02 04:04:49 AM | LAYERS=8
08/02 04:04:49 AM | NAME=cifar100-no-sigmoid
08/02 04:04:49 AM | PATH=searchs/cifar100-no-sigmoid
08/02 04:04:49 AM | PLOT_PATH=searchs/cifar100-no-sigmoid/plots
08/02 04:04:49 AM | PRINT_FREQ=50
08/02 04:04:49 AM | SEED=2
08/02 04:04:49 AM | W_GRAD_CLIP=5.0
08/02 04:04:49 AM | W_LR=0.025
08/02 04:04:49 AM | W_LR_MIN=0.001
08/02 04:04:49 AM | W_MOMENTUM=0.9
08/02 04:04:49 AM | W_WEIGHT_DECAY=0.0003
08/02 04:04:49 AM | WORKERS=4
08/02 04:04:49 AM | 
08/02 04:04:49 AM | Logger is set - training start
08/02 04:08:47 AM | 
08/02 04:08:47 AM | Parameters:
08/02 04:08:47 AM | ALPHA_LR=0.0003
08/02 04:08:47 AM | ALPHA_WEIGHT_DECAY=0.001
08/02 04:08:47 AM | BATCH_SIZE=64
08/02 04:08:47 AM | DATA_PATH=./data/
08/02 04:08:47 AM | DATASET=cifar100
08/02 04:08:47 AM | EPOCHS=50
08/02 04:08:47 AM | GPUS=[0]
08/02 04:08:47 AM | INIT_CHANNELS=16
08/02 04:08:47 AM | LAYERS=8
08/02 04:08:47 AM | NAME=cifar100-no-sigmoid
08/02 04:08:47 AM | PATH=searchs/cifar100-no-sigmoid
08/02 04:08:47 AM | PLOT_PATH=searchs/cifar100-no-sigmoid/plots
08/02 04:08:47 AM | PRINT_FREQ=50
08/02 04:08:47 AM | SEED=2
08/02 04:08:47 AM | W_GRAD_CLIP=5.0
08/02 04:08:47 AM | W_LR=0.025
08/02 04:08:47 AM | W_LR_MIN=0.001
08/02 04:08:47 AM | W_MOMENTUM=0.9
08/02 04:08:47 AM | W_WEIGHT_DECAY=0.0003
08/02 04:08:47 AM | WORKERS=4
08/02 04:08:47 AM | 
08/02 04:08:47 AM | Logger is set - training start
####### ALPHA #######
# Alpha - normal
tensor([[0.1249, 0.1252, 0.1249, 0.1249, 0.1249, 0.1252, 0.1249, 0.1250],
        [0.1249, 0.1251, 0.1250, 0.1250, 0.1252, 0.1249, 0.1250, 0.1250]],
       device='cuda:0', grad_fn=<SoftmaxBackward>)
tensor([[0.1249, 0.1253, 0.1250, 0.1250, 0.1249, 0.1250, 0.1250, 0.1249],
        [0.1251, 0.1247, 0.1249, 0.1253, 0.1248, 0.1249, 0.1251, 0.1253],
        [0.1250, 0.1250, 0.1249, 0.1251, 0.1252, 0.1250, 0.1251, 0.1249]],
       device='cuda:0', grad_fn=<SoftmaxBackward>)
tensor([[0.1250, 0.1249, 0.1250, 0.1250, 0.1250, 0.1251, 0.1249, 0.1251],
        [0.1250, 0.1249, 0.1251, 0.1249, 0.1249, 0.1253, 0.1252, 0.1248],
        [0.1250, 0.1250, 0.1251, 0.1248, 0.1251, 0.1250, 0.1251, 0.1250],
        [0.1250, 0.1251, 0.1250, 0.1251, 0.1251, 0.1251, 0.1249, 0.1248]],
       device='cuda:0', grad_fn=<SoftmaxBackward>)
tensor([[0.1250, 0.1250, 0.1249, 0.1249, 0.1251, 0.1250, 0.1249, 0.1252],
        [0.1250, 0.1252, 0.1252, 0.1248, 0.1250, 0.1249, 0.1248, 0.1251],
        [0.1251, 0.1251, 0.1250, 0.1251, 0.1248, 0.1250, 0.1249, 0.1249],
        [0.1249, 0.1250, 0.1250, 0.1253, 0.1251, 0.1251, 0.1247, 0.1249],
        [0.1251, 0.1251, 0.1252, 0.1249, 0.1249, 0.1251, 0.1250, 0.1249]],
       device='cuda:0', grad_fn=<SoftmaxBackward>)

# Alpha - reduce
tensor([[0.1248, 0.1249, 0.1249, 0.1251, 0.1250, 0.1250, 0.1251, 0.1251],
        [0.1250, 0.1248, 0.1249, 0.1252, 0.1249, 0.1250, 0.1249, 0.1251]],
       device='cuda:0', grad_fn=<SoftmaxBackward>)
tensor([[0.1251, 0.1249, 0.1252, 0.1249, 0.1250, 0.1250, 0.1249, 0.1250],
        [0.1250, 0.1249, 0.1250, 0.1251, 0.1251, 0.1249, 0.1250, 0.1251],
        [0.1250, 0.1250, 0.1250, 0.1249, 0.1250, 0.1250, 0.1250, 0.1252]],
       device='cuda:0', grad_fn=<SoftmaxBackward>)
tensor([[0.1251, 0.1247, 0.1249, 0.1252, 0.1252, 0.1249, 0.1251, 0.1249],
        [0.1250, 0.1250, 0.1250, 0.1251, 0.1253, 0.1249, 0.1249, 0.1248],
        [0.1250, 0.1252, 0.1250, 0.1250, 0.1251, 0.1248, 0.1251, 0.1249],
        [0.1250, 0.1251, 0.1251, 0.1249, 0.1248, 0.1251, 0.1250, 0.1250]],
       device='cuda:0', grad_fn=<SoftmaxBackward>)
tensor([[0.1250, 0.1249, 0.1251, 0.1251, 0.1251, 0.1249, 0.1250, 0.1250],
        [0.1252, 0.1249, 0.1251, 0.1251, 0.1250, 0.1249, 0.1249, 0.1249],
        [0.1249, 0.1250, 0.1251, 0.1250, 0.1249, 0.1250, 0.1250, 0.1252],
        [0.1250, 0.1249, 0.1250, 0.1251, 0.1250, 0.1251, 0.1250, 0.1249],
        [0.1249, 0.1251, 0.1250, 0.1251, 0.1248, 0.1251, 0.1249, 0.1251]],
       device='cuda:0', grad_fn=<SoftmaxBackward>)
#####################
08/02 04:19:12 AM | 
08/02 04:19:12 AM | Parameters:
08/02 04:19:12 AM | ALPHA_LR=0.0003
08/02 04:19:12 AM | ALPHA_WEIGHT_DECAY=0.001
08/02 04:19:12 AM | BATCH_SIZE=16
08/02 04:19:12 AM | DATA_PATH=./data/
08/02 04:19:12 AM | DATASET=cifar100
08/02 04:19:12 AM | EPOCHS=50
08/02 04:19:12 AM | GPUS=[0]
08/02 04:19:12 AM | INIT_CHANNELS=16
08/02 04:19:12 AM | LAYERS=8
08/02 04:19:12 AM | NAME=cifar100-no-sigmoid
08/02 04:19:12 AM | PATH=searchs/cifar100-no-sigmoid
08/02 04:19:12 AM | PLOT_PATH=searchs/cifar100-no-sigmoid/plots
08/02 04:19:12 AM | PRINT_FREQ=50
08/02 04:19:12 AM | SEED=2
08/02 04:19:12 AM | W_GRAD_CLIP=5.0
08/02 04:19:12 AM | W_LR=0.025
08/02 04:19:12 AM | W_LR_MIN=0.001
08/02 04:19:12 AM | W_MOMENTUM=0.9
08/02 04:19:12 AM | W_WEIGHT_DECAY=0.0003
08/02 04:19:12 AM | WORKERS=4
08/02 04:19:12 AM | 
08/02 04:19:12 AM | Logger is set - training start
####### ALPHA #######
# Alpha - normal
tensor([[0.1249, 0.1252, 0.1249, 0.1249, 0.1249, 0.1252, 0.1249, 0.1250],
        [0.1249, 0.1251, 0.1250, 0.1250, 0.1252, 0.1249, 0.1250, 0.1250]],
       device='cuda:0', grad_fn=<SoftmaxBackward>)
tensor([[0.1249, 0.1253, 0.1250, 0.1250, 0.1249, 0.1250, 0.1250, 0.1249],
        [0.1251, 0.1247, 0.1249, 0.1253, 0.1248, 0.1249, 0.1251, 0.1253],
        [0.1250, 0.1250, 0.1249, 0.1251, 0.1252, 0.1250, 0.1251, 0.1249]],
       device='cuda:0', grad_fn=<SoftmaxBackward>)
tensor([[0.1250, 0.1249, 0.1250, 0.1250, 0.1250, 0.1251, 0.1249, 0.1251],
        [0.1250, 0.1249, 0.1251, 0.1249, 0.1249, 0.1253, 0.1252, 0.1248],
        [0.1250, 0.1250, 0.1251, 0.1248, 0.1251, 0.1250, 0.1251, 0.1250],
        [0.1250, 0.1251, 0.1250, 0.1251, 0.1251, 0.1251, 0.1249, 0.1248]],
       device='cuda:0', grad_fn=<SoftmaxBackward>)
tensor([[0.1250, 0.1250, 0.1249, 0.1249, 0.1251, 0.1250, 0.1249, 0.1252],
        [0.1250, 0.1252, 0.1252, 0.1248, 0.1250, 0.1249, 0.1248, 0.1251],
        [0.1251, 0.1251, 0.1250, 0.1251, 0.1248, 0.1250, 0.1249, 0.1249],
        [0.1249, 0.1250, 0.1250, 0.1253, 0.1251, 0.1251, 0.1247, 0.1249],
        [0.1251, 0.1251, 0.1252, 0.1249, 0.1249, 0.1251, 0.1250, 0.1249]],
       device='cuda:0', grad_fn=<SoftmaxBackward>)

# Alpha - reduce
tensor([[0.1248, 0.1249, 0.1249, 0.1251, 0.1250, 0.1250, 0.1251, 0.1251],
        [0.1250, 0.1248, 0.1249, 0.1252, 0.1249, 0.1250, 0.1249, 0.1251]],
       device='cuda:0', grad_fn=<SoftmaxBackward>)
tensor([[0.1251, 0.1249, 0.1252, 0.1249, 0.1250, 0.1250, 0.1249, 0.1250],
        [0.1250, 0.1249, 0.1250, 0.1251, 0.1251, 0.1249, 0.1250, 0.1251],
        [0.1250, 0.1250, 0.1250, 0.1249, 0.1250, 0.1250, 0.1250, 0.1252]],
       device='cuda:0', grad_fn=<SoftmaxBackward>)
tensor([[0.1251, 0.1247, 0.1249, 0.1252, 0.1252, 0.1249, 0.1251, 0.1249],
        [0.1250, 0.1250, 0.1250, 0.1251, 0.1253, 0.1249, 0.1249, 0.1248],
        [0.1250, 0.1252, 0.1250, 0.1250, 0.1251, 0.1248, 0.1251, 0.1249],
        [0.1250, 0.1251, 0.1251, 0.1249, 0.1248, 0.1251, 0.1250, 0.1250]],
       device='cuda:0', grad_fn=<SoftmaxBackward>)
tensor([[0.1250, 0.1249, 0.1251, 0.1251, 0.1251, 0.1249, 0.1250, 0.1250],
        [0.1252, 0.1249, 0.1251, 0.1251, 0.1250, 0.1249, 0.1249, 0.1249],
        [0.1249, 0.1250, 0.1251, 0.1250, 0.1249, 0.1250, 0.1250, 0.1252],
        [0.1250, 0.1249, 0.1250, 0.1251, 0.1250, 0.1251, 0.1250, 0.1249],
        [0.1249, 0.1251, 0.1250, 0.1251, 0.1248, 0.1251, 0.1249, 0.1251]],
       device='cuda:0', grad_fn=<SoftmaxBackward>)
#####################
08/02 04:19:32 AM | standard loss = 4.629440784454346
08/02 04:19:32 AM | weighted loss = 4.66390323638916
08/02 04:19:32 AM | Likelihood = Parameter containing:
tensor([-35.7798, -30.8166, -30.5539,  ...,   1.0000,   1.0000,   1.0000],
       device='cuda:0', requires_grad=True), Likelihood sum= 24506.91796875, sigmoid_Likelihood = tensor([2.8908e-16, 4.1353e-14, 5.3777e-14,  ..., 7.3106e-01, 7.3106e-01,
        7.3106e-01], device='cuda:0', grad_fn=<SigmoidBackward>), sigmoid_Likelihood sum=18264.76953125, dataIndex = 16, step = 0
08/02 04:19:33 AM | Train: [ 1/50] Step 000/1562 Loss 4.664 Prec@(1,5) (6.2%, 6.2%)
